000 (8384907.001.000) 07/30 16:13:59 Job submitted from host: <137.138.156.150:9618?addrs=137.138.156.150-9618+[2001-1458-d00-14--9a]-9618&alias=bigbird13.cern.ch&noUDP&sock=schedd_6524_7ff5>
...
040 (8384907.001.000) 07/30 16:15:37 Started transferring input files
	Transferring to host: <128.142.194.238:9618?addrs=128.142.194.238-9618+[2001-1458-301-13--100-6e]-9618&alias=b7g30p4031.cern.ch&noUDP&sock=slot1_3_9835_65a9_123128>
...
040 (8384907.001.000) 07/30 16:15:37 Finished transferring input files
...
001 (8384907.001.000) 07/30 16:15:37 Job executing on host: <128.142.194.238:9618?addrs=128.142.194.238-9618+[2001-1458-301-13--100-6e]-9618&alias=b7g30p4031.cern.ch&noUDP&sock=startd_8601_2629>
...
006 (8384907.001.000) 07/30 16:15:45 Image size of job updated: 2210092
	7  -  MemoryUsage of job (MB)
	6644  -  ResidentSetSize of job (KB)
...
006 (8384907.001.000) 07/30 16:20:45 Image size of job updated: 7437992
	7  -  MemoryUsage of job (MB)
	6756  -  ResidentSetSize of job (KB)
...
006 (8384907.001.000) 07/30 16:25:45 Image size of job updated: 7437992
	7  -  MemoryUsage of job (MB)
	6820  -  ResidentSetSize of job (KB)
...
006 (8384907.001.000) 07/30 16:30:46 Image size of job updated: 7437992
	7  -  MemoryUsage of job (MB)
	6852  -  ResidentSetSize of job (KB)
...
006 (8384907.001.000) 07/30 16:35:46 Image size of job updated: 7437992
	7  -  MemoryUsage of job (MB)
	6884  -  ResidentSetSize of job (KB)
...
006 (8384907.001.000) 07/30 16:40:46 Image size of job updated: 7437992
	7  -  MemoryUsage of job (MB)
	6916  -  ResidentSetSize of job (KB)
...
006 (8384907.001.000) 07/30 16:50:48 Image size of job updated: 7437992
	7  -  MemoryUsage of job (MB)
	6932  -  ResidentSetSize of job (KB)
...
006 (8384907.001.000) 07/30 16:55:48 Image size of job updated: 7437992
	7  -  MemoryUsage of job (MB)
	6948  -  ResidentSetSize of job (KB)
...
006 (8384907.001.000) 07/30 17:05:49 Image size of job updated: 7437992
	7  -  MemoryUsage of job (MB)
	6980  -  ResidentSetSize of job (KB)
...
006 (8384907.001.000) 07/30 17:10:49 Image size of job updated: 7437992
	7  -  MemoryUsage of job (MB)
	7012  -  ResidentSetSize of job (KB)
...
006 (8384907.001.000) 07/30 17:15:49 Image size of job updated: 7437992
	7  -  MemoryUsage of job (MB)
	7028  -  ResidentSetSize of job (KB)
...
006 (8384907.001.000) 07/30 17:25:51 Image size of job updated: 7437992
	7  -  MemoryUsage of job (MB)
	7044  -  ResidentSetSize of job (KB)
...
006 (8384907.001.000) 07/30 17:30:51 Image size of job updated: 7437992
	7  -  MemoryUsage of job (MB)
	7076  -  ResidentSetSize of job (KB)
...
006 (8384907.001.000) 07/30 17:45:52 Image size of job updated: 7437992
	7  -  MemoryUsage of job (MB)
	7108  -  ResidentSetSize of job (KB)
...
006 (8384907.001.000) 07/30 17:50:52 Image size of job updated: 7437992
	7  -  MemoryUsage of job (MB)
	7124  -  ResidentSetSize of job (KB)
...
006 (8384907.001.000) 07/30 18:00:53 Image size of job updated: 7437992
	7  -  MemoryUsage of job (MB)
	7140  -  ResidentSetSize of job (KB)
...
006 (8384907.001.000) 07/30 18:10:54 Image size of job updated: 7437992
	8  -  MemoryUsage of job (MB)
	7172  -  ResidentSetSize of job (KB)
...
006 (8384907.001.000) 07/30 18:20:55 Image size of job updated: 7437992
	8  -  MemoryUsage of job (MB)
	7204  -  ResidentSetSize of job (KB)
...
006 (8384907.001.000) 07/30 18:25:56 Image size of job updated: 7437992
	8  -  MemoryUsage of job (MB)
	7220  -  ResidentSetSize of job (KB)
...
006 (8384907.001.000) 07/30 18:40:58 Image size of job updated: 7437992
	8  -  MemoryUsage of job (MB)
	7236  -  ResidentSetSize of job (KB)
...
006 (8384907.001.000) 07/30 18:45:59 Image size of job updated: 7437992
	8  -  MemoryUsage of job (MB)
	7268  -  ResidentSetSize of job (KB)
...
006 (8384907.001.000) 07/30 18:50:59 Image size of job updated: 7437992
	8  -  MemoryUsage of job (MB)
	7300  -  ResidentSetSize of job (KB)
...
006 (8384907.001.000) 07/30 19:01:00 Image size of job updated: 7437992
	8  -  MemoryUsage of job (MB)
	7316  -  ResidentSetSize of job (KB)
...
006 (8384907.001.000) 07/30 19:11:00 Image size of job updated: 7437992
	8  -  MemoryUsage of job (MB)
	7332  -  ResidentSetSize of job (KB)
...
006 (8384907.001.000) 07/30 19:21:01 Image size of job updated: 7437992
	8  -  MemoryUsage of job (MB)
	7364  -  ResidentSetSize of job (KB)
...
006 (8384907.001.000) 07/30 19:26:01 Image size of job updated: 7437992
	8  -  MemoryUsage of job (MB)
	7396  -  ResidentSetSize of job (KB)
...
006 (8384907.001.000) 07/30 19:36:03 Image size of job updated: 7437992
	8  -  MemoryUsage of job (MB)
	7412  -  ResidentSetSize of job (KB)
...
006 (8384907.001.000) 07/30 19:46:04 Image size of job updated: 7437992
	8  -  MemoryUsage of job (MB)
	7428  -  ResidentSetSize of job (KB)
...
006 (8384907.001.000) 07/30 19:56:05 Image size of job updated: 7437992
	8  -  MemoryUsage of job (MB)
	7460  -  ResidentSetSize of job (KB)
...
006 (8384907.001.000) 07/30 20:06:07 Image size of job updated: 7437992
	8  -  MemoryUsage of job (MB)
	7492  -  ResidentSetSize of job (KB)
...
006 (8384907.001.000) 07/30 20:21:09 Image size of job updated: 7437992
	8  -  MemoryUsage of job (MB)
	7508  -  ResidentSetSize of job (KB)
...
006 (8384907.001.000) 07/30 20:26:09 Image size of job updated: 7437992
	8  -  MemoryUsage of job (MB)
	7524  -  ResidentSetSize of job (KB)
...
006 (8384907.001.000) 07/30 20:41:11 Image size of job updated: 7437992
	8  -  MemoryUsage of job (MB)
	7556  -  ResidentSetSize of job (KB)
...
006 (8384907.001.000) 07/30 20:46:11 Image size of job updated: 7437992
	8  -  MemoryUsage of job (MB)
	7588  -  ResidentSetSize of job (KB)
...
006 (8384907.001.000) 07/30 21:01:12 Image size of job updated: 7437992
	8  -  MemoryUsage of job (MB)
	7604  -  ResidentSetSize of job (KB)
...
006 (8384907.001.000) 07/30 21:11:13 Image size of job updated: 7437992
	8  -  MemoryUsage of job (MB)
	7620  -  ResidentSetSize of job (KB)
...
006 (8384907.001.000) 07/30 21:21:14 Image size of job updated: 7437992
	8  -  MemoryUsage of job (MB)
	7652  -  ResidentSetSize of job (KB)
...
006 (8384907.001.000) 07/30 21:36:15 Image size of job updated: 7437992
	8  -  MemoryUsage of job (MB)
	7684  -  ResidentSetSize of job (KB)
...
006 (8384907.001.000) 07/30 21:46:16 Image size of job updated: 7437992
	8  -  MemoryUsage of job (MB)
	7700  -  ResidentSetSize of job (KB)
...
006 (8384907.001.000) 07/30 21:51:17 Image size of job updated: 7437992
	8  -  MemoryUsage of job (MB)
	7716  -  ResidentSetSize of job (KB)
...
006 (8384907.001.000) 07/30 22:06:19 Image size of job updated: 7437992
	8  -  MemoryUsage of job (MB)
	7748  -  ResidentSetSize of job (KB)
...
006 (8384907.001.000) 07/30 22:11:20 Image size of job updated: 7437992
	8  -  MemoryUsage of job (MB)
	7780  -  ResidentSetSize of job (KB)
...
006 (8384907.001.000) 07/30 22:26:22 Image size of job updated: 7437992
	8  -  MemoryUsage of job (MB)
	7796  -  ResidentSetSize of job (KB)
...
006 (8384907.001.000) 07/30 22:36:22 Image size of job updated: 7437992
	8  -  MemoryUsage of job (MB)
	7812  -  ResidentSetSize of job (KB)
...
006 (8384907.001.000) 07/30 22:51:23 Image size of job updated: 7437992
	8  -  MemoryUsage of job (MB)
	7844  -  ResidentSetSize of job (KB)
...
006 (8384907.001.000) 07/30 23:06:24 Image size of job updated: 7437992
	8  -  MemoryUsage of job (MB)
	7876  -  ResidentSetSize of job (KB)
...
006 (8384907.001.000) 07/30 23:16:26 Image size of job updated: 7437992
	8  -  MemoryUsage of job (MB)
	7892  -  ResidentSetSize of job (KB)
...
006 (8384907.001.000) 07/30 23:31:28 Image size of job updated: 7437992
	8  -  MemoryUsage of job (MB)
	7908  -  ResidentSetSize of job (KB)
...
006 (8384907.001.000) 07/30 23:41:28 Image size of job updated: 7437992
	8  -  MemoryUsage of job (MB)
	7940  -  ResidentSetSize of job (KB)
...
006 (8384907.001.000) 07/30 23:51:29 Image size of job updated: 7437992
	8  -  MemoryUsage of job (MB)
	7972  -  ResidentSetSize of job (KB)
...
006 (8384907.001.000) 07/31 00:06:31 Image size of job updated: 7437992
	8  -  MemoryUsage of job (MB)
	7988  -  ResidentSetSize of job (KB)
...
006 (8384907.001.000) 07/31 00:21:33 Image size of job updated: 7437992
	8  -  MemoryUsage of job (MB)
	8004  -  ResidentSetSize of job (KB)
...
006 (8384907.001.000) 07/31 00:31:34 Image size of job updated: 7437992
	8  -  MemoryUsage of job (MB)
	8036  -  ResidentSetSize of job (KB)
...
006 (8384907.001.000) 07/31 00:46:36 Image size of job updated: 7437992
	8  -  MemoryUsage of job (MB)
	8068  -  ResidentSetSize of job (KB)
...
006 (8384907.001.000) 07/31 01:01:38 Image size of job updated: 7437992
	8  -  MemoryUsage of job (MB)
	8084  -  ResidentSetSize of job (KB)
...
006 (8384907.001.000) 07/31 01:16:40 Image size of job updated: 7437992
	8  -  MemoryUsage of job (MB)
	8100  -  ResidentSetSize of job (KB)
...
006 (8384907.001.000) 07/31 01:31:41 Image size of job updated: 7437992
	8  -  MemoryUsage of job (MB)
	8132  -  ResidentSetSize of job (KB)
...
006 (8384907.001.000) 07/31 01:51:43 Image size of job updated: 7437992
	8  -  MemoryUsage of job (MB)
	8164  -  ResidentSetSize of job (KB)
...
006 (8384907.001.000) 07/31 02:11:44 Image size of job updated: 7437992
	8  -  MemoryUsage of job (MB)
	8180  -  ResidentSetSize of job (KB)
...
006 (8384907.001.000) 07/31 02:21:46 Image size of job updated: 7437992
	9  -  MemoryUsage of job (MB)
	8196  -  ResidentSetSize of job (KB)
...
006 (8384907.001.000) 07/31 02:41:48 Image size of job updated: 7437992
	9  -  MemoryUsage of job (MB)
	8228  -  ResidentSetSize of job (KB)
...
006 (8384907.001.000) 07/31 02:56:50 Image size of job updated: 7437992
	9  -  MemoryUsage of job (MB)
	8260  -  ResidentSetSize of job (KB)
...
006 (8384907.001.000) 07/31 03:11:51 Image size of job updated: 7437992
	9  -  MemoryUsage of job (MB)
	8276  -  ResidentSetSize of job (KB)
...
006 (8384907.001.000) 07/31 03:21:51 Image size of job updated: 7437992
	9  -  MemoryUsage of job (MB)
	8292  -  ResidentSetSize of job (KB)
...
006 (8384907.001.000) 07/31 03:36:53 Image size of job updated: 7437992
	9  -  MemoryUsage of job (MB)
	8324  -  ResidentSetSize of job (KB)
...
006 (8384907.001.000) 07/31 03:51:55 Image size of job updated: 7437992
	9  -  MemoryUsage of job (MB)
	8356  -  ResidentSetSize of job (KB)
...
006 (8384907.001.000) 07/31 04:11:58 Image size of job updated: 7437992
	9  -  MemoryUsage of job (MB)
	8372  -  ResidentSetSize of job (KB)
...
006 (8384907.001.000) 07/31 04:27:00 Image size of job updated: 7437992
	9  -  MemoryUsage of job (MB)
	8388  -  ResidentSetSize of job (KB)
...
006 (8384907.001.000) 07/31 04:47:02 Image size of job updated: 7437992
	9  -  MemoryUsage of job (MB)
	8420  -  ResidentSetSize of job (KB)
...
006 (8384907.001.000) 07/31 05:02:03 Image size of job updated: 7437992
	9  -  MemoryUsage of job (MB)
	8452  -  ResidentSetSize of job (KB)
...
006 (8384907.001.000) 07/31 05:12:03 Image size of job updated: 7437992
	9  -  MemoryUsage of job (MB)
	8468  -  ResidentSetSize of job (KB)
...
006 (8384907.001.000) 07/31 05:27:04 Image size of job updated: 7437992
	9  -  MemoryUsage of job (MB)
	8484  -  ResidentSetSize of job (KB)
...
006 (8384907.001.000) 07/31 05:37:05 Image size of job updated: 7437992
	9  -  MemoryUsage of job (MB)
	8516  -  ResidentSetSize of job (KB)
...
006 (8384907.001.000) 07/31 05:52:07 Image size of job updated: 7437992
	9  -  MemoryUsage of job (MB)
	8548  -  ResidentSetSize of job (KB)
...
006 (8384907.001.000) 07/31 06:02:08 Image size of job updated: 7437992
	9  -  MemoryUsage of job (MB)
	8564  -  ResidentSetSize of job (KB)
...
006 (8384907.001.000) 07/31 06:17:09 Image size of job updated: 7437992
	9  -  MemoryUsage of job (MB)
	8580  -  ResidentSetSize of job (KB)
...
006 (8384907.001.000) 07/31 06:27:10 Image size of job updated: 7437992
	9  -  MemoryUsage of job (MB)
	8612  -  ResidentSetSize of job (KB)
...
006 (8384907.001.000) 07/31 06:42:11 Image size of job updated: 7437992
	9  -  MemoryUsage of job (MB)
	8644  -  ResidentSetSize of job (KB)
...
006 (8384907.001.000) 07/31 06:52:12 Image size of job updated: 7437992
	9  -  MemoryUsage of job (MB)
	8660  -  ResidentSetSize of job (KB)
...
006 (8384907.001.000) 07/31 07:07:13 Image size of job updated: 7437992
	9  -  MemoryUsage of job (MB)
	8676  -  ResidentSetSize of job (KB)
...
006 (8384907.001.000) 07/31 07:22:15 Image size of job updated: 7437992
	9  -  MemoryUsage of job (MB)
	8708  -  ResidentSetSize of job (KB)
...
006 (8384907.001.000) 07/31 07:37:17 Image size of job updated: 7437992
	9  -  MemoryUsage of job (MB)
	8740  -  ResidentSetSize of job (KB)
...
006 (8384907.001.000) 07/31 07:47:18 Image size of job updated: 7437992
	9  -  MemoryUsage of job (MB)
	8756  -  ResidentSetSize of job (KB)
...
006 (8384907.001.000) 07/31 08:02:20 Image size of job updated: 7437992
	9  -  MemoryUsage of job (MB)
	8772  -  ResidentSetSize of job (KB)
...
006 (8384907.001.000) 07/31 08:17:22 Image size of job updated: 7437992
	9  -  MemoryUsage of job (MB)
	8804  -  ResidentSetSize of job (KB)
...
006 (8384907.001.000) 07/31 08:32:23 Image size of job updated: 7437992
	9  -  MemoryUsage of job (MB)
	8836  -  ResidentSetSize of job (KB)
...
006 (8384907.001.000) 07/31 08:52:24 Image size of job updated: 7437992
	9  -  MemoryUsage of job (MB)
	8852  -  ResidentSetSize of job (KB)
...
006 (8384907.001.000) 07/31 09:07:25 Image size of job updated: 7437992
	9  -  MemoryUsage of job (MB)
	8868  -  ResidentSetSize of job (KB)
...
006 (8384907.001.000) 07/31 09:27:27 Image size of job updated: 7437992
	9  -  MemoryUsage of job (MB)
	8900  -  ResidentSetSize of job (KB)
...
006 (8384907.001.000) 07/31 09:47:29 Image size of job updated: 7437992
	9  -  MemoryUsage of job (MB)
	8932  -  ResidentSetSize of job (KB)
...
006 (8384907.001.000) 07/31 10:02:31 Image size of job updated: 7437992
	9  -  MemoryUsage of job (MB)
	8948  -  ResidentSetSize of job (KB)
...
006 (8384907.001.000) 07/31 10:22:33 Image size of job updated: 7437992
	9  -  MemoryUsage of job (MB)
	8964  -  ResidentSetSize of job (KB)
...
006 (8384907.001.000) 07/31 10:37:35 Image size of job updated: 7437992
	9  -  MemoryUsage of job (MB)
	8996  -  ResidentSetSize of job (KB)
...
006 (8384907.001.000) 07/31 10:52:37 Image size of job updated: 7437992
	9  -  MemoryUsage of job (MB)
	9028  -  ResidentSetSize of job (KB)
...
006 (8384907.001.000) 07/31 11:07:39 Image size of job updated: 7437992
	9  -  MemoryUsage of job (MB)
	9044  -  ResidentSetSize of job (KB)
...
006 (8384907.001.000) 07/31 11:22:41 Image size of job updated: 7437992
	9  -  MemoryUsage of job (MB)
	9060  -  ResidentSetSize of job (KB)
...
006 (8384907.001.000) 07/31 11:32:41 Image size of job updated: 7437992
	9  -  MemoryUsage of job (MB)
	9092  -  ResidentSetSize of job (KB)
...
006 (8384907.001.000) 07/31 11:47:42 Image size of job updated: 7437992
	9  -  MemoryUsage of job (MB)
	9124  -  ResidentSetSize of job (KB)
...
006 (8384907.001.000) 07/31 11:57:44 Image size of job updated: 7437992
	9  -  MemoryUsage of job (MB)
	9140  -  ResidentSetSize of job (KB)
...
006 (8384907.001.000) 07/31 12:12:46 Image size of job updated: 7437992
	9  -  MemoryUsage of job (MB)
	9156  -  ResidentSetSize of job (KB)
...
006 (8384907.001.000) 07/31 12:22:46 Image size of job updated: 7437992
	9  -  MemoryUsage of job (MB)
	9188  -  ResidentSetSize of job (KB)
...
006 (8384907.001.000) 07/31 12:37:48 Image size of job updated: 7437992
	10  -  MemoryUsage of job (MB)
	9220  -  ResidentSetSize of job (KB)
...
006 (8384907.001.000) 07/31 12:47:50 Image size of job updated: 7437992
	10  -  MemoryUsage of job (MB)
	9236  -  ResidentSetSize of job (KB)
...
006 (8384907.001.000) 07/31 12:57:50 Image size of job updated: 7437992
	10  -  MemoryUsage of job (MB)
	9252  -  ResidentSetSize of job (KB)
...
006 (8384907.001.000) 07/31 13:12:51 Image size of job updated: 7437992
	10  -  MemoryUsage of job (MB)
	9284  -  ResidentSetSize of job (KB)
...
006 (8384907.001.000) 07/31 13:22:53 Image size of job updated: 7437992
	10  -  MemoryUsage of job (MB)
	9316  -  ResidentSetSize of job (KB)
...
006 (8384907.001.000) 07/31 13:32:53 Image size of job updated: 7437992
	10  -  MemoryUsage of job (MB)
	9332  -  ResidentSetSize of job (KB)
...
006 (8384907.001.000) 07/31 13:42:54 Image size of job updated: 7437992
	10  -  MemoryUsage of job (MB)
	9348  -  ResidentSetSize of job (KB)
...
006 (8384907.001.000) 07/31 13:57:56 Image size of job updated: 7437992
	10  -  MemoryUsage of job (MB)
	9380  -  ResidentSetSize of job (KB)
...
006 (8384907.001.000) 07/31 14:07:56 Image size of job updated: 7437992
	10  -  MemoryUsage of job (MB)
	9412  -  ResidentSetSize of job (KB)
...
006 (8384907.001.000) 07/31 14:17:58 Image size of job updated: 7437992
	10  -  MemoryUsage of job (MB)
	9428  -  ResidentSetSize of job (KB)
...
006 (8384907.001.000) 07/31 14:27:59 Image size of job updated: 7437992
	10  -  MemoryUsage of job (MB)
	9444  -  ResidentSetSize of job (KB)
...
006 (8384907.001.000) 07/31 14:43:00 Image size of job updated: 7437992
	10  -  MemoryUsage of job (MB)
	9476  -  ResidentSetSize of job (KB)
...
006 (8384907.001.000) 07/31 14:53:02 Image size of job updated: 7437992
	10  -  MemoryUsage of job (MB)
	9508  -  ResidentSetSize of job (KB)
...
006 (8384907.001.000) 07/31 14:58:02 Image size of job updated: 7437992
	10  -  MemoryUsage of job (MB)
	9524  -  ResidentSetSize of job (KB)
...
006 (8384907.001.000) 07/31 15:13:04 Image size of job updated: 7437992
	10  -  MemoryUsage of job (MB)
	9540  -  ResidentSetSize of job (KB)
...
006 (8384907.001.000) 07/31 15:23:05 Image size of job updated: 7437992
	10  -  MemoryUsage of job (MB)
	9572  -  ResidentSetSize of job (KB)
...
006 (8384907.001.000) 07/31 15:33:06 Image size of job updated: 7437992
	10  -  MemoryUsage of job (MB)
	9604  -  ResidentSetSize of job (KB)
...
006 (8384907.001.000) 07/31 15:43:07 Image size of job updated: 7437992
	10  -  MemoryUsage of job (MB)
	9620  -  ResidentSetSize of job (KB)
...
006 (8384907.001.000) 07/31 15:58:08 Image size of job updated: 7437992
	10  -  MemoryUsage of job (MB)
	9636  -  ResidentSetSize of job (KB)
...
006 (8384907.001.000) 07/31 16:08:09 Image size of job updated: 7437992
	10  -  MemoryUsage of job (MB)
	9668  -  ResidentSetSize of job (KB)
...
006 (8384907.001.000) 07/31 16:18:10 Image size of job updated: 7437992
	10  -  MemoryUsage of job (MB)
	9700  -  ResidentSetSize of job (KB)
...
006 (8384907.001.000) 07/31 16:33:11 Image size of job updated: 7437992
	10  -  MemoryUsage of job (MB)
	9716  -  ResidentSetSize of job (KB)
...
006 (8384907.001.000) 07/31 16:43:13 Image size of job updated: 7437992
	10  -  MemoryUsage of job (MB)
	9732  -  ResidentSetSize of job (KB)
...
006 (8384907.001.000) 07/31 17:03:14 Image size of job updated: 7437992
	10  -  MemoryUsage of job (MB)
	9764  -  ResidentSetSize of job (KB)
...
006 (8384907.001.000) 07/31 17:13:15 Image size of job updated: 7437992
	10  -  MemoryUsage of job (MB)
	9796  -  ResidentSetSize of job (KB)
...
006 (8384907.001.000) 07/31 17:28:16 Image size of job updated: 7437992
	10  -  MemoryUsage of job (MB)
	9812  -  ResidentSetSize of job (KB)
...
006 (8384907.001.000) 07/31 17:38:18 Image size of job updated: 7437992
	10  -  MemoryUsage of job (MB)
	9828  -  ResidentSetSize of job (KB)
...
006 (8384907.001.000) 07/31 17:53:20 Image size of job updated: 7437992
	10  -  MemoryUsage of job (MB)
	9860  -  ResidentSetSize of job (KB)
...
006 (8384907.001.000) 07/31 18:08:21 Image size of job updated: 7437992
	10  -  MemoryUsage of job (MB)
	9892  -  ResidentSetSize of job (KB)
...
006 (8384907.001.000) 07/31 18:18:22 Image size of job updated: 7437992
	10  -  MemoryUsage of job (MB)
	9908  -  ResidentSetSize of job (KB)
...
006 (8384907.001.000) 07/31 18:33:24 Image size of job updated: 7437992
	10  -  MemoryUsage of job (MB)
	9924  -  ResidentSetSize of job (KB)
...
006 (8384907.001.000) 07/31 18:48:25 Image size of job updated: 7437992
	10  -  MemoryUsage of job (MB)
	9956  -  ResidentSetSize of job (KB)
...
006 (8384907.001.000) 07/31 18:58:25 Image size of job updated: 7437992
	10  -  MemoryUsage of job (MB)
	9988  -  ResidentSetSize of job (KB)
...
006 (8384907.001.000) 07/31 19:13:27 Image size of job updated: 7437992
	10  -  MemoryUsage of job (MB)
	10004  -  ResidentSetSize of job (KB)
...
006 (8384907.001.000) 07/31 19:23:28 Image size of job updated: 7437992
	10  -  MemoryUsage of job (MB)
	10020  -  ResidentSetSize of job (KB)
...
006 (8384907.001.000) 07/31 19:38:29 Image size of job updated: 7437992
	10  -  MemoryUsage of job (MB)
	10052  -  ResidentSetSize of job (KB)
...
006 (8384907.001.000) 07/31 19:48:30 Image size of job updated: 7437992
	10  -  MemoryUsage of job (MB)
	10084  -  ResidentSetSize of job (KB)
...
006 (8384907.001.000) 07/31 20:03:32 Image size of job updated: 7437992
	10  -  MemoryUsage of job (MB)
	10100  -  ResidentSetSize of job (KB)
...
006 (8384907.001.000) 07/31 20:13:32 Image size of job updated: 7437992
	10  -  MemoryUsage of job (MB)
	10116  -  ResidentSetSize of job (KB)
...
006 (8384907.001.000) 07/31 20:28:34 Image size of job updated: 7437992
	10  -  MemoryUsage of job (MB)
	10148  -  ResidentSetSize of job (KB)
...
006 (8384907.001.000) 07/31 20:43:36 Image size of job updated: 7437992
	10  -  MemoryUsage of job (MB)
	10180  -  ResidentSetSize of job (KB)
...
006 (8384907.001.000) 07/31 20:53:37 Image size of job updated: 7437992
	10  -  MemoryUsage of job (MB)
	10196  -  ResidentSetSize of job (KB)
...
006 (8384907.001.000) 07/31 21:03:38 Image size of job updated: 7437992
	10  -  MemoryUsage of job (MB)
	10212  -  ResidentSetSize of job (KB)
...
006 (8384907.001.000) 07/31 21:13:38 Image size of job updated: 7437992
	11  -  MemoryUsage of job (MB)
	10244  -  ResidentSetSize of job (KB)
...
006 (8384907.001.000) 07/31 21:28:39 Image size of job updated: 7437992
	11  -  MemoryUsage of job (MB)
	10276  -  ResidentSetSize of job (KB)
...
006 (8384907.001.000) 07/31 21:38:41 Image size of job updated: 7437992
	11  -  MemoryUsage of job (MB)
	10292  -  ResidentSetSize of job (KB)
...
006 (8384907.001.000) 07/31 21:48:41 Image size of job updated: 7437992
	11  -  MemoryUsage of job (MB)
	10308  -  ResidentSetSize of job (KB)
...
006 (8384907.001.000) 07/31 22:03:43 Image size of job updated: 7437992
	11  -  MemoryUsage of job (MB)
	10340  -  ResidentSetSize of job (KB)
...
006 (8384907.001.000) 07/31 22:13:44 Image size of job updated: 7437992
	11  -  MemoryUsage of job (MB)
	10372  -  ResidentSetSize of job (KB)
...
006 (8384907.001.000) 07/31 22:28:45 Image size of job updated: 7437992
	11  -  MemoryUsage of job (MB)
	10388  -  ResidentSetSize of job (KB)
...
006 (8384907.001.000) 07/31 22:38:47 Image size of job updated: 7437992
	11  -  MemoryUsage of job (MB)
	10404  -  ResidentSetSize of job (KB)
...
006 (8384907.001.000) 07/31 22:48:47 Image size of job updated: 7437992
	11  -  MemoryUsage of job (MB)
	10436  -  ResidentSetSize of job (KB)
...
006 (8384907.001.000) 07/31 22:58:49 Image size of job updated: 7437992
	11  -  MemoryUsage of job (MB)
	10468  -  ResidentSetSize of job (KB)
...
006 (8384907.001.000) 07/31 23:13:50 Image size of job updated: 7437992
	11  -  MemoryUsage of job (MB)
	10484  -  ResidentSetSize of job (KB)
...
006 (8384907.001.000) 07/31 23:23:50 Image size of job updated: 7437992
	11  -  MemoryUsage of job (MB)
	10500  -  ResidentSetSize of job (KB)
...
006 (8384907.001.000) 07/31 23:33:52 Image size of job updated: 7437992
	11  -  MemoryUsage of job (MB)
	10532  -  ResidentSetSize of job (KB)
...
006 (8384907.001.000) 07/31 23:48:53 Image size of job updated: 7437992
	11  -  MemoryUsage of job (MB)
	10564  -  ResidentSetSize of job (KB)
...
006 (8384907.001.000) 07/31 23:58:54 Image size of job updated: 7437992
	11  -  MemoryUsage of job (MB)
	10580  -  ResidentSetSize of job (KB)
...
006 (8384907.001.000) 08/01 00:08:55 Image size of job updated: 7437992
	11  -  MemoryUsage of job (MB)
	10596  -  ResidentSetSize of job (KB)
...
006 (8384907.001.000) 08/01 00:23:56 Image size of job updated: 7437992
	11  -  MemoryUsage of job (MB)
	10628  -  ResidentSetSize of job (KB)
...
006 (8384907.001.000) 08/01 00:33:57 Image size of job updated: 7437992
	11  -  MemoryUsage of job (MB)
	10660  -  ResidentSetSize of job (KB)
...
006 (8384907.001.000) 08/01 00:48:59 Image size of job updated: 7437992
	11  -  MemoryUsage of job (MB)
	10676  -  ResidentSetSize of job (KB)
...
006 (8384907.001.000) 08/01 00:59:00 Image size of job updated: 7437992
	11  -  MemoryUsage of job (MB)
	10692  -  ResidentSetSize of job (KB)
...
006 (8384907.001.000) 08/01 01:14:01 Image size of job updated: 7437992
	11  -  MemoryUsage of job (MB)
	10724  -  ResidentSetSize of job (KB)
...
006 (8384907.001.000) 08/01 01:29:03 Image size of job updated: 7437992
	11  -  MemoryUsage of job (MB)
	10756  -  ResidentSetSize of job (KB)
...
006 (8384907.001.000) 08/01 01:39:05 Image size of job updated: 7437992
	11  -  MemoryUsage of job (MB)
	10772  -  ResidentSetSize of job (KB)
...
006 (8384907.001.000) 08/01 01:54:07 Image size of job updated: 7437992
	11  -  MemoryUsage of job (MB)
	10788  -  ResidentSetSize of job (KB)
...
006 (8384907.001.000) 08/01 02:04:07 Image size of job updated: 7437992
	11  -  MemoryUsage of job (MB)
	10820  -  ResidentSetSize of job (KB)
...
006 (8384907.001.000) 08/01 02:19:08 Image size of job updated: 7437992
	11  -  MemoryUsage of job (MB)
	10852  -  ResidentSetSize of job (KB)
...
006 (8384907.001.000) 08/01 02:29:10 Image size of job updated: 7437992
	11  -  MemoryUsage of job (MB)
	10868  -  ResidentSetSize of job (KB)
...
006 (8384907.001.000) 08/01 02:44:12 Image size of job updated: 7437992
	11  -  MemoryUsage of job (MB)
	10884  -  ResidentSetSize of job (KB)
...
006 (8384907.001.000) 08/01 02:54:12 Image size of job updated: 7437992
	11  -  MemoryUsage of job (MB)
	10916  -  ResidentSetSize of job (KB)
...
006 (8384907.001.000) 08/01 03:09:14 Image size of job updated: 7437992
	11  -  MemoryUsage of job (MB)
	10948  -  ResidentSetSize of job (KB)
...
006 (8384907.001.000) 08/01 03:19:16 Image size of job updated: 7437992
	11  -  MemoryUsage of job (MB)
	10964  -  ResidentSetSize of job (KB)
...
006 (8384907.001.000) 08/01 03:34:17 Image size of job updated: 7437992
	11  -  MemoryUsage of job (MB)
	10980  -  ResidentSetSize of job (KB)
...
006 (8384907.001.000) 08/01 03:49:19 Image size of job updated: 7437992
	11  -  MemoryUsage of job (MB)
	11012  -  ResidentSetSize of job (KB)
...
006 (8384907.001.000) 08/01 03:59:20 Image size of job updated: 7437992
	11  -  MemoryUsage of job (MB)
	11044  -  ResidentSetSize of job (KB)
...
006 (8384907.001.000) 08/01 04:09:22 Image size of job updated: 7437992
	11  -  MemoryUsage of job (MB)
	11060  -  ResidentSetSize of job (KB)
...
006 (8384907.001.000) 08/01 04:19:23 Image size of job updated: 7437992
	11  -  MemoryUsage of job (MB)
	11068  -  ResidentSetSize of job (KB)
...
006 (8384907.001.000) 08/01 04:34:25 Image size of job updated: 7437992
	11  -  MemoryUsage of job (MB)
	11100  -  ResidentSetSize of job (KB)
...
006 (8384907.001.000) 08/01 04:49:26 Image size of job updated: 7437992
	11  -  MemoryUsage of job (MB)
	11132  -  ResidentSetSize of job (KB)
...
006 (8384907.001.000) 08/01 04:59:28 Image size of job updated: 7437992
	11  -  MemoryUsage of job (MB)
	11148  -  ResidentSetSize of job (KB)
...
006 (8384907.001.000) 08/01 05:14:30 Image size of job updated: 7437992
	11  -  MemoryUsage of job (MB)
	11164  -  ResidentSetSize of job (KB)
...
006 (8384907.001.000) 08/01 05:19:30 Image size of job updated: 7437992
	11  -  MemoryUsage of job (MB)
	11196  -  ResidentSetSize of job (KB)
...
006 (8384907.001.000) 08/01 05:29:31 Image size of job updated: 7437992
	11  -  MemoryUsage of job (MB)
	11228  -  ResidentSetSize of job (KB)
...
006 (8384907.001.000) 08/01 05:44:32 Image size of job updated: 7437992
	11  -  MemoryUsage of job (MB)
	11244  -  ResidentSetSize of job (KB)
...
006 (8384907.001.000) 08/01 05:59:34 Image size of job updated: 7437992
	11  -  MemoryUsage of job (MB)
	11260  -  ResidentSetSize of job (KB)
...
006 (8384907.001.000) 08/01 06:09:35 Image size of job updated: 7437992
	12  -  MemoryUsage of job (MB)
	11292  -  ResidentSetSize of job (KB)
...
006 (8384907.001.000) 08/01 06:19:36 Image size of job updated: 7437992
	12  -  MemoryUsage of job (MB)
	11324  -  ResidentSetSize of job (KB)
...
006 (8384907.001.000) 08/01 06:34:38 Image size of job updated: 7437992
	12  -  MemoryUsage of job (MB)
	11340  -  ResidentSetSize of job (KB)
...
006 (8384907.001.000) 08/01 06:44:39 Image size of job updated: 7437992
	12  -  MemoryUsage of job (MB)
	11356  -  ResidentSetSize of job (KB)
...
006 (8384907.001.000) 08/01 06:59:41 Image size of job updated: 7437992
	12  -  MemoryUsage of job (MB)
	11388  -  ResidentSetSize of job (KB)
...
006 (8384907.001.000) 08/01 07:09:42 Image size of job updated: 7437992
	12  -  MemoryUsage of job (MB)
	11420  -  ResidentSetSize of job (KB)
...
006 (8384907.001.000) 08/01 07:24:43 Image size of job updated: 7437992
	12  -  MemoryUsage of job (MB)
	11436  -  ResidentSetSize of job (KB)
...
006 (8384907.001.000) 08/01 07:34:44 Image size of job updated: 7437992
	12  -  MemoryUsage of job (MB)
	11452  -  ResidentSetSize of job (KB)
...
006 (8384907.001.000) 08/01 07:44:45 Image size of job updated: 7437992
	12  -  MemoryUsage of job (MB)
	11484  -  ResidentSetSize of job (KB)
...
006 (8384907.001.000) 08/01 07:59:47 Image size of job updated: 7437992
	12  -  MemoryUsage of job (MB)
	11516  -  ResidentSetSize of job (KB)
...
006 (8384907.001.000) 08/01 08:14:48 Image size of job updated: 7437992
	12  -  MemoryUsage of job (MB)
	11532  -  ResidentSetSize of job (KB)
...
006 (8384907.001.000) 08/01 08:24:50 Image size of job updated: 7437992
	12  -  MemoryUsage of job (MB)
	11548  -  ResidentSetSize of job (KB)
...
006 (8384907.001.000) 08/01 08:39:51 Image size of job updated: 7437992
	12  -  MemoryUsage of job (MB)
	11580  -  ResidentSetSize of job (KB)
...
006 (8384907.001.000) 08/01 08:49:52 Image size of job updated: 7437992
	12  -  MemoryUsage of job (MB)
	11612  -  ResidentSetSize of job (KB)
...
006 (8384907.001.000) 08/01 08:59:54 Image size of job updated: 7437992
	12  -  MemoryUsage of job (MB)
	11628  -  ResidentSetSize of job (KB)
...
006 (8384907.001.000) 08/01 09:09:54 Image size of job updated: 7437992
	12  -  MemoryUsage of job (MB)
	11644  -  ResidentSetSize of job (KB)
...
006 (8384907.001.000) 08/01 09:24:56 Image size of job updated: 7437992
	12  -  MemoryUsage of job (MB)
	11676  -  ResidentSetSize of job (KB)
...
006 (8384907.001.000) 08/01 09:34:57 Image size of job updated: 7437992
	12  -  MemoryUsage of job (MB)
	11708  -  ResidentSetSize of job (KB)
...
006 (8384907.001.000) 08/01 09:49:58 Image size of job updated: 7437992
	12  -  MemoryUsage of job (MB)
	11724  -  ResidentSetSize of job (KB)
...
006 (8384907.001.000) 08/01 09:59:59 Image size of job updated: 7437992
	12  -  MemoryUsage of job (MB)
	11740  -  ResidentSetSize of job (KB)
...
006 (8384907.001.000) 08/01 10:10:00 Image size of job updated: 7437992
	12  -  MemoryUsage of job (MB)
	11772  -  ResidentSetSize of job (KB)
...
006 (8384907.001.000) 08/01 10:25:02 Image size of job updated: 7437992
	12  -  MemoryUsage of job (MB)
	11804  -  ResidentSetSize of job (KB)
...
006 (8384907.001.000) 08/01 10:35:03 Image size of job updated: 7437992
	12  -  MemoryUsage of job (MB)
	11820  -  ResidentSetSize of job (KB)
...
006 (8384907.001.000) 08/01 10:50:05 Image size of job updated: 7437992
	12  -  MemoryUsage of job (MB)
	11836  -  ResidentSetSize of job (KB)
...
006 (8384907.001.000) 08/01 11:00:06 Image size of job updated: 7437992
	12  -  MemoryUsage of job (MB)
	11868  -  ResidentSetSize of job (KB)
...
006 (8384907.001.000) 08/01 11:15:07 Image size of job updated: 7437992
	12  -  MemoryUsage of job (MB)
	11900  -  ResidentSetSize of job (KB)
...
006 (8384907.001.000) 08/01 11:25:08 Image size of job updated: 7437992
	12  -  MemoryUsage of job (MB)
	11916  -  ResidentSetSize of job (KB)
...
006 (8384907.001.000) 08/01 11:40:10 Image size of job updated: 7437992
	12  -  MemoryUsage of job (MB)
	11932  -  ResidentSetSize of job (KB)
...
006 (8384907.001.000) 08/01 11:50:11 Image size of job updated: 7437992
	12  -  MemoryUsage of job (MB)
	11964  -  ResidentSetSize of job (KB)
...
006 (8384907.001.000) 08/01 12:05:12 Image size of job updated: 7437992
	12  -  MemoryUsage of job (MB)
	11996  -  ResidentSetSize of job (KB)
...
006 (8384907.001.000) 08/01 12:20:14 Image size of job updated: 7437992
	12  -  MemoryUsage of job (MB)
	12012  -  ResidentSetSize of job (KB)
...
006 (8384907.001.000) 08/01 12:30:16 Image size of job updated: 7437992
	12  -  MemoryUsage of job (MB)
	12028  -  ResidentSetSize of job (KB)
...
006 (8384907.001.000) 08/01 12:45:17 Image size of job updated: 7437992
	12  -  MemoryUsage of job (MB)
	12060  -  ResidentSetSize of job (KB)
...
006 (8384907.001.000) 08/01 12:55:18 Image size of job updated: 7437992
	12  -  MemoryUsage of job (MB)
	12092  -  ResidentSetSize of job (KB)
...
006 (8384907.001.000) 08/01 13:10:20 Image size of job updated: 7437992
	12  -  MemoryUsage of job (MB)
	12108  -  ResidentSetSize of job (KB)
...
006 (8384907.001.000) 08/01 13:25:21 Image size of job updated: 7437992
	12  -  MemoryUsage of job (MB)
	12124  -  ResidentSetSize of job (KB)
...
006 (8384907.001.000) 08/01 13:35:21 Image size of job updated: 7437992
	12  -  MemoryUsage of job (MB)
	12156  -  ResidentSetSize of job (KB)
...
006 (8384907.001.000) 08/01 13:50:23 Image size of job updated: 7437992
	12  -  MemoryUsage of job (MB)
	12188  -  ResidentSetSize of job (KB)
...
006 (8384907.001.000) 08/01 14:00:24 Image size of job updated: 7437992
	12  -  MemoryUsage of job (MB)
	12204  -  ResidentSetSize of job (KB)
...
006 (8384907.001.000) 08/01 14:15:26 Image size of job updated: 7437992
	12  -  MemoryUsage of job (MB)
	12220  -  ResidentSetSize of job (KB)
...
006 (8384907.001.000) 08/01 14:30:27 Image size of job updated: 7437992
	12  -  MemoryUsage of job (MB)
	12252  -  ResidentSetSize of job (KB)
...
006 (8384907.001.000) 08/01 14:45:28 Image size of job updated: 7437992
	12  -  MemoryUsage of job (MB)
	12284  -  ResidentSetSize of job (KB)
...
006 (8384907.001.000) 08/01 14:55:30 Image size of job updated: 7437992
	13  -  MemoryUsage of job (MB)
	12300  -  ResidentSetSize of job (KB)
...
006 (8384907.001.000) 08/01 15:10:31 Image size of job updated: 7437992
	13  -  MemoryUsage of job (MB)
	12316  -  ResidentSetSize of job (KB)
...
006 (8384907.001.000) 08/01 15:20:32 Image size of job updated: 7437992
	13  -  MemoryUsage of job (MB)
	12348  -  ResidentSetSize of job (KB)
...
006 (8384907.001.000) 08/01 15:30:34 Image size of job updated: 7437992
	13  -  MemoryUsage of job (MB)
	12380  -  ResidentSetSize of job (KB)
...
006 (8384907.001.000) 08/01 15:45:35 Image size of job updated: 7437992
	13  -  MemoryUsage of job (MB)
	12396  -  ResidentSetSize of job (KB)
...
006 (8384907.001.000) 08/01 16:00:37 Image size of job updated: 7437992
	13  -  MemoryUsage of job (MB)
	12412  -  ResidentSetSize of job (KB)
...
006 (8384907.001.000) 08/01 16:10:38 Image size of job updated: 7437992
	13  -  MemoryUsage of job (MB)
	12444  -  ResidentSetSize of job (KB)
...
006 (8384907.001.000) 08/01 16:25:39 Image size of job updated: 7437992
	13  -  MemoryUsage of job (MB)
	12476  -  ResidentSetSize of job (KB)
...
006 (8384907.001.000) 08/01 16:40:41 Image size of job updated: 7437992
	13  -  MemoryUsage of job (MB)
	12492  -  ResidentSetSize of job (KB)
...
006 (8384907.001.000) 08/01 16:50:42 Image size of job updated: 7437992
	13  -  MemoryUsage of job (MB)
	12508  -  ResidentSetSize of job (KB)
...
006 (8384907.001.000) 08/01 17:00:43 Image size of job updated: 7437992
	13  -  MemoryUsage of job (MB)
	12540  -  ResidentSetSize of job (KB)
...
006 (8384907.001.000) 08/01 17:15:45 Image size of job updated: 7437992
	13  -  MemoryUsage of job (MB)
	12572  -  ResidentSetSize of job (KB)
...
006 (8384907.001.000) 08/01 17:25:46 Image size of job updated: 7437992
	13  -  MemoryUsage of job (MB)
	12588  -  ResidentSetSize of job (KB)
...
006 (8384907.001.000) 08/01 17:40:47 Image size of job updated: 7437992
	13  -  MemoryUsage of job (MB)
	12604  -  ResidentSetSize of job (KB)
...
006 (8384907.001.000) 08/01 17:50:49 Image size of job updated: 7437992
	13  -  MemoryUsage of job (MB)
	12636  -  ResidentSetSize of job (KB)
...
006 (8384907.001.000) 08/01 18:05:50 Image size of job updated: 7437992
	13  -  MemoryUsage of job (MB)
	12668  -  ResidentSetSize of job (KB)
...
006 (8384907.001.000) 08/01 18:20:52 Image size of job updated: 7437992
	13  -  MemoryUsage of job (MB)
	12684  -  ResidentSetSize of job (KB)
...
006 (8384907.001.000) 08/01 18:30:52 Image size of job updated: 7437992
	13  -  MemoryUsage of job (MB)
	12700  -  ResidentSetSize of job (KB)
...
006 (8384907.001.000) 08/01 18:45:54 Image size of job updated: 7437992
	13  -  MemoryUsage of job (MB)
	12732  -  ResidentSetSize of job (KB)
...
006 (8384907.001.000) 08/01 18:55:55 Image size of job updated: 7437992
	13  -  MemoryUsage of job (MB)
	12764  -  ResidentSetSize of job (KB)
...
006 (8384907.001.000) 08/01 19:10:57 Image size of job updated: 7437992
	13  -  MemoryUsage of job (MB)
	12780  -  ResidentSetSize of job (KB)
...
006 (8384907.001.000) 08/01 19:20:58 Image size of job updated: 7437992
	13  -  MemoryUsage of job (MB)
	12796  -  ResidentSetSize of job (KB)
...
006 (8384907.001.000) 08/01 19:36:00 Image size of job updated: 7437992
	13  -  MemoryUsage of job (MB)
	12828  -  ResidentSetSize of job (KB)
...
006 (8384907.001.000) 08/01 19:46:01 Image size of job updated: 7437992
	13  -  MemoryUsage of job (MB)
	12860  -  ResidentSetSize of job (KB)
...
006 (8384907.001.000) 08/01 20:01:02 Image size of job updated: 7437992
	13  -  MemoryUsage of job (MB)
	12876  -  ResidentSetSize of job (KB)
...
006 (8384907.001.000) 08/01 20:16:04 Image size of job updated: 7437992
	13  -  MemoryUsage of job (MB)
	12892  -  ResidentSetSize of job (KB)
...
006 (8384907.001.000) 08/01 20:26:05 Image size of job updated: 7437992
	15  -  MemoryUsage of job (MB)
	14968  -  ResidentSetSize of job (KB)
...
006 (8384907.001.000) 08/01 20:36:05 Image size of job updated: 7437992
	15  -  MemoryUsage of job (MB)
	15000  -  ResidentSetSize of job (KB)
...
006 (8384907.001.000) 08/01 20:51:07 Image size of job updated: 7437992
	15  -  MemoryUsage of job (MB)
	15016  -  ResidentSetSize of job (KB)
...
006 (8384907.001.000) 08/01 21:01:08 Image size of job updated: 7437992
	15  -  MemoryUsage of job (MB)
	15032  -  ResidentSetSize of job (KB)
...
006 (8384907.001.000) 08/01 21:11:08 Image size of job updated: 7437992
	15  -  MemoryUsage of job (MB)
	15060  -  ResidentSetSize of job (KB)
...
006 (8384907.001.000) 08/01 21:21:10 Image size of job updated: 7437992
	15  -  MemoryUsage of job (MB)
	15092  -  ResidentSetSize of job (KB)
...
006 (8384907.001.000) 08/01 21:36:12 Image size of job updated: 7437992
	15  -  MemoryUsage of job (MB)
	15108  -  ResidentSetSize of job (KB)
...
006 (8384907.001.000) 08/01 21:46:12 Image size of job updated: 7437992
	15  -  MemoryUsage of job (MB)
	15124  -  ResidentSetSize of job (KB)
...
006 (8384907.001.000) 08/01 22:01:14 Image size of job updated: 7437992
	15  -  MemoryUsage of job (MB)
	15152  -  ResidentSetSize of job (KB)
...
006 (8384907.001.000) 08/01 22:11:15 Image size of job updated: 7437992
	15  -  MemoryUsage of job (MB)
	15184  -  ResidentSetSize of job (KB)
...
006 (8384907.001.000) 08/01 22:21:16 Image size of job updated: 7437992
	15  -  MemoryUsage of job (MB)
	15200  -  ResidentSetSize of job (KB)
...
006 (8384907.001.000) 08/01 22:31:17 Image size of job updated: 7437992
	15  -  MemoryUsage of job (MB)
	15216  -  ResidentSetSize of job (KB)
...
006 (8384907.001.000) 08/01 22:46:19 Image size of job updated: 7437992
	15  -  MemoryUsage of job (MB)
	15244  -  ResidentSetSize of job (KB)
...
006 (8384907.001.000) 08/01 22:56:20 Image size of job updated: 7437992
	15  -  MemoryUsage of job (MB)
	15276  -  ResidentSetSize of job (KB)
...
006 (8384907.001.000) 08/01 23:06:21 Image size of job updated: 7437992
	15  -  MemoryUsage of job (MB)
	15292  -  ResidentSetSize of job (KB)
...
006 (8384907.001.000) 08/01 23:21:23 Image size of job updated: 7437992
	15  -  MemoryUsage of job (MB)
	15308  -  ResidentSetSize of job (KB)
...
006 (8384907.001.000) 08/01 23:31:24 Image size of job updated: 7437992
	15  -  MemoryUsage of job (MB)
	15336  -  ResidentSetSize of job (KB)
...
006 (8384907.001.000) 08/01 23:46:26 Image size of job updated: 7437992
	16  -  MemoryUsage of job (MB)
	15368  -  ResidentSetSize of job (KB)
...
006 (8384907.001.000) 08/02 00:01:27 Image size of job updated: 7437992
	16  -  MemoryUsage of job (MB)
	15384  -  ResidentSetSize of job (KB)
...
006 (8384907.001.000) 08/02 00:11:27 Image size of job updated: 7437992
	16  -  MemoryUsage of job (MB)
	15400  -  ResidentSetSize of job (KB)
...
006 (8384907.001.000) 08/02 00:26:29 Image size of job updated: 7437992
	16  -  MemoryUsage of job (MB)
	15428  -  ResidentSetSize of job (KB)
...
006 (8384907.001.000) 08/02 00:41:30 Image size of job updated: 7437992
	16  -  MemoryUsage of job (MB)
	15460  -  ResidentSetSize of job (KB)
...
006 (8384907.001.000) 08/02 00:51:31 Image size of job updated: 7437992
	16  -  MemoryUsage of job (MB)
	15476  -  ResidentSetSize of job (KB)
...
006 (8384907.001.000) 08/02 01:06:32 Image size of job updated: 7437992
	16  -  MemoryUsage of job (MB)
	15492  -  ResidentSetSize of job (KB)
...
006 (8384907.001.000) 08/02 01:21:34 Image size of job updated: 7437992
	16  -  MemoryUsage of job (MB)
	15520  -  ResidentSetSize of job (KB)
...
006 (8384907.001.000) 08/02 01:31:36 Image size of job updated: 7437992
	16  -  MemoryUsage of job (MB)
	15552  -  ResidentSetSize of job (KB)
...
006 (8384907.001.000) 08/02 01:41:36 Image size of job updated: 7437992
	16  -  MemoryUsage of job (MB)
	15568  -  ResidentSetSize of job (KB)
...
006 (8384907.001.000) 08/02 01:56:38 Image size of job updated: 7437992
	16  -  MemoryUsage of job (MB)
	15584  -  ResidentSetSize of job (KB)
...
006 (8384907.001.000) 08/02 02:11:40 Image size of job updated: 7437992
	16  -  MemoryUsage of job (MB)
	15612  -  ResidentSetSize of job (KB)
...
006 (8384907.001.000) 08/02 02:21:41 Image size of job updated: 7437992
	16  -  MemoryUsage of job (MB)
	15644  -  ResidentSetSize of job (KB)
...
006 (8384907.001.000) 08/02 02:36:42 Image size of job updated: 7437992
	16  -  MemoryUsage of job (MB)
	15660  -  ResidentSetSize of job (KB)
...
006 (8384907.001.000) 08/02 02:51:43 Image size of job updated: 7437992
	16  -  MemoryUsage of job (MB)
	15676  -  ResidentSetSize of job (KB)
...
006 (8384907.001.000) 08/02 03:01:45 Image size of job updated: 7437992
	16  -  MemoryUsage of job (MB)
	15704  -  ResidentSetSize of job (KB)
...
006 (8384907.001.000) 08/02 03:16:47 Image size of job updated: 7437992
	16  -  MemoryUsage of job (MB)
	15736  -  ResidentSetSize of job (KB)
...
006 (8384907.001.000) 08/02 03:26:47 Image size of job updated: 7437992
	16  -  MemoryUsage of job (MB)
	15752  -  ResidentSetSize of job (KB)
...
006 (8384907.001.000) 08/02 03:41:49 Image size of job updated: 7437992
	16  -  MemoryUsage of job (MB)
	15768  -  ResidentSetSize of job (KB)
...
006 (8384907.001.000) 08/02 03:56:50 Image size of job updated: 7437992
	16  -  MemoryUsage of job (MB)
	15796  -  ResidentSetSize of job (KB)
...
006 (8384907.001.000) 08/02 04:11:52 Image size of job updated: 7437992
	16  -  MemoryUsage of job (MB)
	15828  -  ResidentSetSize of job (KB)
...
006 (8384907.001.000) 08/02 04:26:53 Image size of job updated: 7437992
	16  -  MemoryUsage of job (MB)
	15844  -  ResidentSetSize of job (KB)
...
006 (8384907.001.000) 08/02 04:36:54 Image size of job updated: 7437992
	16  -  MemoryUsage of job (MB)
	15860  -  ResidentSetSize of job (KB)
...
006 (8384907.001.000) 08/02 04:51:57 Image size of job updated: 7437992
	16  -  MemoryUsage of job (MB)
	15888  -  ResidentSetSize of job (KB)
...
006 (8384907.001.000) 08/02 05:01:58 Image size of job updated: 7437992
	16  -  MemoryUsage of job (MB)
	15920  -  ResidentSetSize of job (KB)
...
006 (8384907.001.000) 08/02 05:11:59 Image size of job updated: 7437992
	16  -  MemoryUsage of job (MB)
	15936  -  ResidentSetSize of job (KB)
...
006 (8384907.001.000) 08/02 05:27:01 Image size of job updated: 7437992
	16  -  MemoryUsage of job (MB)
	15952  -  ResidentSetSize of job (KB)
...
006 (8384907.001.000) 08/02 05:37:01 Image size of job updated: 7437992
	16  -  MemoryUsage of job (MB)
	15980  -  ResidentSetSize of job (KB)
...
006 (8384907.001.000) 08/02 05:52:03 Image size of job updated: 7437992
	16  -  MemoryUsage of job (MB)
	16012  -  ResidentSetSize of job (KB)
...
006 (8384907.001.000) 08/02 06:02:05 Image size of job updated: 7437992
	16  -  MemoryUsage of job (MB)
	16028  -  ResidentSetSize of job (KB)
...
006 (8384907.001.000) 08/02 06:17:06 Image size of job updated: 7437992
	16  -  MemoryUsage of job (MB)
	16044  -  ResidentSetSize of job (KB)
...
006 (8384907.001.000) 08/02 06:32:08 Image size of job updated: 7437992
	16  -  MemoryUsage of job (MB)
	16072  -  ResidentSetSize of job (KB)
...
006 (8384907.001.000) 08/02 06:42:10 Image size of job updated: 7437992
	16  -  MemoryUsage of job (MB)
	16104  -  ResidentSetSize of job (KB)
...
006 (8384907.001.000) 08/02 06:52:11 Image size of job updated: 7437992
	16  -  MemoryUsage of job (MB)
	16120  -  ResidentSetSize of job (KB)
...
006 (8384907.001.000) 08/02 07:02:12 Image size of job updated: 7437992
	16  -  MemoryUsage of job (MB)
	16136  -  ResidentSetSize of job (KB)
...
006 (8384907.001.000) 08/02 07:17:14 Image size of job updated: 7437992
	16  -  MemoryUsage of job (MB)
	16164  -  ResidentSetSize of job (KB)
...
006 (8384907.001.000) 08/02 07:27:15 Image size of job updated: 7437992
	16  -  MemoryUsage of job (MB)
	16196  -  ResidentSetSize of job (KB)
...
006 (8384907.001.000) 08/02 07:42:17 Image size of job updated: 7437992
	16  -  MemoryUsage of job (MB)
	16212  -  ResidentSetSize of job (KB)
...
006 (8384907.001.000) 08/02 07:57:19 Image size of job updated: 7437992
	16  -  MemoryUsage of job (MB)
	16228  -  ResidentSetSize of job (KB)
...
006 (8384907.001.000) 08/02 08:07:21 Image size of job updated: 7437992
	16  -  MemoryUsage of job (MB)
	16256  -  ResidentSetSize of job (KB)
...
006 (8384907.001.000) 08/02 08:17:21 Image size of job updated: 7437992
	16  -  MemoryUsage of job (MB)
	16288  -  ResidentSetSize of job (KB)
...
006 (8384907.001.000) 08/02 08:32:23 Image size of job updated: 7437992
	16  -  MemoryUsage of job (MB)
	16304  -  ResidentSetSize of job (KB)
...
006 (8384907.001.000) 08/02 08:47:25 Image size of job updated: 7437992
	16  -  MemoryUsage of job (MB)
	16320  -  ResidentSetSize of job (KB)
...
006 (8384907.001.000) 08/02 09:02:27 Image size of job updated: 7437992
	16  -  MemoryUsage of job (MB)
	16348  -  ResidentSetSize of job (KB)
...
006 (8384907.001.000) 08/02 09:17:28 Image size of job updated: 7437992
	16  -  MemoryUsage of job (MB)
	16380  -  ResidentSetSize of job (KB)
...
006 (8384907.001.000) 08/02 09:27:29 Image size of job updated: 7437992
	17  -  MemoryUsage of job (MB)
	16396  -  ResidentSetSize of job (KB)
...
006 (8384907.001.000) 08/02 09:42:30 Image size of job updated: 7437992
	17  -  MemoryUsage of job (MB)
	16412  -  ResidentSetSize of job (KB)
...
006 (8384907.001.000) 08/02 09:57:32 Image size of job updated: 7437992
	17  -  MemoryUsage of job (MB)
	16440  -  ResidentSetSize of job (KB)
...
006 (8384907.001.000) 08/02 10:07:32 Image size of job updated: 7437992
	17  -  MemoryUsage of job (MB)
	16472  -  ResidentSetSize of job (KB)
...
006 (8384907.001.000) 08/02 10:22:34 Image size of job updated: 7437992
	17  -  MemoryUsage of job (MB)
	16488  -  ResidentSetSize of job (KB)
...
006 (8384907.001.000) 08/02 10:37:36 Image size of job updated: 7437992
	17  -  MemoryUsage of job (MB)
	16504  -  ResidentSetSize of job (KB)
...
006 (8384907.001.000) 08/02 10:47:37 Image size of job updated: 7437992
	17  -  MemoryUsage of job (MB)
	16532  -  ResidentSetSize of job (KB)
...
006 (8384907.001.000) 08/02 11:02:38 Image size of job updated: 7437992
	17  -  MemoryUsage of job (MB)
	16564  -  ResidentSetSize of job (KB)
...
006 (8384907.001.000) 08/02 11:17:40 Image size of job updated: 7437992
	17  -  MemoryUsage of job (MB)
	16580  -  ResidentSetSize of job (KB)
...
006 (8384907.001.000) 08/02 11:32:42 Image size of job updated: 7437992
	17  -  MemoryUsage of job (MB)
	16596  -  ResidentSetSize of job (KB)
...
006 (8384907.001.000) 08/02 11:42:43 Image size of job updated: 7437992
	17  -  MemoryUsage of job (MB)
	16624  -  ResidentSetSize of job (KB)
...
006 (8384907.001.000) 08/02 11:57:44 Image size of job updated: 7437992
	17  -  MemoryUsage of job (MB)
	16656  -  ResidentSetSize of job (KB)
...
006 (8384907.001.000) 08/02 12:07:46 Image size of job updated: 7437992
	17  -  MemoryUsage of job (MB)
	16672  -  ResidentSetSize of job (KB)
...
006 (8384907.001.000) 08/02 12:22:48 Image size of job updated: 7437992
	17  -  MemoryUsage of job (MB)
	16688  -  ResidentSetSize of job (KB)
...
006 (8384907.001.000) 08/02 12:32:48 Image size of job updated: 7437992
	17  -  MemoryUsage of job (MB)
	16716  -  ResidentSetSize of job (KB)
...
006 (8384907.001.000) 08/02 12:47:50 Image size of job updated: 7437992
	17  -  MemoryUsage of job (MB)
	16748  -  ResidentSetSize of job (KB)
...
006 (8384907.001.000) 08/02 13:02:52 Image size of job updated: 7437992
	17  -  MemoryUsage of job (MB)
	16764  -  ResidentSetSize of job (KB)
...
006 (8384907.001.000) 08/02 13:12:53 Image size of job updated: 7437992
	17  -  MemoryUsage of job (MB)
	16780  -  ResidentSetSize of job (KB)
...
006 (8384907.001.000) 08/02 13:27:54 Image size of job updated: 7437992
	17  -  MemoryUsage of job (MB)
	16808  -  ResidentSetSize of job (KB)
...
006 (8384907.001.000) 08/02 13:37:55 Image size of job updated: 7437992
	17  -  MemoryUsage of job (MB)
	16840  -  ResidentSetSize of job (KB)
...
006 (8384907.001.000) 08/02 13:52:56 Image size of job updated: 7437992
	17  -  MemoryUsage of job (MB)
	16856  -  ResidentSetSize of job (KB)
...
006 (8384907.001.000) 08/02 14:02:57 Image size of job updated: 7437992
	17  -  MemoryUsage of job (MB)
	16872  -  ResidentSetSize of job (KB)
...
006 (8384907.001.000) 08/02 14:17:59 Image size of job updated: 7437992
	17  -  MemoryUsage of job (MB)
	16900  -  ResidentSetSize of job (KB)
...
006 (8384907.001.000) 08/02 14:33:00 Image size of job updated: 7437992
	17  -  MemoryUsage of job (MB)
	16932  -  ResidentSetSize of job (KB)
...
006 (8384907.001.000) 08/02 14:48:02 Image size of job updated: 7437992
	17  -  MemoryUsage of job (MB)
	16948  -  ResidentSetSize of job (KB)
...
006 (8384907.001.000) 08/02 14:58:04 Image size of job updated: 7437992
	17  -  MemoryUsage of job (MB)
	16964  -  ResidentSetSize of job (KB)
...
006 (8384907.001.000) 08/02 15:13:05 Image size of job updated: 7437992
	17  -  MemoryUsage of job (MB)
	16992  -  ResidentSetSize of job (KB)
...
006 (8384907.001.000) 08/02 15:28:07 Image size of job updated: 7437992
	17  -  MemoryUsage of job (MB)
	17024  -  ResidentSetSize of job (KB)
...
006 (8384907.001.000) 08/02 15:38:08 Image size of job updated: 7437992
	17  -  MemoryUsage of job (MB)
	17040  -  ResidentSetSize of job (KB)
...
006 (8384907.001.000) 08/02 15:48:09 Image size of job updated: 7437992
	17  -  MemoryUsage of job (MB)
	17056  -  ResidentSetSize of job (KB)
...
006 (8384907.001.000) 08/02 16:03:10 Image size of job updated: 7437992
	17  -  MemoryUsage of job (MB)
	17084  -  ResidentSetSize of job (KB)
...
006 (8384907.001.000) 08/02 16:18:12 Image size of job updated: 7437992
	17  -  MemoryUsage of job (MB)
	17116  -  ResidentSetSize of job (KB)
...
006 (8384907.001.000) 08/02 16:28:13 Image size of job updated: 7437992
	17  -  MemoryUsage of job (MB)
	17132  -  ResidentSetSize of job (KB)
...
006 (8384907.001.000) 08/02 16:38:14 Image size of job updated: 7437992
	17  -  MemoryUsage of job (MB)
	17148  -  ResidentSetSize of job (KB)
...
006 (8384907.001.000) 08/02 16:48:14 Image size of job updated: 7437992
	17  -  MemoryUsage of job (MB)
	17176  -  ResidentSetSize of job (KB)
...
040 (8384907.001.000) 08/02 16:49:28 Started transferring output files
...
040 (8384907.001.000) 08/02 16:49:28 Finished transferring output files
...
004 (8384907.001.000) 08/02 16:49:28 Job was evicted.
	(0) CPU times
		Usr 3 00:29:58, Sys 0 00:00:35  -  Run Remote Usage
		Usr 0 00:00:00, Sys 0 00:00:00  -  Run Local Usage
	352801  -  Run Bytes Sent By Job
	1379  -  Run Bytes Received By Job
	Partitionable Resources :    Usage  Request Allocated 
	   Cpus                 :     1.00        8         8 
	   Disk (KB)            :   374           2   1233095 
	   Memory (MB)          :    17       16000     16000 
...
040 (8384907.001.000) 08/02 16:51:30 Started transferring input files
	Transferring to host: <188.184.162.56:9618?addrs=188.184.162.56-9618+[2001-1458-301-4a--100-32]-9618&alias=b7s11p5592.cern.ch&noUDP&sock=slot1_9_92333_b384_24635>
...
040 (8384907.001.000) 08/02 16:51:31 Finished transferring input files
...
001 (8384907.001.000) 08/02 16:51:31 Job executing on host: <188.184.162.56:9618?addrs=188.184.162.56-9618+[2001-1458-301-4a--100-32]-9618&alias=b7s11p5592.cern.ch&noUDP&sock=startd_112988_f2d3>
...
040 (8384907.001.000) 08/06 05:59:06 Started transferring output files
...
040 (8384907.001.000) 08/06 05:59:06 Finished transferring output files
...
004 (8384907.001.000) 08/06 05:59:06 Job was evicted.
	(0) CPU times
		Usr 3 13:02:17, Sys 0 00:02:25  -  Run Remote Usage
		Usr 0 00:00:00, Sys 0 00:00:00  -  Run Local Usage
	328369  -  Run Bytes Sent By Job
	354180  -  Run Bytes Received By Job
	Partitionable Resources :    Usage  Request Allocated 
	   Cpus                 :     1.00        8         8 
	   Disk (KB)            :   352         375   2736694 
	   Memory (MB)          :    18       16000     16000 
...
040 (8384907.001.000) 08/06 06:01:35 Started transferring input files
	Transferring to host: <188.184.163.23:9618?addrs=188.184.163.23-9618&alias=b7s12p2418.cern.ch&noUDP&sock=slot1_6_94781_89e7_54639>
...
040 (8384907.001.000) 08/06 06:01:35 Finished transferring input files
...
001 (8384907.001.000) 08/06 06:01:35 Job executing on host: <188.184.163.23:9618?addrs=188.184.163.23-9618&alias=b7s12p2418.cern.ch&noUDP&sock=startd_2938_cd56>
...
040 (8384907.001.000) 08/09 08:58:53 Started transferring output files
...
040 (8384907.001.000) 08/09 08:58:53 Finished transferring output files
...
004 (8384907.001.000) 08/09 08:58:53 Job was evicted.
	(0) CPU times
		Usr 3 02:54:06, Sys 0 00:01:16  -  Run Remote Usage
		Usr 0 00:00:00, Sys 0 00:00:00  -  Run Local Usage
	320200  -  Run Bytes Sent By Job
	329748  -  Run Bytes Received By Job
	Partitionable Resources :    Usage  Request Allocated 
	   Cpus                 :     1.00        8         8 
	   Disk (KB)            :   343         375   2975830 
	   Memory (MB)          :    18       16000     16000 
...
040 (8384907.001.000) 08/09 09:01:56 Started transferring input files
	Transferring to host: <128.142.59.136:9618?addrs=128.142.59.136-9618+[2001-1458-301-21--100-87]-9618&alias=b7s04p3136.cern.ch&noUDP&sock=slot1_2_11348_7147_129390>
...
040 (8384907.001.000) 08/09 09:01:56 Finished transferring input files
...
001 (8384907.001.000) 08/09 09:01:56 Job executing on host: <128.142.59.136:9618?addrs=128.142.59.136-9618+[2001-1458-301-21--100-87]-9618&alias=b7s04p3136.cern.ch&noUDP&sock=startd_10943_90f7>
...
040 (8384907.001.000) 08/12 16:27:35 Started transferring output files
...
040 (8384907.001.000) 08/12 16:27:35 Finished transferring output files
...
005 (8384907.001.000) 08/12 16:27:35 Job terminated.
	(1) Normal termination (return value 1)
		Usr 3 07:20:21, Sys 0 00:00:48  -  Run Remote Usage
		Usr 0 00:00:00, Sys 0 00:00:00  -  Run Local Usage
		Usr 12 23:46:42, Sys 0 00:05:04  -  Total Remote Usage
		Usr 0 00:00:00, Sys 0 00:00:00  -  Total Local Usage
	383844  -  Run Bytes Sent By Job
	321579  -  Run Bytes Received By Job
	1385214  -  Total Bytes Sent By Job
	1006886  -  Total Bytes Received By Job
	Partitionable Resources :    Usage  Request Allocated 
	   Cpus                 :     1.00        8         8 
	   Disk (KB)            :   409         350   1301362 
	   Memory (MB)          :    18       16000     16000 

	Job terminated of its own accord at 2023-08-12T14:27:35Z.
...
