000 (8414414.003.000) 08/08 02:15:07 Job submitted from host: <137.138.156.150:9618?addrs=137.138.156.150-9618+[2001-1458-d00-14--9a]-9618&alias=bigbird13.cern.ch&noUDP&sock=schedd_6524_7ff5>
...
040 (8414414.003.000) 08/08 02:16:08 Started transferring input files
	Transferring to host: <188.184.163.11:9618?addrs=188.184.163.11-9618+[2001-1458-301-4d--100-5]-9618&alias=b7s12p9967.cern.ch&noUDP&sock=slot1_3_122473_0ecd_108343>
...
040 (8414414.003.000) 08/08 02:16:08 Finished transferring input files
...
001 (8414414.003.000) 08/08 02:16:08 Job executing on host: <188.184.163.11:9618?addrs=188.184.163.11-9618+[2001-1458-301-4d--100-5]-9618&alias=b7s12p9967.cern.ch&noUDP&sock=startd_90826_a8ee>
...
006 (8414414.003.000) 08/08 02:16:17 Image size of job updated: 133352
	5  -  MemoryUsage of job (MB)
	4604  -  ResidentSetSize of job (KB)
...
006 (8414414.003.000) 08/08 02:21:18 Image size of job updated: 7435216
	5  -  MemoryUsage of job (MB)
	4716  -  ResidentSetSize of job (KB)
...
006 (8414414.003.000) 08/08 02:26:19 Image size of job updated: 7435216
	5  -  MemoryUsage of job (MB)
	4780  -  ResidentSetSize of job (KB)
...
006 (8414414.003.000) 08/08 02:41:22 Image size of job updated: 7435216
	5  -  MemoryUsage of job (MB)
	4796  -  ResidentSetSize of job (KB)
...
006 (8414414.003.000) 08/08 02:51:22 Image size of job updated: 7435216
	5  -  MemoryUsage of job (MB)
	4828  -  ResidentSetSize of job (KB)
...
006 (8414414.003.000) 08/08 03:01:24 Image size of job updated: 7435216
	5  -  MemoryUsage of job (MB)
	4844  -  ResidentSetSize of job (KB)
...
006 (8414414.003.000) 08/08 03:16:25 Image size of job updated: 7435216
	5  -  MemoryUsage of job (MB)
	4860  -  ResidentSetSize of job (KB)
...
006 (8414414.003.000) 08/08 03:21:26 Image size of job updated: 7435216
	5  -  MemoryUsage of job (MB)
	4876  -  ResidentSetSize of job (KB)
...
006 (8414414.003.000) 08/08 03:26:26 Image size of job updated: 7435216
	5  -  MemoryUsage of job (MB)
	4908  -  ResidentSetSize of job (KB)
...
006 (8414414.003.000) 08/08 03:36:27 Image size of job updated: 7435216
	5  -  MemoryUsage of job (MB)
	4924  -  ResidentSetSize of job (KB)
...
006 (8414414.003.000) 08/08 03:51:29 Image size of job updated: 7435216
	5  -  MemoryUsage of job (MB)
	4940  -  ResidentSetSize of job (KB)
...
006 (8414414.003.000) 08/08 04:01:30 Image size of job updated: 7435216
	5  -  MemoryUsage of job (MB)
	4956  -  ResidentSetSize of job (KB)
...
006 (8414414.003.000) 08/08 04:16:32 Image size of job updated: 7435216
	5  -  MemoryUsage of job (MB)
	4988  -  ResidentSetSize of job (KB)
...
006 (8414414.003.000) 08/08 04:26:32 Image size of job updated: 7435216
	5  -  MemoryUsage of job (MB)
	5004  -  ResidentSetSize of job (KB)
...
006 (8414414.003.000) 08/08 04:36:34 Image size of job updated: 7435216
	5  -  MemoryUsage of job (MB)
	5020  -  ResidentSetSize of job (KB)
...
006 (8414414.003.000) 08/08 04:56:36 Image size of job updated: 7435216
	5  -  MemoryUsage of job (MB)
	5036  -  ResidentSetSize of job (KB)
...
006 (8414414.003.000) 08/08 05:11:37 Image size of job updated: 7435216
	5  -  MemoryUsage of job (MB)
	5068  -  ResidentSetSize of job (KB)
...
006 (8414414.003.000) 08/08 05:26:38 Image size of job updated: 7435216
	5  -  MemoryUsage of job (MB)
	5084  -  ResidentSetSize of job (KB)
...
006 (8414414.003.000) 08/08 05:41:40 Image size of job updated: 7435216
	5  -  MemoryUsage of job (MB)
	5100  -  ResidentSetSize of job (KB)
...
006 (8414414.003.000) 08/08 06:01:42 Image size of job updated: 7435216
	5  -  MemoryUsage of job (MB)
	5116  -  ResidentSetSize of job (KB)
...
006 (8414414.003.000) 08/09 01:14:38 Image size of job updated: 7435216
	6  -  MemoryUsage of job (MB)
	5124  -  ResidentSetSize of job (KB)
...
006 (8414414.003.000) 08/09 01:29:40 Image size of job updated: 7435216
	6  -  MemoryUsage of job (MB)
	5140  -  ResidentSetSize of job (KB)
...
006 (8414414.003.000) 08/09 01:53:23 Image size of job updated: 7435216
	6  -  MemoryUsage of job (MB)
	5156  -  ResidentSetSize of job (KB)
...
006 (8414414.003.000) 08/09 02:05:30 Image size of job updated: 7435216
	6  -  MemoryUsage of job (MB)
	5188  -  ResidentSetSize of job (KB)
...
006 (8414414.003.000) 08/09 13:14:18 Image size of job updated: 7435216
	6  -  MemoryUsage of job (MB)
	5304  -  ResidentSetSize of job (KB)
...
006 (8414414.003.000) 08/09 13:24:19 Image size of job updated: 7435216
	6  -  MemoryUsage of job (MB)
	5316  -  ResidentSetSize of job (KB)
...
006 (8414414.003.000) 08/09 13:44:21 Image size of job updated: 7435216
	6  -  MemoryUsage of job (MB)
	5332  -  ResidentSetSize of job (KB)
...
006 (8414414.003.000) 08/09 14:09:23 Image size of job updated: 7435216
	6  -  MemoryUsage of job (MB)
	5364  -  ResidentSetSize of job (KB)
...
006 (8414414.003.000) 08/09 14:34:26 Image size of job updated: 7435216
	6  -  MemoryUsage of job (MB)
	5380  -  ResidentSetSize of job (KB)
...
006 (8414414.003.000) 08/09 14:54:28 Image size of job updated: 7435216
	6  -  MemoryUsage of job (MB)
	5392  -  ResidentSetSize of job (KB)
...
006 (8414414.003.000) 08/09 15:19:30 Image size of job updated: 7435216
	6  -  MemoryUsage of job (MB)
	5408  -  ResidentSetSize of job (KB)
...
006 (8414414.003.000) 08/09 15:34:31 Image size of job updated: 7435216
	6  -  MemoryUsage of job (MB)
	5440  -  ResidentSetSize of job (KB)
...
006 (8414414.003.000) 08/09 15:59:35 Image size of job updated: 7435216
	6  -  MemoryUsage of job (MB)
	5456  -  ResidentSetSize of job (KB)
...
006 (8414414.003.000) 08/09 16:19:37 Image size of job updated: 7435216
	6  -  MemoryUsage of job (MB)
	5468  -  ResidentSetSize of job (KB)
...
006 (8414414.003.000) 08/09 16:39:39 Image size of job updated: 7435216
	6  -  MemoryUsage of job (MB)
	5484  -  ResidentSetSize of job (KB)
...
006 (8414414.003.000) 08/09 17:04:40 Image size of job updated: 7435216
	6  -  MemoryUsage of job (MB)
	5516  -  ResidentSetSize of job (KB)
...
006 (8414414.003.000) 08/09 17:24:42 Image size of job updated: 7435216
	6  -  MemoryUsage of job (MB)
	5532  -  ResidentSetSize of job (KB)
...
006 (8414414.003.000) 08/09 17:49:45 Image size of job updated: 7435216
	6  -  MemoryUsage of job (MB)
	5544  -  ResidentSetSize of job (KB)
...
006 (8414414.003.000) 08/09 18:04:46 Image size of job updated: 7435216
	6  -  MemoryUsage of job (MB)
	5560  -  ResidentSetSize of job (KB)
...
006 (8414414.003.000) 08/09 18:29:49 Image size of job updated: 7435216
	6  -  MemoryUsage of job (MB)
	5592  -  ResidentSetSize of job (KB)
...
006 (8414414.003.000) 08/09 18:59:51 Image size of job updated: 7435216
	6  -  MemoryUsage of job (MB)
	5608  -  ResidentSetSize of job (KB)
...
006 (8414414.003.000) 08/09 19:24:54 Image size of job updated: 7435216
	6  -  MemoryUsage of job (MB)
	5620  -  ResidentSetSize of job (KB)
...
006 (8414414.003.000) 08/09 19:49:57 Image size of job updated: 7435216
	6  -  MemoryUsage of job (MB)
	5636  -  ResidentSetSize of job (KB)
...
006 (8414414.003.000) 08/09 20:09:59 Image size of job updated: 7435216
	6  -  MemoryUsage of job (MB)
	5668  -  ResidentSetSize of job (KB)
...
006 (8414414.003.000) 08/09 20:30:01 Image size of job updated: 7435216
	6  -  MemoryUsage of job (MB)
	5684  -  ResidentSetSize of job (KB)
...
006 (8414414.003.000) 08/09 20:50:03 Image size of job updated: 7435216
	6  -  MemoryUsage of job (MB)
	5696  -  ResidentSetSize of job (KB)
...
006 (8414414.003.000) 08/09 21:15:06 Image size of job updated: 7435216
	6  -  MemoryUsage of job (MB)
	5712  -  ResidentSetSize of job (KB)
...
006 (8414414.003.000) 08/09 21:40:09 Image size of job updated: 7435216
	6  -  MemoryUsage of job (MB)
	5744  -  ResidentSetSize of job (KB)
...
006 (8414414.003.000) 08/09 22:05:11 Image size of job updated: 7435216
	6  -  MemoryUsage of job (MB)
	5760  -  ResidentSetSize of job (KB)
...
006 (8414414.003.000) 08/09 22:35:14 Image size of job updated: 7435216
	6  -  MemoryUsage of job (MB)
	5772  -  ResidentSetSize of job (KB)
...
006 (8414414.003.000) 08/09 23:05:17 Image size of job updated: 7435216
	6  -  MemoryUsage of job (MB)
	5788  -  ResidentSetSize of job (KB)
...
006 (8414414.003.000) 08/09 23:30:19 Image size of job updated: 7435216
	6  -  MemoryUsage of job (MB)
	5820  -  ResidentSetSize of job (KB)
...
006 (8414414.003.000) 08/10 00:00:22 Image size of job updated: 7435216
	6  -  MemoryUsage of job (MB)
	5836  -  ResidentSetSize of job (KB)
...
006 (8414414.003.000) 08/10 00:25:25 Image size of job updated: 7435216
	6  -  MemoryUsage of job (MB)
	5848  -  ResidentSetSize of job (KB)
...
006 (8414414.003.000) 08/10 00:50:26 Image size of job updated: 7435216
	6  -  MemoryUsage of job (MB)
	5864  -  ResidentSetSize of job (KB)
...
006 (8414414.003.000) 08/10 01:15:30 Image size of job updated: 7435216
	6  -  MemoryUsage of job (MB)
	5896  -  ResidentSetSize of job (KB)
...
006 (8414414.003.000) 08/10 01:40:32 Image size of job updated: 7435216
	6  -  MemoryUsage of job (MB)
	5912  -  ResidentSetSize of job (KB)
...
006 (8414414.003.000) 08/10 02:05:34 Image size of job updated: 7435216
	6  -  MemoryUsage of job (MB)
	5924  -  ResidentSetSize of job (KB)
...
006 (8414414.003.000) 08/10 02:30:37 Image size of job updated: 7435216
	6  -  MemoryUsage of job (MB)
	5940  -  ResidentSetSize of job (KB)
...
006 (8414414.003.000) 08/10 02:55:40 Image size of job updated: 7435216
	6  -  MemoryUsage of job (MB)
	5972  -  ResidentSetSize of job (KB)
...
006 (8414414.003.000) 08/10 03:15:43 Image size of job updated: 7435216
	6  -  MemoryUsage of job (MB)
	5988  -  ResidentSetSize of job (KB)
...
006 (8414414.003.000) 08/10 03:40:45 Image size of job updated: 7435216
	6  -  MemoryUsage of job (MB)
	6000  -  ResidentSetSize of job (KB)
...
006 (8414414.003.000) 08/10 04:05:49 Image size of job updated: 7435216
	6  -  MemoryUsage of job (MB)
	6016  -  ResidentSetSize of job (KB)
...
006 (8414414.003.000) 08/12 09:22:24 Image size of job updated: 7435216
	6  -  MemoryUsage of job (MB)
	6120  -  ResidentSetSize of job (KB)
...
006 (8414414.003.000) 08/12 09:32:24 Image size of job updated: 7435216
	7  -  MemoryUsage of job (MB)
	6148  -  ResidentSetSize of job (KB)
...
006 (8414414.003.000) 08/12 09:57:28 Image size of job updated: 7435216
	7  -  MemoryUsage of job (MB)
	6164  -  ResidentSetSize of job (KB)
...
006 (8414414.003.000) 08/12 10:22:31 Image size of job updated: 7435216
	7  -  MemoryUsage of job (MB)
	6180  -  ResidentSetSize of job (KB)
...
006 (8414414.003.000) 08/12 10:52:35 Image size of job updated: 7435216
	7  -  MemoryUsage of job (MB)
	6192  -  ResidentSetSize of job (KB)
...
006 (8414414.003.000) 08/12 11:17:38 Image size of job updated: 7435216
	7  -  MemoryUsage of job (MB)
	6220  -  ResidentSetSize of job (KB)
...
006 (8414414.003.000) 08/12 11:37:40 Image size of job updated: 7435216
	7  -  MemoryUsage of job (MB)
	6236  -  ResidentSetSize of job (KB)
...
006 (8414414.003.000) 08/12 12:07:43 Image size of job updated: 7435216
	7  -  MemoryUsage of job (MB)
	6252  -  ResidentSetSize of job (KB)
...
006 (8414414.003.000) 08/12 12:32:45 Image size of job updated: 7435216
	7  -  MemoryUsage of job (MB)
	6264  -  ResidentSetSize of job (KB)
...
006 (8414414.003.000) 08/12 13:07:49 Image size of job updated: 7435216
	7  -  MemoryUsage of job (MB)
	6292  -  ResidentSetSize of job (KB)
...
006 (8414414.003.000) 08/12 13:42:53 Image size of job updated: 7435216
	7  -  MemoryUsage of job (MB)
	6308  -  ResidentSetSize of job (KB)
...
006 (8414414.003.000) 08/12 14:12:55 Image size of job updated: 7435216
	7  -  MemoryUsage of job (MB)
	6324  -  ResidentSetSize of job (KB)
...
006 (8414414.003.000) 08/12 14:37:58 Image size of job updated: 7435216
	7  -  MemoryUsage of job (MB)
	6336  -  ResidentSetSize of job (KB)
...
006 (8414414.003.000) 08/12 15:03:01 Image size of job updated: 7435216
	7  -  MemoryUsage of job (MB)
	6364  -  ResidentSetSize of job (KB)
...
006 (8414414.003.000) 08/12 15:33:05 Image size of job updated: 7435216
	7  -  MemoryUsage of job (MB)
	6380  -  ResidentSetSize of job (KB)
...
006 (8414414.003.000) 08/12 16:08:09 Image size of job updated: 7435216
	7  -  MemoryUsage of job (MB)
	6396  -  ResidentSetSize of job (KB)
...
006 (8414414.003.000) 08/12 16:43:13 Image size of job updated: 7435216
	7  -  MemoryUsage of job (MB)
	6408  -  ResidentSetSize of job (KB)
...
006 (8414414.003.000) 08/12 17:13:16 Image size of job updated: 7435216
	7  -  MemoryUsage of job (MB)
	6436  -  ResidentSetSize of job (KB)
...
006 (8414414.003.000) 08/12 17:43:19 Image size of job updated: 7435216
	7  -  MemoryUsage of job (MB)
	6452  -  ResidentSetSize of job (KB)
...
006 (8414414.003.000) 08/12 18:18:23 Image size of job updated: 7435216
	7  -  MemoryUsage of job (MB)
	6468  -  ResidentSetSize of job (KB)
...
006 (8414414.003.000) 08/12 18:43:24 Image size of job updated: 7435216
	7  -  MemoryUsage of job (MB)
	6480  -  ResidentSetSize of job (KB)
...
006 (8414414.003.000) 08/12 19:13:27 Image size of job updated: 7435216
	7  -  MemoryUsage of job (MB)
	6508  -  ResidentSetSize of job (KB)
...
006 (8414414.003.000) 08/12 19:43:30 Image size of job updated: 7435216
	7  -  MemoryUsage of job (MB)
	6524  -  ResidentSetSize of job (KB)
...
006 (8414414.003.000) 08/12 20:08:34 Image size of job updated: 7435216
	7  -  MemoryUsage of job (MB)
	6540  -  ResidentSetSize of job (KB)
...
006 (8414414.003.000) 08/12 20:33:36 Image size of job updated: 7435216
	7  -  MemoryUsage of job (MB)
	6552  -  ResidentSetSize of job (KB)
...
006 (8414414.003.000) 08/12 21:03:39 Image size of job updated: 7435216
	7  -  MemoryUsage of job (MB)
	6580  -  ResidentSetSize of job (KB)
...
006 (8414414.003.000) 08/12 21:33:41 Image size of job updated: 7435216
	7  -  MemoryUsage of job (MB)
	6596  -  ResidentSetSize of job (KB)
...
006 (8414414.003.000) 08/12 21:58:45 Image size of job updated: 7435216
	7  -  MemoryUsage of job (MB)
	6612  -  ResidentSetSize of job (KB)
...
006 (8414414.003.000) 08/12 22:28:47 Image size of job updated: 7435216
	7  -  MemoryUsage of job (MB)
	6624  -  ResidentSetSize of job (KB)
...
006 (8414414.003.000) 08/12 23:03:51 Image size of job updated: 7435216
	7  -  MemoryUsage of job (MB)
	6652  -  ResidentSetSize of job (KB)
...
006 (8414414.003.000) 08/12 23:33:55 Image size of job updated: 7435216
	7  -  MemoryUsage of job (MB)
	6668  -  ResidentSetSize of job (KB)
...
006 (8414414.003.000) 08/13 00:03:58 Image size of job updated: 7435216
	7  -  MemoryUsage of job (MB)
	6684  -  ResidentSetSize of job (KB)
...
006 (8414414.003.000) 08/13 00:34:01 Image size of job updated: 7435216
	7  -  MemoryUsage of job (MB)
	6696  -  ResidentSetSize of job (KB)
...
006 (8414414.003.000) 08/13 01:04:05 Image size of job updated: 7435216
	7  -  MemoryUsage of job (MB)
	6724  -  ResidentSetSize of job (KB)
...
006 (8414414.003.000) 08/13 01:34:07 Image size of job updated: 7435216
	7  -  MemoryUsage of job (MB)
	6740  -  ResidentSetSize of job (KB)
...
006 (8414414.003.000) 08/13 01:54:09 Image size of job updated: 7435216
	7  -  MemoryUsage of job (MB)
	6756  -  ResidentSetSize of job (KB)
...
006 (8414414.003.000) 08/13 02:29:12 Image size of job updated: 7435216
	7  -  MemoryUsage of job (MB)
	6768  -  ResidentSetSize of job (KB)
...
006 (8414414.003.000) 08/13 02:54:16 Image size of job updated: 7435216
	7  -  MemoryUsage of job (MB)
	6796  -  ResidentSetSize of job (KB)
...
006 (8414414.003.000) 08/13 03:14:18 Image size of job updated: 7435216
	7  -  MemoryUsage of job (MB)
	6812  -  ResidentSetSize of job (KB)
...
006 (8414414.003.000) 08/13 03:44:20 Image size of job updated: 7435216
	7  -  MemoryUsage of job (MB)
	6828  -  ResidentSetSize of job (KB)
...
006 (8414414.003.000) 08/13 04:14:23 Image size of job updated: 7435216
	7  -  MemoryUsage of job (MB)
	6840  -  ResidentSetSize of job (KB)
...
006 (8414414.003.000) 08/13 04:34:25 Image size of job updated: 7435216
	7  -  MemoryUsage of job (MB)
	6868  -  ResidentSetSize of job (KB)
...
006 (8414414.003.000) 08/13 04:59:28 Image size of job updated: 7435216
	7  -  MemoryUsage of job (MB)
	6884  -  ResidentSetSize of job (KB)
...
006 (8414414.003.000) 08/13 05:29:31 Image size of job updated: 7435216
	7  -  MemoryUsage of job (MB)
	6900  -  ResidentSetSize of job (KB)
...
006 (8414414.003.000) 08/13 05:54:34 Image size of job updated: 7435216
	7  -  MemoryUsage of job (MB)
	6912  -  ResidentSetSize of job (KB)
...
006 (8414414.003.000) 08/13 06:19:36 Image size of job updated: 7435216
	7  -  MemoryUsage of job (MB)
	6940  -  ResidentSetSize of job (KB)
...
006 (8414414.003.000) 08/13 06:49:40 Image size of job updated: 7435216
	7  -  MemoryUsage of job (MB)
	6956  -  ResidentSetSize of job (KB)
...
006 (8414414.003.000) 08/13 07:19:42 Image size of job updated: 7435216
	7  -  MemoryUsage of job (MB)
	6972  -  ResidentSetSize of job (KB)
...
006 (8414414.003.000) 08/13 07:44:45 Image size of job updated: 7435216
	7  -  MemoryUsage of job (MB)
	6984  -  ResidentSetSize of job (KB)
...
006 (8414414.003.000) 08/13 08:19:48 Image size of job updated: 7435216
	7  -  MemoryUsage of job (MB)
	7012  -  ResidentSetSize of job (KB)
...
006 (8414414.003.000) 08/13 08:44:51 Image size of job updated: 7435216
	7  -  MemoryUsage of job (MB)
	7028  -  ResidentSetSize of job (KB)
...
006 (8414414.003.000) 08/13 09:09:54 Image size of job updated: 7435216
	7  -  MemoryUsage of job (MB)
	7044  -  ResidentSetSize of job (KB)
...
006 (8414414.003.000) 08/13 09:34:56 Image size of job updated: 7435216
	7  -  MemoryUsage of job (MB)
	7056  -  ResidentSetSize of job (KB)
...
006 (8414414.003.000) 08/13 10:04:59 Image size of job updated: 7435216
	7  -  MemoryUsage of job (MB)
	7084  -  ResidentSetSize of job (KB)
...
006 (8414414.003.000) 08/13 10:35:01 Image size of job updated: 7435216
	7  -  MemoryUsage of job (MB)
	7100  -  ResidentSetSize of job (KB)
...
006 (8414414.003.000) 08/13 11:00:04 Image size of job updated: 7435216
	7  -  MemoryUsage of job (MB)
	7116  -  ResidentSetSize of job (KB)
...
006 (8414414.003.000) 08/13 11:30:07 Image size of job updated: 7435216
	7  -  MemoryUsage of job (MB)
	7128  -  ResidentSetSize of job (KB)
...
006 (8414414.003.000) 08/13 11:55:09 Image size of job updated: 7435216
	7  -  MemoryUsage of job (MB)
	7156  -  ResidentSetSize of job (KB)
...
006 (8414414.003.000) 08/13 12:20:13 Image size of job updated: 7435216
	8  -  MemoryUsage of job (MB)
	7172  -  ResidentSetSize of job (KB)
...
006 (8414414.003.000) 08/13 12:40:15 Image size of job updated: 7435216
	8  -  MemoryUsage of job (MB)
	7188  -  ResidentSetSize of job (KB)
...
006 (8414414.003.000) 08/13 13:10:18 Image size of job updated: 7435216
	8  -  MemoryUsage of job (MB)
	7200  -  ResidentSetSize of job (KB)
...
006 (8414414.003.000) 08/13 13:30:20 Image size of job updated: 7435216
	8  -  MemoryUsage of job (MB)
	7228  -  ResidentSetSize of job (KB)
...
006 (8414414.003.000) 08/13 13:55:22 Image size of job updated: 7435216
	8  -  MemoryUsage of job (MB)
	7244  -  ResidentSetSize of job (KB)
...
006 (8414414.003.000) 08/13 14:25:26 Image size of job updated: 7435216
	8  -  MemoryUsage of job (MB)
	7260  -  ResidentSetSize of job (KB)
...
006 (8414414.003.000) 08/13 15:00:29 Image size of job updated: 7435216
	8  -  MemoryUsage of job (MB)
	7272  -  ResidentSetSize of job (KB)
...
006 (8414414.003.000) 08/13 15:20:31 Image size of job updated: 7435216
	8  -  MemoryUsage of job (MB)
	7300  -  ResidentSetSize of job (KB)
...
006 (8414414.003.000) 08/13 15:55:34 Image size of job updated: 7435216
	8  -  MemoryUsage of job (MB)
	7316  -  ResidentSetSize of job (KB)
...
006 (8414414.003.000) 08/13 16:25:38 Image size of job updated: 7435216
	8  -  MemoryUsage of job (MB)
	7332  -  ResidentSetSize of job (KB)
...
006 (8414414.003.000) 08/13 16:55:41 Image size of job updated: 7435216
	8  -  MemoryUsage of job (MB)
	7344  -  ResidentSetSize of job (KB)
...
006 (8414414.003.000) 08/13 17:25:43 Image size of job updated: 7435216
	8  -  MemoryUsage of job (MB)
	7372  -  ResidentSetSize of job (KB)
...
006 (8414414.003.000) 08/13 17:55:46 Image size of job updated: 7435216
	8  -  MemoryUsage of job (MB)
	7388  -  ResidentSetSize of job (KB)
...
006 (8414414.003.000) 08/13 18:30:50 Image size of job updated: 7435216
	8  -  MemoryUsage of job (MB)
	7404  -  ResidentSetSize of job (KB)
...
006 (8414414.003.000) 08/13 19:00:53 Image size of job updated: 7435216
	8  -  MemoryUsage of job (MB)
	7416  -  ResidentSetSize of job (KB)
...
006 (8414414.003.000) 08/13 19:30:56 Image size of job updated: 7435216
	8  -  MemoryUsage of job (MB)
	7444  -  ResidentSetSize of job (KB)
...
006 (8414414.003.000) 08/13 20:00:58 Image size of job updated: 7435216
	8  -  MemoryUsage of job (MB)
	7460  -  ResidentSetSize of job (KB)
...
006 (8414414.003.000) 08/13 20:31:02 Image size of job updated: 7435216
	8  -  MemoryUsage of job (MB)
	7476  -  ResidentSetSize of job (KB)
...
006 (8414414.003.000) 08/13 21:06:06 Image size of job updated: 7435216
	8  -  MemoryUsage of job (MB)
	7488  -  ResidentSetSize of job (KB)
...
006 (8414414.003.000) 08/13 21:41:09 Image size of job updated: 7435216
	8  -  MemoryUsage of job (MB)
	7516  -  ResidentSetSize of job (KB)
...
006 (8414414.003.000) 08/13 22:26:13 Image size of job updated: 7435216
	8  -  MemoryUsage of job (MB)
	7532  -  ResidentSetSize of job (KB)
...
006 (8414414.003.000) 08/13 23:41:21 Image size of job updated: 7435216
	8  -  MemoryUsage of job (MB)
	7548  -  ResidentSetSize of job (KB)
...
006 (8414414.003.000) 08/14 00:06:23 Image size of job updated: 7435216
	8  -  MemoryUsage of job (MB)
	7560  -  ResidentSetSize of job (KB)
...
006 (8414414.003.000) 08/14 00:31:26 Image size of job updated: 7435216
	8  -  MemoryUsage of job (MB)
	7588  -  ResidentSetSize of job (KB)
...
006 (8414414.003.000) 08/14 01:16:29 Image size of job updated: 7435216
	8  -  MemoryUsage of job (MB)
	7604  -  ResidentSetSize of job (KB)
...
006 (8414414.003.000) 08/14 01:51:33 Image size of job updated: 7435216
	8  -  MemoryUsage of job (MB)
	7620  -  ResidentSetSize of job (KB)
...
006 (8414414.003.000) 08/14 02:36:37 Image size of job updated: 7435216
	8  -  MemoryUsage of job (MB)
	7632  -  ResidentSetSize of job (KB)
...
006 (8414414.003.000) 08/14 03:21:42 Image size of job updated: 7435216
	8  -  MemoryUsage of job (MB)
	7660  -  ResidentSetSize of job (KB)
...
006 (8414414.003.000) 08/14 03:51:46 Image size of job updated: 7435216
	8  -  MemoryUsage of job (MB)
	7676  -  ResidentSetSize of job (KB)
...
006 (8414414.003.000) 08/14 04:36:50 Image size of job updated: 7435216
	8  -  MemoryUsage of job (MB)
	7692  -  ResidentSetSize of job (KB)
...
006 (8414414.003.000) 08/14 05:16:54 Image size of job updated: 7435216
	8  -  MemoryUsage of job (MB)
	7704  -  ResidentSetSize of job (KB)
...
006 (8414414.003.000) 08/14 06:02:00 Image size of job updated: 7435216
	8  -  MemoryUsage of job (MB)
	7732  -  ResidentSetSize of job (KB)
...
006 (8414414.003.000) 08/14 06:47:03 Image size of job updated: 7435216
	8  -  MemoryUsage of job (MB)
	7748  -  ResidentSetSize of job (KB)
...
006 (8414414.003.000) 08/14 07:27:08 Image size of job updated: 7435216
	8  -  MemoryUsage of job (MB)
	7764  -  ResidentSetSize of job (KB)
...
006 (8414414.003.000) 08/14 08:22:15 Image size of job updated: 7435216
	8  -  MemoryUsage of job (MB)
	7776  -  ResidentSetSize of job (KB)
...
006 (8414414.003.000) 08/14 09:07:20 Image size of job updated: 7435216
	8  -  MemoryUsage of job (MB)
	7804  -  ResidentSetSize of job (KB)
...
006 (8414414.003.000) 08/14 09:57:24 Image size of job updated: 7435216
	8  -  MemoryUsage of job (MB)
	7820  -  ResidentSetSize of job (KB)
...
006 (8414414.003.000) 08/14 10:32:28 Image size of job updated: 7435216
	8  -  MemoryUsage of job (MB)
	7836  -  ResidentSetSize of job (KB)
...
006 (8414414.003.000) 08/14 11:17:33 Image size of job updated: 7435216
	8  -  MemoryUsage of job (MB)
	7848  -  ResidentSetSize of job (KB)
...
006 (8414414.003.000) 08/14 11:57:38 Image size of job updated: 7435216
	8  -  MemoryUsage of job (MB)
	7876  -  ResidentSetSize of job (KB)
...
006 (8414414.003.000) 08/14 12:37:42 Image size of job updated: 7435216
	8  -  MemoryUsage of job (MB)
	7892  -  ResidentSetSize of job (KB)
...
006 (8414414.003.000) 08/14 13:17:46 Image size of job updated: 7435216
	8  -  MemoryUsage of job (MB)
	7908  -  ResidentSetSize of job (KB)
...
006 (8414414.003.000) 08/14 14:02:51 Image size of job updated: 7435216
	8  -  MemoryUsage of job (MB)
	7920  -  ResidentSetSize of job (KB)
...
006 (8414414.003.000) 08/14 14:52:55 Image size of job updated: 7435216
	8  -  MemoryUsage of job (MB)
	7948  -  ResidentSetSize of job (KB)
...
006 (8414414.003.000) 08/14 15:43:01 Image size of job updated: 7435216
	8  -  MemoryUsage of job (MB)
	7964  -  ResidentSetSize of job (KB)
...
006 (8414414.003.000) 08/14 16:23:04 Image size of job updated: 7435216
	8  -  MemoryUsage of job (MB)
	7980  -  ResidentSetSize of job (KB)
...
040 (8414414.003.000) 08/14 16:32:29 Started transferring output files
...
040 (8414414.003.000) 08/14 16:32:30 Finished transferring output files
...
005 (8414414.003.000) 08/14 16:32:30 Job terminated.
	(1) Normal termination (return value 1)
		Usr 6 13:11:41, Sys 0 00:57:54  -  Run Remote Usage
		Usr 0 00:00:00, Sys 0 00:00:00  -  Run Local Usage
		Usr 6 13:11:41, Sys 0 00:57:54  -  Total Remote Usage
		Usr 0 00:00:00, Sys 0 00:00:00  -  Total Local Usage
	206141  -  Run Bytes Sent By Job
	1379  -  Run Bytes Received By Job
	206141  -  Total Bytes Sent By Job
	1379  -  Total Bytes Received By Job
	Partitionable Resources :    Usage  Request Allocated 
	   Cpus                 :     1.00       16        16 
	   Disk (KB)            :   234           2   3124105 
	   Memory (MB)          :     8       32000     32000 

	Job terminated of its own accord at 2023-08-14T14:32:29Z.
...
