000 (8414414.006.000) 08/08 02:15:07 Job submitted from host: <137.138.156.150:9618?addrs=137.138.156.150-9618+[2001-1458-d00-14--9a]-9618&alias=bigbird13.cern.ch&noUDP&sock=schedd_6524_7ff5>
...
040 (8414414.006.000) 08/08 02:16:09 Started transferring input files
	Transferring to host: <128.142.137.124:9618?addrs=128.142.137.124-9618+[2001-1458-301-5e--100-70]-9618&alias=b7g19p4379.cern.ch&noUDP&sock=slot1_2_3091_a397_2796>
...
040 (8414414.006.000) 08/08 02:16:09 Finished transferring input files
...
001 (8414414.006.000) 08/08 02:16:09 Job executing on host: <128.142.137.124:9618?addrs=128.142.137.124-9618+[2001-1458-301-5e--100-70]-9618&alias=b7g19p4379.cern.ch&noUDP&sock=startd_2803_340d>
...
006 (8414414.006.000) 08/08 02:16:18 Image size of job updated: 7435220
	24  -  MemoryUsage of job (MB)
	23904  -  ResidentSetSize of job (KB)
...
006 (8414414.006.000) 08/08 02:21:19 Image size of job updated: 7435220
	42  -  MemoryUsage of job (MB)
	42488  -  ResidentSetSize of job (KB)
...
006 (8414414.006.000) 08/08 02:26:19 Image size of job updated: 7435220
	42  -  MemoryUsage of job (MB)
	42552  -  ResidentSetSize of job (KB)
...
006 (8414414.006.000) 08/08 02:31:19 Image size of job updated: 7435220
	42  -  MemoryUsage of job (MB)
	42628  -  ResidentSetSize of job (KB)
...
006 (8414414.006.000) 08/08 02:36:20 Image size of job updated: 7435220
	42  -  MemoryUsage of job (MB)
	42704  -  ResidentSetSize of job (KB)
...
006 (8414414.006.000) 08/08 02:41:21 Image size of job updated: 7435220
	42  -  MemoryUsage of job (MB)
	42768  -  ResidentSetSize of job (KB)
...
006 (8414414.006.000) 08/08 02:46:21 Image size of job updated: 7435220
	42  -  MemoryUsage of job (MB)
	42844  -  ResidentSetSize of job (KB)
...
006 (8414414.006.000) 08/08 02:51:21 Image size of job updated: 7435220
	42  -  MemoryUsage of job (MB)
	42920  -  ResidentSetSize of job (KB)
...
006 (8414414.006.000) 08/08 02:56:22 Image size of job updated: 7435220
	43  -  MemoryUsage of job (MB)
	43012  -  ResidentSetSize of job (KB)
...
006 (8414414.006.000) 08/08 03:01:22 Image size of job updated: 7435220
	43  -  MemoryUsage of job (MB)
	43092  -  ResidentSetSize of job (KB)
...
006 (8414414.006.000) 08/08 03:06:22 Image size of job updated: 7435220
	43  -  MemoryUsage of job (MB)
	43120  -  ResidentSetSize of job (KB)
...
006 (8414414.006.000) 08/08 03:11:23 Image size of job updated: 7435220
	43  -  MemoryUsage of job (MB)
	43168  -  ResidentSetSize of job (KB)
...
006 (8414414.006.000) 08/08 03:16:24 Image size of job updated: 7435220
	43  -  MemoryUsage of job (MB)
	43228  -  ResidentSetSize of job (KB)
...
006 (8414414.006.000) 08/08 03:21:24 Image size of job updated: 7435220
	43  -  MemoryUsage of job (MB)
	43276  -  ResidentSetSize of job (KB)
...
006 (8414414.006.000) 08/08 03:26:25 Image size of job updated: 7435220
	43  -  MemoryUsage of job (MB)
	43336  -  ResidentSetSize of job (KB)
...
006 (8414414.006.000) 08/08 03:31:26 Image size of job updated: 7435220
	43  -  MemoryUsage of job (MB)
	43384  -  ResidentSetSize of job (KB)
...
006 (8414414.006.000) 08/08 03:36:26 Image size of job updated: 7435220
	43  -  MemoryUsage of job (MB)
	43444  -  ResidentSetSize of job (KB)
...
006 (8414414.006.000) 08/08 03:41:27 Image size of job updated: 7435220
	43  -  MemoryUsage of job (MB)
	43460  -  ResidentSetSize of job (KB)
...
006 (8414414.006.000) 08/08 03:46:28 Image size of job updated: 7435220
	43  -  MemoryUsage of job (MB)
	43524  -  ResidentSetSize of job (KB)
...
006 (8414414.006.000) 08/08 03:51:28 Image size of job updated: 7435220
	43  -  MemoryUsage of job (MB)
	43572  -  ResidentSetSize of job (KB)
...
006 (8414414.006.000) 08/08 03:56:28 Image size of job updated: 7435220
	43  -  MemoryUsage of job (MB)
	43636  -  ResidentSetSize of job (KB)
...
006 (8414414.006.000) 08/08 04:01:29 Image size of job updated: 7435220
	43  -  MemoryUsage of job (MB)
	43664  -  ResidentSetSize of job (KB)
...
006 (8414414.006.000) 08/08 04:06:29 Image size of job updated: 7435220
	43  -  MemoryUsage of job (MB)
	43716  -  ResidentSetSize of job (KB)
...
006 (8414414.006.000) 08/08 04:11:29 Image size of job updated: 7435220
	43  -  MemoryUsage of job (MB)
	43776  -  ResidentSetSize of job (KB)
...
006 (8414414.006.000) 08/08 04:16:30 Image size of job updated: 7435220
	43  -  MemoryUsage of job (MB)
	43828  -  ResidentSetSize of job (KB)
...
006 (8414414.006.000) 08/08 04:21:31 Image size of job updated: 7435220
	43  -  MemoryUsage of job (MB)
	43888  -  ResidentSetSize of job (KB)
...
006 (8414414.006.000) 08/08 04:26:31 Image size of job updated: 7435220
	43  -  MemoryUsage of job (MB)
	43940  -  ResidentSetSize of job (KB)
...
006 (8414414.006.000) 08/08 04:31:31 Image size of job updated: 7435220
	43  -  MemoryUsage of job (MB)
	43972  -  ResidentSetSize of job (KB)
...
006 (8414414.006.000) 08/08 04:36:32 Image size of job updated: 7435220
	43  -  MemoryUsage of job (MB)
	44020  -  ResidentSetSize of job (KB)
...
006 (8414414.006.000) 08/08 04:41:32 Image size of job updated: 7435220
	44  -  MemoryUsage of job (MB)
	44052  -  ResidentSetSize of job (KB)
...
006 (8414414.006.000) 08/08 04:46:32 Image size of job updated: 7435220
	44  -  MemoryUsage of job (MB)
	44112  -  ResidentSetSize of job (KB)
...
006 (8414414.006.000) 08/08 04:51:33 Image size of job updated: 7435220
	44  -  MemoryUsage of job (MB)
	44132  -  ResidentSetSize of job (KB)
...
006 (8414414.006.000) 08/08 04:56:33 Image size of job updated: 7435220
	44  -  MemoryUsage of job (MB)
	44196  -  ResidentSetSize of job (KB)
...
006 (8414414.006.000) 08/08 05:01:33 Image size of job updated: 7435220
	44  -  MemoryUsage of job (MB)
	44244  -  ResidentSetSize of job (KB)
...
006 (8414414.006.000) 08/08 05:06:34 Image size of job updated: 7435220
	51  -  MemoryUsage of job (MB)
	52212  -  ResidentSetSize of job (KB)
...
006 (8414414.006.000) 08/08 05:11:35 Image size of job updated: 7435220
	67  -  MemoryUsage of job (MB)
	68052  -  ResidentSetSize of job (KB)
...
006 (8414414.006.000) 08/08 05:16:35 Image size of job updated: 7435220
	88  -  MemoryUsage of job (MB)
	89812  -  ResidentSetSize of job (KB)
...
006 (8414414.006.000) 08/08 05:21:35 Image size of job updated: 7435220
	88  -  MemoryUsage of job (MB)
	89824  -  ResidentSetSize of job (KB)
...
006 (8414414.006.000) 08/08 05:26:36 Image size of job updated: 7435220
	88  -  MemoryUsage of job (MB)
	89832  -  ResidentSetSize of job (KB)
...
006 (8414414.006.000) 08/08 05:31:37 Image size of job updated: 7435220
	88  -  MemoryUsage of job (MB)
	89844  -  ResidentSetSize of job (KB)
...
006 (8414414.006.000) 08/08 05:36:37 Image size of job updated: 7435220
	88  -  MemoryUsage of job (MB)
	89852  -  ResidentSetSize of job (KB)
...
006 (8414414.006.000) 08/08 05:41:37 Image size of job updated: 7435220
	88  -  MemoryUsage of job (MB)
	89860  -  ResidentSetSize of job (KB)
...
006 (8414414.006.000) 08/08 05:46:38 Image size of job updated: 7435220
	88  -  MemoryUsage of job (MB)
	89872  -  ResidentSetSize of job (KB)
...
006 (8414414.006.000) 08/08 05:56:38 Image size of job updated: 7435220
	88  -  MemoryUsage of job (MB)
	89880  -  ResidentSetSize of job (KB)
...
006 (8414414.006.000) 08/08 06:01:39 Image size of job updated: 7435220
	88  -  MemoryUsage of job (MB)
	89892  -  ResidentSetSize of job (KB)
...
006 (8414414.006.000) 08/08 06:06:39 Image size of job updated: 7435220
	88  -  MemoryUsage of job (MB)
	89900  -  ResidentSetSize of job (KB)
...
006 (8414414.006.000) 08/08 06:11:39 Image size of job updated: 7435220
	88  -  MemoryUsage of job (MB)
	89904  -  ResidentSetSize of job (KB)
...
006 (8414414.006.000) 08/08 06:16:41 Image size of job updated: 7435220
	88  -  MemoryUsage of job (MB)
	89912  -  ResidentSetSize of job (KB)
...
006 (8414414.006.000) 08/08 06:21:41 Image size of job updated: 7435220
	88  -  MemoryUsage of job (MB)
	89924  -  ResidentSetSize of job (KB)
...
006 (8414414.006.000) 08/08 06:26:41 Image size of job updated: 7435220
	88  -  MemoryUsage of job (MB)
	89932  -  ResidentSetSize of job (KB)
...
006 (8414414.006.000) 08/08 06:31:42 Image size of job updated: 7435220
	88  -  MemoryUsage of job (MB)
	89940  -  ResidentSetSize of job (KB)
...
006 (8414414.006.000) 08/08 06:36:43 Image size of job updated: 7435220
	88  -  MemoryUsage of job (MB)
	89952  -  ResidentSetSize of job (KB)
...
006 (8414414.006.000) 08/08 06:46:44 Image size of job updated: 7435220
	88  -  MemoryUsage of job (MB)
	89968  -  ResidentSetSize of job (KB)
...
006 (8414414.006.000) 08/08 06:51:45 Image size of job updated: 7435220
	88  -  MemoryUsage of job (MB)
	89976  -  ResidentSetSize of job (KB)
...
006 (8414414.006.000) 08/08 06:56:45 Image size of job updated: 7435220
	88  -  MemoryUsage of job (MB)
	89992  -  ResidentSetSize of job (KB)
...
006 (8414414.006.000) 08/08 07:01:46 Image size of job updated: 7435220
	88  -  MemoryUsage of job (MB)
	90000  -  ResidentSetSize of job (KB)
...
006 (8414414.006.000) 08/08 07:06:47 Image size of job updated: 7435220
	88  -  MemoryUsage of job (MB)
	90016  -  ResidentSetSize of job (KB)
...
006 (8414414.006.000) 08/08 07:11:47 Image size of job updated: 7435220
	88  -  MemoryUsage of job (MB)
	90024  -  ResidentSetSize of job (KB)
...
006 (8414414.006.000) 08/08 07:16:48 Image size of job updated: 7435220
	88  -  MemoryUsage of job (MB)
	90032  -  ResidentSetSize of job (KB)
...
006 (8414414.006.000) 08/08 07:21:49 Image size of job updated: 7435220
	88  -  MemoryUsage of job (MB)
	90048  -  ResidentSetSize of job (KB)
...
006 (8414414.006.000) 08/08 07:26:49 Image size of job updated: 7435220
	88  -  MemoryUsage of job (MB)
	90056  -  ResidentSetSize of job (KB)
...
006 (8414414.006.000) 08/08 07:31:49 Image size of job updated: 7435220
	88  -  MemoryUsage of job (MB)
	90064  -  ResidentSetSize of job (KB)
...
006 (8414414.006.000) 08/08 07:36:50 Image size of job updated: 7435220
	88  -  MemoryUsage of job (MB)
	90072  -  ResidentSetSize of job (KB)
...
006 (8414414.006.000) 08/08 07:41:50 Image size of job updated: 7435220
	88  -  MemoryUsage of job (MB)
	90088  -  ResidentSetSize of job (KB)
...
006 (8414414.006.000) 08/08 07:46:50 Image size of job updated: 7435220
	88  -  MemoryUsage of job (MB)
	90096  -  ResidentSetSize of job (KB)
...
006 (8414414.006.000) 08/08 07:51:51 Image size of job updated: 7435220
	88  -  MemoryUsage of job (MB)
	90104  -  ResidentSetSize of job (KB)
...
006 (8414414.006.000) 08/08 07:56:51 Image size of job updated: 7435220
	88  -  MemoryUsage of job (MB)
	90112  -  ResidentSetSize of job (KB)
...
006 (8414414.006.000) 08/08 08:01:51 Image size of job updated: 7435220
	89  -  MemoryUsage of job (MB)
	90120  -  ResidentSetSize of job (KB)
...
006 (8414414.006.000) 08/08 08:06:53 Image size of job updated: 7435220
	89  -  MemoryUsage of job (MB)
	90128  -  ResidentSetSize of job (KB)
...
006 (8414414.006.000) 08/08 08:11:53 Image size of job updated: 7435220
	89  -  MemoryUsage of job (MB)
	90136  -  ResidentSetSize of job (KB)
...
006 (8414414.006.000) 08/08 08:16:53 Image size of job updated: 7435220
	89  -  MemoryUsage of job (MB)
	90144  -  ResidentSetSize of job (KB)
...
006 (8414414.006.000) 08/08 08:21:54 Image size of job updated: 7435220
	89  -  MemoryUsage of job (MB)
	90152  -  ResidentSetSize of job (KB)
...
006 (8414414.006.000) 08/08 08:26:54 Image size of job updated: 7435220
	89  -  MemoryUsage of job (MB)
	90160  -  ResidentSetSize of job (KB)
...
006 (8414414.006.000) 08/08 08:31:54 Image size of job updated: 7435220
	89  -  MemoryUsage of job (MB)
	90168  -  ResidentSetSize of job (KB)
...
006 (8414414.006.000) 08/08 08:36:55 Image size of job updated: 7435220
	89  -  MemoryUsage of job (MB)
	90176  -  ResidentSetSize of job (KB)
...
006 (8414414.006.000) 08/08 08:41:55 Image size of job updated: 7435220
	89  -  MemoryUsage of job (MB)
	90184  -  ResidentSetSize of job (KB)
...
006 (8414414.006.000) 08/08 08:46:56 Image size of job updated: 7435220
	89  -  MemoryUsage of job (MB)
	90192  -  ResidentSetSize of job (KB)
...
006 (8414414.006.000) 08/08 08:51:57 Image size of job updated: 7435220
	89  -  MemoryUsage of job (MB)
	90208  -  ResidentSetSize of job (KB)
...
006 (8414414.006.000) 08/08 08:56:57 Image size of job updated: 7435220
	89  -  MemoryUsage of job (MB)
	90216  -  ResidentSetSize of job (KB)
...
006 (8414414.006.000) 08/08 09:01:57 Image size of job updated: 7435220
	89  -  MemoryUsage of job (MB)
	90224  -  ResidentSetSize of job (KB)
...
006 (8414414.006.000) 08/08 09:06:58 Image size of job updated: 7435220
	89  -  MemoryUsage of job (MB)
	90232  -  ResidentSetSize of job (KB)
...
006 (8414414.006.000) 08/08 09:11:58 Image size of job updated: 7435220
	89  -  MemoryUsage of job (MB)
	90240  -  ResidentSetSize of job (KB)
...
006 (8414414.006.000) 08/08 09:16:59 Image size of job updated: 7435220
	89  -  MemoryUsage of job (MB)
	90248  -  ResidentSetSize of job (KB)
...
006 (8414414.006.000) 08/08 09:22:00 Image size of job updated: 7435220
	89  -  MemoryUsage of job (MB)
	90264  -  ResidentSetSize of job (KB)
...
006 (8414414.006.000) 08/08 09:32:01 Image size of job updated: 7435220
	89  -  MemoryUsage of job (MB)
	90280  -  ResidentSetSize of job (KB)
...
006 (8414414.006.000) 08/08 09:37:02 Image size of job updated: 7435220
	89  -  MemoryUsage of job (MB)
	90288  -  ResidentSetSize of job (KB)
...
006 (8414414.006.000) 08/08 09:42:02 Image size of job updated: 7435220
	89  -  MemoryUsage of job (MB)
	90304  -  ResidentSetSize of job (KB)
...
006 (8414414.006.000) 08/08 09:47:02 Image size of job updated: 7435220
	89  -  MemoryUsage of job (MB)
	90312  -  ResidentSetSize of job (KB)
...
006 (8414414.006.000) 08/08 09:52:03 Image size of job updated: 7435220
	89  -  MemoryUsage of job (MB)
	90320  -  ResidentSetSize of job (KB)
...
006 (8414414.006.000) 08/08 09:57:03 Image size of job updated: 7435220
	89  -  MemoryUsage of job (MB)
	90336  -  ResidentSetSize of job (KB)
...
006 (8414414.006.000) 08/08 10:07:04 Image size of job updated: 7435220
	89  -  MemoryUsage of job (MB)
	90352  -  ResidentSetSize of job (KB)
...
006 (8414414.006.000) 08/08 10:12:04 Image size of job updated: 7435220
	89  -  MemoryUsage of job (MB)
	90360  -  ResidentSetSize of job (KB)
...
006 (8414414.006.000) 08/08 10:17:04 Image size of job updated: 7435220
	89  -  MemoryUsage of job (MB)
	90368  -  ResidentSetSize of job (KB)
...
006 (8414414.006.000) 08/08 10:22:05 Image size of job updated: 7435220
	89  -  MemoryUsage of job (MB)
	90384  -  ResidentSetSize of job (KB)
...
006 (8414414.006.000) 08/08 10:27:05 Image size of job updated: 7435220
	89  -  MemoryUsage of job (MB)
	90392  -  ResidentSetSize of job (KB)
...
006 (8414414.006.000) 08/08 10:32:05 Image size of job updated: 7435220
	89  -  MemoryUsage of job (MB)
	90400  -  ResidentSetSize of job (KB)
...
006 (8414414.006.000) 08/08 10:37:06 Image size of job updated: 7435220
	89  -  MemoryUsage of job (MB)
	90408  -  ResidentSetSize of job (KB)
...
006 (8414414.006.000) 08/08 10:42:06 Image size of job updated: 7435220
	89  -  MemoryUsage of job (MB)
	90416  -  ResidentSetSize of job (KB)
...
006 (8414414.006.000) 08/08 10:47:06 Image size of job updated: 7435220
	89  -  MemoryUsage of job (MB)
	90432  -  ResidentSetSize of job (KB)
...
006 (8414414.006.000) 08/08 10:52:07 Image size of job updated: 7435220
	89  -  MemoryUsage of job (MB)
	90440  -  ResidentSetSize of job (KB)
...
006 (8414414.006.000) 08/08 10:57:07 Image size of job updated: 7435220
	89  -  MemoryUsage of job (MB)
	90456  -  ResidentSetSize of job (KB)
...
006 (8414414.006.000) 08/08 11:02:07 Image size of job updated: 7435220
	89  -  MemoryUsage of job (MB)
	90464  -  ResidentSetSize of job (KB)
...
006 (8414414.006.000) 08/08 11:07:08 Image size of job updated: 7435220
	89  -  MemoryUsage of job (MB)
	90472  -  ResidentSetSize of job (KB)
...
006 (8414414.006.000) 08/08 11:12:08 Image size of job updated: 7435220
	89  -  MemoryUsage of job (MB)
	90480  -  ResidentSetSize of job (KB)
...
006 (8414414.006.000) 08/08 11:17:08 Image size of job updated: 7435220
	89  -  MemoryUsage of job (MB)
	90496  -  ResidentSetSize of job (KB)
...
006 (8414414.006.000) 08/08 11:22:09 Image size of job updated: 7435220
	89  -  MemoryUsage of job (MB)
	90512  -  ResidentSetSize of job (KB)
...
006 (8414414.006.000) 08/08 11:27:10 Image size of job updated: 7435220
	89  -  MemoryUsage of job (MB)
	90528  -  ResidentSetSize of job (KB)
...
006 (8414414.006.000) 08/08 11:32:10 Image size of job updated: 7435220
	89  -  MemoryUsage of job (MB)
	90536  -  ResidentSetSize of job (KB)
...
006 (8414414.006.000) 08/08 11:37:10 Image size of job updated: 7435220
	89  -  MemoryUsage of job (MB)
	90552  -  ResidentSetSize of job (KB)
...
006 (8414414.006.000) 08/08 11:47:11 Image size of job updated: 7435220
	89  -  MemoryUsage of job (MB)
	90568  -  ResidentSetSize of job (KB)
...
006 (8414414.006.000) 08/08 11:52:11 Image size of job updated: 7435220
	89  -  MemoryUsage of job (MB)
	90576  -  ResidentSetSize of job (KB)
...
006 (8414414.006.000) 08/08 11:57:12 Image size of job updated: 7435220
	89  -  MemoryUsage of job (MB)
	90584  -  ResidentSetSize of job (KB)
...
006 (8414414.006.000) 08/08 12:02:12 Image size of job updated: 7435220
	89  -  MemoryUsage of job (MB)
	90600  -  ResidentSetSize of job (KB)
...
006 (8414414.006.000) 08/08 12:12:13 Image size of job updated: 7435220
	89  -  MemoryUsage of job (MB)
	90616  -  ResidentSetSize of job (KB)
...
006 (8414414.006.000) 08/08 12:17:15 Image size of job updated: 7435220
	89  -  MemoryUsage of job (MB)
	90624  -  ResidentSetSize of job (KB)
...
006 (8414414.006.000) 08/08 12:22:15 Image size of job updated: 7435220
	89  -  MemoryUsage of job (MB)
	90632  -  ResidentSetSize of job (KB)
...
006 (8414414.006.000) 08/08 12:27:15 Image size of job updated: 7435220
	89  -  MemoryUsage of job (MB)
	90648  -  ResidentSetSize of job (KB)
...
006 (8414414.006.000) 08/08 12:32:16 Image size of job updated: 7435220
	89  -  MemoryUsage of job (MB)
	90656  -  ResidentSetSize of job (KB)
...
006 (8414414.006.000) 08/08 12:37:17 Image size of job updated: 7435220
	89  -  MemoryUsage of job (MB)
	90664  -  ResidentSetSize of job (KB)
...
006 (8414414.006.000) 08/08 12:42:17 Image size of job updated: 7435220
	89  -  MemoryUsage of job (MB)
	90672  -  ResidentSetSize of job (KB)
...
006 (8414414.006.000) 08/08 12:47:17 Image size of job updated: 7435220
	89  -  MemoryUsage of job (MB)
	90688  -  ResidentSetSize of job (KB)
...
006 (8414414.006.000) 08/08 12:52:18 Image size of job updated: 7435220
	89  -  MemoryUsage of job (MB)
	90696  -  ResidentSetSize of job (KB)
...
006 (8414414.006.000) 08/08 12:57:18 Image size of job updated: 7435220
	89  -  MemoryUsage of job (MB)
	90704  -  ResidentSetSize of job (KB)
...
006 (8414414.006.000) 08/08 13:02:18 Image size of job updated: 7435220
	89  -  MemoryUsage of job (MB)
	90720  -  ResidentSetSize of job (KB)
...
006 (8414414.006.000) 08/08 13:12:20 Image size of job updated: 7435220
	89  -  MemoryUsage of job (MB)
	90736  -  ResidentSetSize of job (KB)
...
006 (8414414.006.000) 08/08 13:17:20 Image size of job updated: 7435220
	89  -  MemoryUsage of job (MB)
	90744  -  ResidentSetSize of job (KB)
...
006 (8414414.006.000) 08/08 13:22:21 Image size of job updated: 7435220
	89  -  MemoryUsage of job (MB)
	90752  -  ResidentSetSize of job (KB)
...
006 (8414414.006.000) 08/08 13:27:22 Image size of job updated: 7435220
	89  -  MemoryUsage of job (MB)
	90768  -  ResidentSetSize of job (KB)
...
006 (8414414.006.000) 08/08 13:32:22 Image size of job updated: 7435220
	89  -  MemoryUsage of job (MB)
	90776  -  ResidentSetSize of job (KB)
...
006 (8414414.006.000) 08/08 13:37:23 Image size of job updated: 7435220
	89  -  MemoryUsage of job (MB)
	90784  -  ResidentSetSize of job (KB)
...
006 (8414414.006.000) 08/08 13:42:24 Image size of job updated: 7435220
	89  -  MemoryUsage of job (MB)
	90792  -  ResidentSetSize of job (KB)
...
006 (8414414.006.000) 08/08 13:47:24 Image size of job updated: 7435220
	89  -  MemoryUsage of job (MB)
	90808  -  ResidentSetSize of job (KB)
...
006 (8414414.006.000) 08/08 13:52:24 Image size of job updated: 7435220
	89  -  MemoryUsage of job (MB)
	90816  -  ResidentSetSize of job (KB)
...
006 (8414414.006.000) 08/08 13:57:25 Image size of job updated: 7435220
	89  -  MemoryUsage of job (MB)
	90824  -  ResidentSetSize of job (KB)
...
006 (8414414.006.000) 08/08 14:02:26 Image size of job updated: 7435220
	89  -  MemoryUsage of job (MB)
	90832  -  ResidentSetSize of job (KB)
...
006 (8414414.006.000) 08/08 14:07:26 Image size of job updated: 7435220
	89  -  MemoryUsage of job (MB)
	90840  -  ResidentSetSize of job (KB)
...
006 (8414414.006.000) 08/08 14:12:27 Image size of job updated: 7435220
	89  -  MemoryUsage of job (MB)
	90848  -  ResidentSetSize of job (KB)
...
006 (8414414.006.000) 08/08 14:17:28 Image size of job updated: 7435220
	89  -  MemoryUsage of job (MB)
	90864  -  ResidentSetSize of job (KB)
...
006 (8414414.006.000) 08/08 14:27:29 Image size of job updated: 7435220
	89  -  MemoryUsage of job (MB)
	90880  -  ResidentSetSize of job (KB)
...
006 (8414414.006.000) 08/08 14:32:30 Image size of job updated: 7435220
	89  -  MemoryUsage of job (MB)
	90888  -  ResidentSetSize of job (KB)
...
006 (8414414.006.000) 08/08 14:37:30 Image size of job updated: 7435220
	89  -  MemoryUsage of job (MB)
	90904  -  ResidentSetSize of job (KB)
...
006 (8414414.006.000) 08/08 14:42:31 Image size of job updated: 7435220
	89  -  MemoryUsage of job (MB)
	90916  -  ResidentSetSize of job (KB)
...
006 (8414414.006.000) 08/08 14:47:32 Image size of job updated: 7435220
	89  -  MemoryUsage of job (MB)
	90924  -  ResidentSetSize of job (KB)
...
006 (8414414.006.000) 08/08 14:52:32 Image size of job updated: 7435220
	89  -  MemoryUsage of job (MB)
	90932  -  ResidentSetSize of job (KB)
...
006 (8414414.006.000) 08/08 14:57:32 Image size of job updated: 7435220
	89  -  MemoryUsage of job (MB)
	90944  -  ResidentSetSize of job (KB)
...
006 (8414414.006.000) 08/08 15:02:34 Image size of job updated: 7435220
	89  -  MemoryUsage of job (MB)
	90960  -  ResidentSetSize of job (KB)
...
006 (8414414.006.000) 08/08 15:07:34 Image size of job updated: 7435220
	89  -  MemoryUsage of job (MB)
	90972  -  ResidentSetSize of job (KB)
...
006 (8414414.006.000) 08/08 15:12:34 Image size of job updated: 7435220
	89  -  MemoryUsage of job (MB)
	90980  -  ResidentSetSize of job (KB)
...
006 (8414414.006.000) 08/08 15:17:35 Image size of job updated: 7435220
	89  -  MemoryUsage of job (MB)
	91000  -  ResidentSetSize of job (KB)
...
006 (8414414.006.000) 08/08 15:22:36 Image size of job updated: 7435220
	89  -  MemoryUsage of job (MB)
	91012  -  ResidentSetSize of job (KB)
...
006 (8414414.006.000) 08/08 15:27:36 Image size of job updated: 7435220
	89  -  MemoryUsage of job (MB)
	91020  -  ResidentSetSize of job (KB)
...
006 (8414414.006.000) 08/08 15:32:36 Image size of job updated: 7435220
	89  -  MemoryUsage of job (MB)
	91036  -  ResidentSetSize of job (KB)
...
006 (8414414.006.000) 08/08 15:37:37 Image size of job updated: 7435220
	89  -  MemoryUsage of job (MB)
	91044  -  ResidentSetSize of job (KB)
...
006 (8414414.006.000) 08/08 15:42:38 Image size of job updated: 7435220
	89  -  MemoryUsage of job (MB)
	91064  -  ResidentSetSize of job (KB)
...
006 (8414414.006.000) 08/08 15:47:38 Image size of job updated: 7435220
	89  -  MemoryUsage of job (MB)
	91076  -  ResidentSetSize of job (KB)
...
006 (8414414.006.000) 08/08 15:52:39 Image size of job updated: 7435220
	89  -  MemoryUsage of job (MB)
	91084  -  ResidentSetSize of job (KB)
...
006 (8414414.006.000) 08/08 15:57:40 Image size of job updated: 7435220
	89  -  MemoryUsage of job (MB)
	91100  -  ResidentSetSize of job (KB)
...
006 (8414414.006.000) 08/08 16:02:40 Image size of job updated: 7435220
	89  -  MemoryUsage of job (MB)
	91116  -  ResidentSetSize of job (KB)
...
006 (8414414.006.000) 08/08 16:07:40 Image size of job updated: 7435220
	89  -  MemoryUsage of job (MB)
	91132  -  ResidentSetSize of job (KB)
...
006 (8414414.006.000) 08/08 16:12:41 Image size of job updated: 7435220
	90  -  MemoryUsage of job (MB)
	91140  -  ResidentSetSize of job (KB)
...
006 (8414414.006.000) 08/08 16:17:41 Image size of job updated: 7435220
	90  -  MemoryUsage of job (MB)
	91160  -  ResidentSetSize of job (KB)
...
006 (8414414.006.000) 08/08 16:22:41 Image size of job updated: 7435220
	90  -  MemoryUsage of job (MB)
	91172  -  ResidentSetSize of job (KB)
...
006 (8414414.006.000) 08/08 16:27:42 Image size of job updated: 7435220
	90  -  MemoryUsage of job (MB)
	91192  -  ResidentSetSize of job (KB)
...
006 (8414414.006.000) 08/08 16:32:42 Image size of job updated: 7435220
	90  -  MemoryUsage of job (MB)
	91204  -  ResidentSetSize of job (KB)
...
006 (8414414.006.000) 08/08 16:37:42 Image size of job updated: 7435220
	90  -  MemoryUsage of job (MB)
	91212  -  ResidentSetSize of job (KB)
...
006 (8414414.006.000) 08/08 16:42:43 Image size of job updated: 7435220
	90  -  MemoryUsage of job (MB)
	91228  -  ResidentSetSize of job (KB)
...
006 (8414414.006.000) 08/08 16:47:44 Image size of job updated: 7435220
	90  -  MemoryUsage of job (MB)
	91244  -  ResidentSetSize of job (KB)
...
006 (8414414.006.000) 08/08 16:52:44 Image size of job updated: 7435220
	90  -  MemoryUsage of job (MB)
	91260  -  ResidentSetSize of job (KB)
...
006 (8414414.006.000) 08/08 16:57:45 Image size of job updated: 7435220
	90  -  MemoryUsage of job (MB)
	91276  -  ResidentSetSize of job (KB)
...
006 (8414414.006.000) 08/08 17:02:45 Image size of job updated: 7435220
	90  -  MemoryUsage of job (MB)
	91288  -  ResidentSetSize of job (KB)
...
006 (8414414.006.000) 08/08 17:07:45 Image size of job updated: 7435220
	90  -  MemoryUsage of job (MB)
	91300  -  ResidentSetSize of job (KB)
...
006 (8414414.006.000) 08/08 17:12:46 Image size of job updated: 7435220
	90  -  MemoryUsage of job (MB)
	91320  -  ResidentSetSize of job (KB)
...
006 (8414414.006.000) 08/08 17:17:47 Image size of job updated: 7435220
	90  -  MemoryUsage of job (MB)
	91332  -  ResidentSetSize of job (KB)
...
006 (8414414.006.000) 08/08 17:22:47 Image size of job updated: 7435220
	90  -  MemoryUsage of job (MB)
	91352  -  ResidentSetSize of job (KB)
...
006 (8414414.006.000) 08/08 17:27:48 Image size of job updated: 7435220
	90  -  MemoryUsage of job (MB)
	91364  -  ResidentSetSize of job (KB)
...
006 (8414414.006.000) 08/08 17:32:49 Image size of job updated: 7435220
	90  -  MemoryUsage of job (MB)
	91372  -  ResidentSetSize of job (KB)
...
006 (8414414.006.000) 08/08 17:37:49 Image size of job updated: 7435220
	90  -  MemoryUsage of job (MB)
	91388  -  ResidentSetSize of job (KB)
...
006 (8414414.006.000) 08/08 17:42:49 Image size of job updated: 7435220
	90  -  MemoryUsage of job (MB)
	91396  -  ResidentSetSize of job (KB)
...
006 (8414414.006.000) 08/08 17:49:26 Image size of job updated: 7435220
	90  -  MemoryUsage of job (MB)
	91416  -  ResidentSetSize of job (KB)
...
006 (8414414.006.000) 08/08 17:54:16 Image size of job updated: 7435220
	90  -  MemoryUsage of job (MB)
	91436  -  ResidentSetSize of job (KB)
...
006 (8414414.006.000) 08/08 17:59:17 Image size of job updated: 7435220
	90  -  MemoryUsage of job (MB)
	91452  -  ResidentSetSize of job (KB)
...
006 (8414414.006.000) 08/08 18:04:17 Image size of job updated: 7435220
	90  -  MemoryUsage of job (MB)
	91460  -  ResidentSetSize of job (KB)
...
006 (8414414.006.000) 08/08 18:09:18 Image size of job updated: 7435220
	92  -  MemoryUsage of job (MB)
	93524  -  ResidentSetSize of job (KB)
...
006 (8414414.006.000) 08/08 18:14:19 Image size of job updated: 7435220
	92  -  MemoryUsage of job (MB)
	93536  -  ResidentSetSize of job (KB)
...
006 (8414414.006.000) 08/08 18:19:19 Image size of job updated: 7435220
	92  -  MemoryUsage of job (MB)
	93552  -  ResidentSetSize of job (KB)
...
006 (8414414.006.000) 08/08 18:24:19 Image size of job updated: 7435220
	92  -  MemoryUsage of job (MB)
	93564  -  ResidentSetSize of job (KB)
...
006 (8414414.006.000) 08/08 18:29:20 Image size of job updated: 7435220
	92  -  MemoryUsage of job (MB)
	93580  -  ResidentSetSize of job (KB)
...
006 (8414414.006.000) 08/08 18:34:21 Image size of job updated: 7435220
	92  -  MemoryUsage of job (MB)
	93592  -  ResidentSetSize of job (KB)
...
006 (8414414.006.000) 08/08 18:39:21 Image size of job updated: 7435220
	92  -  MemoryUsage of job (MB)
	93608  -  ResidentSetSize of job (KB)
...
006 (8414414.006.000) 08/08 18:44:21 Image size of job updated: 7435220
	92  -  MemoryUsage of job (MB)
	93624  -  ResidentSetSize of job (KB)
...
006 (8414414.006.000) 08/08 18:49:22 Image size of job updated: 7435220
	92  -  MemoryUsage of job (MB)
	93640  -  ResidentSetSize of job (KB)
...
006 (8414414.006.000) 08/08 18:54:23 Image size of job updated: 7435220
	92  -  MemoryUsage of job (MB)
	93656  -  ResidentSetSize of job (KB)
...
006 (8414414.006.000) 08/08 18:59:23 Image size of job updated: 7435220
	92  -  MemoryUsage of job (MB)
	93664  -  ResidentSetSize of job (KB)
...
006 (8414414.006.000) 08/08 19:04:24 Image size of job updated: 7435220
	92  -  MemoryUsage of job (MB)
	93680  -  ResidentSetSize of job (KB)
...
006 (8414414.006.000) 08/08 19:09:25 Image size of job updated: 7435220
	92  -  MemoryUsage of job (MB)
	93696  -  ResidentSetSize of job (KB)
...
006 (8414414.006.000) 08/08 19:14:25 Image size of job updated: 7435220
	92  -  MemoryUsage of job (MB)
	93712  -  ResidentSetSize of job (KB)
...
006 (8414414.006.000) 08/08 19:19:25 Image size of job updated: 7435220
	92  -  MemoryUsage of job (MB)
	93728  -  ResidentSetSize of job (KB)
...
006 (8414414.006.000) 08/08 19:24:26 Image size of job updated: 7435220
	92  -  MemoryUsage of job (MB)
	93736  -  ResidentSetSize of job (KB)
...
006 (8414414.006.000) 08/08 19:29:27 Image size of job updated: 7435220
	92  -  MemoryUsage of job (MB)
	93752  -  ResidentSetSize of job (KB)
...
006 (8414414.006.000) 08/08 19:34:27 Image size of job updated: 7435220
	92  -  MemoryUsage of job (MB)
	93768  -  ResidentSetSize of job (KB)
...
006 (8414414.006.000) 08/08 19:39:27 Image size of job updated: 7435220
	92  -  MemoryUsage of job (MB)
	93792  -  ResidentSetSize of job (KB)
...
006 (8414414.006.000) 08/08 19:44:28 Image size of job updated: 7435220
	92  -  MemoryUsage of job (MB)
	93808  -  ResidentSetSize of job (KB)
...
006 (8414414.006.000) 08/08 19:49:29 Image size of job updated: 7435220
	92  -  MemoryUsage of job (MB)
	93816  -  ResidentSetSize of job (KB)
...
006 (8414414.006.000) 08/08 19:54:29 Image size of job updated: 7435220
	92  -  MemoryUsage of job (MB)
	93832  -  ResidentSetSize of job (KB)
...
006 (8414414.006.000) 08/08 19:59:29 Image size of job updated: 7435220
	92  -  MemoryUsage of job (MB)
	93848  -  ResidentSetSize of job (KB)
...
006 (8414414.006.000) 08/08 20:04:30 Image size of job updated: 7435220
	92  -  MemoryUsage of job (MB)
	93864  -  ResidentSetSize of job (KB)
...
006 (8414414.006.000) 08/08 20:09:30 Image size of job updated: 7435220
	92  -  MemoryUsage of job (MB)
	93880  -  ResidentSetSize of job (KB)
...
006 (8414414.006.000) 08/08 20:14:30 Image size of job updated: 7435220
	92  -  MemoryUsage of job (MB)
	93904  -  ResidentSetSize of job (KB)
...
006 (8414414.006.000) 08/08 20:19:30 Image size of job updated: 7435220
	92  -  MemoryUsage of job (MB)
	93912  -  ResidentSetSize of job (KB)
...
006 (8414414.006.000) 08/08 20:24:31 Image size of job updated: 7435220
	92  -  MemoryUsage of job (MB)
	93928  -  ResidentSetSize of job (KB)
...
006 (8414414.006.000) 08/08 20:29:31 Image size of job updated: 7435220
	92  -  MemoryUsage of job (MB)
	93944  -  ResidentSetSize of job (KB)
...
006 (8414414.006.000) 08/08 20:34:31 Image size of job updated: 7435220
	92  -  MemoryUsage of job (MB)
	93968  -  ResidentSetSize of job (KB)
...
006 (8414414.006.000) 08/08 20:39:32 Image size of job updated: 7435220
	92  -  MemoryUsage of job (MB)
	93984  -  ResidentSetSize of job (KB)
...
006 (8414414.006.000) 08/08 20:44:33 Image size of job updated: 7435220
	92  -  MemoryUsage of job (MB)
	94000  -  ResidentSetSize of job (KB)
...
006 (8414414.006.000) 08/08 20:49:33 Image size of job updated: 7435220
	92  -  MemoryUsage of job (MB)
	94016  -  ResidentSetSize of job (KB)
...
006 (8414414.006.000) 08/08 20:54:33 Image size of job updated: 7435220
	92  -  MemoryUsage of job (MB)
	94024  -  ResidentSetSize of job (KB)
...
040 (8414414.006.000) 08/08 20:59:18 Started transferring output files
...
040 (8414414.006.000) 08/08 20:59:18 Finished transferring output files
...
005 (8414414.006.000) 08/08 20:59:18 Job terminated.
	(1) Normal termination (return value 1)
		Usr 0 18:42:26, Sys 0 00:00:15  -  Run Remote Usage
		Usr 0 00:00:00, Sys 0 00:00:00  -  Run Local Usage
		Usr 0 18:42:26, Sys 0 00:00:15  -  Total Remote Usage
		Usr 0 00:00:00, Sys 0 00:00:00  -  Total Local Usage
	90827  -  Run Bytes Sent By Job
	1379  -  Run Bytes Received By Job
	90827  -  Total Bytes Sent By Job
	1379  -  Total Bytes Received By Job
	Partitionable Resources :    Usage  Request Allocated 
	   Cpus                 :     1.00       16        16 
	   Disk (KB)            :   120           2   1672761 
	   Memory (MB)          :    92       32000     32000 

	Job terminated of its own accord at 2023-08-08T18:59:18Z.
...
