000 (8383301.002.000) 07/27 12:24:31 Job submitted from host: <137.138.156.150:9618?addrs=137.138.156.150-9618+[2001-1458-d00-14--9a]-9618&alias=bigbird13.cern.ch&noUDP&sock=schedd_6524_7ff5>
...
040 (8383301.002.000) 07/27 12:36:12 Started transferring input files
	Transferring to host: <188.184.160.82:9618?addrs=188.184.160.82-9618+[2001-1458-301-48--100-4c]-9618&alias=b7s09p8903.cern.ch&noUDP&sock=slot1_4_45016_9820_30293>
...
001 (8383301.002.000) 07/27 12:36:12 Job executing on host: <188.184.160.82:9618?addrs=188.184.160.82-9618+[2001-1458-301-48--100-4c]-9618&alias=b7s09p8903.cern.ch&noUDP&sock=startd_8840_154c>
...
040 (8383301.002.000) 07/27 12:36:12 Finished transferring input files
...
006 (8383301.002.000) 07/27 12:36:21 Image size of job updated: 7437984
	7  -  MemoryUsage of job (MB)
	6688  -  ResidentSetSize of job (KB)
...
006 (8383301.002.000) 07/27 12:41:22 Image size of job updated: 7437984
	7  -  MemoryUsage of job (MB)
	6896  -  ResidentSetSize of job (KB)
...
006 (8383301.002.000) 07/27 12:46:23 Image size of job updated: 7437984
	7  -  MemoryUsage of job (MB)
	7008  -  ResidentSetSize of job (KB)
...
006 (8383301.002.000) 07/27 12:51:23 Image size of job updated: 7437984
	7  -  MemoryUsage of job (MB)
	7120  -  ResidentSetSize of job (KB)
...
006 (8383301.002.000) 07/27 12:56:23 Image size of job updated: 7437984
	7  -  MemoryUsage of job (MB)
	7152  -  ResidentSetSize of job (KB)
...
006 (8383301.002.000) 07/27 13:01:24 Image size of job updated: 7437984
	8  -  MemoryUsage of job (MB)
	7232  -  ResidentSetSize of job (KB)
...
006 (8383301.002.000) 07/27 13:06:24 Image size of job updated: 7437984
	8  -  MemoryUsage of job (MB)
	7296  -  ResidentSetSize of job (KB)
...
006 (8383301.002.000) 07/27 13:11:24 Image size of job updated: 7437984
	8  -  MemoryUsage of job (MB)
	7328  -  ResidentSetSize of job (KB)
...
006 (8383301.002.000) 07/27 13:16:25 Image size of job updated: 7437984
	8  -  MemoryUsage of job (MB)
	7376  -  ResidentSetSize of job (KB)
...
006 (8383301.002.000) 07/27 13:21:26 Image size of job updated: 7437984
	8  -  MemoryUsage of job (MB)
	7440  -  ResidentSetSize of job (KB)
...
006 (8383301.002.000) 07/27 13:26:26 Image size of job updated: 7437984
	8  -  MemoryUsage of job (MB)
	7472  -  ResidentSetSize of job (KB)
...
006 (8383301.002.000) 07/27 13:31:26 Image size of job updated: 7437984
	8  -  MemoryUsage of job (MB)
	7552  -  ResidentSetSize of job (KB)
...
006 (8383301.002.000) 07/27 13:36:27 Image size of job updated: 7437984
	8  -  MemoryUsage of job (MB)
	7616  -  ResidentSetSize of job (KB)
...
006 (8383301.002.000) 07/27 13:41:27 Image size of job updated: 7437984
	8  -  MemoryUsage of job (MB)
	7664  -  ResidentSetSize of job (KB)
...
006 (8383301.002.000) 07/27 13:46:27 Image size of job updated: 7437984
	8  -  MemoryUsage of job (MB)
	7728  -  ResidentSetSize of job (KB)
...
006 (8383301.002.000) 07/27 13:51:28 Image size of job updated: 7437984
	8  -  MemoryUsage of job (MB)
	7760  -  ResidentSetSize of job (KB)
...
006 (8383301.002.000) 07/27 13:56:29 Image size of job updated: 7437984
	8  -  MemoryUsage of job (MB)
	7840  -  ResidentSetSize of job (KB)
...
006 (8383301.002.000) 07/27 14:01:29 Image size of job updated: 7437984
	8  -  MemoryUsage of job (MB)
	7872  -  ResidentSetSize of job (KB)
...
006 (8383301.002.000) 07/27 14:06:29 Image size of job updated: 7437984
	8  -  MemoryUsage of job (MB)
	7952  -  ResidentSetSize of job (KB)
...
006 (8383301.002.000) 07/27 14:11:30 Image size of job updated: 7437984
	8  -  MemoryUsage of job (MB)
	7984  -  ResidentSetSize of job (KB)
...
006 (8383301.002.000) 07/27 14:21:30 Image size of job updated: 7437984
	8  -  MemoryUsage of job (MB)
	8016  -  ResidentSetSize of job (KB)
...
006 (8383301.002.000) 07/27 14:26:31 Image size of job updated: 7437984
	8  -  MemoryUsage of job (MB)
	8048  -  ResidentSetSize of job (KB)
...
006 (8383301.002.000) 07/27 14:36:32 Image size of job updated: 7437984
	8  -  MemoryUsage of job (MB)
	8096  -  ResidentSetSize of job (KB)
...
006 (8383301.002.000) 07/27 14:46:34 Image size of job updated: 7437984
	8  -  MemoryUsage of job (MB)
	8128  -  ResidentSetSize of job (KB)
...
006 (8383301.002.000) 07/27 14:56:34 Image size of job updated: 7437984
	8  -  MemoryUsage of job (MB)
	8160  -  ResidentSetSize of job (KB)
...
006 (8383301.002.000) 07/27 15:01:35 Image size of job updated: 7437984
	8  -  MemoryUsage of job (MB)
	8192  -  ResidentSetSize of job (KB)
...
006 (8383301.002.000) 07/27 15:11:36 Image size of job updated: 7437984
	9  -  MemoryUsage of job (MB)
	8240  -  ResidentSetSize of job (KB)
...
006 (8383301.002.000) 07/27 15:21:37 Image size of job updated: 7437984
	9  -  MemoryUsage of job (MB)
	8272  -  ResidentSetSize of job (KB)
...
006 (8383301.002.000) 07/27 15:26:38 Image size of job updated: 7437984
	9  -  MemoryUsage of job (MB)
	8304  -  ResidentSetSize of job (KB)
...
006 (8383301.002.000) 07/27 15:36:39 Image size of job updated: 7437984
	9  -  MemoryUsage of job (MB)
	8336  -  ResidentSetSize of job (KB)
...
006 (8383301.002.000) 07/27 15:46:40 Image size of job updated: 7437984
	9  -  MemoryUsage of job (MB)
	8384  -  ResidentSetSize of job (KB)
...
006 (8383301.002.000) 07/27 15:51:40 Image size of job updated: 7437984
	9  -  MemoryUsage of job (MB)
	8416  -  ResidentSetSize of job (KB)
...
006 (8383301.002.000) 07/27 16:01:42 Image size of job updated: 7437984
	9  -  MemoryUsage of job (MB)
	8448  -  ResidentSetSize of job (KB)
...
006 (8383301.002.000) 07/27 16:06:42 Image size of job updated: 7437984
	9  -  MemoryUsage of job (MB)
	8480  -  ResidentSetSize of job (KB)
...
006 (8383301.002.000) 07/27 16:16:44 Image size of job updated: 7437984
	9  -  MemoryUsage of job (MB)
	8528  -  ResidentSetSize of job (KB)
...
006 (8383301.002.000) 07/27 16:26:44 Image size of job updated: 7437984
	9  -  MemoryUsage of job (MB)
	8560  -  ResidentSetSize of job (KB)
...
006 (8383301.002.000) 07/27 16:31:46 Image size of job updated: 7437984
	9  -  MemoryUsage of job (MB)
	8592  -  ResidentSetSize of job (KB)
...
006 (8383301.002.000) 07/27 16:36:46 Image size of job updated: 7437984
	9  -  MemoryUsage of job (MB)
	8624  -  ResidentSetSize of job (KB)
...
006 (8383301.002.000) 07/27 16:46:47 Image size of job updated: 7437984
	9  -  MemoryUsage of job (MB)
	8672  -  ResidentSetSize of job (KB)
...
006 (8383301.002.000) 07/27 16:51:48 Image size of job updated: 7437984
	9  -  MemoryUsage of job (MB)
	8704  -  ResidentSetSize of job (KB)
...
006 (8383301.002.000) 07/27 17:01:48 Image size of job updated: 7437984
	9  -  MemoryUsage of job (MB)
	8736  -  ResidentSetSize of job (KB)
...
006 (8383301.002.000) 07/27 17:06:49 Image size of job updated: 7437984
	9  -  MemoryUsage of job (MB)
	8768  -  ResidentSetSize of job (KB)
...
006 (8383301.002.000) 07/27 17:11:50 Image size of job updated: 7437984
	9  -  MemoryUsage of job (MB)
	8816  -  ResidentSetSize of job (KB)
...
006 (8383301.002.000) 07/27 17:21:51 Image size of job updated: 7437984
	9  -  MemoryUsage of job (MB)
	8848  -  ResidentSetSize of job (KB)
...
006 (8383301.002.000) 07/27 17:26:52 Image size of job updated: 7437984
	9  -  MemoryUsage of job (MB)
	8880  -  ResidentSetSize of job (KB)
...
006 (8383301.002.000) 07/27 17:36:52 Image size of job updated: 7437984
	9  -  MemoryUsage of job (MB)
	8912  -  ResidentSetSize of job (KB)
...
006 (8383301.002.000) 07/27 17:41:53 Image size of job updated: 7437984
	9  -  MemoryUsage of job (MB)
	8960  -  ResidentSetSize of job (KB)
...
006 (8383301.002.000) 07/27 17:46:54 Image size of job updated: 7437984
	9  -  MemoryUsage of job (MB)
	8992  -  ResidentSetSize of job (KB)
...
006 (8383301.002.000) 07/27 17:51:54 Image size of job updated: 7437984
	9  -  MemoryUsage of job (MB)
	9024  -  ResidentSetSize of job (KB)
...
006 (8383301.002.000) 07/27 18:01:57 Image size of job updated: 7437984
	9  -  MemoryUsage of job (MB)
	9056  -  ResidentSetSize of job (KB)
...
006 (8383301.002.000) 07/27 18:06:57 Image size of job updated: 7437984
	9  -  MemoryUsage of job (MB)
	9104  -  ResidentSetSize of job (KB)
...
006 (8383301.002.000) 07/27 18:11:57 Image size of job updated: 7437984
	9  -  MemoryUsage of job (MB)
	9136  -  ResidentSetSize of job (KB)
...
006 (8383301.002.000) 07/27 18:16:58 Image size of job updated: 7437984
	9  -  MemoryUsage of job (MB)
	9168  -  ResidentSetSize of job (KB)
...
006 (8383301.002.000) 07/27 18:21:59 Image size of job updated: 7437984
	9  -  MemoryUsage of job (MB)
	9200  -  ResidentSetSize of job (KB)
...
006 (8383301.002.000) 07/27 18:31:59 Image size of job updated: 7437984
	10  -  MemoryUsage of job (MB)
	9248  -  ResidentSetSize of job (KB)
...
006 (8383301.002.000) 07/27 18:37:01 Image size of job updated: 7437984
	10  -  MemoryUsage of job (MB)
	9280  -  ResidentSetSize of job (KB)
...
006 (8383301.002.000) 07/27 18:42:01 Image size of job updated: 7437984
	10  -  MemoryUsage of job (MB)
	9312  -  ResidentSetSize of job (KB)
...
006 (8383301.002.000) 07/27 18:47:01 Image size of job updated: 7437984
	10  -  MemoryUsage of job (MB)
	9344  -  ResidentSetSize of job (KB)
...
006 (8383301.002.000) 07/27 18:52:02 Image size of job updated: 7437984
	10  -  MemoryUsage of job (MB)
	9392  -  ResidentSetSize of job (KB)
...
006 (8383301.002.000) 07/27 18:57:03 Image size of job updated: 7437984
	10  -  MemoryUsage of job (MB)
	9424  -  ResidentSetSize of job (KB)
...
006 (8383301.002.000) 07/27 19:02:03 Image size of job updated: 7437984
	10  -  MemoryUsage of job (MB)
	9456  -  ResidentSetSize of job (KB)
...
006 (8383301.002.000) 07/27 19:12:05 Image size of job updated: 7437984
	10  -  MemoryUsage of job (MB)
	9488  -  ResidentSetSize of job (KB)
...
006 (8383301.002.000) 07/27 19:17:05 Image size of job updated: 7437984
	10  -  MemoryUsage of job (MB)
	9536  -  ResidentSetSize of job (KB)
...
006 (8383301.002.000) 07/27 19:22:05 Image size of job updated: 7437984
	10  -  MemoryUsage of job (MB)
	9568  -  ResidentSetSize of job (KB)
...
006 (8383301.002.000) 07/27 19:32:07 Image size of job updated: 7437984
	10  -  MemoryUsage of job (MB)
	9600  -  ResidentSetSize of job (KB)
...
006 (8383301.002.000) 07/27 19:42:08 Image size of job updated: 7437984
	10  -  MemoryUsage of job (MB)
	9632  -  ResidentSetSize of job (KB)
...
006 (8383301.002.000) 07/27 19:47:09 Image size of job updated: 7437984
	10  -  MemoryUsage of job (MB)
	9680  -  ResidentSetSize of job (KB)
...
006 (8383301.002.000) 07/27 19:57:09 Image size of job updated: 7437984
	10  -  MemoryUsage of job (MB)
	9712  -  ResidentSetSize of job (KB)
...
006 (8383301.002.000) 07/27 20:07:11 Image size of job updated: 7437984
	10  -  MemoryUsage of job (MB)
	9744  -  ResidentSetSize of job (KB)
...
006 (8383301.002.000) 07/27 20:12:11 Image size of job updated: 7437984
	10  -  MemoryUsage of job (MB)
	9776  -  ResidentSetSize of job (KB)
...
006 (8383301.002.000) 07/27 20:22:13 Image size of job updated: 7437984
	10  -  MemoryUsage of job (MB)
	9824  -  ResidentSetSize of job (KB)
...
006 (8383301.002.000) 07/27 20:27:13 Image size of job updated: 7437984
	10  -  MemoryUsage of job (MB)
	9856  -  ResidentSetSize of job (KB)
...
006 (8383301.002.000) 07/27 20:37:15 Image size of job updated: 7437984
	10  -  MemoryUsage of job (MB)
	9888  -  ResidentSetSize of job (KB)
...
006 (8383301.002.000) 07/27 20:42:15 Image size of job updated: 7437984
	10  -  MemoryUsage of job (MB)
	9920  -  ResidentSetSize of job (KB)
...
006 (8383301.002.000) 07/27 20:52:16 Image size of job updated: 7437984
	10  -  MemoryUsage of job (MB)
	9968  -  ResidentSetSize of job (KB)
...
006 (8383301.002.000) 07/27 20:57:17 Image size of job updated: 7437984
	10  -  MemoryUsage of job (MB)
	10000  -  ResidentSetSize of job (KB)
...
006 (8383301.002.000) 07/27 21:07:18 Image size of job updated: 7437984
	10  -  MemoryUsage of job (MB)
	10032  -  ResidentSetSize of job (KB)
...
006 (8383301.002.000) 07/27 21:12:19 Image size of job updated: 7437984
	10  -  MemoryUsage of job (MB)
	10064  -  ResidentSetSize of job (KB)
...
006 (8383301.002.000) 07/27 21:22:20 Image size of job updated: 7437984
	10  -  MemoryUsage of job (MB)
	10112  -  ResidentSetSize of job (KB)
...
006 (8383301.002.000) 07/27 21:32:21 Image size of job updated: 7437984
	10  -  MemoryUsage of job (MB)
	10144  -  ResidentSetSize of job (KB)
...
006 (8383301.002.000) 07/27 21:37:21 Image size of job updated: 7437984
	10  -  MemoryUsage of job (MB)
	10176  -  ResidentSetSize of job (KB)
...
006 (8383301.002.000) 07/27 21:42:23 Image size of job updated: 7437984
	10  -  MemoryUsage of job (MB)
	10208  -  ResidentSetSize of job (KB)
...
006 (8383301.002.000) 07/27 21:52:23 Image size of job updated: 7437984
	11  -  MemoryUsage of job (MB)
	10256  -  ResidentSetSize of job (KB)
...
006 (8383301.002.000) 07/27 21:57:24 Image size of job updated: 7437984
	11  -  MemoryUsage of job (MB)
	10288  -  ResidentSetSize of job (KB)
...
006 (8383301.002.000) 07/27 22:02:25 Image size of job updated: 7437984
	11  -  MemoryUsage of job (MB)
	10320  -  ResidentSetSize of job (KB)
...
006 (8383301.002.000) 07/27 22:12:25 Image size of job updated: 7437984
	11  -  MemoryUsage of job (MB)
	10352  -  ResidentSetSize of job (KB)
...
006 (8383301.002.000) 07/27 22:17:26 Image size of job updated: 7437984
	11  -  MemoryUsage of job (MB)
	10400  -  ResidentSetSize of job (KB)
...
006 (8383301.002.000) 07/27 22:27:27 Image size of job updated: 7437984
	11  -  MemoryUsage of job (MB)
	10432  -  ResidentSetSize of job (KB)
...
006 (8383301.002.000) 07/27 22:32:27 Image size of job updated: 7437984
	11  -  MemoryUsage of job (MB)
	10464  -  ResidentSetSize of job (KB)
...
006 (8383301.002.000) 07/27 22:37:28 Image size of job updated: 7437984
	11  -  MemoryUsage of job (MB)
	10496  -  ResidentSetSize of job (KB)
...
006 (8383301.002.000) 07/27 22:47:28 Image size of job updated: 7437984
	11  -  MemoryUsage of job (MB)
	10544  -  ResidentSetSize of job (KB)
...
006 (8383301.002.000) 07/27 22:52:29 Image size of job updated: 7437984
	11  -  MemoryUsage of job (MB)
	10576  -  ResidentSetSize of job (KB)
...
006 (8383301.002.000) 07/27 22:57:30 Image size of job updated: 7437984
	11  -  MemoryUsage of job (MB)
	10608  -  ResidentSetSize of job (KB)
...
006 (8383301.002.000) 07/27 23:07:30 Image size of job updated: 7437984
	11  -  MemoryUsage of job (MB)
	10640  -  ResidentSetSize of job (KB)
...
006 (8383301.002.000) 07/27 23:12:31 Image size of job updated: 7437984
	11  -  MemoryUsage of job (MB)
	10688  -  ResidentSetSize of job (KB)
...
006 (8383301.002.000) 07/27 23:22:32 Image size of job updated: 7437984
	11  -  MemoryUsage of job (MB)
	10720  -  ResidentSetSize of job (KB)
...
006 (8383301.002.000) 07/27 23:27:32 Image size of job updated: 7437984
	11  -  MemoryUsage of job (MB)
	10752  -  ResidentSetSize of job (KB)
...
006 (8383301.002.000) 07/27 23:32:33 Image size of job updated: 7437984
	11  -  MemoryUsage of job (MB)
	10784  -  ResidentSetSize of job (KB)
...
006 (8383301.002.000) 07/27 23:42:33 Image size of job updated: 7437984
	11  -  MemoryUsage of job (MB)
	10832  -  ResidentSetSize of job (KB)
...
006 (8383301.002.000) 07/27 23:47:34 Image size of job updated: 7437984
	11  -  MemoryUsage of job (MB)
	10864  -  ResidentSetSize of job (KB)
...
006 (8383301.002.000) 07/27 23:52:35 Image size of job updated: 7437984
	11  -  MemoryUsage of job (MB)
	10896  -  ResidentSetSize of job (KB)
...
006 (8383301.002.000) 07/28 00:02:36 Image size of job updated: 7437984
	11  -  MemoryUsage of job (MB)
	10928  -  ResidentSetSize of job (KB)
...
006 (8383301.002.000) 07/28 00:07:37 Image size of job updated: 7437984
	11  -  MemoryUsage of job (MB)
	10976  -  ResidentSetSize of job (KB)
...
006 (8383301.002.000) 07/28 00:12:37 Image size of job updated: 7437984
	11  -  MemoryUsage of job (MB)
	11008  -  ResidentSetSize of job (KB)
...
006 (8383301.002.000) 07/28 00:17:37 Image size of job updated: 7437984
	11  -  MemoryUsage of job (MB)
	11040  -  ResidentSetSize of job (KB)
...
006 (8383301.002.000) 07/28 00:27:38 Image size of job updated: 7437984
	11  -  MemoryUsage of job (MB)
	11072  -  ResidentSetSize of job (KB)
...
006 (8383301.002.000) 07/28 00:32:38 Image size of job updated: 7437984
	11  -  MemoryUsage of job (MB)
	11120  -  ResidentSetSize of job (KB)
...
006 (8383301.002.000) 07/28 00:42:40 Image size of job updated: 7437984
	11  -  MemoryUsage of job (MB)
	11152  -  ResidentSetSize of job (KB)
...
006 (8383301.002.000) 07/28 00:52:40 Image size of job updated: 7437984
	11  -  MemoryUsage of job (MB)
	11184  -  ResidentSetSize of job (KB)
...
006 (8383301.002.000) 07/28 00:57:41 Image size of job updated: 7437984
	11  -  MemoryUsage of job (MB)
	11216  -  ResidentSetSize of job (KB)
...
006 (8383301.002.000) 07/28 01:07:41 Image size of job updated: 7437984
	11  -  MemoryUsage of job (MB)
	11264  -  ResidentSetSize of job (KB)
...
006 (8383301.002.000) 07/28 01:17:43 Image size of job updated: 7437984
	12  -  MemoryUsage of job (MB)
	11296  -  ResidentSetSize of job (KB)
...
006 (8383301.002.000) 07/28 01:27:44 Image size of job updated: 7437984
	12  -  MemoryUsage of job (MB)
	11328  -  ResidentSetSize of job (KB)
...
006 (8383301.002.000) 07/28 01:37:45 Image size of job updated: 7437984
	12  -  MemoryUsage of job (MB)
	11360  -  ResidentSetSize of job (KB)
...
006 (8383301.002.000) 07/28 01:42:45 Image size of job updated: 7437984
	12  -  MemoryUsage of job (MB)
	11408  -  ResidentSetSize of job (KB)
...
006 (8383301.002.000) 07/28 01:52:46 Image size of job updated: 7437984
	12  -  MemoryUsage of job (MB)
	11440  -  ResidentSetSize of job (KB)
...
006 (8383301.002.000) 07/28 02:02:47 Image size of job updated: 7437984
	12  -  MemoryUsage of job (MB)
	11472  -  ResidentSetSize of job (KB)
...
006 (8383301.002.000) 07/28 02:07:48 Image size of job updated: 7437984
	12  -  MemoryUsage of job (MB)
	11504  -  ResidentSetSize of job (KB)
...
006 (8383301.002.000) 07/28 02:17:49 Image size of job updated: 7437984
	12  -  MemoryUsage of job (MB)
	11552  -  ResidentSetSize of job (KB)
...
006 (8383301.002.000) 07/28 02:22:50 Image size of job updated: 7437984
	12  -  MemoryUsage of job (MB)
	11584  -  ResidentSetSize of job (KB)
...
006 (8383301.002.000) 07/28 02:32:50 Image size of job updated: 7437984
	12  -  MemoryUsage of job (MB)
	11616  -  ResidentSetSize of job (KB)
...
006 (8383301.002.000) 07/28 02:42:52 Image size of job updated: 7437984
	12  -  MemoryUsage of job (MB)
	11648  -  ResidentSetSize of job (KB)
...
006 (8383301.002.000) 07/28 02:47:52 Image size of job updated: 7437984
	12  -  MemoryUsage of job (MB)
	11696  -  ResidentSetSize of job (KB)
...
006 (8383301.002.000) 07/28 02:57:54 Image size of job updated: 7437984
	12  -  MemoryUsage of job (MB)
	11728  -  ResidentSetSize of job (KB)
...
006 (8383301.002.000) 07/28 03:02:54 Image size of job updated: 7437984
	12  -  MemoryUsage of job (MB)
	11760  -  ResidentSetSize of job (KB)
...
006 (8383301.002.000) 07/28 03:12:55 Image size of job updated: 7437984
	12  -  MemoryUsage of job (MB)
	11792  -  ResidentSetSize of job (KB)
...
006 (8383301.002.000) 07/28 03:17:55 Image size of job updated: 7437984
	12  -  MemoryUsage of job (MB)
	11840  -  ResidentSetSize of job (KB)
...
006 (8383301.002.000) 07/28 03:27:56 Image size of job updated: 7437984
	12  -  MemoryUsage of job (MB)
	11872  -  ResidentSetSize of job (KB)
...
006 (8383301.002.000) 07/28 03:32:57 Image size of job updated: 7437984
	12  -  MemoryUsage of job (MB)
	11904  -  ResidentSetSize of job (KB)
...
006 (8383301.002.000) 07/28 03:42:58 Image size of job updated: 7437984
	12  -  MemoryUsage of job (MB)
	11936  -  ResidentSetSize of job (KB)
...
006 (8383301.002.000) 07/28 03:47:59 Image size of job updated: 7437984
	12  -  MemoryUsage of job (MB)
	11984  -  ResidentSetSize of job (KB)
...
006 (8383301.002.000) 07/28 03:57:59 Image size of job updated: 7437984
	12  -  MemoryUsage of job (MB)
	12016  -  ResidentSetSize of job (KB)
...
006 (8383301.002.000) 07/28 04:08:01 Image size of job updated: 7437984
	12  -  MemoryUsage of job (MB)
	12048  -  ResidentSetSize of job (KB)
...
006 (8383301.002.000) 07/28 04:13:01 Image size of job updated: 7437984
	12  -  MemoryUsage of job (MB)
	12080  -  ResidentSetSize of job (KB)
...
006 (8383301.002.000) 07/28 04:23:02 Image size of job updated: 7437984
	12  -  MemoryUsage of job (MB)
	12128  -  ResidentSetSize of job (KB)
...
006 (8383301.002.000) 07/28 04:28:02 Image size of job updated: 7437984
	12  -  MemoryUsage of job (MB)
	12160  -  ResidentSetSize of job (KB)
...
006 (8383301.002.000) 07/28 04:38:03 Image size of job updated: 7437984
	12  -  MemoryUsage of job (MB)
	12192  -  ResidentSetSize of job (KB)
...
006 (8383301.002.000) 07/28 04:43:04 Image size of job updated: 7437984
	12  -  MemoryUsage of job (MB)
	12224  -  ResidentSetSize of job (KB)
...
006 (8383301.002.000) 07/28 04:53:05 Image size of job updated: 7437984
	12  -  MemoryUsage of job (MB)
	12272  -  ResidentSetSize of job (KB)
...
006 (8383301.002.000) 07/28 04:58:06 Image size of job updated: 7437984
	13  -  MemoryUsage of job (MB)
	12304  -  ResidentSetSize of job (KB)
...
006 (8383301.002.000) 07/28 05:08:07 Image size of job updated: 7437984
	13  -  MemoryUsage of job (MB)
	12336  -  ResidentSetSize of job (KB)
...
006 (8383301.002.000) 07/28 05:13:08 Image size of job updated: 7437984
	13  -  MemoryUsage of job (MB)
	12368  -  ResidentSetSize of job (KB)
...
006 (8383301.002.000) 07/28 05:23:08 Image size of job updated: 7437984
	13  -  MemoryUsage of job (MB)
	12416  -  ResidentSetSize of job (KB)
...
006 (8383301.002.000) 07/28 05:28:10 Image size of job updated: 7437984
	13  -  MemoryUsage of job (MB)
	12448  -  ResidentSetSize of job (KB)
...
006 (8383301.002.000) 07/28 05:38:10 Image size of job updated: 7437984
	13  -  MemoryUsage of job (MB)
	12480  -  ResidentSetSize of job (KB)
...
006 (8383301.002.000) 07/28 05:43:11 Image size of job updated: 7437984
	13  -  MemoryUsage of job (MB)
	12512  -  ResidentSetSize of job (KB)
...
006 (8383301.002.000) 07/28 05:48:12 Image size of job updated: 7437984
	13  -  MemoryUsage of job (MB)
	12560  -  ResidentSetSize of job (KB)
...
006 (8383301.002.000) 07/28 05:58:12 Image size of job updated: 7437984
	13  -  MemoryUsage of job (MB)
	12592  -  ResidentSetSize of job (KB)
...
006 (8383301.002.000) 07/28 06:03:13 Image size of job updated: 7437984
	13  -  MemoryUsage of job (MB)
	12624  -  ResidentSetSize of job (KB)
...
006 (8383301.002.000) 07/28 06:08:13 Image size of job updated: 7437984
	13  -  MemoryUsage of job (MB)
	12656  -  ResidentSetSize of job (KB)
...
006 (8383301.002.000) 07/28 06:18:14 Image size of job updated: 7437984
	13  -  MemoryUsage of job (MB)
	12704  -  ResidentSetSize of job (KB)
...
006 (8383301.002.000) 07/28 06:23:15 Image size of job updated: 7437984
	13  -  MemoryUsage of job (MB)
	12736  -  ResidentSetSize of job (KB)
...
006 (8383301.002.000) 07/28 06:33:16 Image size of job updated: 7437984
	13  -  MemoryUsage of job (MB)
	12768  -  ResidentSetSize of job (KB)
...
006 (8383301.002.000) 07/28 06:38:17 Image size of job updated: 7437984
	13  -  MemoryUsage of job (MB)
	12800  -  ResidentSetSize of job (KB)
...
006 (8383301.002.000) 07/28 06:43:17 Image size of job updated: 7437984
	13  -  MemoryUsage of job (MB)
	12848  -  ResidentSetSize of job (KB)
...
006 (8383301.002.000) 07/28 06:53:19 Image size of job updated: 7437984
	13  -  MemoryUsage of job (MB)
	12880  -  ResidentSetSize of job (KB)
...
006 (8383301.002.000) 07/28 06:58:19 Image size of job updated: 7437984
	13  -  MemoryUsage of job (MB)
	12912  -  ResidentSetSize of job (KB)
...
006 (8383301.002.000) 07/28 07:08:20 Image size of job updated: 7437984
	13  -  MemoryUsage of job (MB)
	12944  -  ResidentSetSize of job (KB)
...
006 (8383301.002.000) 07/28 07:13:21 Image size of job updated: 7437984
	13  -  MemoryUsage of job (MB)
	12992  -  ResidentSetSize of job (KB)
...
006 (8383301.002.000) 07/28 07:23:22 Image size of job updated: 7437984
	13  -  MemoryUsage of job (MB)
	13024  -  ResidentSetSize of job (KB)
...
006 (8383301.002.000) 07/28 07:28:23 Image size of job updated: 7437984
	13  -  MemoryUsage of job (MB)
	13056  -  ResidentSetSize of job (KB)
...
006 (8383301.002.000) 07/28 07:38:23 Image size of job updated: 7437984
	13  -  MemoryUsage of job (MB)
	13088  -  ResidentSetSize of job (KB)
...
006 (8383301.002.000) 07/28 07:48:25 Image size of job updated: 7437984
	13  -  MemoryUsage of job (MB)
	13136  -  ResidentSetSize of job (KB)
...
006 (8383301.002.000) 07/28 07:53:25 Image size of job updated: 7437984
	13  -  MemoryUsage of job (MB)
	13168  -  ResidentSetSize of job (KB)
...
006 (8383301.002.000) 07/28 08:03:27 Image size of job updated: 7437984
	13  -  MemoryUsage of job (MB)
	13200  -  ResidentSetSize of job (KB)
...
006 (8383301.002.000) 07/28 08:13:27 Image size of job updated: 7437984
	13  -  MemoryUsage of job (MB)
	13232  -  ResidentSetSize of job (KB)
...
006 (8383301.002.000) 07/28 08:18:28 Image size of job updated: 7437984
	13  -  MemoryUsage of job (MB)
	13280  -  ResidentSetSize of job (KB)
...
006 (8383301.002.000) 07/28 08:28:29 Image size of job updated: 7437984
	13  -  MemoryUsage of job (MB)
	13312  -  ResidentSetSize of job (KB)
...
006 (8383301.002.000) 07/28 08:33:29 Image size of job updated: 7437984
	14  -  MemoryUsage of job (MB)
	13344  -  ResidentSetSize of job (KB)
...
006 (8383301.002.000) 07/28 08:43:30 Image size of job updated: 7437984
	14  -  MemoryUsage of job (MB)
	13376  -  ResidentSetSize of job (KB)
...
006 (8383301.002.000) 07/28 08:48:30 Image size of job updated: 7437984
	14  -  MemoryUsage of job (MB)
	13424  -  ResidentSetSize of job (KB)
...
006 (8383301.002.000) 07/28 08:58:32 Image size of job updated: 7437984
	14  -  MemoryUsage of job (MB)
	13456  -  ResidentSetSize of job (KB)
...
006 (8383301.002.000) 07/28 09:08:32 Image size of job updated: 7437984
	14  -  MemoryUsage of job (MB)
	13488  -  ResidentSetSize of job (KB)
...
006 (8383301.002.000) 07/28 09:13:34 Image size of job updated: 7437984
	14  -  MemoryUsage of job (MB)
	13520  -  ResidentSetSize of job (KB)
...
006 (8383301.002.000) 07/28 09:23:34 Image size of job updated: 7437984
	14  -  MemoryUsage of job (MB)
	13568  -  ResidentSetSize of job (KB)
...
006 (8383301.002.000) 07/28 09:33:36 Image size of job updated: 7437984
	14  -  MemoryUsage of job (MB)
	13600  -  ResidentSetSize of job (KB)
...
006 (8383301.002.000) 07/28 09:38:36 Image size of job updated: 7437984
	14  -  MemoryUsage of job (MB)
	13632  -  ResidentSetSize of job (KB)
...
006 (8383301.002.000) 07/28 09:48:38 Image size of job updated: 7437984
	14  -  MemoryUsage of job (MB)
	13664  -  ResidentSetSize of job (KB)
...
006 (8383301.002.000) 07/28 09:58:38 Image size of job updated: 7437984
	14  -  MemoryUsage of job (MB)
	13712  -  ResidentSetSize of job (KB)
...
006 (8383301.002.000) 07/28 10:03:39 Image size of job updated: 7437984
	14  -  MemoryUsage of job (MB)
	13744  -  ResidentSetSize of job (KB)
...
006 (8383301.002.000) 07/28 10:13:40 Image size of job updated: 7437984
	14  -  MemoryUsage of job (MB)
	13776  -  ResidentSetSize of job (KB)
...
006 (8383301.002.000) 07/28 10:23:42 Image size of job updated: 7437984
	14  -  MemoryUsage of job (MB)
	13808  -  ResidentSetSize of job (KB)
...
006 (8383301.002.000) 07/28 10:28:42 Image size of job updated: 7437984
	14  -  MemoryUsage of job (MB)
	13856  -  ResidentSetSize of job (KB)
...
006 (8383301.002.000) 07/28 10:38:43 Image size of job updated: 7437984
	14  -  MemoryUsage of job (MB)
	13888  -  ResidentSetSize of job (KB)
...
006 (8383301.002.000) 07/28 10:48:43 Image size of job updated: 7437984
	14  -  MemoryUsage of job (MB)
	13920  -  ResidentSetSize of job (KB)
...
006 (8383301.002.000) 07/28 10:53:44 Image size of job updated: 7437984
	14  -  MemoryUsage of job (MB)
	13952  -  ResidentSetSize of job (KB)
...
006 (8383301.002.000) 07/28 11:03:45 Image size of job updated: 7437984
	14  -  MemoryUsage of job (MB)
	14000  -  ResidentSetSize of job (KB)
...
006 (8383301.002.000) 07/28 11:08:46 Image size of job updated: 7437984
	14  -  MemoryUsage of job (MB)
	14032  -  ResidentSetSize of job (KB)
...
006 (8383301.002.000) 07/28 11:18:47 Image size of job updated: 7437984
	14  -  MemoryUsage of job (MB)
	14064  -  ResidentSetSize of job (KB)
...
006 (8383301.002.000) 07/28 11:28:48 Image size of job updated: 7437984
	14  -  MemoryUsage of job (MB)
	14096  -  ResidentSetSize of job (KB)
...
006 (8383301.002.000) 07/28 11:33:48 Image size of job updated: 7437984
	14  -  MemoryUsage of job (MB)
	14144  -  ResidentSetSize of job (KB)
...
006 (8383301.002.000) 07/28 11:43:49 Image size of job updated: 7437984
	14  -  MemoryUsage of job (MB)
	14176  -  ResidentSetSize of job (KB)
...
006 (8383301.002.000) 07/28 11:48:50 Image size of job updated: 7437984
	14  -  MemoryUsage of job (MB)
	14208  -  ResidentSetSize of job (KB)
...
006 (8383301.002.000) 07/28 11:58:50 Image size of job updated: 7437984
	14  -  MemoryUsage of job (MB)
	14240  -  ResidentSetSize of job (KB)
...
006 (8383301.002.000) 07/28 12:03:51 Image size of job updated: 7437984
	14  -  MemoryUsage of job (MB)
	14288  -  ResidentSetSize of job (KB)
...
006 (8383301.002.000) 07/28 12:13:51 Image size of job updated: 7437984
	14  -  MemoryUsage of job (MB)
	14320  -  ResidentSetSize of job (KB)
...
006 (8383301.002.000) 07/28 12:23:53 Image size of job updated: 7437984
	15  -  MemoryUsage of job (MB)
	14352  -  ResidentSetSize of job (KB)
...
006 (8383301.002.000) 07/28 12:28:53 Image size of job updated: 7437984
	15  -  MemoryUsage of job (MB)
	14384  -  ResidentSetSize of job (KB)
...
006 (8383301.002.000) 07/28 12:38:55 Image size of job updated: 7437984
	15  -  MemoryUsage of job (MB)
	14432  -  ResidentSetSize of job (KB)
...
006 (8383301.002.000) 07/28 12:48:56 Image size of job updated: 7437984
	15  -  MemoryUsage of job (MB)
	14464  -  ResidentSetSize of job (KB)
...
006 (8383301.002.000) 07/28 12:58:57 Image size of job updated: 7437984
	15  -  MemoryUsage of job (MB)
	14496  -  ResidentSetSize of job (KB)
...
006 (8383301.002.000) 07/28 13:03:57 Image size of job updated: 7437984
	15  -  MemoryUsage of job (MB)
	14528  -  ResidentSetSize of job (KB)
...
006 (8383301.002.000) 07/28 13:13:59 Image size of job updated: 7437984
	15  -  MemoryUsage of job (MB)
	14576  -  ResidentSetSize of job (KB)
...
006 (8383301.002.000) 07/28 13:24:00 Image size of job updated: 7437984
	15  -  MemoryUsage of job (MB)
	14608  -  ResidentSetSize of job (KB)
...
006 (8383301.002.000) 07/28 13:29:01 Image size of job updated: 7437984
	15  -  MemoryUsage of job (MB)
	14640  -  ResidentSetSize of job (KB)
...
006 (8383301.002.000) 07/28 13:34:01 Image size of job updated: 7437984
	15  -  MemoryUsage of job (MB)
	14672  -  ResidentSetSize of job (KB)
...
006 (8383301.002.000) 07/28 13:44:03 Image size of job updated: 7437984
	15  -  MemoryUsage of job (MB)
	14720  -  ResidentSetSize of job (KB)
...
006 (8383301.002.000) 07/28 13:49:03 Image size of job updated: 7437984
	15  -  MemoryUsage of job (MB)
	14752  -  ResidentSetSize of job (KB)
...
006 (8383301.002.000) 07/28 13:59:04 Image size of job updated: 7437984
	15  -  MemoryUsage of job (MB)
	14784  -  ResidentSetSize of job (KB)
...
006 (8383301.002.000) 07/28 14:04:05 Image size of job updated: 7437984
	15  -  MemoryUsage of job (MB)
	14816  -  ResidentSetSize of job (KB)
...
006 (8383301.002.000) 07/28 14:14:05 Image size of job updated: 7437984
	15  -  MemoryUsage of job (MB)
	14864  -  ResidentSetSize of job (KB)
...
006 (8383301.002.000) 07/28 14:19:06 Image size of job updated: 7437984
	15  -  MemoryUsage of job (MB)
	14896  -  ResidentSetSize of job (KB)
...
006 (8383301.002.000) 07/28 14:24:06 Image size of job updated: 7437984
	15  -  MemoryUsage of job (MB)
	14928  -  ResidentSetSize of job (KB)
...
006 (8383301.002.000) 07/28 14:34:07 Image size of job updated: 7437984
	15  -  MemoryUsage of job (MB)
	14960  -  ResidentSetSize of job (KB)
...
006 (8383301.002.000) 07/28 14:39:08 Image size of job updated: 7437984
	15  -  MemoryUsage of job (MB)
	15008  -  ResidentSetSize of job (KB)
...
006 (8383301.002.000) 07/28 14:49:08 Image size of job updated: 7437984
	15  -  MemoryUsage of job (MB)
	15040  -  ResidentSetSize of job (KB)
...
006 (8383301.002.000) 07/28 14:59:09 Image size of job updated: 7437984
	15  -  MemoryUsage of job (MB)
	15072  -  ResidentSetSize of job (KB)
...
006 (8383301.002.000) 07/28 15:04:09 Image size of job updated: 7437984
	15  -  MemoryUsage of job (MB)
	15104  -  ResidentSetSize of job (KB)
...
006 (8383301.002.000) 07/28 15:09:10 Image size of job updated: 7437984
	15  -  MemoryUsage of job (MB)
	15152  -  ResidentSetSize of job (KB)
...
006 (8383301.002.000) 07/28 15:19:11 Image size of job updated: 7437984
	15  -  MemoryUsage of job (MB)
	15184  -  ResidentSetSize of job (KB)
...
006 (8383301.002.000) 07/28 15:29:12 Image size of job updated: 7437984
	15  -  MemoryUsage of job (MB)
	15216  -  ResidentSetSize of job (KB)
...
006 (8383301.002.000) 07/28 15:34:12 Image size of job updated: 7437984
	15  -  MemoryUsage of job (MB)
	15248  -  ResidentSetSize of job (KB)
...
006 (8383301.002.000) 07/28 15:44:13 Image size of job updated: 7437984
	15  -  MemoryUsage of job (MB)
	15296  -  ResidentSetSize of job (KB)
...
006 (8383301.002.000) 07/28 15:49:14 Image size of job updated: 7437984
	15  -  MemoryUsage of job (MB)
	15328  -  ResidentSetSize of job (KB)
...
006 (8383301.002.000) 07/28 15:59:14 Image size of job updated: 7437984
	15  -  MemoryUsage of job (MB)
	15360  -  ResidentSetSize of job (KB)
...
006 (8383301.002.000) 07/28 16:04:15 Image size of job updated: 7437984
	16  -  MemoryUsage of job (MB)
	15392  -  ResidentSetSize of job (KB)
...
006 (8383301.002.000) 07/28 16:14:16 Image size of job updated: 7437984
	16  -  MemoryUsage of job (MB)
	15440  -  ResidentSetSize of job (KB)
...
006 (8383301.002.000) 07/28 16:24:18 Image size of job updated: 7437984
	16  -  MemoryUsage of job (MB)
	15472  -  ResidentSetSize of job (KB)
...
006 (8383301.002.000) 07/28 16:34:18 Image size of job updated: 7437984
	16  -  MemoryUsage of job (MB)
	15504  -  ResidentSetSize of job (KB)
...
006 (8383301.002.000) 07/28 16:39:19 Image size of job updated: 7437984
	16  -  MemoryUsage of job (MB)
	15536  -  ResidentSetSize of job (KB)
...
006 (8383301.002.000) 07/28 16:49:20 Image size of job updated: 7437984
	16  -  MemoryUsage of job (MB)
	15584  -  ResidentSetSize of job (KB)
...
006 (8383301.002.000) 07/28 16:59:22 Image size of job updated: 7437984
	16  -  MemoryUsage of job (MB)
	15616  -  ResidentSetSize of job (KB)
...
006 (8383301.002.000) 07/28 17:04:22 Image size of job updated: 7437984
	16  -  MemoryUsage of job (MB)
	15648  -  ResidentSetSize of job (KB)
...
006 (8383301.002.000) 07/28 17:09:22 Image size of job updated: 7437984
	16  -  MemoryUsage of job (MB)
	15680  -  ResidentSetSize of job (KB)
...
006 (8383301.002.000) 07/28 17:19:24 Image size of job updated: 7437984
	16  -  MemoryUsage of job (MB)
	15728  -  ResidentSetSize of job (KB)
...
006 (8383301.002.000) 07/28 17:29:25 Image size of job updated: 7437984
	16  -  MemoryUsage of job (MB)
	15760  -  ResidentSetSize of job (KB)
...
006 (8383301.002.000) 07/28 17:34:26 Image size of job updated: 7437984
	16  -  MemoryUsage of job (MB)
	15792  -  ResidentSetSize of job (KB)
...
006 (8383301.002.000) 07/28 17:44:26 Image size of job updated: 7437984
	16  -  MemoryUsage of job (MB)
	15824  -  ResidentSetSize of job (KB)
...
006 (8383301.002.000) 07/28 17:49:27 Image size of job updated: 7437984
	16  -  MemoryUsage of job (MB)
	15872  -  ResidentSetSize of job (KB)
...
006 (8383301.002.000) 07/28 17:54:28 Image size of job updated: 7437984
	16  -  MemoryUsage of job (MB)
	15904  -  ResidentSetSize of job (KB)
...
006 (8383301.002.000) 07/28 18:04:29 Image size of job updated: 7437984
	16  -  MemoryUsage of job (MB)
	15936  -  ResidentSetSize of job (KB)
...
006 (8383301.002.000) 07/28 18:09:30 Image size of job updated: 7437984
	16  -  MemoryUsage of job (MB)
	15968  -  ResidentSetSize of job (KB)
...
006 (8383301.002.000) 07/28 18:19:30 Image size of job updated: 7437984
	16  -  MemoryUsage of job (MB)
	16016  -  ResidentSetSize of job (KB)
...
006 (8383301.002.000) 07/28 18:24:31 Image size of job updated: 7437984
	16  -  MemoryUsage of job (MB)
	16048  -  ResidentSetSize of job (KB)
...
006 (8383301.002.000) 07/28 18:34:32 Image size of job updated: 7437984
	16  -  MemoryUsage of job (MB)
	16080  -  ResidentSetSize of job (KB)
...
006 (8383301.002.000) 07/28 18:39:33 Image size of job updated: 7437984
	16  -  MemoryUsage of job (MB)
	16112  -  ResidentSetSize of job (KB)
...
006 (8383301.002.000) 07/28 18:49:34 Image size of job updated: 7437984
	16  -  MemoryUsage of job (MB)
	16160  -  ResidentSetSize of job (KB)
...
006 (8383301.002.000) 07/28 18:54:34 Image size of job updated: 7437984
	16  -  MemoryUsage of job (MB)
	16192  -  ResidentSetSize of job (KB)
...
006 (8383301.002.000) 07/28 18:59:35 Image size of job updated: 7437984
	16  -  MemoryUsage of job (MB)
	16224  -  ResidentSetSize of job (KB)
...
006 (8383301.002.000) 07/28 19:09:36 Image size of job updated: 7437984
	16  -  MemoryUsage of job (MB)
	16256  -  ResidentSetSize of job (KB)
...
006 (8383301.002.000) 07/28 19:14:36 Image size of job updated: 7437984
	16  -  MemoryUsage of job (MB)
	16304  -  ResidentSetSize of job (KB)
...
006 (8383301.002.000) 07/28 19:19:37 Image size of job updated: 7437984
	16  -  MemoryUsage of job (MB)
	16336  -  ResidentSetSize of job (KB)
...
006 (8383301.002.000) 07/28 19:29:37 Image size of job updated: 7437984
	16  -  MemoryUsage of job (MB)
	16368  -  ResidentSetSize of job (KB)
...
006 (8383301.002.000) 07/28 19:34:38 Image size of job updated: 7437984
	17  -  MemoryUsage of job (MB)
	16400  -  ResidentSetSize of job (KB)
...
006 (8383301.002.000) 07/28 19:44:39 Image size of job updated: 7437984
	17  -  MemoryUsage of job (MB)
	16448  -  ResidentSetSize of job (KB)
...
006 (8383301.002.000) 07/28 19:49:39 Image size of job updated: 7437984
	17  -  MemoryUsage of job (MB)
	16480  -  ResidentSetSize of job (KB)
...
006 (8383301.002.000) 07/28 19:59:41 Image size of job updated: 7437984
	17  -  MemoryUsage of job (MB)
	16512  -  ResidentSetSize of job (KB)
...
006 (8383301.002.000) 07/28 20:04:41 Image size of job updated: 7437984
	17  -  MemoryUsage of job (MB)
	16544  -  ResidentSetSize of job (KB)
...
006 (8383301.002.000) 07/28 20:14:42 Image size of job updated: 7437984
	19  -  MemoryUsage of job (MB)
	18636  -  ResidentSetSize of job (KB)
...
006 (8383301.002.000) 07/28 20:19:42 Image size of job updated: 7437984
	19  -  MemoryUsage of job (MB)
	18668  -  ResidentSetSize of job (KB)
...
006 (8383301.002.000) 07/28 20:29:43 Image size of job updated: 7437984
	19  -  MemoryUsage of job (MB)
	18700  -  ResidentSetSize of job (KB)
...
006 (8383301.002.000) 07/28 20:34:44 Image size of job updated: 7437984
	19  -  MemoryUsage of job (MB)
	18732  -  ResidentSetSize of job (KB)
...
006 (8383301.002.000) 07/28 20:44:45 Image size of job updated: 7437984
	19  -  MemoryUsage of job (MB)
	18776  -  ResidentSetSize of job (KB)
...
006 (8383301.002.000) 07/28 20:54:46 Image size of job updated: 7437984
	19  -  MemoryUsage of job (MB)
	18808  -  ResidentSetSize of job (KB)
...
006 (8383301.002.000) 07/28 20:59:46 Image size of job updated: 7437984
	19  -  MemoryUsage of job (MB)
	18840  -  ResidentSetSize of job (KB)
...
006 (8383301.002.000) 07/28 21:04:47 Image size of job updated: 7437984
	19  -  MemoryUsage of job (MB)
	18872  -  ResidentSetSize of job (KB)
...
006 (8383301.002.000) 07/28 21:14:47 Image size of job updated: 7437984
	19  -  MemoryUsage of job (MB)
	18916  -  ResidentSetSize of job (KB)
...
006 (8383301.002.000) 07/28 21:19:48 Image size of job updated: 7437984
	19  -  MemoryUsage of job (MB)
	18948  -  ResidentSetSize of job (KB)
...
006 (8383301.002.000) 07/28 21:24:49 Image size of job updated: 7437984
	19  -  MemoryUsage of job (MB)
	18980  -  ResidentSetSize of job (KB)
...
006 (8383301.002.000) 07/28 21:34:49 Image size of job updated: 7437984
	19  -  MemoryUsage of job (MB)
	19012  -  ResidentSetSize of job (KB)
...
006 (8383301.002.000) 07/28 21:39:50 Image size of job updated: 7437984
	19  -  MemoryUsage of job (MB)
	19056  -  ResidentSetSize of job (KB)
...
006 (8383301.002.000) 07/28 21:49:50 Image size of job updated: 7437984
	19  -  MemoryUsage of job (MB)
	19088  -  ResidentSetSize of job (KB)
...
006 (8383301.002.000) 07/28 21:54:51 Image size of job updated: 7437984
	19  -  MemoryUsage of job (MB)
	19120  -  ResidentSetSize of job (KB)
...
006 (8383301.002.000) 07/28 22:04:52 Image size of job updated: 7437984
	19  -  MemoryUsage of job (MB)
	19152  -  ResidentSetSize of job (KB)
...
006 (8383301.002.000) 07/28 22:09:52 Image size of job updated: 7437984
	19  -  MemoryUsage of job (MB)
	19196  -  ResidentSetSize of job (KB)
...
006 (8383301.002.000) 07/28 22:19:53 Image size of job updated: 7437984
	19  -  MemoryUsage of job (MB)
	19228  -  ResidentSetSize of job (KB)
...
006 (8383301.002.000) 07/28 22:24:53 Image size of job updated: 7437984
	19  -  MemoryUsage of job (MB)
	19260  -  ResidentSetSize of job (KB)
...
006 (8383301.002.000) 07/28 22:34:54 Image size of job updated: 7437984
	19  -  MemoryUsage of job (MB)
	19292  -  ResidentSetSize of job (KB)
...
006 (8383301.002.000) 07/28 22:39:54 Image size of job updated: 7437984
	19  -  MemoryUsage of job (MB)
	19336  -  ResidentSetSize of job (KB)
...
006 (8383301.002.000) 07/28 22:49:56 Image size of job updated: 7437984
	19  -  MemoryUsage of job (MB)
	19368  -  ResidentSetSize of job (KB)
...
006 (8383301.002.000) 07/28 22:59:56 Image size of job updated: 7437984
	19  -  MemoryUsage of job (MB)
	19400  -  ResidentSetSize of job (KB)
...
006 (8383301.002.000) 07/28 23:04:57 Image size of job updated: 7437984
	19  -  MemoryUsage of job (MB)
	19432  -  ResidentSetSize of job (KB)
...
006 (8383301.002.000) 07/28 23:09:57 Image size of job updated: 7437984
	20  -  MemoryUsage of job (MB)
	19476  -  ResidentSetSize of job (KB)
...
006 (8383301.002.000) 07/28 23:19:58 Image size of job updated: 7437984
	20  -  MemoryUsage of job (MB)
	19508  -  ResidentSetSize of job (KB)
...
006 (8383301.002.000) 07/28 23:24:58 Image size of job updated: 7437984
	20  -  MemoryUsage of job (MB)
	19540  -  ResidentSetSize of job (KB)
...
006 (8383301.002.000) 07/28 23:34:59 Image size of job updated: 7437984
	20  -  MemoryUsage of job (MB)
	19572  -  ResidentSetSize of job (KB)
...
006 (8383301.002.000) 07/28 23:40:00 Image size of job updated: 7437984
	20  -  MemoryUsage of job (MB)
	19616  -  ResidentSetSize of job (KB)
...
006 (8383301.002.000) 07/28 23:50:00 Image size of job updated: 7437984
	20  -  MemoryUsage of job (MB)
	19648  -  ResidentSetSize of job (KB)
...
006 (8383301.002.000) 07/28 23:55:01 Image size of job updated: 7437984
	20  -  MemoryUsage of job (MB)
	19680  -  ResidentSetSize of job (KB)
...
006 (8383301.002.000) 07/29 00:05:02 Image size of job updated: 7437984
	20  -  MemoryUsage of job (MB)
	19712  -  ResidentSetSize of job (KB)
...
006 (8383301.002.000) 07/29 00:10:03 Image size of job updated: 7437984
	20  -  MemoryUsage of job (MB)
	19756  -  ResidentSetSize of job (KB)
...
006 (8383301.002.000) 07/29 00:15:04 Image size of job updated: 7437984
	20  -  MemoryUsage of job (MB)
	19788  -  ResidentSetSize of job (KB)
...
006 (8383301.002.000) 07/29 00:25:04 Image size of job updated: 7437984
	20  -  MemoryUsage of job (MB)
	19820  -  ResidentSetSize of job (KB)
...
006 (8383301.002.000) 07/29 00:30:05 Image size of job updated: 7437984
	20  -  MemoryUsage of job (MB)
	19852  -  ResidentSetSize of job (KB)
...
006 (8383301.002.000) 07/29 00:40:06 Image size of job updated: 7437984
	20  -  MemoryUsage of job (MB)
	19896  -  ResidentSetSize of job (KB)
...
006 (8383301.002.000) 07/29 00:45:06 Image size of job updated: 7437984
	20  -  MemoryUsage of job (MB)
	19928  -  ResidentSetSize of job (KB)
...
006 (8383301.002.000) 07/29 00:50:06 Image size of job updated: 7437984
	20  -  MemoryUsage of job (MB)
	19960  -  ResidentSetSize of job (KB)
...
006 (8383301.002.000) 07/29 00:55:08 Image size of job updated: 7437984
	20  -  MemoryUsage of job (MB)
	19992  -  ResidentSetSize of job (KB)
...
006 (8383301.002.000) 07/29 01:00:08 Image size of job updated: 7437984
	20  -  MemoryUsage of job (MB)
	20036  -  ResidentSetSize of job (KB)
...
006 (8383301.002.000) 07/29 01:10:09 Image size of job updated: 7437984
	20  -  MemoryUsage of job (MB)
	20068  -  ResidentSetSize of job (KB)
...
006 (8383301.002.000) 07/29 01:15:10 Image size of job updated: 7437984
	20  -  MemoryUsage of job (MB)
	20100  -  ResidentSetSize of job (KB)
...
006 (8383301.002.000) 07/29 01:25:10 Image size of job updated: 7437984
	20  -  MemoryUsage of job (MB)
	20132  -  ResidentSetSize of job (KB)
...
006 (8383301.002.000) 07/29 01:30:11 Image size of job updated: 7437984
	20  -  MemoryUsage of job (MB)
	20176  -  ResidentSetSize of job (KB)
...
006 (8383301.002.000) 07/29 01:35:11 Image size of job updated: 7437984
	20  -  MemoryUsage of job (MB)
	20208  -  ResidentSetSize of job (KB)
...
006 (8383301.002.000) 07/29 01:45:12 Image size of job updated: 7437984
	20  -  MemoryUsage of job (MB)
	20240  -  ResidentSetSize of job (KB)
...
006 (8383301.002.000) 07/29 01:50:13 Image size of job updated: 7437984
	20  -  MemoryUsage of job (MB)
	20272  -  ResidentSetSize of job (KB)
...
006 (8383301.002.000) 07/29 01:55:13 Image size of job updated: 7437984
	20  -  MemoryUsage of job (MB)
	20316  -  ResidentSetSize of job (KB)
...
006 (8383301.002.000) 07/29 02:05:15 Image size of job updated: 7437984
	20  -  MemoryUsage of job (MB)
	20348  -  ResidentSetSize of job (KB)
...
006 (8383301.002.000) 07/29 02:10:15 Image size of job updated: 7437984
	20  -  MemoryUsage of job (MB)
	20380  -  ResidentSetSize of job (KB)
...
006 (8383301.002.000) 07/29 02:15:15 Image size of job updated: 7437984
	20  -  MemoryUsage of job (MB)
	20412  -  ResidentSetSize of job (KB)
...
006 (8383301.002.000) 07/29 02:25:17 Image size of job updated: 7437984
	20  -  MemoryUsage of job (MB)
	20456  -  ResidentSetSize of job (KB)
...
006 (8383301.002.000) 07/29 02:30:17 Image size of job updated: 7437984
	21  -  MemoryUsage of job (MB)
	20488  -  ResidentSetSize of job (KB)
...
006 (8383301.002.000) 07/29 02:40:18 Image size of job updated: 7437984
	21  -  MemoryUsage of job (MB)
	20520  -  ResidentSetSize of job (KB)
...
006 (8383301.002.000) 07/29 02:45:19 Image size of job updated: 7437984
	21  -  MemoryUsage of job (MB)
	20552  -  ResidentSetSize of job (KB)
...
006 (8383301.002.000) 07/29 02:55:20 Image size of job updated: 7437984
	21  -  MemoryUsage of job (MB)
	20596  -  ResidentSetSize of job (KB)
...
006 (8383301.002.000) 07/29 03:00:21 Image size of job updated: 7437984
	21  -  MemoryUsage of job (MB)
	20628  -  ResidentSetSize of job (KB)
...
006 (8383301.002.000) 07/29 03:05:21 Image size of job updated: 7437984
	21  -  MemoryUsage of job (MB)
	20660  -  ResidentSetSize of job (KB)
...
006 (8383301.002.000) 07/29 03:15:22 Image size of job updated: 7437984
	21  -  MemoryUsage of job (MB)
	20692  -  ResidentSetSize of job (KB)
...
006 (8383301.002.000) 07/29 03:20:23 Image size of job updated: 7437984
	21  -  MemoryUsage of job (MB)
	20736  -  ResidentSetSize of job (KB)
...
006 (8383301.002.000) 07/29 03:25:23 Image size of job updated: 7437984
	21  -  MemoryUsage of job (MB)
	20768  -  ResidentSetSize of job (KB)
...
006 (8383301.002.000) 07/29 03:30:23 Image size of job updated: 7437984
	21  -  MemoryUsage of job (MB)
	20800  -  ResidentSetSize of job (KB)
...
006 (8383301.002.000) 07/29 03:35:24 Image size of job updated: 7437984
	21  -  MemoryUsage of job (MB)
	20832  -  ResidentSetSize of job (KB)
...
006 (8383301.002.000) 07/29 03:40:24 Image size of job updated: 7437984
	21  -  MemoryUsage of job (MB)
	20876  -  ResidentSetSize of job (KB)
...
006 (8383301.002.000) 07/29 03:50:25 Image size of job updated: 7437984
	21  -  MemoryUsage of job (MB)
	20908  -  ResidentSetSize of job (KB)
...
006 (8383301.002.000) 07/29 03:55:26 Image size of job updated: 7437984
	21  -  MemoryUsage of job (MB)
	20940  -  ResidentSetSize of job (KB)
...
006 (8383301.002.000) 07/29 04:00:26 Image size of job updated: 7437984
	21  -  MemoryUsage of job (MB)
	20972  -  ResidentSetSize of job (KB)
...
006 (8383301.002.000) 07/29 04:05:26 Image size of job updated: 7437984
	21  -  MemoryUsage of job (MB)
	21016  -  ResidentSetSize of job (KB)
...
006 (8383301.002.000) 07/29 04:15:28 Image size of job updated: 7437984
	21  -  MemoryUsage of job (MB)
	21048  -  ResidentSetSize of job (KB)
...
006 (8383301.002.000) 07/29 04:20:28 Image size of job updated: 7437984
	21  -  MemoryUsage of job (MB)
	21080  -  ResidentSetSize of job (KB)
...
006 (8383301.002.000) 07/29 04:25:28 Image size of job updated: 7437984
	21  -  MemoryUsage of job (MB)
	21112  -  ResidentSetSize of job (KB)
...
006 (8383301.002.000) 07/29 04:35:29 Image size of job updated: 7437984
	21  -  MemoryUsage of job (MB)
	21156  -  ResidentSetSize of job (KB)
...
006 (8383301.002.000) 07/29 04:40:29 Image size of job updated: 7437984
	21  -  MemoryUsage of job (MB)
	21188  -  ResidentSetSize of job (KB)
...
006 (8383301.002.000) 07/29 04:45:29 Image size of job updated: 7437984
	21  -  MemoryUsage of job (MB)
	21220  -  ResidentSetSize of job (KB)
...
006 (8383301.002.000) 07/29 04:55:31 Image size of job updated: 7437984
	21  -  MemoryUsage of job (MB)
	21252  -  ResidentSetSize of job (KB)
...
006 (8383301.002.000) 07/29 05:00:31 Image size of job updated: 7437984
	21  -  MemoryUsage of job (MB)
	21296  -  ResidentSetSize of job (KB)
...
006 (8383301.002.000) 07/29 05:05:32 Image size of job updated: 7437984
	21  -  MemoryUsage of job (MB)
	21328  -  ResidentSetSize of job (KB)
...
006 (8383301.002.000) 07/29 05:15:33 Image size of job updated: 7437984
	25  -  MemoryUsage of job (MB)
	24752  -  ResidentSetSize of job (KB)
...
006 (8383301.002.000) 07/29 05:20:33 Image size of job updated: 7437984
	38  -  MemoryUsage of job (MB)
	38804  -  ResidentSetSize of job (KB)
...
006 (8383301.002.000) 07/29 05:25:34 Image size of job updated: 7437984
	43  -  MemoryUsage of job (MB)
	43884  -  ResidentSetSize of job (KB)
...
006 (8383301.002.000) 07/29 05:30:35 Image size of job updated: 7437984
	43  -  MemoryUsage of job (MB)
	43912  -  ResidentSetSize of job (KB)
...
006 (8383301.002.000) 07/29 05:35:35 Image size of job updated: 7437984
	71  -  MemoryUsage of job (MB)
	71736  -  ResidentSetSize of job (KB)
...
006 (8383301.002.000) 07/29 05:40:36 Image size of job updated: 7437984
	71  -  MemoryUsage of job (MB)
	71744  -  ResidentSetSize of job (KB)
...
006 (8383301.002.000) 07/29 05:50:37 Image size of job updated: 7437984
	72  -  MemoryUsage of job (MB)
	73220  -  ResidentSetSize of job (KB)
...
006 (8383301.002.000) 07/29 05:55:37 Image size of job updated: 7437984
	74  -  MemoryUsage of job (MB)
	75264  -  ResidentSetSize of job (KB)
...
006 (8383301.002.000) 07/29 06:00:38 Image size of job updated: 7437984
	74  -  MemoryUsage of job (MB)
	75276  -  ResidentSetSize of job (KB)
...
006 (8383301.002.000) 07/29 06:05:39 Image size of job updated: 7437984
	74  -  MemoryUsage of job (MB)
	75284  -  ResidentSetSize of job (KB)
...
006 (8383301.002.000) 07/29 06:15:39 Image size of job updated: 7437984
	74  -  MemoryUsage of job (MB)
	75296  -  ResidentSetSize of job (KB)
...
006 (8383301.002.000) 07/29 06:25:40 Image size of job updated: 7437984
	74  -  MemoryUsage of job (MB)
	75312  -  ResidentSetSize of job (KB)
...
006 (8383301.002.000) 07/29 06:35:41 Image size of job updated: 7437984
	74  -  MemoryUsage of job (MB)
	75324  -  ResidentSetSize of job (KB)
...
006 (8383301.002.000) 07/29 06:45:42 Image size of job updated: 7437984
	74  -  MemoryUsage of job (MB)
	75332  -  ResidentSetSize of job (KB)
...
006 (8383301.002.000) 07/29 06:55:43 Image size of job updated: 7437984
	74  -  MemoryUsage of job (MB)
	75344  -  ResidentSetSize of job (KB)
...
006 (8383301.002.000) 07/29 07:00:43 Image size of job updated: 7437984
	74  -  MemoryUsage of job (MB)
	75360  -  ResidentSetSize of job (KB)
...
006 (8383301.002.000) 07/29 07:10:44 Image size of job updated: 7437984
	74  -  MemoryUsage of job (MB)
	75372  -  ResidentSetSize of job (KB)
...
006 (8383301.002.000) 07/29 07:20:45 Image size of job updated: 7437984
	74  -  MemoryUsage of job (MB)
	75380  -  ResidentSetSize of job (KB)
...
006 (8383301.002.000) 07/29 07:25:45 Image size of job updated: 7437984
	74  -  MemoryUsage of job (MB)
	75392  -  ResidentSetSize of job (KB)
...
006 (8383301.002.000) 07/29 07:35:46 Image size of job updated: 7437984
	74  -  MemoryUsage of job (MB)
	75408  -  ResidentSetSize of job (KB)
...
006 (8383301.002.000) 07/29 07:40:46 Image size of job updated: 7437984
	74  -  MemoryUsage of job (MB)
	75420  -  ResidentSetSize of job (KB)
...
006 (8383301.002.000) 07/29 07:55:48 Image size of job updated: 7437984
	74  -  MemoryUsage of job (MB)
	75428  -  ResidentSetSize of job (KB)
...
006 (8383301.002.000) 07/29 08:00:49 Image size of job updated: 7437984
	74  -  MemoryUsage of job (MB)
	75440  -  ResidentSetSize of job (KB)
...
006 (8383301.002.000) 07/29 08:10:50 Image size of job updated: 7437984
	74  -  MemoryUsage of job (MB)
	75456  -  ResidentSetSize of job (KB)
...
006 (8383301.002.000) 07/29 08:20:51 Image size of job updated: 7437984
	74  -  MemoryUsage of job (MB)
	75468  -  ResidentSetSize of job (KB)
...
006 (8383301.002.000) 07/29 08:30:52 Image size of job updated: 7437984
	74  -  MemoryUsage of job (MB)
	75476  -  ResidentSetSize of job (KB)
...
006 (8383301.002.000) 07/29 08:40:54 Image size of job updated: 7437984
	74  -  MemoryUsage of job (MB)
	75488  -  ResidentSetSize of job (KB)
...
006 (8383301.002.000) 07/29 08:45:54 Image size of job updated: 7437984
	74  -  MemoryUsage of job (MB)
	75504  -  ResidentSetSize of job (KB)
...
006 (8383301.002.000) 07/29 08:55:55 Image size of job updated: 7437984
	74  -  MemoryUsage of job (MB)
	75516  -  ResidentSetSize of job (KB)
...
006 (8383301.002.000) 07/29 09:05:56 Image size of job updated: 7437984
	74  -  MemoryUsage of job (MB)
	75524  -  ResidentSetSize of job (KB)
...
006 (8383301.002.000) 07/29 09:10:57 Image size of job updated: 7437984
	74  -  MemoryUsage of job (MB)
	75536  -  ResidentSetSize of job (KB)
...
006 (8383301.002.000) 07/29 09:20:58 Image size of job updated: 7437984
	74  -  MemoryUsage of job (MB)
	75552  -  ResidentSetSize of job (KB)
...
006 (8383301.002.000) 07/29 09:25:58 Image size of job updated: 7437984
	74  -  MemoryUsage of job (MB)
	75564  -  ResidentSetSize of job (KB)
...
006 (8383301.002.000) 07/29 09:36:00 Image size of job updated: 7437984
	74  -  MemoryUsage of job (MB)
	75572  -  ResidentSetSize of job (KB)
...
006 (8383301.002.000) 07/29 09:46:01 Image size of job updated: 7437984
	74  -  MemoryUsage of job (MB)
	75584  -  ResidentSetSize of job (KB)
...
006 (8383301.002.000) 07/29 09:56:02 Image size of job updated: 7437984
	74  -  MemoryUsage of job (MB)
	75600  -  ResidentSetSize of job (KB)
...
006 (8383301.002.000) 07/29 10:06:04 Image size of job updated: 7437984
	74  -  MemoryUsage of job (MB)
	75612  -  ResidentSetSize of job (KB)
...
006 (8383301.002.000) 07/29 10:16:04 Image size of job updated: 7437984
	74  -  MemoryUsage of job (MB)
	75620  -  ResidentSetSize of job (KB)
...
006 (8383301.002.000) 07/29 10:26:06 Image size of job updated: 7437984
	74  -  MemoryUsage of job (MB)
	75632  -  ResidentSetSize of job (KB)
...
006 (8383301.002.000) 07/29 10:31:06 Image size of job updated: 7437984
	74  -  MemoryUsage of job (MB)
	75648  -  ResidentSetSize of job (KB)
...
006 (8383301.002.000) 07/29 10:41:07 Image size of job updated: 7437984
	74  -  MemoryUsage of job (MB)
	75660  -  ResidentSetSize of job (KB)
...
006 (8383301.002.000) 07/29 10:51:07 Image size of job updated: 7437984
	74  -  MemoryUsage of job (MB)
	75668  -  ResidentSetSize of job (KB)
...
006 (8383301.002.000) 07/29 11:01:09 Image size of job updated: 7437984
	74  -  MemoryUsage of job (MB)
	75680  -  ResidentSetSize of job (KB)
...
006 (8383301.002.000) 07/29 11:06:09 Image size of job updated: 7437984
	74  -  MemoryUsage of job (MB)
	75696  -  ResidentSetSize of job (KB)
...
006 (8383301.002.000) 07/29 11:16:10 Image size of job updated: 7437984
	74  -  MemoryUsage of job (MB)
	75708  -  ResidentSetSize of job (KB)
...
006 (8383301.002.000) 07/29 11:21:10 Image size of job updated: 7437984
	74  -  MemoryUsage of job (MB)
	75716  -  ResidentSetSize of job (KB)
...
040 (8383301.002.000) 07/29 11:22:27 Started transferring output files
...
040 (8383301.002.000) 07/29 11:22:27 Finished transferring output files
...
005 (8383301.002.000) 07/29 11:22:27 Job terminated.
	(1) Normal termination (return value 1)
		Usr 1 22:45:19, Sys 0 00:00:46  -  Run Remote Usage
		Usr 0 00:00:00, Sys 0 00:00:00  -  Run Local Usage
		Usr 1 22:45:19, Sys 0 00:00:46  -  Total Remote Usage
		Usr 0 00:00:00, Sys 0 00:00:00  -  Total Local Usage
	230510  -  Run Bytes Sent By Job
	1379  -  Run Bytes Received By Job
	230510  -  Total Bytes Sent By Job
	1379  -  Total Bytes Received By Job
	Partitionable Resources :    Usage  Request Allocated 
	   Cpus                 :     1.00        8         8 
	   Disk (KB)            :   257           2   2875459 
	   Memory (MB)          :    74       16000     16000 

	Job terminated of its own accord at 2023-07-29T09:22:27Z.
...
