000 (8382885.005.000) 07/27 01:35:32 Job submitted from host: <137.138.156.150:9618?addrs=137.138.156.150-9618+[2001-1458-d00-14--9a]-9618&alias=bigbird13.cern.ch&noUDP&sock=schedd_6524_7ff5>
...
040 (8382885.005.000) 07/27 01:36:27 Started transferring input files
	Transferring to host: <188.184.162.63:9618?addrs=188.184.162.63-9618+[2001-1458-301-4a--100-39]-9618&alias=b7s11p9434.cern.ch&noUDP&sock=slot1_1_4269_a587_106714>
...
040 (8382885.005.000) 07/27 01:36:27 Finished transferring input files
...
001 (8382885.005.000) 07/27 01:36:27 Job executing on host: <188.184.162.63:9618?addrs=188.184.162.63-9618+[2001-1458-301-4a--100-39]-9618&alias=b7s11p9434.cern.ch&noUDP&sock=startd_4195_ffe2>
...
006 (8382885.005.000) 07/27 01:36:27 Image size of job updated: 2
	0  -  MemoryUsage of job (MB)
	0  -  ResidentSetSize of job (KB)
...
040 (8382885.005.000) 07/27 01:36:27 Started transferring output files
...
040 (8382885.005.000) 07/27 01:36:27 Finished transferring output files
...
005 (8382885.005.000) 07/27 01:36:27 Job terminated.
	(1) Normal termination (return value 1)
		Usr 0 00:00:00, Sys 0 00:00:00  -  Run Remote Usage
		Usr 0 00:00:00, Sys 0 00:00:00  -  Run Local Usage
		Usr 0 00:00:00, Sys 0 00:00:00  -  Total Remote Usage
		Usr 0 00:00:00, Sys 0 00:00:00  -  Total Local Usage
	7828  -  Run Bytes Sent By Job
	1372  -  Run Bytes Received By Job
	7828  -  Total Bytes Sent By Job
	1372  -  Total Bytes Received By Job
	Partitionable Resources :    Usage  Request Allocated 
	   Cpus                 :        0        8         8 
	   Disk (KB)            :       39        2   2915764 
	   Memory (MB)          :        0    16000     16000 

	Job terminated of its own accord at 2023-07-26T23:36:27Z.
...
