000 (8383301.001.000) 07/27 12:24:31 Job submitted from host: <137.138.156.150:9618?addrs=137.138.156.150-9618+[2001-1458-d00-14--9a]-9618&alias=bigbird13.cern.ch&noUDP&sock=schedd_6524_7ff5>
...
040 (8383301.001.000) 07/27 12:36:12 Started transferring input files
	Transferring to host: <188.184.160.82:9618?addrs=188.184.160.82-9618+[2001-1458-301-48--100-4c]-9618&alias=b7s09p8903.cern.ch&noUDP&sock=slot1_1_45016_9820_30292>
...
001 (8383301.001.000) 07/27 12:36:12 Job executing on host: <188.184.160.82:9618?addrs=188.184.160.82-9618+[2001-1458-301-48--100-4c]-9618&alias=b7s09p8903.cern.ch&noUDP&sock=startd_8840_154c>
...
040 (8383301.001.000) 07/27 12:36:12 Finished transferring input files
...
006 (8383301.001.000) 07/27 12:36:20 Image size of job updated: 7437988
	7  -  MemoryUsage of job (MB)
	6636  -  ResidentSetSize of job (KB)
...
006 (8383301.001.000) 07/27 12:41:20 Image size of job updated: 7437988
	7  -  MemoryUsage of job (MB)
	6732  -  ResidentSetSize of job (KB)
...
006 (8383301.001.000) 07/27 12:51:21 Image size of job updated: 7437988
	7  -  MemoryUsage of job (MB)
	6748  -  ResidentSetSize of job (KB)
...
006 (8383301.001.000) 07/27 12:56:21 Image size of job updated: 7437988
	7  -  MemoryUsage of job (MB)
	6780  -  ResidentSetSize of job (KB)
...
006 (8383301.001.000) 07/27 13:01:22 Image size of job updated: 7437988
	7  -  MemoryUsage of job (MB)
	6796  -  ResidentSetSize of job (KB)
...
006 (8383301.001.000) 07/27 13:06:22 Image size of job updated: 7437988
	7  -  MemoryUsage of job (MB)
	6812  -  ResidentSetSize of job (KB)
...
006 (8383301.001.000) 07/27 13:16:23 Image size of job updated: 7437988
	7  -  MemoryUsage of job (MB)
	6828  -  ResidentSetSize of job (KB)
...
006 (8383301.001.000) 07/27 13:21:24 Image size of job updated: 7437988
	7  -  MemoryUsage of job (MB)
	6860  -  ResidentSetSize of job (KB)
...
006 (8383301.001.000) 07/27 13:26:24 Image size of job updated: 7437988
	7  -  MemoryUsage of job (MB)
	6876  -  ResidentSetSize of job (KB)
...
006 (8383301.001.000) 07/27 13:36:26 Image size of job updated: 7437988
	7  -  MemoryUsage of job (MB)
	6892  -  ResidentSetSize of job (KB)
...
006 (8383301.001.000) 07/27 13:41:26 Image size of job updated: 7437988
	7  -  MemoryUsage of job (MB)
	6908  -  ResidentSetSize of job (KB)
...
006 (8383301.001.000) 07/27 13:46:26 Image size of job updated: 7437988
	7  -  MemoryUsage of job (MB)
	6940  -  ResidentSetSize of job (KB)
...
006 (8383301.001.000) 07/27 13:56:27 Image size of job updated: 7437988
	7  -  MemoryUsage of job (MB)
	6956  -  ResidentSetSize of job (KB)
...
006 (8383301.001.000) 07/27 14:01:27 Image size of job updated: 7437988
	7  -  MemoryUsage of job (MB)
	6972  -  ResidentSetSize of job (KB)
...
006 (8383301.001.000) 07/27 14:11:29 Image size of job updated: 7437988
	7  -  MemoryUsage of job (MB)
	6988  -  ResidentSetSize of job (KB)
...
006 (8383301.001.000) 07/27 14:16:29 Image size of job updated: 7437988
	7  -  MemoryUsage of job (MB)
	7020  -  ResidentSetSize of job (KB)
...
006 (8383301.001.000) 07/27 14:21:29 Image size of job updated: 7437988
	7  -  MemoryUsage of job (MB)
	7036  -  ResidentSetSize of job (KB)
...
006 (8383301.001.000) 07/27 14:31:31 Image size of job updated: 7437988
	7  -  MemoryUsage of job (MB)
	7052  -  ResidentSetSize of job (KB)
...
006 (8383301.001.000) 07/27 14:36:31 Image size of job updated: 7437988
	7  -  MemoryUsage of job (MB)
	7068  -  ResidentSetSize of job (KB)
...
006 (8383301.001.000) 07/27 14:46:33 Image size of job updated: 7437988
	7  -  MemoryUsage of job (MB)
	7100  -  ResidentSetSize of job (KB)
...
006 (8383301.001.000) 07/27 14:51:33 Image size of job updated: 7437988
	7  -  MemoryUsage of job (MB)
	7116  -  ResidentSetSize of job (KB)
...
006 (8383301.001.000) 07/27 14:56:33 Image size of job updated: 7437988
	7  -  MemoryUsage of job (MB)
	7132  -  ResidentSetSize of job (KB)
...
006 (8383301.001.000) 07/27 15:01:34 Image size of job updated: 7437988
	7  -  MemoryUsage of job (MB)
	7148  -  ResidentSetSize of job (KB)
...
006 (8383301.001.000) 07/27 15:06:34 Image size of job updated: 7437988
	8  -  MemoryUsage of job (MB)
	7180  -  ResidentSetSize of job (KB)
...
006 (8383301.001.000) 07/27 15:11:34 Image size of job updated: 7437988
	8  -  MemoryUsage of job (MB)
	7196  -  ResidentSetSize of job (KB)
...
006 (8383301.001.000) 07/27 15:21:36 Image size of job updated: 7437988
	8  -  MemoryUsage of job (MB)
	7212  -  ResidentSetSize of job (KB)
...
006 (8383301.001.000) 07/27 15:26:36 Image size of job updated: 7437988
	8  -  MemoryUsage of job (MB)
	7228  -  ResidentSetSize of job (KB)
...
006 (8383301.001.000) 07/27 15:31:37 Image size of job updated: 7437988
	8  -  MemoryUsage of job (MB)
	7260  -  ResidentSetSize of job (KB)
...
006 (8383301.001.000) 07/27 15:36:38 Image size of job updated: 7437988
	8  -  MemoryUsage of job (MB)
	7276  -  ResidentSetSize of job (KB)
...
006 (8383301.001.000) 07/27 15:41:38 Image size of job updated: 7437988
	8  -  MemoryUsage of job (MB)
	7292  -  ResidentSetSize of job (KB)
...
006 (8383301.001.000) 07/27 15:46:39 Image size of job updated: 7437988
	8  -  MemoryUsage of job (MB)
	7308  -  ResidentSetSize of job (KB)
...
006 (8383301.001.000) 07/27 15:56:40 Image size of job updated: 7437988
	8  -  MemoryUsage of job (MB)
	7340  -  ResidentSetSize of job (KB)
...
006 (8383301.001.000) 07/27 16:01:40 Image size of job updated: 7437988
	8  -  MemoryUsage of job (MB)
	7356  -  ResidentSetSize of job (KB)
...
006 (8383301.001.000) 07/27 16:06:41 Image size of job updated: 7437988
	8  -  MemoryUsage of job (MB)
	7372  -  ResidentSetSize of job (KB)
...
006 (8383301.001.000) 07/27 16:11:42 Image size of job updated: 7437988
	8  -  MemoryUsage of job (MB)
	7388  -  ResidentSetSize of job (KB)
...
006 (8383301.001.000) 07/27 16:16:42 Image size of job updated: 7437988
	8  -  MemoryUsage of job (MB)
	7420  -  ResidentSetSize of job (KB)
...
006 (8383301.001.000) 07/27 16:26:44 Image size of job updated: 7437988
	8  -  MemoryUsage of job (MB)
	7436  -  ResidentSetSize of job (KB)
...
006 (8383301.001.000) 07/27 16:31:44 Image size of job updated: 7437988
	8  -  MemoryUsage of job (MB)
	7452  -  ResidentSetSize of job (KB)
...
006 (8383301.001.000) 07/27 16:41:45 Image size of job updated: 7437988
	8  -  MemoryUsage of job (MB)
	7468  -  ResidentSetSize of job (KB)
...
006 (8383301.001.000) 07/27 16:46:46 Image size of job updated: 7437988
	8  -  MemoryUsage of job (MB)
	7500  -  ResidentSetSize of job (KB)
...
006 (8383301.001.000) 07/27 16:56:47 Image size of job updated: 7437988
	8  -  MemoryUsage of job (MB)
	7516  -  ResidentSetSize of job (KB)
...
006 (8383301.001.000) 07/27 17:01:48 Image size of job updated: 7437988
	8  -  MemoryUsage of job (MB)
	7532  -  ResidentSetSize of job (KB)
...
006 (8383301.001.000) 07/27 17:06:48 Image size of job updated: 7437988
	8  -  MemoryUsage of job (MB)
	7548  -  ResidentSetSize of job (KB)
...
006 (8383301.001.000) 07/27 17:11:48 Image size of job updated: 7437988
	8  -  MemoryUsage of job (MB)
	7580  -  ResidentSetSize of job (KB)
...
006 (8383301.001.000) 07/27 17:21:50 Image size of job updated: 7437988
	8  -  MemoryUsage of job (MB)
	7596  -  ResidentSetSize of job (KB)
...
006 (8383301.001.000) 07/27 17:26:50 Image size of job updated: 7437988
	8  -  MemoryUsage of job (MB)
	7612  -  ResidentSetSize of job (KB)
...
006 (8383301.001.000) 07/27 17:36:52 Image size of job updated: 7437988
	8  -  MemoryUsage of job (MB)
	7628  -  ResidentSetSize of job (KB)
...
006 (8383301.001.000) 07/27 17:41:52 Image size of job updated: 7437988
	8  -  MemoryUsage of job (MB)
	7660  -  ResidentSetSize of job (KB)
...
006 (8383301.001.000) 07/27 17:46:52 Image size of job updated: 7437988
	8  -  MemoryUsage of job (MB)
	7676  -  ResidentSetSize of job (KB)
...
006 (8383301.001.000) 07/27 17:51:54 Image size of job updated: 7437988
	8  -  MemoryUsage of job (MB)
	7692  -  ResidentSetSize of job (KB)
...
006 (8383301.001.000) 07/27 18:01:54 Image size of job updated: 7437988
	8  -  MemoryUsage of job (MB)
	7708  -  ResidentSetSize of job (KB)
...
006 (8383301.001.000) 07/27 18:06:55 Image size of job updated: 7437988
	8  -  MemoryUsage of job (MB)
	7740  -  ResidentSetSize of job (KB)
...
006 (8383301.001.000) 07/27 18:11:56 Image size of job updated: 7437988
	8  -  MemoryUsage of job (MB)
	7756  -  ResidentSetSize of job (KB)
...
006 (8383301.001.000) 07/27 18:16:56 Image size of job updated: 7437988
	8  -  MemoryUsage of job (MB)
	7772  -  ResidentSetSize of job (KB)
...
006 (8383301.001.000) 07/27 18:26:57 Image size of job updated: 7437988
	8  -  MemoryUsage of job (MB)
	7788  -  ResidentSetSize of job (KB)
...
006 (8383301.001.000) 07/27 18:31:57 Image size of job updated: 7437988
	8  -  MemoryUsage of job (MB)
	7820  -  ResidentSetSize of job (KB)
...
006 (8383301.001.000) 07/27 18:36:57 Image size of job updated: 7437988
	8  -  MemoryUsage of job (MB)
	7836  -  ResidentSetSize of job (KB)
...
006 (8383301.001.000) 07/27 18:41:58 Image size of job updated: 7437988
	8  -  MemoryUsage of job (MB)
	7852  -  ResidentSetSize of job (KB)
...
006 (8383301.001.000) 07/27 18:46:59 Image size of job updated: 7437988
	8  -  MemoryUsage of job (MB)
	7868  -  ResidentSetSize of job (KB)
...
006 (8383301.001.000) 07/27 18:56:59 Image size of job updated: 7437988
	8  -  MemoryUsage of job (MB)
	7900  -  ResidentSetSize of job (KB)
...
006 (8383301.001.000) 07/27 19:02:00 Image size of job updated: 7437988
	8  -  MemoryUsage of job (MB)
	7916  -  ResidentSetSize of job (KB)
...
006 (8383301.001.000) 07/27 19:07:00 Image size of job updated: 7437988
	8  -  MemoryUsage of job (MB)
	7932  -  ResidentSetSize of job (KB)
...
006 (8383301.001.000) 07/27 19:17:01 Image size of job updated: 7437988
	8  -  MemoryUsage of job (MB)
	7948  -  ResidentSetSize of job (KB)
...
006 (8383301.001.000) 07/27 19:22:02 Image size of job updated: 7437988
	8  -  MemoryUsage of job (MB)
	7980  -  ResidentSetSize of job (KB)
...
006 (8383301.001.000) 07/27 19:27:02 Image size of job updated: 7437988
	8  -  MemoryUsage of job (MB)
	7996  -  ResidentSetSize of job (KB)
...
006 (8383301.001.000) 07/27 19:37:04 Image size of job updated: 7437988
	8  -  MemoryUsage of job (MB)
	8012  -  ResidentSetSize of job (KB)
...
006 (8383301.001.000) 07/27 19:47:04 Image size of job updated: 7437988
	8  -  MemoryUsage of job (MB)
	8028  -  ResidentSetSize of job (KB)
...
006 (8383301.001.000) 07/27 19:52:05 Image size of job updated: 7437988
	8  -  MemoryUsage of job (MB)
	8060  -  ResidentSetSize of job (KB)
...
006 (8383301.001.000) 07/27 19:57:06 Image size of job updated: 7437988
	8  -  MemoryUsage of job (MB)
	8076  -  ResidentSetSize of job (KB)
...
006 (8383301.001.000) 07/27 20:07:07 Image size of job updated: 7437988
	8  -  MemoryUsage of job (MB)
	8092  -  ResidentSetSize of job (KB)
...
006 (8383301.001.000) 07/27 20:12:08 Image size of job updated: 7437988
	8  -  MemoryUsage of job (MB)
	8108  -  ResidentSetSize of job (KB)
...
006 (8383301.001.000) 07/27 20:22:08 Image size of job updated: 7437988
	8  -  MemoryUsage of job (MB)
	8140  -  ResidentSetSize of job (KB)
...
006 (8383301.001.000) 07/27 20:27:10 Image size of job updated: 7437988
	8  -  MemoryUsage of job (MB)
	8156  -  ResidentSetSize of job (KB)
...
006 (8383301.001.000) 07/27 20:32:10 Image size of job updated: 7437988
	8  -  MemoryUsage of job (MB)
	8172  -  ResidentSetSize of job (KB)
...
006 (8383301.001.000) 07/27 20:42:11 Image size of job updated: 7437988
	8  -  MemoryUsage of job (MB)
	8188  -  ResidentSetSize of job (KB)
...
006 (8383301.001.000) 07/27 20:47:12 Image size of job updated: 7437988
	9  -  MemoryUsage of job (MB)
	8220  -  ResidentSetSize of job (KB)
...
006 (8383301.001.000) 07/27 20:52:12 Image size of job updated: 7437988
	9  -  MemoryUsage of job (MB)
	8236  -  ResidentSetSize of job (KB)
...
006 (8383301.001.000) 07/27 20:57:13 Image size of job updated: 7437988
	9  -  MemoryUsage of job (MB)
	8252  -  ResidentSetSize of job (KB)
...
006 (8383301.001.000) 07/27 21:02:14 Image size of job updated: 7437988
	9  -  MemoryUsage of job (MB)
	8268  -  ResidentSetSize of job (KB)
...
006 (8383301.001.000) 07/27 21:12:14 Image size of job updated: 7437988
	9  -  MemoryUsage of job (MB)
	8300  -  ResidentSetSize of job (KB)
...
006 (8383301.001.000) 07/27 21:17:15 Image size of job updated: 7437988
	9  -  MemoryUsage of job (MB)
	8316  -  ResidentSetSize of job (KB)
...
006 (8383301.001.000) 07/27 21:22:16 Image size of job updated: 7437988
	9  -  MemoryUsage of job (MB)
	8332  -  ResidentSetSize of job (KB)
...
006 (8383301.001.000) 07/27 21:27:16 Image size of job updated: 7437988
	9  -  MemoryUsage of job (MB)
	8348  -  ResidentSetSize of job (KB)
...
006 (8383301.001.000) 07/27 21:37:18 Image size of job updated: 7437988
	9  -  MemoryUsage of job (MB)
	8380  -  ResidentSetSize of job (KB)
...
006 (8383301.001.000) 07/27 21:42:18 Image size of job updated: 7437988
	9  -  MemoryUsage of job (MB)
	8396  -  ResidentSetSize of job (KB)
...
006 (8383301.001.000) 07/27 21:47:19 Image size of job updated: 7437988
	9  -  MemoryUsage of job (MB)
	8412  -  ResidentSetSize of job (KB)
...
006 (8383301.001.000) 07/27 21:57:20 Image size of job updated: 7437988
	9  -  MemoryUsage of job (MB)
	8428  -  ResidentSetSize of job (KB)
...
006 (8383301.001.000) 07/27 22:02:20 Image size of job updated: 7437988
	9  -  MemoryUsage of job (MB)
	8460  -  ResidentSetSize of job (KB)
...
006 (8383301.001.000) 07/27 22:07:21 Image size of job updated: 7437988
	9  -  MemoryUsage of job (MB)
	8476  -  ResidentSetSize of job (KB)
...
006 (8383301.001.000) 07/27 22:17:22 Image size of job updated: 7437988
	9  -  MemoryUsage of job (MB)
	8492  -  ResidentSetSize of job (KB)
...
006 (8383301.001.000) 07/27 22:22:22 Image size of job updated: 7437988
	9  -  MemoryUsage of job (MB)
	8508  -  ResidentSetSize of job (KB)
...
006 (8383301.001.000) 07/27 22:27:24 Image size of job updated: 7437988
	9  -  MemoryUsage of job (MB)
	8540  -  ResidentSetSize of job (KB)
...
006 (8383301.001.000) 07/27 22:37:24 Image size of job updated: 7437988
	9  -  MemoryUsage of job (MB)
	8556  -  ResidentSetSize of job (KB)
...
006 (8383301.001.000) 07/27 22:42:25 Image size of job updated: 7437988
	9  -  MemoryUsage of job (MB)
	8572  -  ResidentSetSize of job (KB)
...
006 (8383301.001.000) 07/27 22:47:26 Image size of job updated: 7437988
	9  -  MemoryUsage of job (MB)
	8588  -  ResidentSetSize of job (KB)
...
006 (8383301.001.000) 07/27 22:57:26 Image size of job updated: 7437988
	9  -  MemoryUsage of job (MB)
	8620  -  ResidentSetSize of job (KB)
...
006 (8383301.001.000) 07/27 23:02:28 Image size of job updated: 7437988
	9  -  MemoryUsage of job (MB)
	8636  -  ResidentSetSize of job (KB)
...
006 (8383301.001.000) 07/27 23:12:28 Image size of job updated: 7437988
	9  -  MemoryUsage of job (MB)
	8652  -  ResidentSetSize of job (KB)
...
006 (8383301.001.000) 07/27 23:17:29 Image size of job updated: 7437988
	9  -  MemoryUsage of job (MB)
	8668  -  ResidentSetSize of job (KB)
...
006 (8383301.001.000) 07/27 23:27:30 Image size of job updated: 7437988
	9  -  MemoryUsage of job (MB)
	8700  -  ResidentSetSize of job (KB)
...
006 (8383301.001.000) 07/27 23:32:30 Image size of job updated: 7437988
	9  -  MemoryUsage of job (MB)
	8716  -  ResidentSetSize of job (KB)
...
006 (8383301.001.000) 07/27 23:42:31 Image size of job updated: 7437988
	9  -  MemoryUsage of job (MB)
	8732  -  ResidentSetSize of job (KB)
...
006 (8383301.001.000) 07/27 23:47:31 Image size of job updated: 7437988
	9  -  MemoryUsage of job (MB)
	8748  -  ResidentSetSize of job (KB)
...
006 (8383301.001.000) 07/27 23:57:33 Image size of job updated: 7437988
	9  -  MemoryUsage of job (MB)
	8780  -  ResidentSetSize of job (KB)
...
006 (8383301.001.000) 07/28 00:02:33 Image size of job updated: 7437988
	9  -  MemoryUsage of job (MB)
	8796  -  ResidentSetSize of job (KB)
...
006 (8383301.001.000) 07/28 00:12:35 Image size of job updated: 7437988
	9  -  MemoryUsage of job (MB)
	8812  -  ResidentSetSize of job (KB)
...
006 (8383301.001.000) 07/28 00:17:35 Image size of job updated: 7437988
	9  -  MemoryUsage of job (MB)
	8828  -  ResidentSetSize of job (KB)
...
006 (8383301.001.000) 07/28 00:27:36 Image size of job updated: 7437988
	9  -  MemoryUsage of job (MB)
	8860  -  ResidentSetSize of job (KB)
...
006 (8383301.001.000) 07/28 00:32:37 Image size of job updated: 7437988
	9  -  MemoryUsage of job (MB)
	8876  -  ResidentSetSize of job (KB)
...
006 (8383301.001.000) 07/28 00:37:37 Image size of job updated: 7437988
	9  -  MemoryUsage of job (MB)
	8892  -  ResidentSetSize of job (KB)
...
006 (8383301.001.000) 07/28 00:47:39 Image size of job updated: 7437988
	9  -  MemoryUsage of job (MB)
	8908  -  ResidentSetSize of job (KB)
...
006 (8383301.001.000) 07/28 00:52:39 Image size of job updated: 7437988
	9  -  MemoryUsage of job (MB)
	8940  -  ResidentSetSize of job (KB)
...
006 (8383301.001.000) 07/28 01:02:40 Image size of job updated: 7437988
	9  -  MemoryUsage of job (MB)
	8956  -  ResidentSetSize of job (KB)
...
006 (8383301.001.000) 07/28 01:07:40 Image size of job updated: 7437988
	9  -  MemoryUsage of job (MB)
	8972  -  ResidentSetSize of job (KB)
...
006 (8383301.001.000) 07/28 01:17:41 Image size of job updated: 7437988
	9  -  MemoryUsage of job (MB)
	8988  -  ResidentSetSize of job (KB)
...
006 (8383301.001.000) 07/28 01:22:42 Image size of job updated: 7437988
	9  -  MemoryUsage of job (MB)
	9020  -  ResidentSetSize of job (KB)
...
006 (8383301.001.000) 07/28 01:27:42 Image size of job updated: 7437988
	9  -  MemoryUsage of job (MB)
	9036  -  ResidentSetSize of job (KB)
...
006 (8383301.001.000) 07/28 01:37:43 Image size of job updated: 7437988
	9  -  MemoryUsage of job (MB)
	9052  -  ResidentSetSize of job (KB)
...
006 (8383301.001.000) 07/28 01:42:43 Image size of job updated: 7437988
	9  -  MemoryUsage of job (MB)
	9068  -  ResidentSetSize of job (KB)
...
006 (8383301.001.000) 07/28 01:47:43 Image size of job updated: 7437988
	9  -  MemoryUsage of job (MB)
	9100  -  ResidentSetSize of job (KB)
...
006 (8383301.001.000) 07/28 01:57:45 Image size of job updated: 7437988
	9  -  MemoryUsage of job (MB)
	9116  -  ResidentSetSize of job (KB)
...
006 (8383301.001.000) 07/28 02:02:45 Image size of job updated: 7437988
	9  -  MemoryUsage of job (MB)
	9132  -  ResidentSetSize of job (KB)
...
006 (8383301.001.000) 07/28 02:07:45 Image size of job updated: 7437988
	9  -  MemoryUsage of job (MB)
	9148  -  ResidentSetSize of job (KB)
...
006 (8383301.001.000) 07/28 02:17:46 Image size of job updated: 7437988
	9  -  MemoryUsage of job (MB)
	9180  -  ResidentSetSize of job (KB)
...
006 (8383301.001.000) 07/28 02:22:46 Image size of job updated: 7437988
	9  -  MemoryUsage of job (MB)
	9196  -  ResidentSetSize of job (KB)
...
006 (8383301.001.000) 07/28 02:27:47 Image size of job updated: 7437988
	9  -  MemoryUsage of job (MB)
	9212  -  ResidentSetSize of job (KB)
...
006 (8383301.001.000) 07/28 02:32:48 Image size of job updated: 7437988
	10  -  MemoryUsage of job (MB)
	9228  -  ResidentSetSize of job (KB)
...
006 (8383301.001.000) 07/28 02:42:49 Image size of job updated: 7437988
	10  -  MemoryUsage of job (MB)
	9260  -  ResidentSetSize of job (KB)
...
006 (8383301.001.000) 07/28 02:47:50 Image size of job updated: 7437988
	10  -  MemoryUsage of job (MB)
	9276  -  ResidentSetSize of job (KB)
...
006 (8383301.001.000) 07/28 02:52:50 Image size of job updated: 7437988
	10  -  MemoryUsage of job (MB)
	9292  -  ResidentSetSize of job (KB)
...
006 (8383301.001.000) 07/28 03:02:52 Image size of job updated: 7437988
	10  -  MemoryUsage of job (MB)
	9308  -  ResidentSetSize of job (KB)
...
006 (8383301.001.000) 07/28 03:07:52 Image size of job updated: 7437988
	10  -  MemoryUsage of job (MB)
	9340  -  ResidentSetSize of job (KB)
...
006 (8383301.001.000) 07/28 03:17:53 Image size of job updated: 7437988
	10  -  MemoryUsage of job (MB)
	9356  -  ResidentSetSize of job (KB)
...
006 (8383301.001.000) 07/28 03:22:54 Image size of job updated: 7437988
	10  -  MemoryUsage of job (MB)
	9372  -  ResidentSetSize of job (KB)
...
006 (8383301.001.000) 07/28 03:32:55 Image size of job updated: 7437988
	10  -  MemoryUsage of job (MB)
	9388  -  ResidentSetSize of job (KB)
...
006 (8383301.001.000) 07/28 03:37:56 Image size of job updated: 7437988
	10  -  MemoryUsage of job (MB)
	9420  -  ResidentSetSize of job (KB)
...
006 (8383301.001.000) 07/28 03:47:56 Image size of job updated: 7437988
	10  -  MemoryUsage of job (MB)
	9436  -  ResidentSetSize of job (KB)
...
006 (8383301.001.000) 07/28 03:52:57 Image size of job updated: 7437988
	10  -  MemoryUsage of job (MB)
	9452  -  ResidentSetSize of job (KB)
...
006 (8383301.001.000) 07/28 04:02:58 Image size of job updated: 7437988
	10  -  MemoryUsage of job (MB)
	9468  -  ResidentSetSize of job (KB)
...
006 (8383301.001.000) 07/28 04:07:59 Image size of job updated: 7437988
	10  -  MemoryUsage of job (MB)
	9500  -  ResidentSetSize of job (KB)
...
006 (8383301.001.000) 07/28 04:13:00 Image size of job updated: 7437988
	10  -  MemoryUsage of job (MB)
	9516  -  ResidentSetSize of job (KB)
...
006 (8383301.001.000) 07/28 04:23:00 Image size of job updated: 7437988
	10  -  MemoryUsage of job (MB)
	9532  -  ResidentSetSize of job (KB)
...
006 (8383301.001.000) 07/28 04:28:02 Image size of job updated: 7437988
	10  -  MemoryUsage of job (MB)
	9548  -  ResidentSetSize of job (KB)
...
006 (8383301.001.000) 07/28 04:38:02 Image size of job updated: 7437988
	10  -  MemoryUsage of job (MB)
	9580  -  ResidentSetSize of job (KB)
...
006 (8383301.001.000) 07/28 04:43:03 Image size of job updated: 7437988
	10  -  MemoryUsage of job (MB)
	9596  -  ResidentSetSize of job (KB)
...
006 (8383301.001.000) 07/28 04:48:04 Image size of job updated: 7437988
	10  -  MemoryUsage of job (MB)
	9612  -  ResidentSetSize of job (KB)
...
006 (8383301.001.000) 07/28 04:58:05 Image size of job updated: 7437988
	10  -  MemoryUsage of job (MB)
	9628  -  ResidentSetSize of job (KB)
...
006 (8383301.001.000) 07/28 05:03:06 Image size of job updated: 7437988
	10  -  MemoryUsage of job (MB)
	9660  -  ResidentSetSize of job (KB)
...
006 (8383301.001.000) 07/28 05:13:06 Image size of job updated: 7437988
	10  -  MemoryUsage of job (MB)
	9676  -  ResidentSetSize of job (KB)
...
006 (8383301.001.000) 07/28 05:18:07 Image size of job updated: 7437988
	10  -  MemoryUsage of job (MB)
	9692  -  ResidentSetSize of job (KB)
...
006 (8383301.001.000) 07/28 05:28:08 Image size of job updated: 7437988
	10  -  MemoryUsage of job (MB)
	9708  -  ResidentSetSize of job (KB)
...
006 (8383301.001.000) 07/28 05:33:09 Image size of job updated: 7437988
	10  -  MemoryUsage of job (MB)
	9740  -  ResidentSetSize of job (KB)
...
006 (8383301.001.000) 07/28 05:38:10 Image size of job updated: 7437988
	10  -  MemoryUsage of job (MB)
	9756  -  ResidentSetSize of job (KB)
...
006 (8383301.001.000) 07/28 05:48:11 Image size of job updated: 7437988
	10  -  MemoryUsage of job (MB)
	9772  -  ResidentSetSize of job (KB)
...
006 (8383301.001.000) 07/28 05:53:12 Image size of job updated: 7437988
	10  -  MemoryUsage of job (MB)
	9788  -  ResidentSetSize of job (KB)
...
006 (8383301.001.000) 07/28 06:03:12 Image size of job updated: 7437988
	10  -  MemoryUsage of job (MB)
	9820  -  ResidentSetSize of job (KB)
...
006 (8383301.001.000) 07/28 06:08:13 Image size of job updated: 7437988
	10  -  MemoryUsage of job (MB)
	9836  -  ResidentSetSize of job (KB)
...
006 (8383301.001.000) 07/28 06:13:14 Image size of job updated: 7437988
	10  -  MemoryUsage of job (MB)
	9852  -  ResidentSetSize of job (KB)
...
006 (8383301.001.000) 07/28 06:23:15 Image size of job updated: 7437988
	10  -  MemoryUsage of job (MB)
	9868  -  ResidentSetSize of job (KB)
...
006 (8383301.001.000) 07/28 06:28:16 Image size of job updated: 7437988
	10  -  MemoryUsage of job (MB)
	9900  -  ResidentSetSize of job (KB)
...
006 (8383301.001.000) 07/28 06:38:16 Image size of job updated: 7437988
	10  -  MemoryUsage of job (MB)
	9916  -  ResidentSetSize of job (KB)
...
006 (8383301.001.000) 07/28 06:43:17 Image size of job updated: 7437988
	10  -  MemoryUsage of job (MB)
	9932  -  ResidentSetSize of job (KB)
...
006 (8383301.001.000) 07/28 06:48:17 Image size of job updated: 7437988
	10  -  MemoryUsage of job (MB)
	9948  -  ResidentSetSize of job (KB)
...
006 (8383301.001.000) 07/28 06:53:17 Image size of job updated: 7437988
	10  -  MemoryUsage of job (MB)
	9980  -  ResidentSetSize of job (KB)
...
006 (8383301.001.000) 07/28 07:03:19 Image size of job updated: 7437988
	10  -  MemoryUsage of job (MB)
	9996  -  ResidentSetSize of job (KB)
...
006 (8383301.001.000) 07/28 07:08:19 Image size of job updated: 7437988
	10  -  MemoryUsage of job (MB)
	10012  -  ResidentSetSize of job (KB)
...
006 (8383301.001.000) 07/28 07:13:19 Image size of job updated: 7437988
	10  -  MemoryUsage of job (MB)
	10028  -  ResidentSetSize of job (KB)
...
006 (8383301.001.000) 07/28 07:23:20 Image size of job updated: 7437988
	10  -  MemoryUsage of job (MB)
	10060  -  ResidentSetSize of job (KB)
...
006 (8383301.001.000) 07/28 07:28:20 Image size of job updated: 7437988
	10  -  MemoryUsage of job (MB)
	10076  -  ResidentSetSize of job (KB)
...
006 (8383301.001.000) 07/28 07:38:21 Image size of job updated: 7437988
	10  -  MemoryUsage of job (MB)
	10092  -  ResidentSetSize of job (KB)
...
006 (8383301.001.000) 07/28 07:43:21 Image size of job updated: 7437988
	10  -  MemoryUsage of job (MB)
	10108  -  ResidentSetSize of job (KB)
...
006 (8383301.001.000) 07/28 07:48:22 Image size of job updated: 7437988
	10  -  MemoryUsage of job (MB)
	10140  -  ResidentSetSize of job (KB)
...
006 (8383301.001.000) 07/28 07:58:23 Image size of job updated: 7437988
	10  -  MemoryUsage of job (MB)
	10156  -  ResidentSetSize of job (KB)
...
006 (8383301.001.000) 07/28 08:03:24 Image size of job updated: 7437988
	10  -  MemoryUsage of job (MB)
	10172  -  ResidentSetSize of job (KB)
...
006 (8383301.001.000) 07/28 08:08:25 Image size of job updated: 7437988
	10  -  MemoryUsage of job (MB)
	10188  -  ResidentSetSize of job (KB)
...
006 (8383301.001.000) 07/28 08:13:25 Image size of job updated: 7437988
	10  -  MemoryUsage of job (MB)
	10220  -  ResidentSetSize of job (KB)
...
006 (8383301.001.000) 07/28 08:23:26 Image size of job updated: 7437988
	10  -  MemoryUsage of job (MB)
	10236  -  ResidentSetSize of job (KB)
...
006 (8383301.001.000) 07/28 08:28:27 Image size of job updated: 7437988
	11  -  MemoryUsage of job (MB)
	10252  -  ResidentSetSize of job (KB)
...
006 (8383301.001.000) 07/28 08:33:27 Image size of job updated: 7437988
	11  -  MemoryUsage of job (MB)
	10268  -  ResidentSetSize of job (KB)
...
006 (8383301.001.000) 07/28 08:38:27 Image size of job updated: 7437988
	11  -  MemoryUsage of job (MB)
	10300  -  ResidentSetSize of job (KB)
...
006 (8383301.001.000) 07/28 08:48:28 Image size of job updated: 7437988
	11  -  MemoryUsage of job (MB)
	10316  -  ResidentSetSize of job (KB)
...
006 (8383301.001.000) 07/28 08:53:28 Image size of job updated: 7437988
	11  -  MemoryUsage of job (MB)
	10332  -  ResidentSetSize of job (KB)
...
006 (8383301.001.000) 07/28 09:03:30 Image size of job updated: 7437988
	11  -  MemoryUsage of job (MB)
	10348  -  ResidentSetSize of job (KB)
...
006 (8383301.001.000) 07/28 09:08:30 Image size of job updated: 7437988
	11  -  MemoryUsage of job (MB)
	10380  -  ResidentSetSize of job (KB)
...
006 (8383301.001.000) 07/28 09:13:31 Image size of job updated: 7437988
	11  -  MemoryUsage of job (MB)
	10396  -  ResidentSetSize of job (KB)
...
006 (8383301.001.000) 07/28 09:23:32 Image size of job updated: 7437988
	11  -  MemoryUsage of job (MB)
	10412  -  ResidentSetSize of job (KB)
...
006 (8383301.001.000) 07/28 09:28:32 Image size of job updated: 7437988
	11  -  MemoryUsage of job (MB)
	10428  -  ResidentSetSize of job (KB)
...
006 (8383301.001.000) 07/28 09:33:33 Image size of job updated: 7437988
	11  -  MemoryUsage of job (MB)
	10460  -  ResidentSetSize of job (KB)
...
006 (8383301.001.000) 07/28 09:38:34 Image size of job updated: 7437988
	11  -  MemoryUsage of job (MB)
	10476  -  ResidentSetSize of job (KB)
...
006 (8383301.001.000) 07/28 09:48:34 Image size of job updated: 7437988
	11  -  MemoryUsage of job (MB)
	10492  -  ResidentSetSize of job (KB)
...
006 (8383301.001.000) 07/28 09:53:35 Image size of job updated: 7437988
	11  -  MemoryUsage of job (MB)
	10508  -  ResidentSetSize of job (KB)
...
006 (8383301.001.000) 07/28 09:58:35 Image size of job updated: 7437988
	11  -  MemoryUsage of job (MB)
	10540  -  ResidentSetSize of job (KB)
...
006 (8383301.001.000) 07/28 10:03:35 Image size of job updated: 7437988
	11  -  MemoryUsage of job (MB)
	10556  -  ResidentSetSize of job (KB)
...
006 (8383301.001.000) 07/28 10:08:36 Image size of job updated: 7437988
	11  -  MemoryUsage of job (MB)
	10572  -  ResidentSetSize of job (KB)
...
006 (8383301.001.000) 07/28 10:13:37 Image size of job updated: 7437988
	11  -  MemoryUsage of job (MB)
	10588  -  ResidentSetSize of job (KB)
...
006 (8383301.001.000) 07/28 10:23:38 Image size of job updated: 7437988
	11  -  MemoryUsage of job (MB)
	10620  -  ResidentSetSize of job (KB)
...
006 (8383301.001.000) 07/28 10:28:39 Image size of job updated: 7437988
	11  -  MemoryUsage of job (MB)
	10636  -  ResidentSetSize of job (KB)
...
006 (8383301.001.000) 07/28 10:33:39 Image size of job updated: 7437988
	11  -  MemoryUsage of job (MB)
	10652  -  ResidentSetSize of job (KB)
...
006 (8383301.001.000) 07/28 10:38:39 Image size of job updated: 7437988
	11  -  MemoryUsage of job (MB)
	10668  -  ResidentSetSize of job (KB)
...
006 (8383301.001.000) 07/28 10:43:40 Image size of job updated: 7437988
	11  -  MemoryUsage of job (MB)
	10700  -  ResidentSetSize of job (KB)
...
006 (8383301.001.000) 07/28 10:53:41 Image size of job updated: 7437988
	11  -  MemoryUsage of job (MB)
	10716  -  ResidentSetSize of job (KB)
...
006 (8383301.001.000) 07/28 10:58:42 Image size of job updated: 7437988
	11  -  MemoryUsage of job (MB)
	10748  -  ResidentSetSize of job (KB)
...
006 (8383301.001.000) 07/28 11:08:43 Image size of job updated: 7437988
	11  -  MemoryUsage of job (MB)
	10780  -  ResidentSetSize of job (KB)
...
006 (8383301.001.000) 07/28 11:13:43 Image size of job updated: 7437988
	11  -  MemoryUsage of job (MB)
	10796  -  ResidentSetSize of job (KB)
...
006 (8383301.001.000) 07/28 11:18:44 Image size of job updated: 7437988
	11  -  MemoryUsage of job (MB)
	10812  -  ResidentSetSize of job (KB)
...
006 (8383301.001.000) 07/28 11:23:45 Image size of job updated: 7437988
	11  -  MemoryUsage of job (MB)
	10828  -  ResidentSetSize of job (KB)
...
006 (8383301.001.000) 07/28 11:28:45 Image size of job updated: 7437988
	11  -  MemoryUsage of job (MB)
	10860  -  ResidentSetSize of job (KB)
...
006 (8383301.001.000) 07/28 11:33:46 Image size of job updated: 7437988
	11  -  MemoryUsage of job (MB)
	10876  -  ResidentSetSize of job (KB)
...
006 (8383301.001.000) 07/28 11:43:47 Image size of job updated: 7437988
	11  -  MemoryUsage of job (MB)
	10892  -  ResidentSetSize of job (KB)
...
006 (8383301.001.000) 07/28 11:48:47 Image size of job updated: 7437988
	11  -  MemoryUsage of job (MB)
	10908  -  ResidentSetSize of job (KB)
...
006 (8383301.001.000) 07/28 11:53:48 Image size of job updated: 7437988
	11  -  MemoryUsage of job (MB)
	10940  -  ResidentSetSize of job (KB)
...
006 (8383301.001.000) 07/28 12:03:48 Image size of job updated: 7437988
	11  -  MemoryUsage of job (MB)
	10956  -  ResidentSetSize of job (KB)
...
006 (8383301.001.000) 07/28 12:08:49 Image size of job updated: 7437988
	11  -  MemoryUsage of job (MB)
	10972  -  ResidentSetSize of job (KB)
...
006 (8383301.001.000) 07/28 12:13:50 Image size of job updated: 7437988
	11  -  MemoryUsage of job (MB)
	10988  -  ResidentSetSize of job (KB)
...
006 (8383301.001.000) 07/28 12:18:50 Image size of job updated: 7437988
	11  -  MemoryUsage of job (MB)
	11020  -  ResidentSetSize of job (KB)
...
006 (8383301.001.000) 07/28 12:28:52 Image size of job updated: 7437988
	11  -  MemoryUsage of job (MB)
	11036  -  ResidentSetSize of job (KB)
...
006 (8383301.001.000) 07/28 12:33:52 Image size of job updated: 7437988
	11  -  MemoryUsage of job (MB)
	11052  -  ResidentSetSize of job (KB)
...
006 (8383301.001.000) 07/28 12:38:52 Image size of job updated: 7437988
	11  -  MemoryUsage of job (MB)
	11068  -  ResidentSetSize of job (KB)
...
006 (8383301.001.000) 07/28 12:43:53 Image size of job updated: 7437988
	11  -  MemoryUsage of job (MB)
	11100  -  ResidentSetSize of job (KB)
...
006 (8383301.001.000) 07/28 12:48:53 Image size of job updated: 7437988
	11  -  MemoryUsage of job (MB)
	11116  -  ResidentSetSize of job (KB)
...
006 (8383301.001.000) 07/28 12:58:54 Image size of job updated: 7437988
	11  -  MemoryUsage of job (MB)
	11132  -  ResidentSetSize of job (KB)
...
006 (8383301.001.000) 07/28 13:03:55 Image size of job updated: 7437988
	11  -  MemoryUsage of job (MB)
	11148  -  ResidentSetSize of job (KB)
...
006 (8383301.001.000) 07/28 13:13:56 Image size of job updated: 7437988
	11  -  MemoryUsage of job (MB)
	11180  -  ResidentSetSize of job (KB)
...
006 (8383301.001.000) 07/28 13:23:57 Image size of job updated: 7437988
	11  -  MemoryUsage of job (MB)
	11196  -  ResidentSetSize of job (KB)
...
006 (8383301.001.000) 07/28 13:33:58 Image size of job updated: 7437988
	11  -  MemoryUsage of job (MB)
	11212  -  ResidentSetSize of job (KB)
...
006 (8383301.001.000) 07/28 13:38:58 Image size of job updated: 7437988
	11  -  MemoryUsage of job (MB)
	11228  -  ResidentSetSize of job (KB)
...
006 (8383301.001.000) 07/28 13:48:59 Image size of job updated: 7437988
	11  -  MemoryUsage of job (MB)
	11260  -  ResidentSetSize of job (KB)
...
006 (8383301.001.000) 07/28 13:59:00 Image size of job updated: 7437988
	12  -  MemoryUsage of job (MB)
	11276  -  ResidentSetSize of job (KB)
...
006 (8383301.001.000) 07/28 14:09:01 Image size of job updated: 7437988
	12  -  MemoryUsage of job (MB)
	11292  -  ResidentSetSize of job (KB)
...
006 (8383301.001.000) 07/28 14:14:01 Image size of job updated: 7437988
	12  -  MemoryUsage of job (MB)
	11308  -  ResidentSetSize of job (KB)
...
006 (8383301.001.000) 07/28 14:24:02 Image size of job updated: 7437988
	12  -  MemoryUsage of job (MB)
	11340  -  ResidentSetSize of job (KB)
...
006 (8383301.001.000) 07/28 14:34:03 Image size of job updated: 7437988
	12  -  MemoryUsage of job (MB)
	11356  -  ResidentSetSize of job (KB)
...
006 (8383301.001.000) 07/28 14:44:05 Image size of job updated: 7437988
	12  -  MemoryUsage of job (MB)
	11372  -  ResidentSetSize of job (KB)
...
006 (8383301.001.000) 07/28 14:49:05 Image size of job updated: 7437988
	12  -  MemoryUsage of job (MB)
	11388  -  ResidentSetSize of job (KB)
...
006 (8383301.001.000) 07/28 14:59:06 Image size of job updated: 7437988
	12  -  MemoryUsage of job (MB)
	11420  -  ResidentSetSize of job (KB)
...
006 (8383301.001.000) 07/28 15:09:06 Image size of job updated: 7437988
	12  -  MemoryUsage of job (MB)
	11436  -  ResidentSetSize of job (KB)
...
006 (8383301.001.000) 07/28 15:14:07 Image size of job updated: 7437988
	12  -  MemoryUsage of job (MB)
	11452  -  ResidentSetSize of job (KB)
...
006 (8383301.001.000) 07/28 15:24:08 Image size of job updated: 7437988
	12  -  MemoryUsage of job (MB)
	11468  -  ResidentSetSize of job (KB)
...
006 (8383301.001.000) 07/28 15:29:08 Image size of job updated: 7437988
	12  -  MemoryUsage of job (MB)
	11500  -  ResidentSetSize of job (KB)
...
006 (8383301.001.000) 07/28 15:39:10 Image size of job updated: 7437988
	12  -  MemoryUsage of job (MB)
	11516  -  ResidentSetSize of job (KB)
...
006 (8383301.001.000) 07/28 15:49:11 Image size of job updated: 7437988
	12  -  MemoryUsage of job (MB)
	11532  -  ResidentSetSize of job (KB)
...
006 (8383301.001.000) 07/28 15:54:12 Image size of job updated: 7437988
	12  -  MemoryUsage of job (MB)
	11548  -  ResidentSetSize of job (KB)
...
006 (8383301.001.000) 07/28 16:04:12 Image size of job updated: 7437988
	12  -  MemoryUsage of job (MB)
	11580  -  ResidentSetSize of job (KB)
...
006 (8383301.001.000) 07/28 16:09:13 Image size of job updated: 7437988
	12  -  MemoryUsage of job (MB)
	11596  -  ResidentSetSize of job (KB)
...
006 (8383301.001.000) 07/28 16:19:14 Image size of job updated: 7437988
	12  -  MemoryUsage of job (MB)
	11612  -  ResidentSetSize of job (KB)
...
006 (8383301.001.000) 07/28 16:29:15 Image size of job updated: 7437988
	12  -  MemoryUsage of job (MB)
	11628  -  ResidentSetSize of job (KB)
...
006 (8383301.001.000) 07/28 16:34:16 Image size of job updated: 7437988
	12  -  MemoryUsage of job (MB)
	11660  -  ResidentSetSize of job (KB)
...
006 (8383301.001.000) 07/28 16:44:17 Image size of job updated: 7437988
	12  -  MemoryUsage of job (MB)
	11676  -  ResidentSetSize of job (KB)
...
006 (8383301.001.000) 07/28 16:54:18 Image size of job updated: 7437988
	12  -  MemoryUsage of job (MB)
	11692  -  ResidentSetSize of job (KB)
...
006 (8383301.001.000) 07/28 17:04:19 Image size of job updated: 7437988
	12  -  MemoryUsage of job (MB)
	11708  -  ResidentSetSize of job (KB)
...
006 (8383301.001.000) 07/28 17:09:20 Image size of job updated: 7437988
	12  -  MemoryUsage of job (MB)
	11740  -  ResidentSetSize of job (KB)
...
006 (8383301.001.000) 07/28 17:19:20 Image size of job updated: 7437988
	12  -  MemoryUsage of job (MB)
	11756  -  ResidentSetSize of job (KB)
...
006 (8383301.001.000) 07/28 17:24:21 Image size of job updated: 7437988
	12  -  MemoryUsage of job (MB)
	11772  -  ResidentSetSize of job (KB)
...
006 (8383301.001.000) 07/28 17:34:21 Image size of job updated: 7437988
	12  -  MemoryUsage of job (MB)
	11788  -  ResidentSetSize of job (KB)
...
006 (8383301.001.000) 07/28 17:39:22 Image size of job updated: 7437988
	12  -  MemoryUsage of job (MB)
	11820  -  ResidentSetSize of job (KB)
...
006 (8383301.001.000) 07/28 17:49:23 Image size of job updated: 7437988
	12  -  MemoryUsage of job (MB)
	11836  -  ResidentSetSize of job (KB)
...
006 (8383301.001.000) 07/28 17:54:23 Image size of job updated: 7437988
	12  -  MemoryUsage of job (MB)
	11852  -  ResidentSetSize of job (KB)
...
006 (8383301.001.000) 07/28 18:04:25 Image size of job updated: 7437988
	14  -  MemoryUsage of job (MB)
	13912  -  ResidentSetSize of job (KB)
...
006 (8383301.001.000) 07/28 18:14:26 Image size of job updated: 7437988
	14  -  MemoryUsage of job (MB)
	13944  -  ResidentSetSize of job (KB)
...
006 (8383301.001.000) 07/28 18:19:27 Image size of job updated: 7437988
	14  -  MemoryUsage of job (MB)
	13960  -  ResidentSetSize of job (KB)
...
006 (8383301.001.000) 07/28 18:29:28 Image size of job updated: 7437988
	14  -  MemoryUsage of job (MB)
	13976  -  ResidentSetSize of job (KB)
...
006 (8383301.001.000) 07/28 18:34:29 Image size of job updated: 7437988
	14  -  MemoryUsage of job (MB)
	13988  -  ResidentSetSize of job (KB)
...
006 (8383301.001.000) 07/28 18:39:29 Image size of job updated: 7437988
	14  -  MemoryUsage of job (MB)
	14020  -  ResidentSetSize of job (KB)
...
006 (8383301.001.000) 07/28 18:49:31 Image size of job updated: 7437988
	14  -  MemoryUsage of job (MB)
	14036  -  ResidentSetSize of job (KB)
...
006 (8383301.001.000) 07/28 18:59:31 Image size of job updated: 7437988
	14  -  MemoryUsage of job (MB)
	14052  -  ResidentSetSize of job (KB)
...
006 (8383301.001.000) 07/28 19:04:32 Image size of job updated: 7437988
	14  -  MemoryUsage of job (MB)
	14064  -  ResidentSetSize of job (KB)
...
006 (8383301.001.000) 07/28 19:14:33 Image size of job updated: 7437988
	14  -  MemoryUsage of job (MB)
	14096  -  ResidentSetSize of job (KB)
...
006 (8383301.001.000) 07/28 19:19:33 Image size of job updated: 7437988
	14  -  MemoryUsage of job (MB)
	14112  -  ResidentSetSize of job (KB)
...
006 (8383301.001.000) 07/28 19:29:35 Image size of job updated: 7437988
	14  -  MemoryUsage of job (MB)
	14128  -  ResidentSetSize of job (KB)
...
006 (8383301.001.000) 07/28 19:39:36 Image size of job updated: 7437988
	14  -  MemoryUsage of job (MB)
	14140  -  ResidentSetSize of job (KB)
...
006 (8383301.001.000) 07/28 19:49:37 Image size of job updated: 7437988
	14  -  MemoryUsage of job (MB)
	14172  -  ResidentSetSize of job (KB)
...
006 (8383301.001.000) 07/28 19:59:38 Image size of job updated: 7437988
	14  -  MemoryUsage of job (MB)
	14188  -  ResidentSetSize of job (KB)
...
006 (8383301.001.000) 07/28 20:09:39 Image size of job updated: 7437988
	14  -  MemoryUsage of job (MB)
	14204  -  ResidentSetSize of job (KB)
...
006 (8383301.001.000) 07/28 20:19:40 Image size of job updated: 7437988
	14  -  MemoryUsage of job (MB)
	14216  -  ResidentSetSize of job (KB)
...
006 (8383301.001.000) 07/28 20:29:40 Image size of job updated: 7437988
	14  -  MemoryUsage of job (MB)
	14248  -  ResidentSetSize of job (KB)
...
006 (8383301.001.000) 07/28 20:39:42 Image size of job updated: 7437988
	14  -  MemoryUsage of job (MB)
	14264  -  ResidentSetSize of job (KB)
...
006 (8383301.001.000) 07/28 20:49:43 Image size of job updated: 7437988
	14  -  MemoryUsage of job (MB)
	14280  -  ResidentSetSize of job (KB)
...
006 (8383301.001.000) 07/28 20:59:44 Image size of job updated: 7437988
	14  -  MemoryUsage of job (MB)
	14292  -  ResidentSetSize of job (KB)
...
006 (8383301.001.000) 07/28 21:04:44 Image size of job updated: 7437988
	14  -  MemoryUsage of job (MB)
	14324  -  ResidentSetSize of job (KB)
...
006 (8383301.001.000) 07/28 21:14:46 Image size of job updated: 7437988
	15  -  MemoryUsage of job (MB)
	14340  -  ResidentSetSize of job (KB)
...
006 (8383301.001.000) 07/28 21:24:47 Image size of job updated: 7437988
	15  -  MemoryUsage of job (MB)
	14356  -  ResidentSetSize of job (KB)
...
006 (8383301.001.000) 07/28 21:34:48 Image size of job updated: 7437988
	15  -  MemoryUsage of job (MB)
	14368  -  ResidentSetSize of job (KB)
...
006 (8383301.001.000) 07/28 21:44:49 Image size of job updated: 7437988
	15  -  MemoryUsage of job (MB)
	14400  -  ResidentSetSize of job (KB)
...
006 (8383301.001.000) 07/28 21:54:50 Image size of job updated: 7437988
	15  -  MemoryUsage of job (MB)
	14416  -  ResidentSetSize of job (KB)
...
006 (8383301.001.000) 07/28 22:04:52 Image size of job updated: 7437988
	15  -  MemoryUsage of job (MB)
	14432  -  ResidentSetSize of job (KB)
...
006 (8383301.001.000) 07/28 22:14:52 Image size of job updated: 7437988
	15  -  MemoryUsage of job (MB)
	14444  -  ResidentSetSize of job (KB)
...
006 (8383301.001.000) 07/28 22:24:54 Image size of job updated: 7437988
	15  -  MemoryUsage of job (MB)
	14476  -  ResidentSetSize of job (KB)
...
006 (8383301.001.000) 07/28 22:34:55 Image size of job updated: 7437988
	15  -  MemoryUsage of job (MB)
	14492  -  ResidentSetSize of job (KB)
...
006 (8383301.001.000) 07/28 22:44:56 Image size of job updated: 7437988
	15  -  MemoryUsage of job (MB)
	14508  -  ResidentSetSize of job (KB)
...
006 (8383301.001.000) 07/28 22:54:58 Image size of job updated: 7437988
	15  -  MemoryUsage of job (MB)
	14520  -  ResidentSetSize of job (KB)
...
006 (8383301.001.000) 07/28 23:04:58 Image size of job updated: 7437988
	15  -  MemoryUsage of job (MB)
	14552  -  ResidentSetSize of job (KB)
...
006 (8383301.001.000) 07/28 23:15:00 Image size of job updated: 7437988
	15  -  MemoryUsage of job (MB)
	14568  -  ResidentSetSize of job (KB)
...
006 (8383301.001.000) 07/28 23:25:00 Image size of job updated: 7437988
	15  -  MemoryUsage of job (MB)
	14584  -  ResidentSetSize of job (KB)
...
006 (8383301.001.000) 07/28 23:35:01 Image size of job updated: 7437988
	15  -  MemoryUsage of job (MB)
	14596  -  ResidentSetSize of job (KB)
...
006 (8383301.001.000) 07/28 23:45:02 Image size of job updated: 7437988
	15  -  MemoryUsage of job (MB)
	14628  -  ResidentSetSize of job (KB)
...
006 (8383301.001.000) 07/28 23:55:03 Image size of job updated: 7437988
	15  -  MemoryUsage of job (MB)
	14644  -  ResidentSetSize of job (KB)
...
006 (8383301.001.000) 07/29 00:05:04 Image size of job updated: 7437988
	15  -  MemoryUsage of job (MB)
	14660  -  ResidentSetSize of job (KB)
...
006 (8383301.001.000) 07/29 00:15:04 Image size of job updated: 7437988
	15  -  MemoryUsage of job (MB)
	14672  -  ResidentSetSize of job (KB)
...
006 (8383301.001.000) 07/29 00:25:06 Image size of job updated: 7437988
	15  -  MemoryUsage of job (MB)
	14704  -  ResidentSetSize of job (KB)
...
006 (8383301.001.000) 07/29 00:30:06 Image size of job updated: 7437988
	15  -  MemoryUsage of job (MB)
	14720  -  ResidentSetSize of job (KB)
...
006 (8383301.001.000) 07/29 00:40:07 Image size of job updated: 7437988
	15  -  MemoryUsage of job (MB)
	14736  -  ResidentSetSize of job (KB)
...
006 (8383301.001.000) 07/29 00:50:07 Image size of job updated: 7437988
	15  -  MemoryUsage of job (MB)
	14748  -  ResidentSetSize of job (KB)
...
006 (8383301.001.000) 07/29 01:00:09 Image size of job updated: 7437988
	15  -  MemoryUsage of job (MB)
	14780  -  ResidentSetSize of job (KB)
...
006 (8383301.001.000) 07/29 01:10:10 Image size of job updated: 7437988
	15  -  MemoryUsage of job (MB)
	14796  -  ResidentSetSize of job (KB)
...
006 (8383301.001.000) 07/29 01:15:11 Image size of job updated: 7437988
	15  -  MemoryUsage of job (MB)
	14812  -  ResidentSetSize of job (KB)
...
006 (8383301.001.000) 07/29 01:25:11 Image size of job updated: 7437988
	15  -  MemoryUsage of job (MB)
	14824  -  ResidentSetSize of job (KB)
...
006 (8383301.001.000) 07/29 01:30:12 Image size of job updated: 7437988
	15  -  MemoryUsage of job (MB)
	14856  -  ResidentSetSize of job (KB)
...
006 (8383301.001.000) 07/29 01:45:13 Image size of job updated: 7437988
	15  -  MemoryUsage of job (MB)
	14872  -  ResidentSetSize of job (KB)
...
006 (8383301.001.000) 07/29 01:50:14 Image size of job updated: 7437988
	15  -  MemoryUsage of job (MB)
	14888  -  ResidentSetSize of job (KB)
...
006 (8383301.001.000) 07/29 02:00:14 Image size of job updated: 7437988
	15  -  MemoryUsage of job (MB)
	14900  -  ResidentSetSize of job (KB)
...
006 (8383301.001.000) 07/29 02:05:15 Image size of job updated: 7437988
	15  -  MemoryUsage of job (MB)
	14932  -  ResidentSetSize of job (KB)
...
006 (8383301.001.000) 07/29 02:20:17 Image size of job updated: 7437988
	15  -  MemoryUsage of job (MB)
	14948  -  ResidentSetSize of job (KB)
...
006 (8383301.001.000) 07/29 02:30:18 Image size of job updated: 7437988
	15  -  MemoryUsage of job (MB)
	14964  -  ResidentSetSize of job (KB)
...
006 (8383301.001.000) 07/29 02:40:19 Image size of job updated: 7437988
	15  -  MemoryUsage of job (MB)
	14976  -  ResidentSetSize of job (KB)
...
006 (8383301.001.000) 07/29 02:45:20 Image size of job updated: 7437988
	15  -  MemoryUsage of job (MB)
	15008  -  ResidentSetSize of job (KB)
...
006 (8383301.001.000) 07/29 02:55:20 Image size of job updated: 7437988
	15  -  MemoryUsage of job (MB)
	15024  -  ResidentSetSize of job (KB)
...
006 (8383301.001.000) 07/29 03:05:21 Image size of job updated: 7437988
	15  -  MemoryUsage of job (MB)
	15040  -  ResidentSetSize of job (KB)
...
006 (8383301.001.000) 07/29 03:10:21 Image size of job updated: 7437988
	15  -  MemoryUsage of job (MB)
	15052  -  ResidentSetSize of job (KB)
...
006 (8383301.001.000) 07/29 03:20:23 Image size of job updated: 7437988
	15  -  MemoryUsage of job (MB)
	15084  -  ResidentSetSize of job (KB)
...
006 (8383301.001.000) 07/29 03:30:23 Image size of job updated: 7437988
	15  -  MemoryUsage of job (MB)
	15100  -  ResidentSetSize of job (KB)
...
006 (8383301.001.000) 07/29 03:35:24 Image size of job updated: 7437988
	15  -  MemoryUsage of job (MB)
	15116  -  ResidentSetSize of job (KB)
...
006 (8383301.001.000) 07/29 03:45:24 Image size of job updated: 7437988
	15  -  MemoryUsage of job (MB)
	15128  -  ResidentSetSize of job (KB)
...
006 (8383301.001.000) 07/29 03:55:26 Image size of job updated: 7437988
	15  -  MemoryUsage of job (MB)
	15160  -  ResidentSetSize of job (KB)
...
006 (8383301.001.000) 07/29 04:05:26 Image size of job updated: 7437988
	15  -  MemoryUsage of job (MB)
	15176  -  ResidentSetSize of job (KB)
...
006 (8383301.001.000) 07/29 04:10:27 Image size of job updated: 7437988
	34  -  MemoryUsage of job (MB)
	34576  -  ResidentSetSize of job (KB)
...
006 (8383301.001.000) 07/29 04:15:28 Image size of job updated: 7437988
	39  -  MemoryUsage of job (MB)
	39740  -  ResidentSetSize of job (KB)
...
006 (8383301.001.000) 07/29 04:20:28 Image size of job updated: 7437988
	39  -  MemoryUsage of job (MB)
	39744  -  ResidentSetSize of job (KB)
...
006 (8383301.001.000) 07/29 04:25:28 Image size of job updated: 7437988
	41  -  MemoryUsage of job (MB)
	41748  -  ResidentSetSize of job (KB)
...
006 (8383301.001.000) 07/29 04:35:30 Image size of job updated: 7437988
	52  -  MemoryUsage of job (MB)
	52996  -  ResidentSetSize of job (KB)
...
006 (8383301.001.000) 07/29 04:45:30 Image size of job updated: 7437988
	52  -  MemoryUsage of job (MB)
	53000  -  ResidentSetSize of job (KB)
...
006 (8383301.001.000) 07/29 04:55:31 Image size of job updated: 7437988
	52  -  MemoryUsage of job (MB)
	53004  -  ResidentSetSize of job (KB)
...
006 (8383301.001.000) 07/29 05:05:32 Image size of job updated: 7437988
	52  -  MemoryUsage of job (MB)
	53016  -  ResidentSetSize of job (KB)
...
006 (8383301.001.000) 07/29 05:15:33 Image size of job updated: 7437988
	52  -  MemoryUsage of job (MB)
	53020  -  ResidentSetSize of job (KB)
...
006 (8383301.001.000) 07/29 05:25:34 Image size of job updated: 7437988
	52  -  MemoryUsage of job (MB)
	53024  -  ResidentSetSize of job (KB)
...
006 (8383301.001.000) 07/29 05:40:35 Image size of job updated: 7437988
	52  -  MemoryUsage of job (MB)
	53028  -  ResidentSetSize of job (KB)
...
006 (8383301.001.000) 07/29 05:50:36 Image size of job updated: 7437988
	52  -  MemoryUsage of job (MB)
	53040  -  ResidentSetSize of job (KB)
...
006 (8383301.001.000) 07/29 05:55:37 Image size of job updated: 7437988
	52  -  MemoryUsage of job (MB)
	53044  -  ResidentSetSize of job (KB)
...
006 (8383301.001.000) 07/29 06:10:38 Image size of job updated: 7437988
	52  -  MemoryUsage of job (MB)
	53048  -  ResidentSetSize of job (KB)
...
006 (8383301.001.000) 07/29 06:15:39 Image size of job updated: 7437988
	52  -  MemoryUsage of job (MB)
	53052  -  ResidentSetSize of job (KB)
...
006 (8383301.001.000) 07/29 06:30:41 Image size of job updated: 7437988
	52  -  MemoryUsage of job (MB)
	53064  -  ResidentSetSize of job (KB)
...
006 (8383301.001.000) 07/29 06:40:42 Image size of job updated: 7437988
	52  -  MemoryUsage of job (MB)
	53068  -  ResidentSetSize of job (KB)
...
006 (8383301.001.000) 07/29 06:50:43 Image size of job updated: 7437988
	52  -  MemoryUsage of job (MB)
	53072  -  ResidentSetSize of job (KB)
...
006 (8383301.001.000) 07/29 07:00:44 Image size of job updated: 7437988
	52  -  MemoryUsage of job (MB)
	53076  -  ResidentSetSize of job (KB)
...
006 (8383301.001.000) 07/29 07:10:46 Image size of job updated: 7437988
	52  -  MemoryUsage of job (MB)
	53088  -  ResidentSetSize of job (KB)
...
006 (8383301.001.000) 07/29 07:25:47 Image size of job updated: 7437988
	52  -  MemoryUsage of job (MB)
	53092  -  ResidentSetSize of job (KB)
...
006 (8383301.001.000) 07/29 07:35:48 Image size of job updated: 7437988
	52  -  MemoryUsage of job (MB)
	53096  -  ResidentSetSize of job (KB)
...
006 (8383301.001.000) 07/29 07:45:50 Image size of job updated: 7437988
	52  -  MemoryUsage of job (MB)
	53100  -  ResidentSetSize of job (KB)
...
006 (8383301.001.000) 07/29 07:50:50 Image size of job updated: 7437988
	52  -  MemoryUsage of job (MB)
	53112  -  ResidentSetSize of job (KB)
...
006 (8383301.001.000) 07/29 08:00:51 Image size of job updated: 7437988
	52  -  MemoryUsage of job (MB)
	53116  -  ResidentSetSize of job (KB)
...
006 (8383301.001.000) 07/29 08:10:51 Image size of job updated: 7437988
	52  -  MemoryUsage of job (MB)
	53120  -  ResidentSetSize of job (KB)
...
006 (8383301.001.000) 07/29 08:20:53 Image size of job updated: 7437988
	52  -  MemoryUsage of job (MB)
	53124  -  ResidentSetSize of job (KB)
...
006 (8383301.001.000) 07/29 08:30:53 Image size of job updated: 7437988
	52  -  MemoryUsage of job (MB)
	53136  -  ResidentSetSize of job (KB)
...
006 (8383301.001.000) 07/29 08:40:55 Image size of job updated: 7437988
	52  -  MemoryUsage of job (MB)
	53140  -  ResidentSetSize of job (KB)
...
006 (8383301.001.000) 07/29 08:50:55 Image size of job updated: 7437988
	52  -  MemoryUsage of job (MB)
	53144  -  ResidentSetSize of job (KB)
...
006 (8383301.001.000) 07/29 09:00:56 Image size of job updated: 7437988
	52  -  MemoryUsage of job (MB)
	53148  -  ResidentSetSize of job (KB)
...
006 (8383301.001.000) 07/29 09:10:57 Image size of job updated: 7437988
	52  -  MemoryUsage of job (MB)
	53160  -  ResidentSetSize of job (KB)
...
006 (8383301.001.000) 07/29 09:20:58 Image size of job updated: 7437988
	52  -  MemoryUsage of job (MB)
	53164  -  ResidentSetSize of job (KB)
...
006 (8383301.001.000) 07/29 09:30:59 Image size of job updated: 7437988
	52  -  MemoryUsage of job (MB)
	53168  -  ResidentSetSize of job (KB)
...
006 (8383301.001.000) 07/29 09:41:00 Image size of job updated: 7437988
	52  -  MemoryUsage of job (MB)
	53172  -  ResidentSetSize of job (KB)
...
006 (8383301.001.000) 07/29 09:51:02 Image size of job updated: 7437988
	52  -  MemoryUsage of job (MB)
	53184  -  ResidentSetSize of job (KB)
...
006 (8383301.001.000) 07/29 10:01:02 Image size of job updated: 7437988
	52  -  MemoryUsage of job (MB)
	53188  -  ResidentSetSize of job (KB)
...
006 (8383301.001.000) 07/29 10:06:04 Image size of job updated: 7437988
	52  -  MemoryUsage of job (MB)
	53192  -  ResidentSetSize of job (KB)
...
006 (8383301.001.000) 07/29 10:16:04 Image size of job updated: 7437988
	52  -  MemoryUsage of job (MB)
	53196  -  ResidentSetSize of job (KB)
...
006 (8383301.001.000) 07/29 10:26:06 Image size of job updated: 7437988
	52  -  MemoryUsage of job (MB)
	53208  -  ResidentSetSize of job (KB)
...
006 (8383301.001.000) 07/29 10:36:06 Image size of job updated: 7437988
	52  -  MemoryUsage of job (MB)
	53212  -  ResidentSetSize of job (KB)
...
006 (8383301.001.000) 07/29 10:46:07 Image size of job updated: 7437988
	52  -  MemoryUsage of job (MB)
	53216  -  ResidentSetSize of job (KB)
...
006 (8383301.001.000) 07/29 10:56:08 Image size of job updated: 7437988
	52  -  MemoryUsage of job (MB)
	53220  -  ResidentSetSize of job (KB)
...
006 (8383301.001.000) 07/29 11:01:09 Image size of job updated: 7437988
	52  -  MemoryUsage of job (MB)
	53232  -  ResidentSetSize of job (KB)
...
006 (8383301.001.000) 07/29 11:11:09 Image size of job updated: 7437988
	52  -  MemoryUsage of job (MB)
	53236  -  ResidentSetSize of job (KB)
...
006 (8383301.001.000) 07/29 11:21:10 Image size of job updated: 7437988
	52  -  MemoryUsage of job (MB)
	53240  -  ResidentSetSize of job (KB)
...
006 (8383301.001.000) 07/29 11:31:11 Image size of job updated: 7437988
	52  -  MemoryUsage of job (MB)
	53244  -  ResidentSetSize of job (KB)
...
006 (8383301.001.000) 07/29 11:41:12 Image size of job updated: 7437988
	53  -  MemoryUsage of job (MB)
	53256  -  ResidentSetSize of job (KB)
...
006 (8383301.001.000) 07/29 11:46:12 Image size of job updated: 7437988
	53  -  MemoryUsage of job (MB)
	53260  -  ResidentSetSize of job (KB)
...
006 (8383301.001.000) 07/29 11:56:14 Image size of job updated: 7437988
	53  -  MemoryUsage of job (MB)
	53264  -  ResidentSetSize of job (KB)
...
006 (8383301.001.000) 07/29 12:06:15 Image size of job updated: 7437988
	53  -  MemoryUsage of job (MB)
	53268  -  ResidentSetSize of job (KB)
...
006 (8383301.001.000) 07/29 12:16:16 Image size of job updated: 7437988
	53  -  MemoryUsage of job (MB)
	53280  -  ResidentSetSize of job (KB)
...
006 (8383301.001.000) 07/29 12:26:18 Image size of job updated: 7437988
	53  -  MemoryUsage of job (MB)
	53284  -  ResidentSetSize of job (KB)
...
006 (8383301.001.000) 07/29 12:31:18 Image size of job updated: 7437988
	53  -  MemoryUsage of job (MB)
	53288  -  ResidentSetSize of job (KB)
...
006 (8383301.001.000) 07/29 12:41:18 Image size of job updated: 7437988
	53  -  MemoryUsage of job (MB)
	53292  -  ResidentSetSize of job (KB)
...
006 (8383301.001.000) 07/29 12:51:19 Image size of job updated: 7437988
	53  -  MemoryUsage of job (MB)
	53304  -  ResidentSetSize of job (KB)
...
006 (8383301.001.000) 07/29 12:56:20 Image size of job updated: 7437988
	53  -  MemoryUsage of job (MB)
	53308  -  ResidentSetSize of job (KB)
...
006 (8383301.001.000) 07/29 13:06:21 Image size of job updated: 7437988
	53  -  MemoryUsage of job (MB)
	53312  -  ResidentSetSize of job (KB)
...
006 (8383301.001.000) 07/29 13:16:22 Image size of job updated: 7437988
	53  -  MemoryUsage of job (MB)
	53316  -  ResidentSetSize of job (KB)
...
006 (8383301.001.000) 07/29 13:26:23 Image size of job updated: 7437988
	53  -  MemoryUsage of job (MB)
	53328  -  ResidentSetSize of job (KB)
...
006 (8383301.001.000) 07/29 13:36:23 Image size of job updated: 7437988
	53  -  MemoryUsage of job (MB)
	53332  -  ResidentSetSize of job (KB)
...
006 (8383301.001.000) 07/29 13:46:25 Image size of job updated: 7437988
	53  -  MemoryUsage of job (MB)
	53336  -  ResidentSetSize of job (KB)
...
006 (8383301.001.000) 07/29 13:56:26 Image size of job updated: 7437988
	53  -  MemoryUsage of job (MB)
	53340  -  ResidentSetSize of job (KB)
...
006 (8383301.001.000) 07/29 14:06:27 Image size of job updated: 7437988
	53  -  MemoryUsage of job (MB)
	53352  -  ResidentSetSize of job (KB)
...
006 (8383301.001.000) 07/29 14:11:27 Image size of job updated: 7437988
	53  -  MemoryUsage of job (MB)
	53356  -  ResidentSetSize of job (KB)
...
006 (8383301.001.000) 07/29 14:21:28 Image size of job updated: 7437988
	53  -  MemoryUsage of job (MB)
	53360  -  ResidentSetSize of job (KB)
...
006 (8383301.001.000) 07/29 14:31:29 Image size of job updated: 7437988
	53  -  MemoryUsage of job (MB)
	53364  -  ResidentSetSize of job (KB)
...
006 (8383301.001.000) 07/29 14:36:29 Image size of job updated: 7437988
	53  -  MemoryUsage of job (MB)
	53376  -  ResidentSetSize of job (KB)
...
040 (8383301.001.000) 07/29 14:44:55 Started transferring output files
...
040 (8383301.001.000) 07/29 14:44:55 Finished transferring output files
...
005 (8383301.001.000) 07/29 14:44:55 Job terminated.
	(1) Normal termination (return value 1)
		Usr 2 02:08:24, Sys 0 00:00:11  -  Run Remote Usage
		Usr 0 00:00:00, Sys 0 00:00:00  -  Run Local Usage
		Usr 2 02:08:24, Sys 0 00:00:11  -  Total Remote Usage
		Usr 0 00:00:00, Sys 0 00:00:00  -  Total Local Usage
	325032  -  Run Bytes Sent By Job
	1379  -  Run Bytes Received By Job
	325032  -  Total Bytes Sent By Job
	1379  -  Total Bytes Received By Job
	Partitionable Resources :    Usage  Request Allocated 
	   Cpus                 :     1.00        8         8 
	   Disk (KB)            :   350           2   2875461 
	   Memory (MB)          :    53       16000     16000 

	Job terminated of its own accord at 2023-07-29T12:44:55Z.
...
