000 (8382888.006.000) 07/27 02:12:28 Job submitted from host: <137.138.156.150:9618?addrs=137.138.156.150-9618+[2001-1458-d00-14--9a]-9618&alias=bigbird13.cern.ch&noUDP&sock=schedd_6524_7ff5>
...
040 (8382888.006.000) 07/27 02:13:58 Started transferring input files
	Transferring to host: <128.142.192.170:9618?addrs=128.142.192.170-9618+[2001-1458-301-56--100-26]-9618&alias=b7g18p5267.cern.ch&noUDP&sock=slot1_1_5283_19f0_112440>
...
040 (8382888.006.000) 07/27 02:13:58 Finished transferring input files
...
001 (8382888.006.000) 07/27 02:13:58 Job executing on host: <128.142.192.170:9618?addrs=128.142.192.170-9618+[2001-1458-301-56--100-26]-9618&alias=b7g18p5267.cern.ch&noUDP&sock=startd_4823_c15c>
...
006 (8382888.006.000) 07/27 02:14:07 Image size of job updated: 7688
	7  -  MemoryUsage of job (MB)
	6648  -  ResidentSetSize of job (KB)
...
006 (8382888.006.000) 07/27 02:19:08 Image size of job updated: 7437988
	7  -  MemoryUsage of job (MB)
	6760  -  ResidentSetSize of job (KB)
...
006 (8382888.006.000) 07/27 02:24:08 Image size of job updated: 7437988
	7  -  MemoryUsage of job (MB)
	6824  -  ResidentSetSize of job (KB)
...
006 (8382888.006.000) 07/27 02:29:08 Image size of job updated: 7437988
	7  -  MemoryUsage of job (MB)
	6840  -  ResidentSetSize of job (KB)
...
006 (8382888.006.000) 07/27 02:34:09 Image size of job updated: 7437988
	7  -  MemoryUsage of job (MB)
	6856  -  ResidentSetSize of job (KB)
...
006 (8382888.006.000) 07/27 02:39:10 Image size of job updated: 7437988
	7  -  MemoryUsage of job (MB)
	6920  -  ResidentSetSize of job (KB)
...
006 (8382888.006.000) 07/27 02:44:10 Image size of job updated: 7437988
	7  -  MemoryUsage of job (MB)
	6936  -  ResidentSetSize of job (KB)
...
006 (8382888.006.000) 07/27 02:49:11 Image size of job updated: 7437988
	7  -  MemoryUsage of job (MB)
	6952  -  ResidentSetSize of job (KB)
...
006 (8382888.006.000) 07/27 02:59:12 Image size of job updated: 7437988
	7  -  MemoryUsage of job (MB)
	6984  -  ResidentSetSize of job (KB)
...
006 (8382888.006.000) 07/27 03:09:13 Image size of job updated: 7437988
	7  -  MemoryUsage of job (MB)
	7016  -  ResidentSetSize of job (KB)
...
006 (8382888.006.000) 07/27 03:19:14 Image size of job updated: 7437988
	7  -  MemoryUsage of job (MB)
	7032  -  ResidentSetSize of job (KB)
...
006 (8382888.006.000) 07/27 03:29:16 Image size of job updated: 7437988
	7  -  MemoryUsage of job (MB)
	7048  -  ResidentSetSize of job (KB)
...
006 (8382888.006.000) 07/27 03:39:16 Image size of job updated: 7437988
	7  -  MemoryUsage of job (MB)
	7080  -  ResidentSetSize of job (KB)
...
006 (8382888.006.000) 07/27 03:49:17 Image size of job updated: 7437988
	7  -  MemoryUsage of job (MB)
	7112  -  ResidentSetSize of job (KB)
...
006 (8382888.006.000) 07/27 03:59:18 Image size of job updated: 7437988
	7  -  MemoryUsage of job (MB)
	7128  -  ResidentSetSize of job (KB)
...
006 (8382888.006.000) 07/27 04:09:19 Image size of job updated: 7437988
	7  -  MemoryUsage of job (MB)
	7144  -  ResidentSetSize of job (KB)
...
006 (8382888.006.000) 07/27 04:19:21 Image size of job updated: 7437988
	8  -  MemoryUsage of job (MB)
	7176  -  ResidentSetSize of job (KB)
...
006 (8382888.006.000) 07/27 04:29:21 Image size of job updated: 7437988
	8  -  MemoryUsage of job (MB)
	7208  -  ResidentSetSize of job (KB)
...
006 (8382888.006.000) 07/27 04:39:23 Image size of job updated: 7437988
	8  -  MemoryUsage of job (MB)
	7224  -  ResidentSetSize of job (KB)
...
006 (8382888.006.000) 07/27 04:49:24 Image size of job updated: 7437988
	8  -  MemoryUsage of job (MB)
	7240  -  ResidentSetSize of job (KB)
...
006 (8382888.006.000) 07/27 04:59:25 Image size of job updated: 7437988
	8  -  MemoryUsage of job (MB)
	7272  -  ResidentSetSize of job (KB)
...
006 (8382888.006.000) 07/27 05:09:26 Image size of job updated: 7437988
	8  -  MemoryUsage of job (MB)
	7304  -  ResidentSetSize of job (KB)
...
006 (8382888.006.000) 07/27 05:19:26 Image size of job updated: 7437988
	8  -  MemoryUsage of job (MB)
	7320  -  ResidentSetSize of job (KB)
...
006 (8382888.006.000) 07/27 05:29:28 Image size of job updated: 7437988
	8  -  MemoryUsage of job (MB)
	7336  -  ResidentSetSize of job (KB)
...
006 (8382888.006.000) 07/27 05:39:29 Image size of job updated: 7437988
	8  -  MemoryUsage of job (MB)
	7368  -  ResidentSetSize of job (KB)
...
006 (8382888.006.000) 07/27 05:49:30 Image size of job updated: 7437988
	8  -  MemoryUsage of job (MB)
	7400  -  ResidentSetSize of job (KB)
...
006 (8382888.006.000) 07/27 05:59:31 Image size of job updated: 7437988
	8  -  MemoryUsage of job (MB)
	7416  -  ResidentSetSize of job (KB)
...
006 (8382888.006.000) 07/27 06:09:31 Image size of job updated: 7437988
	8  -  MemoryUsage of job (MB)
	7432  -  ResidentSetSize of job (KB)
...
006 (8382888.006.000) 07/27 06:19:33 Image size of job updated: 7437988
	8  -  MemoryUsage of job (MB)
	7464  -  ResidentSetSize of job (KB)
...
006 (8382888.006.000) 07/27 06:29:34 Image size of job updated: 7437988
	8  -  MemoryUsage of job (MB)
	7496  -  ResidentSetSize of job (KB)
...
006 (8382888.006.000) 07/27 06:39:35 Image size of job updated: 7437988
	8  -  MemoryUsage of job (MB)
	7512  -  ResidentSetSize of job (KB)
...
006 (8382888.006.000) 07/27 06:49:37 Image size of job updated: 7437988
	8  -  MemoryUsage of job (MB)
	7528  -  ResidentSetSize of job (KB)
...
006 (8382888.006.000) 07/27 06:59:37 Image size of job updated: 7437988
	8  -  MemoryUsage of job (MB)
	7560  -  ResidentSetSize of job (KB)
...
006 (8382888.006.000) 07/27 07:09:39 Image size of job updated: 7437988
	8  -  MemoryUsage of job (MB)
	7592  -  ResidentSetSize of job (KB)
...
006 (8382888.006.000) 07/27 07:19:40 Image size of job updated: 7437988
	8  -  MemoryUsage of job (MB)
	7608  -  ResidentSetSize of job (KB)
...
006 (8382888.006.000) 07/27 07:29:41 Image size of job updated: 7437988
	8  -  MemoryUsage of job (MB)
	7624  -  ResidentSetSize of job (KB)
...
006 (8382888.006.000) 07/27 07:39:43 Image size of job updated: 7437988
	8  -  MemoryUsage of job (MB)
	7656  -  ResidentSetSize of job (KB)
...
006 (8382888.006.000) 07/27 07:49:43 Image size of job updated: 7437988
	8  -  MemoryUsage of job (MB)
	7688  -  ResidentSetSize of job (KB)
...
006 (8382888.006.000) 07/27 07:59:45 Image size of job updated: 7437988
	8  -  MemoryUsage of job (MB)
	7704  -  ResidentSetSize of job (KB)
...
006 (8382888.006.000) 07/27 08:09:46 Image size of job updated: 7437988
	8  -  MemoryUsage of job (MB)
	7720  -  ResidentSetSize of job (KB)
...
006 (8382888.006.000) 07/27 08:19:47 Image size of job updated: 7437988
	8  -  MemoryUsage of job (MB)
	7752  -  ResidentSetSize of job (KB)
...
006 (8382888.006.000) 07/27 08:29:49 Image size of job updated: 7437988
	8  -  MemoryUsage of job (MB)
	7784  -  ResidentSetSize of job (KB)
...
006 (8382888.006.000) 07/27 08:44:50 Image size of job updated: 7437988
	8  -  MemoryUsage of job (MB)
	7800  -  ResidentSetSize of job (KB)
...
006 (8382888.006.000) 07/27 08:54:51 Image size of job updated: 7437988
	8  -  MemoryUsage of job (MB)
	7816  -  ResidentSetSize of job (KB)
...
006 (8382888.006.000) 07/27 09:04:53 Image size of job updated: 7437988
	8  -  MemoryUsage of job (MB)
	7848  -  ResidentSetSize of job (KB)
...
006 (8382888.006.000) 07/27 09:14:53 Image size of job updated: 7437988
	8  -  MemoryUsage of job (MB)
	7880  -  ResidentSetSize of job (KB)
...
006 (8382888.006.000) 07/27 09:24:54 Image size of job updated: 7437988
	8  -  MemoryUsage of job (MB)
	7896  -  ResidentSetSize of job (KB)
...
006 (8382888.006.000) 07/27 09:34:55 Image size of job updated: 7437988
	8  -  MemoryUsage of job (MB)
	7912  -  ResidentSetSize of job (KB)
...
006 (8382888.006.000) 07/27 09:44:56 Image size of job updated: 7437988
	8  -  MemoryUsage of job (MB)
	7944  -  ResidentSetSize of job (KB)
...
006 (8382888.006.000) 07/27 09:54:58 Image size of job updated: 7437988
	8  -  MemoryUsage of job (MB)
	7976  -  ResidentSetSize of job (KB)
...
006 (8382888.006.000) 07/27 10:04:58 Image size of job updated: 7437988
	8  -  MemoryUsage of job (MB)
	7992  -  ResidentSetSize of job (KB)
...
040 (8382888.006.000) 07/27 10:14:31 Started transferring output files
...
040 (8382888.006.000) 07/27 10:14:32 Finished transferring output files
...
009 (8382888.006.000) 07/27 10:14:34 Job was aborted.
	Job removed by SYSTEM_PERIODIC_REMOVE due to wall time exceeded allowed max.
...
