000 (8414414.000.000) 08/08 02:15:07 Job submitted from host: <137.138.156.150:9618?addrs=137.138.156.150-9618+[2001-1458-d00-14--9a]-9618&alias=bigbird13.cern.ch&noUDP&sock=schedd_6524_7ff5>
...
040 (8414414.000.000) 08/08 02:16:07 Started transferring input files
	Transferring to host: <128.142.49.50:9618?addrs=128.142.49.50-9618+[2001-1458-301-31--100-30]-9618&alias=b7g22p2614.cern.ch&noUDP&sock=slot1_3_220841_366e_9491>
...
040 (8414414.000.000) 08/08 02:16:07 Finished transferring input files
...
001 (8414414.000.000) 08/08 02:16:07 Job executing on host: <128.142.49.50:9618?addrs=128.142.49.50-9618+[2001-1458-301-31--100-30]-9618&alias=b7g22p2614.cern.ch&noUDP&sock=startd_220803_1224>
...
006 (8414414.000.000) 08/08 02:16:16 Image size of job updated: 7056
	5  -  MemoryUsage of job (MB)
	4608  -  ResidentSetSize of job (KB)
...
006 (8414414.000.000) 08/08 02:21:16 Image size of job updated: 7435224
	5  -  MemoryUsage of job (MB)
	4804  -  ResidentSetSize of job (KB)
...
006 (8414414.000.000) 08/08 02:26:16 Image size of job updated: 7435224
	5  -  MemoryUsage of job (MB)
	4836  -  ResidentSetSize of job (KB)
...
006 (8414414.000.000) 08/08 02:51:19 Image size of job updated: 7435224
	5  -  MemoryUsage of job (MB)
	4852  -  ResidentSetSize of job (KB)
...
006 (8414414.000.000) 08/08 03:31:23 Image size of job updated: 7435224
	5  -  MemoryUsage of job (MB)
	4868  -  ResidentSetSize of job (KB)
...
006 (8414414.000.000) 08/08 04:16:28 Image size of job updated: 7435224
	5  -  MemoryUsage of job (MB)
	4884  -  ResidentSetSize of job (KB)
...
006 (8414414.000.000) 08/08 05:01:32 Image size of job updated: 7435224
	5  -  MemoryUsage of job (MB)
	4916  -  ResidentSetSize of job (KB)
...
006 (8414414.000.000) 08/08 05:51:37 Image size of job updated: 7435224
	5  -  MemoryUsage of job (MB)
	4932  -  ResidentSetSize of job (KB)
...
006 (8414414.000.000) 08/08 06:36:41 Image size of job updated: 7435224
	5  -  MemoryUsage of job (MB)
	4948  -  ResidentSetSize of job (KB)
...
006 (8414414.000.000) 08/08 07:16:45 Image size of job updated: 7435224
	5  -  MemoryUsage of job (MB)
	4964  -  ResidentSetSize of job (KB)
...
006 (8414414.000.000) 08/08 07:51:48 Image size of job updated: 7435224
	5  -  MemoryUsage of job (MB)
	4996  -  ResidentSetSize of job (KB)
...
006 (8414414.000.000) 08/08 08:26:52 Image size of job updated: 7435224
	5  -  MemoryUsage of job (MB)
	5012  -  ResidentSetSize of job (KB)
...
006 (8414414.000.000) 08/08 09:06:56 Image size of job updated: 7435224
	5  -  MemoryUsage of job (MB)
	5028  -  ResidentSetSize of job (KB)
...
006 (8414414.000.000) 08/08 10:02:01 Image size of job updated: 7435224
	5  -  MemoryUsage of job (MB)
	5044  -  ResidentSetSize of job (KB)
...
006 (8414414.000.000) 08/08 10:52:06 Image size of job updated: 7435224
	5  -  MemoryUsage of job (MB)
	5076  -  ResidentSetSize of job (KB)
...
006 (8414414.000.000) 08/08 11:37:11 Image size of job updated: 7435224
	5  -  MemoryUsage of job (MB)
	5092  -  ResidentSetSize of job (KB)
...
006 (8414414.000.000) 08/08 12:17:15 Image size of job updated: 7435224
	5  -  MemoryUsage of job (MB)
	5108  -  ResidentSetSize of job (KB)
...
006 (8414414.000.000) 08/08 12:57:19 Image size of job updated: 7435224
	6  -  MemoryUsage of job (MB)
	5124  -  ResidentSetSize of job (KB)
...
006 (8414414.000.000) 08/08 13:42:24 Image size of job updated: 7435224
	6  -  MemoryUsage of job (MB)
	5156  -  ResidentSetSize of job (KB)
...
006 (8414414.000.000) 08/08 14:27:29 Image size of job updated: 7435224
	6  -  MemoryUsage of job (MB)
	5172  -  ResidentSetSize of job (KB)
...
006 (8414414.000.000) 08/08 15:17:34 Image size of job updated: 7435224
	6  -  MemoryUsage of job (MB)
	5188  -  ResidentSetSize of job (KB)
...
006 (8414414.000.000) 08/08 16:07:40 Image size of job updated: 7435224
	6  -  MemoryUsage of job (MB)
	5204  -  ResidentSetSize of job (KB)
...
006 (8414414.000.000) 08/08 16:57:45 Image size of job updated: 7435224
	6  -  MemoryUsage of job (MB)
	5236  -  ResidentSetSize of job (KB)
...
006 (8414414.000.000) 08/08 17:42:49 Image size of job updated: 7435224
	6  -  MemoryUsage of job (MB)
	5252  -  ResidentSetSize of job (KB)
...
006 (8414414.000.000) 08/08 18:24:33 Image size of job updated: 7435224
	6  -  MemoryUsage of job (MB)
	5268  -  ResidentSetSize of job (KB)
...
006 (8414414.000.000) 08/08 19:09:37 Image size of job updated: 7435224
	6  -  MemoryUsage of job (MB)
	5284  -  ResidentSetSize of job (KB)
...
006 (8414414.000.000) 08/08 19:59:43 Image size of job updated: 7435224
	6  -  MemoryUsage of job (MB)
	5316  -  ResidentSetSize of job (KB)
...
006 (8414414.000.000) 08/08 20:39:46 Image size of job updated: 7435224
	6  -  MemoryUsage of job (MB)
	5332  -  ResidentSetSize of job (KB)
...
006 (8414414.000.000) 08/08 21:19:50 Image size of job updated: 7435224
	6  -  MemoryUsage of job (MB)
	5348  -  ResidentSetSize of job (KB)
...
006 (8414414.000.000) 08/08 21:59:54 Image size of job updated: 7435224
	6  -  MemoryUsage of job (MB)
	5364  -  ResidentSetSize of job (KB)
...
006 (8414414.000.000) 08/08 22:39:59 Image size of job updated: 7435224
	6  -  MemoryUsage of job (MB)
	5396  -  ResidentSetSize of job (KB)
...
006 (8414414.000.000) 08/08 23:15:02 Image size of job updated: 7435224
	6  -  MemoryUsage of job (MB)
	5412  -  ResidentSetSize of job (KB)
...
006 (8414414.000.000) 08/09 00:00:07 Image size of job updated: 7435224
	6  -  MemoryUsage of job (MB)
	5428  -  ResidentSetSize of job (KB)
...
006 (8414414.000.000) 08/09 00:35:10 Image size of job updated: 7435224
	6  -  MemoryUsage of job (MB)
	5444  -  ResidentSetSize of job (KB)
...
006 (8414414.000.000) 08/09 01:10:14 Image size of job updated: 7435224
	6  -  MemoryUsage of job (MB)
	5476  -  ResidentSetSize of job (KB)
...
006 (8414414.000.000) 08/09 01:50:18 Image size of job updated: 7435224
	6  -  MemoryUsage of job (MB)
	5492  -  ResidentSetSize of job (KB)
...
006 (8414414.000.000) 08/09 02:30:22 Image size of job updated: 7435224
	6  -  MemoryUsage of job (MB)
	5508  -  ResidentSetSize of job (KB)
...
006 (8414414.000.000) 08/09 03:10:26 Image size of job updated: 7435224
	6  -  MemoryUsage of job (MB)
	5524  -  ResidentSetSize of job (KB)
...
006 (8414414.000.000) 08/09 03:45:31 Image size of job updated: 7435224
	6  -  MemoryUsage of job (MB)
	5556  -  ResidentSetSize of job (KB)
...
006 (8414414.000.000) 08/09 04:20:34 Image size of job updated: 7435224
	6  -  MemoryUsage of job (MB)
	5572  -  ResidentSetSize of job (KB)
...
006 (8414414.000.000) 08/09 05:15:39 Image size of job updated: 7435224
	6  -  MemoryUsage of job (MB)
	5588  -  ResidentSetSize of job (KB)
...
006 (8414414.000.000) 08/09 06:05:44 Image size of job updated: 7435224
	6  -  MemoryUsage of job (MB)
	5604  -  ResidentSetSize of job (KB)
...
006 (8414414.000.000) 08/09 06:55:49 Image size of job updated: 7435224
	6  -  MemoryUsage of job (MB)
	5636  -  ResidentSetSize of job (KB)
...
006 (8414414.000.000) 08/09 07:45:54 Image size of job updated: 7435224
	6  -  MemoryUsage of job (MB)
	5652  -  ResidentSetSize of job (KB)
...
006 (8414414.000.000) 08/09 08:30:59 Image size of job updated: 7435224
	6  -  MemoryUsage of job (MB)
	5668  -  ResidentSetSize of job (KB)
...
006 (8414414.000.000) 08/09 09:21:04 Image size of job updated: 7435224
	6  -  MemoryUsage of job (MB)
	5684  -  ResidentSetSize of job (KB)
...
006 (8414414.000.000) 08/09 10:11:09 Image size of job updated: 7435224
	6  -  MemoryUsage of job (MB)
	5716  -  ResidentSetSize of job (KB)
...
006 (8414414.000.000) 08/09 11:01:14 Image size of job updated: 7435224
	6  -  MemoryUsage of job (MB)
	5732  -  ResidentSetSize of job (KB)
...
006 (8414414.000.000) 08/09 11:56:21 Image size of job updated: 7435224
	6  -  MemoryUsage of job (MB)
	5748  -  ResidentSetSize of job (KB)
...
006 (8414414.000.000) 08/09 12:36:25 Image size of job updated: 7435224
	6  -  MemoryUsage of job (MB)
	5764  -  ResidentSetSize of job (KB)
...
006 (8414414.000.000) 08/09 13:21:29 Image size of job updated: 7435224
	6  -  MemoryUsage of job (MB)
	5796  -  ResidentSetSize of job (KB)
...
006 (8414414.000.000) 08/09 14:14:29 Image size of job updated: 7435224
	6  -  MemoryUsage of job (MB)
	5812  -  ResidentSetSize of job (KB)
...
006 (8414414.000.000) 08/09 14:59:33 Image size of job updated: 7435224
	6  -  MemoryUsage of job (MB)
	5828  -  ResidentSetSize of job (KB)
...
006 (8414414.000.000) 08/09 15:39:36 Image size of job updated: 7435224
	6  -  MemoryUsage of job (MB)
	5844  -  ResidentSetSize of job (KB)
...
006 (8414414.000.000) 08/09 16:24:40 Image size of job updated: 7435224
	6  -  MemoryUsage of job (MB)
	5876  -  ResidentSetSize of job (KB)
...
006 (8414414.000.000) 08/09 17:04:43 Image size of job updated: 7435224
	6  -  MemoryUsage of job (MB)
	5892  -  ResidentSetSize of job (KB)
...
006 (8414414.000.000) 08/09 17:54:49 Image size of job updated: 7435224
	6  -  MemoryUsage of job (MB)
	5908  -  ResidentSetSize of job (KB)
...
006 (8414414.000.000) 08/09 18:39:53 Image size of job updated: 7435224
	6  -  MemoryUsage of job (MB)
	5924  -  ResidentSetSize of job (KB)
...
006 (8414414.000.000) 08/09 19:19:57 Image size of job updated: 7435224
	6  -  MemoryUsage of job (MB)
	5956  -  ResidentSetSize of job (KB)
...
006 (8414414.000.000) 08/09 20:05:01 Image size of job updated: 7435224
	6  -  MemoryUsage of job (MB)
	5972  -  ResidentSetSize of job (KB)
...
006 (8414414.000.000) 08/09 20:55:06 Image size of job updated: 7435224
	6  -  MemoryUsage of job (MB)
	5988  -  ResidentSetSize of job (KB)
...
006 (8414414.000.000) 08/09 21:45:11 Image size of job updated: 7435224
	6  -  MemoryUsage of job (MB)
	6004  -  ResidentSetSize of job (KB)
...
006 (8414414.000.000) 08/09 22:35:16 Image size of job updated: 7435224
	6  -  MemoryUsage of job (MB)
	6036  -  ResidentSetSize of job (KB)
...
006 (8414414.000.000) 08/09 23:30:20 Image size of job updated: 7435224
	6  -  MemoryUsage of job (MB)
	6052  -  ResidentSetSize of job (KB)
...
006 (8414414.000.000) 08/10 00:15:25 Image size of job updated: 7435224
	6  -  MemoryUsage of job (MB)
	6068  -  ResidentSetSize of job (KB)
...
006 (8414414.000.000) 08/10 01:00:30 Image size of job updated: 7435224
	6  -  MemoryUsage of job (MB)
	6084  -  ResidentSetSize of job (KB)
...
006 (8414414.000.000) 08/10 01:45:34 Image size of job updated: 7435224
	6  -  MemoryUsage of job (MB)
	6116  -  ResidentSetSize of job (KB)
...
006 (8414414.000.000) 08/10 02:40:40 Image size of job updated: 7435224
	6  -  MemoryUsage of job (MB)
	6132  -  ResidentSetSize of job (KB)
...
006 (8414414.000.000) 08/10 03:35:45 Image size of job updated: 7435224
	7  -  MemoryUsage of job (MB)
	6148  -  ResidentSetSize of job (KB)
...
006 (8414414.000.000) 08/10 04:25:49 Image size of job updated: 7435224
	7  -  MemoryUsage of job (MB)
	6164  -  ResidentSetSize of job (KB)
...
006 (8414414.000.000) 08/10 05:15:55 Image size of job updated: 7435224
	7  -  MemoryUsage of job (MB)
	6196  -  ResidentSetSize of job (KB)
...
006 (8414414.000.000) 08/10 06:11:00 Image size of job updated: 7435224
	7  -  MemoryUsage of job (MB)
	6212  -  ResidentSetSize of job (KB)
...
006 (8414414.000.000) 08/10 06:56:05 Image size of job updated: 7435224
	7  -  MemoryUsage of job (MB)
	6228  -  ResidentSetSize of job (KB)
...
006 (8414414.000.000) 08/10 07:46:09 Image size of job updated: 7435224
	7  -  MemoryUsage of job (MB)
	6244  -  ResidentSetSize of job (KB)
...
006 (8414414.000.000) 08/10 08:26:13 Image size of job updated: 7435224
	7  -  MemoryUsage of job (MB)
	6276  -  ResidentSetSize of job (KB)
...
006 (8414414.000.000) 08/10 09:21:19 Image size of job updated: 7435224
	7  -  MemoryUsage of job (MB)
	6292  -  ResidentSetSize of job (KB)
...
006 (8414414.000.000) 08/10 10:16:24 Image size of job updated: 7435224
	7  -  MemoryUsage of job (MB)
	6308  -  ResidentSetSize of job (KB)
...
006 (8414414.000.000) 08/10 10:56:28 Image size of job updated: 7435224
	7  -  MemoryUsage of job (MB)
	6324  -  ResidentSetSize of job (KB)
...
006 (8414414.000.000) 08/10 11:26:30 Image size of job updated: 7435224
	9  -  MemoryUsage of job (MB)
	8288  -  ResidentSetSize of job (KB)
...
006 (8414414.000.000) 08/10 11:41:31 Image size of job updated: 7435224
	11  -  MemoryUsage of job (MB)
	10296  -  ResidentSetSize of job (KB)
...
006 (8414414.000.000) 08/10 11:46:32 Image size of job updated: 7435224
	11  -  MemoryUsage of job (MB)
	10328  -  ResidentSetSize of job (KB)
...
006 (8414414.000.000) 08/10 12:21:35 Image size of job updated: 7435224
	11  -  MemoryUsage of job (MB)
	10340  -  ResidentSetSize of job (KB)
...
006 (8414414.000.000) 08/10 13:01:39 Image size of job updated: 7435224
	11  -  MemoryUsage of job (MB)
	10356  -  ResidentSetSize of job (KB)
...
006 (8414414.000.000) 08/10 13:46:43 Image size of job updated: 7435224
	11  -  MemoryUsage of job (MB)
	10372  -  ResidentSetSize of job (KB)
...
006 (8414414.000.000) 08/10 14:31:48 Image size of job updated: 7435224
	11  -  MemoryUsage of job (MB)
	10404  -  ResidentSetSize of job (KB)
...
006 (8414414.000.000) 08/10 15:11:54 Image size of job updated: 7435224
	11  -  MemoryUsage of job (MB)
	10416  -  ResidentSetSize of job (KB)
...
006 (8414414.000.000) 08/10 15:51:57 Image size of job updated: 7435224
	11  -  MemoryUsage of job (MB)
	10432  -  ResidentSetSize of job (KB)
...
006 (8414414.000.000) 08/10 16:37:02 Image size of job updated: 7435224
	11  -  MemoryUsage of job (MB)
	10448  -  ResidentSetSize of job (KB)
...
006 (8414414.000.000) 08/10 17:22:06 Image size of job updated: 7435224
	11  -  MemoryUsage of job (MB)
	10480  -  ResidentSetSize of job (KB)
...
006 (8414414.000.000) 08/10 18:12:11 Image size of job updated: 7435224
	11  -  MemoryUsage of job (MB)
	10492  -  ResidentSetSize of job (KB)
...
006 (8414414.000.000) 08/10 18:57:17 Image size of job updated: 7435224
	11  -  MemoryUsage of job (MB)
	10508  -  ResidentSetSize of job (KB)
...
006 (8414414.000.000) 08/10 19:37:20 Image size of job updated: 7435224
	11  -  MemoryUsage of job (MB)
	10524  -  ResidentSetSize of job (KB)
...
006 (8414414.000.000) 08/10 20:17:25 Image size of job updated: 7435224
	11  -  MemoryUsage of job (MB)
	10556  -  ResidentSetSize of job (KB)
...
006 (8414414.000.000) 08/10 21:12:30 Image size of job updated: 7435224
	11  -  MemoryUsage of job (MB)
	10568  -  ResidentSetSize of job (KB)
...
006 (8414414.000.000) 08/10 21:47:34 Image size of job updated: 7435224
	11  -  MemoryUsage of job (MB)
	10584  -  ResidentSetSize of job (KB)
...
006 (8414414.000.000) 08/10 22:32:40 Image size of job updated: 7435224
	11  -  MemoryUsage of job (MB)
	10600  -  ResidentSetSize of job (KB)
...
006 (8414414.000.000) 08/10 23:17:45 Image size of job updated: 7435224
	11  -  MemoryUsage of job (MB)
	10632  -  ResidentSetSize of job (KB)
...
006 (8414414.000.000) 08/10 23:52:48 Image size of job updated: 7435224
	11  -  MemoryUsage of job (MB)
	10644  -  ResidentSetSize of job (KB)
...
006 (8414414.000.000) 08/11 00:42:52 Image size of job updated: 7435224
	11  -  MemoryUsage of job (MB)
	10660  -  ResidentSetSize of job (KB)
...
006 (8414414.000.000) 08/11 01:22:56 Image size of job updated: 7435224
	11  -  MemoryUsage of job (MB)
	10676  -  ResidentSetSize of job (KB)
...
006 (8414414.000.000) 08/11 02:08:00 Image size of job updated: 7435224
	11  -  MemoryUsage of job (MB)
	10708  -  ResidentSetSize of job (KB)
...
006 (8414414.000.000) 08/11 02:53:05 Image size of job updated: 7435224
	11  -  MemoryUsage of job (MB)
	10720  -  ResidentSetSize of job (KB)
...
006 (8414414.000.000) 08/11 03:38:10 Image size of job updated: 7435224
	11  -  MemoryUsage of job (MB)
	10736  -  ResidentSetSize of job (KB)
...
006 (8414414.000.000) 08/11 04:18:14 Image size of job updated: 7435224
	11  -  MemoryUsage of job (MB)
	10752  -  ResidentSetSize of job (KB)
...
006 (8414414.000.000) 08/11 05:03:19 Image size of job updated: 7435224
	11  -  MemoryUsage of job (MB)
	10784  -  ResidentSetSize of job (KB)
...
006 (8414414.000.000) 08/11 05:43:23 Image size of job updated: 7435224
	11  -  MemoryUsage of job (MB)
	10796  -  ResidentSetSize of job (KB)
...
006 (8414414.000.000) 08/11 06:28:28 Image size of job updated: 7435224
	11  -  MemoryUsage of job (MB)
	10812  -  ResidentSetSize of job (KB)
...
006 (8414414.000.000) 08/11 07:13:32 Image size of job updated: 7435224
	11  -  MemoryUsage of job (MB)
	10828  -  ResidentSetSize of job (KB)
...
006 (8414414.000.000) 08/11 07:53:35 Image size of job updated: 7435224
	11  -  MemoryUsage of job (MB)
	10860  -  ResidentSetSize of job (KB)
...
006 (8414414.000.000) 08/11 08:40:49 Image size of job updated: 7435224
	11  -  MemoryUsage of job (MB)
	10872  -  ResidentSetSize of job (KB)
...
006 (8414414.000.000) 08/11 09:09:20 Image size of job updated: 7435224
	11  -  MemoryUsage of job (MB)
	10888  -  ResidentSetSize of job (KB)
...
006 (8414414.000.000) 08/11 09:59:26 Image size of job updated: 7435224
	11  -  MemoryUsage of job (MB)
	10904  -  ResidentSetSize of job (KB)
...
006 (8414414.000.000) 08/11 10:39:30 Image size of job updated: 7435224
	11  -  MemoryUsage of job (MB)
	10936  -  ResidentSetSize of job (KB)
...
006 (8414414.000.000) 08/11 11:19:33 Image size of job updated: 7435224
	11  -  MemoryUsage of job (MB)
	10948  -  ResidentSetSize of job (KB)
...
006 (8414414.000.000) 08/11 12:04:38 Image size of job updated: 7435224
	11  -  MemoryUsage of job (MB)
	10964  -  ResidentSetSize of job (KB)
...
006 (8414414.000.000) 08/11 12:44:44 Image size of job updated: 7435224
	11  -  MemoryUsage of job (MB)
	10980  -  ResidentSetSize of job (KB)
...
006 (8414414.000.000) 08/11 13:09:47 Image size of job updated: 7435224
	11  -  MemoryUsage of job (MB)
	11012  -  ResidentSetSize of job (KB)
...
006 (8414414.000.000) 08/11 13:44:51 Image size of job updated: 7435224
	11  -  MemoryUsage of job (MB)
	11024  -  ResidentSetSize of job (KB)
...
006 (8414414.000.000) 08/11 14:14:53 Image size of job updated: 7435224
	11  -  MemoryUsage of job (MB)
	11040  -  ResidentSetSize of job (KB)
...
006 (8414414.000.000) 08/11 14:44:56 Image size of job updated: 7435224
	11  -  MemoryUsage of job (MB)
	11056  -  ResidentSetSize of job (KB)
...
006 (8414414.000.000) 08/11 15:09:58 Image size of job updated: 7435224
	11  -  MemoryUsage of job (MB)
	11088  -  ResidentSetSize of job (KB)
...
006 (8414414.000.000) 08/11 15:35:01 Image size of job updated: 7435224
	11  -  MemoryUsage of job (MB)
	11100  -  ResidentSetSize of job (KB)
...
006 (8414414.000.000) 08/11 16:05:04 Image size of job updated: 7435224
	11  -  MemoryUsage of job (MB)
	11116  -  ResidentSetSize of job (KB)
...
006 (8414414.000.000) 08/11 16:45:07 Image size of job updated: 7435224
	11  -  MemoryUsage of job (MB)
	11132  -  ResidentSetSize of job (KB)
...
006 (8414414.000.000) 08/11 17:25:11 Image size of job updated: 7435224
	11  -  MemoryUsage of job (MB)
	11164  -  ResidentSetSize of job (KB)
...
006 (8414414.000.000) 08/11 18:00:15 Image size of job updated: 7435224
	11  -  MemoryUsage of job (MB)
	11176  -  ResidentSetSize of job (KB)
...
006 (8414414.000.000) 08/11 18:35:18 Image size of job updated: 7435224
	11  -  MemoryUsage of job (MB)
	11192  -  ResidentSetSize of job (KB)
...
006 (8414414.000.000) 08/11 19:00:21 Image size of job updated: 7435224
	11  -  MemoryUsage of job (MB)
	11208  -  ResidentSetSize of job (KB)
...
006 (8414414.000.000) 08/11 19:25:23 Image size of job updated: 7435224
	11  -  MemoryUsage of job (MB)
	11240  -  ResidentSetSize of job (KB)
...
006 (8414414.000.000) 08/11 20:05:27 Image size of job updated: 7435224
	11  -  MemoryUsage of job (MB)
	11252  -  ResidentSetSize of job (KB)
...
006 (8414414.000.000) 08/11 20:55:32 Image size of job updated: 7435224
	12  -  MemoryUsage of job (MB)
	11268  -  ResidentSetSize of job (KB)
...
006 (8414414.000.000) 08/11 21:35:36 Image size of job updated: 7435224
	12  -  MemoryUsage of job (MB)
	11284  -  ResidentSetSize of job (KB)
...
006 (8414414.000.000) 08/11 22:20:41 Image size of job updated: 7435224
	12  -  MemoryUsage of job (MB)
	11316  -  ResidentSetSize of job (KB)
...
006 (8414414.000.000) 08/11 23:05:46 Image size of job updated: 7435224
	12  -  MemoryUsage of job (MB)
	11328  -  ResidentSetSize of job (KB)
...
006 (8414414.000.000) 08/11 23:45:50 Image size of job updated: 7435224
	12  -  MemoryUsage of job (MB)
	11344  -  ResidentSetSize of job (KB)
...
006 (8414414.000.000) 08/12 00:25:55 Image size of job updated: 7435224
	12  -  MemoryUsage of job (MB)
	11360  -  ResidentSetSize of job (KB)
...
006 (8414414.000.000) 08/12 01:05:59 Image size of job updated: 7435224
	12  -  MemoryUsage of job (MB)
	11392  -  ResidentSetSize of job (KB)
...
006 (8414414.000.000) 08/12 01:46:03 Image size of job updated: 7435224
	12  -  MemoryUsage of job (MB)
	11404  -  ResidentSetSize of job (KB)
...
006 (8414414.000.000) 08/12 02:31:07 Image size of job updated: 7435224
	12  -  MemoryUsage of job (MB)
	11420  -  ResidentSetSize of job (KB)
...
006 (8414414.000.000) 08/12 03:16:12 Image size of job updated: 7435224
	12  -  MemoryUsage of job (MB)
	11436  -  ResidentSetSize of job (KB)
...
006 (8414414.000.000) 08/12 03:56:16 Image size of job updated: 7435224
	12  -  MemoryUsage of job (MB)
	11468  -  ResidentSetSize of job (KB)
...
006 (8414414.000.000) 08/12 04:31:20 Image size of job updated: 7435224
	12  -  MemoryUsage of job (MB)
	11480  -  ResidentSetSize of job (KB)
...
006 (8414414.000.000) 08/12 05:11:24 Image size of job updated: 7435224
	12  -  MemoryUsage of job (MB)
	11496  -  ResidentSetSize of job (KB)
...
006 (8414414.000.000) 08/12 05:56:29 Image size of job updated: 7435224
	12  -  MemoryUsage of job (MB)
	11512  -  ResidentSetSize of job (KB)
...
006 (8414414.000.000) 08/12 06:31:32 Image size of job updated: 7435224
	12  -  MemoryUsage of job (MB)
	11544  -  ResidentSetSize of job (KB)
...
006 (8414414.000.000) 08/12 07:11:36 Image size of job updated: 7435224
	12  -  MemoryUsage of job (MB)
	11556  -  ResidentSetSize of job (KB)
...
006 (8414414.000.000) 08/12 07:46:40 Image size of job updated: 7435224
	12  -  MemoryUsage of job (MB)
	11572  -  ResidentSetSize of job (KB)
...
006 (8414414.000.000) 08/12 08:31:43 Image size of job updated: 7435224
	12  -  MemoryUsage of job (MB)
	11588  -  ResidentSetSize of job (KB)
...
006 (8414414.000.000) 08/12 09:11:47 Image size of job updated: 7435224
	12  -  MemoryUsage of job (MB)
	11620  -  ResidentSetSize of job (KB)
...
006 (8414414.000.000) 08/12 09:46:51 Image size of job updated: 7435224
	12  -  MemoryUsage of job (MB)
	11632  -  ResidentSetSize of job (KB)
...
006 (8414414.000.000) 08/12 10:36:56 Image size of job updated: 7435224
	12  -  MemoryUsage of job (MB)
	11648  -  ResidentSetSize of job (KB)
...
006 (8414414.000.000) 08/12 11:17:00 Image size of job updated: 7435224
	12  -  MemoryUsage of job (MB)
	11664  -  ResidentSetSize of job (KB)
...
006 (8414414.000.000) 08/12 11:57:04 Image size of job updated: 7435224
	12  -  MemoryUsage of job (MB)
	11696  -  ResidentSetSize of job (KB)
...
006 (8414414.000.000) 08/12 12:37:07 Image size of job updated: 7435224
	12  -  MemoryUsage of job (MB)
	11708  -  ResidentSetSize of job (KB)
...
006 (8414414.000.000) 08/12 13:17:11 Image size of job updated: 7435224
	12  -  MemoryUsage of job (MB)
	11724  -  ResidentSetSize of job (KB)
...
006 (8414414.000.000) 08/12 14:02:15 Image size of job updated: 7435224
	12  -  MemoryUsage of job (MB)
	11740  -  ResidentSetSize of job (KB)
...
006 (8414414.000.000) 08/12 14:42:18 Image size of job updated: 7435224
	12  -  MemoryUsage of job (MB)
	11772  -  ResidentSetSize of job (KB)
...
006 (8414414.000.000) 08/12 15:22:22 Image size of job updated: 7435224
	12  -  MemoryUsage of job (MB)
	11784  -  ResidentSetSize of job (KB)
...
006 (8414414.000.000) 08/12 15:57:25 Image size of job updated: 7435224
	12  -  MemoryUsage of job (MB)
	11800  -  ResidentSetSize of job (KB)
...
006 (8414414.000.000) 08/12 16:42:30 Image size of job updated: 7435224
	12  -  MemoryUsage of job (MB)
	11816  -  ResidentSetSize of job (KB)
...
006 (8414414.000.000) 08/12 17:32:35 Image size of job updated: 7435224
	12  -  MemoryUsage of job (MB)
	11848  -  ResidentSetSize of job (KB)
...
006 (8414414.000.000) 08/12 18:12:40 Image size of job updated: 7435224
	12  -  MemoryUsage of job (MB)
	11860  -  ResidentSetSize of job (KB)
...
006 (8414414.000.000) 08/12 18:57:45 Image size of job updated: 7435224
	12  -  MemoryUsage of job (MB)
	11876  -  ResidentSetSize of job (KB)
...
006 (8414414.000.000) 08/12 19:37:49 Image size of job updated: 7435224
	12  -  MemoryUsage of job (MB)
	11892  -  ResidentSetSize of job (KB)
...
006 (8414414.000.000) 08/12 20:32:55 Image size of job updated: 7435224
	12  -  MemoryUsage of job (MB)
	11924  -  ResidentSetSize of job (KB)
...
006 (8414414.000.000) 08/12 21:12:59 Image size of job updated: 7435224
	12  -  MemoryUsage of job (MB)
	11936  -  ResidentSetSize of job (KB)
...
006 (8414414.000.000) 08/12 21:53:04 Image size of job updated: 7435224
	12  -  MemoryUsage of job (MB)
	11952  -  ResidentSetSize of job (KB)
...
006 (8414414.000.000) 08/12 22:33:09 Image size of job updated: 7435224
	12  -  MemoryUsage of job (MB)
	11968  -  ResidentSetSize of job (KB)
...
006 (8414414.000.000) 08/12 23:13:13 Image size of job updated: 7435224
	12  -  MemoryUsage of job (MB)
	12000  -  ResidentSetSize of job (KB)
...
006 (8414414.000.000) 08/13 00:18:19 Image size of job updated: 7435224
	12  -  MemoryUsage of job (MB)
	12012  -  ResidentSetSize of job (KB)
...
006 (8414414.000.000) 08/13 00:58:23 Image size of job updated: 7435224
	12  -  MemoryUsage of job (MB)
	12028  -  ResidentSetSize of job (KB)
...
006 (8414414.000.000) 08/13 01:48:29 Image size of job updated: 7435224
	12  -  MemoryUsage of job (MB)
	12044  -  ResidentSetSize of job (KB)
...
006 (8414414.000.000) 08/13 02:38:35 Image size of job updated: 7435224
	12  -  MemoryUsage of job (MB)
	12076  -  ResidentSetSize of job (KB)
...
006 (8414414.000.000) 08/13 03:28:40 Image size of job updated: 7435224
	12  -  MemoryUsage of job (MB)
	12088  -  ResidentSetSize of job (KB)
...
006 (8414414.000.000) 08/13 04:23:45 Image size of job updated: 7435224
	12  -  MemoryUsage of job (MB)
	12104  -  ResidentSetSize of job (KB)
...
006 (8414414.000.000) 08/13 04:58:48 Image size of job updated: 7435224
	12  -  MemoryUsage of job (MB)
	12120  -  ResidentSetSize of job (KB)
...
006 (8414414.000.000) 08/13 05:53:54 Image size of job updated: 7435224
	12  -  MemoryUsage of job (MB)
	12152  -  ResidentSetSize of job (KB)
...
006 (8414414.000.000) 08/13 06:43:59 Image size of job updated: 7435224
	12  -  MemoryUsage of job (MB)
	12164  -  ResidentSetSize of job (KB)
...
006 (8414414.000.000) 08/13 07:24:04 Image size of job updated: 7435224
	12  -  MemoryUsage of job (MB)
	12180  -  ResidentSetSize of job (KB)
...
006 (8414414.000.000) 08/13 08:09:08 Image size of job updated: 7435224
	12  -  MemoryUsage of job (MB)
	12196  -  ResidentSetSize of job (KB)
...
006 (8414414.000.000) 08/13 09:09:14 Image size of job updated: 7435224
	12  -  MemoryUsage of job (MB)
	12228  -  ResidentSetSize of job (KB)
...
006 (8414414.000.000) 08/13 09:44:18 Image size of job updated: 7435224
	12  -  MemoryUsage of job (MB)
	12240  -  ResidentSetSize of job (KB)
...
006 (8414414.000.000) 08/13 10:29:23 Image size of job updated: 7435224
	12  -  MemoryUsage of job (MB)
	12256  -  ResidentSetSize of job (KB)
...
006 (8414414.000.000) 08/13 11:09:27 Image size of job updated: 7435224
	12  -  MemoryUsage of job (MB)
	12272  -  ResidentSetSize of job (KB)
...
006 (8414414.000.000) 08/13 12:04:33 Image size of job updated: 7435224
	13  -  MemoryUsage of job (MB)
	12304  -  ResidentSetSize of job (KB)
...
006 (8414414.000.000) 08/13 12:44:36 Image size of job updated: 7435224
	13  -  MemoryUsage of job (MB)
	12316  -  ResidentSetSize of job (KB)
...
006 (8414414.000.000) 08/13 13:29:42 Image size of job updated: 7435224
	13  -  MemoryUsage of job (MB)
	12332  -  ResidentSetSize of job (KB)
...
006 (8414414.000.000) 08/13 14:14:47 Image size of job updated: 7435224
	13  -  MemoryUsage of job (MB)
	12348  -  ResidentSetSize of job (KB)
...
006 (8414414.000.000) 08/13 14:54:52 Image size of job updated: 7435224
	13  -  MemoryUsage of job (MB)
	12380  -  ResidentSetSize of job (KB)
...
006 (8414414.000.000) 08/13 15:39:56 Image size of job updated: 7435224
	13  -  MemoryUsage of job (MB)
	12392  -  ResidentSetSize of job (KB)
...
006 (8414414.000.000) 08/13 16:25:02 Image size of job updated: 7435224
	13  -  MemoryUsage of job (MB)
	12408  -  ResidentSetSize of job (KB)
...
006 (8414414.000.000) 08/13 17:15:07 Image size of job updated: 7435224
	13  -  MemoryUsage of job (MB)
	12424  -  ResidentSetSize of job (KB)
...
006 (8414414.000.000) 08/13 18:05:11 Image size of job updated: 7435224
	13  -  MemoryUsage of job (MB)
	12456  -  ResidentSetSize of job (KB)
...
006 (8414414.000.000) 08/13 18:45:16 Image size of job updated: 7435224
	13  -  MemoryUsage of job (MB)
	12468  -  ResidentSetSize of job (KB)
...
006 (8414414.000.000) 08/13 19:30:21 Image size of job updated: 7435224
	13  -  MemoryUsage of job (MB)
	12484  -  ResidentSetSize of job (KB)
...
006 (8414414.000.000) 08/13 20:15:25 Image size of job updated: 7435224
	13  -  MemoryUsage of job (MB)
	12500  -  ResidentSetSize of job (KB)
...
006 (8414414.000.000) 08/13 20:55:28 Image size of job updated: 7435224
	13  -  MemoryUsage of job (MB)
	12532  -  ResidentSetSize of job (KB)
...
006 (8414414.000.000) 08/13 21:35:31 Image size of job updated: 7435224
	13  -  MemoryUsage of job (MB)
	12544  -  ResidentSetSize of job (KB)
...
006 (8414414.000.000) 08/13 22:25:36 Image size of job updated: 7435224
	13  -  MemoryUsage of job (MB)
	12560  -  ResidentSetSize of job (KB)
...
006 (8414414.000.000) 08/13 23:10:41 Image size of job updated: 7435224
	13  -  MemoryUsage of job (MB)
	12576  -  ResidentSetSize of job (KB)
...
006 (8414414.000.000) 08/14 00:00:45 Image size of job updated: 7435224
	13  -  MemoryUsage of job (MB)
	12608  -  ResidentSetSize of job (KB)
...
006 (8414414.000.000) 08/14 00:45:50 Image size of job updated: 7435224
	13  -  MemoryUsage of job (MB)
	12620  -  ResidentSetSize of job (KB)
...
006 (8414414.000.000) 08/14 01:25:53 Image size of job updated: 7435224
	13  -  MemoryUsage of job (MB)
	12636  -  ResidentSetSize of job (KB)
...
006 (8414414.000.000) 08/14 02:05:58 Image size of job updated: 7435224
	13  -  MemoryUsage of job (MB)
	12652  -  ResidentSetSize of job (KB)
...
006 (8414414.000.000) 08/14 02:51:03 Image size of job updated: 7435224
	13  -  MemoryUsage of job (MB)
	12684  -  ResidentSetSize of job (KB)
...
006 (8414414.000.000) 08/14 03:46:08 Image size of job updated: 7435224
	13  -  MemoryUsage of job (MB)
	12696  -  ResidentSetSize of job (KB)
...
006 (8414414.000.000) 08/14 04:26:13 Image size of job updated: 7435224
	13  -  MemoryUsage of job (MB)
	12712  -  ResidentSetSize of job (KB)
...
006 (8414414.000.000) 08/14 05:11:17 Image size of job updated: 7435224
	13  -  MemoryUsage of job (MB)
	12728  -  ResidentSetSize of job (KB)
...
006 (8414414.000.000) 08/14 05:21:18 Image size of job updated: 7435224
	16  -  MemoryUsage of job (MB)
	16060  -  ResidentSetSize of job (KB)
...
006 (8414414.000.000) 08/14 05:51:21 Image size of job updated: 7435224
	16  -  MemoryUsage of job (MB)
	16092  -  ResidentSetSize of job (KB)
...
006 (8414414.000.000) 08/14 06:41:27 Image size of job updated: 7435224
	16  -  MemoryUsage of job (MB)
	16104  -  ResidentSetSize of job (KB)
...
006 (8414414.000.000) 08/14 07:26:31 Image size of job updated: 7435224
	16  -  MemoryUsage of job (MB)
	16120  -  ResidentSetSize of job (KB)
...
006 (8414414.000.000) 08/14 08:21:37 Image size of job updated: 7435224
	16  -  MemoryUsage of job (MB)
	16136  -  ResidentSetSize of job (KB)
...
006 (8414414.000.000) 08/14 09:11:42 Image size of job updated: 7435224
	16  -  MemoryUsage of job (MB)
	16168  -  ResidentSetSize of job (KB)
...
006 (8414414.000.000) 08/14 09:51:45 Image size of job updated: 7435224
	16  -  MemoryUsage of job (MB)
	16180  -  ResidentSetSize of job (KB)
...
006 (8414414.000.000) 08/14 10:31:50 Image size of job updated: 7435224
	16  -  MemoryUsage of job (MB)
	16196  -  ResidentSetSize of job (KB)
...
006 (8414414.000.000) 08/14 11:21:55 Image size of job updated: 7435224
	16  -  MemoryUsage of job (MB)
	16212  -  ResidentSetSize of job (KB)
...
006 (8414414.000.000) 08/14 12:07:00 Image size of job updated: 7435224
	16  -  MemoryUsage of job (MB)
	16244  -  ResidentSetSize of job (KB)
...
006 (8414414.000.000) 08/14 13:02:04 Image size of job updated: 7435224
	16  -  MemoryUsage of job (MB)
	16256  -  ResidentSetSize of job (KB)
...
006 (8414414.000.000) 08/14 13:47:08 Image size of job updated: 7435224
	16  -  MemoryUsage of job (MB)
	16272  -  ResidentSetSize of job (KB)
...
006 (8414414.000.000) 08/14 14:37:13 Image size of job updated: 7435224
	16  -  MemoryUsage of job (MB)
	16288  -  ResidentSetSize of job (KB)
...
006 (8414414.000.000) 08/14 15:22:17 Image size of job updated: 7435224
	16  -  MemoryUsage of job (MB)
	16320  -  ResidentSetSize of job (KB)
...
006 (8414414.000.000) 08/14 16:12:22 Image size of job updated: 7435224
	16  -  MemoryUsage of job (MB)
	16332  -  ResidentSetSize of job (KB)
...
006 (8414414.000.000) 08/14 16:57:26 Image size of job updated: 7435224
	16  -  MemoryUsage of job (MB)
	16348  -  ResidentSetSize of job (KB)
...
006 (8414414.000.000) 08/14 17:42:32 Image size of job updated: 7435224
	16  -  MemoryUsage of job (MB)
	16364  -  ResidentSetSize of job (KB)
...
006 (8414414.000.000) 08/14 18:22:36 Image size of job updated: 7435224
	17  -  MemoryUsage of job (MB)
	16396  -  ResidentSetSize of job (KB)
...
006 (8414414.000.000) 08/14 19:07:41 Image size of job updated: 7435224
	17  -  MemoryUsage of job (MB)
	16408  -  ResidentSetSize of job (KB)
...
006 (8414414.000.000) 08/14 19:52:44 Image size of job updated: 7435224
	17  -  MemoryUsage of job (MB)
	16424  -  ResidentSetSize of job (KB)
...
006 (8414414.000.000) 08/14 20:52:50 Image size of job updated: 7435224
	17  -  MemoryUsage of job (MB)
	16440  -  ResidentSetSize of job (KB)
...
006 (8414414.000.000) 08/14 21:32:53 Image size of job updated: 7435224
	17  -  MemoryUsage of job (MB)
	16472  -  ResidentSetSize of job (KB)
...
006 (8414414.000.000) 08/14 22:17:59 Image size of job updated: 7435224
	17  -  MemoryUsage of job (MB)
	16484  -  ResidentSetSize of job (KB)
...
006 (8414414.000.000) 08/14 23:03:02 Image size of job updated: 7435224
	17  -  MemoryUsage of job (MB)
	16500  -  ResidentSetSize of job (KB)
...
006 (8414414.000.000) 08/14 23:48:07 Image size of job updated: 7435224
	17  -  MemoryUsage of job (MB)
	16516  -  ResidentSetSize of job (KB)
...
006 (8414414.000.000) 08/15 00:33:12 Image size of job updated: 7435224
	17  -  MemoryUsage of job (MB)
	16548  -  ResidentSetSize of job (KB)
...
006 (8414414.000.000) 08/15 01:13:16 Image size of job updated: 7435224
	17  -  MemoryUsage of job (MB)
	16560  -  ResidentSetSize of job (KB)
...
040 (8414414.000.000) 08/15 02:16:36 Started transferring output files
...
040 (8414414.000.000) 08/15 02:16:36 Finished transferring output files
...
009 (8414414.000.000) 08/15 02:16:37 Job was aborted.
	Job removed by SYSTEM_PERIODIC_REMOVE due to wall time exceeded allowed max.
...
