000 (8414414.001.000) 08/08 02:15:07 Job submitted from host: <137.138.156.150:9618?addrs=137.138.156.150-9618+[2001-1458-d00-14--9a]-9618&alias=bigbird13.cern.ch&noUDP&sock=schedd_6524_7ff5>
...
040 (8414414.001.000) 08/08 02:16:08 Started transferring input files
	Transferring to host: <188.184.163.120:9618?addrs=188.184.163.120-9618+[2001-1458-301-4d--100-72]-9618&alias=b7s12p9880.cern.ch&noUDP&sock=slot1_3_230724_ae1f_38578>
...
040 (8414414.001.000) 08/08 02:16:08 Finished transferring input files
...
001 (8414414.001.000) 08/08 02:16:08 Job executing on host: <188.184.163.120:9618?addrs=188.184.163.120-9618+[2001-1458-301-4d--100-72]-9618&alias=b7s12p9880.cern.ch&noUDP&sock=startd_3236_348f>
...
006 (8414414.001.000) 08/08 02:16:16 Image size of job updated: 9092
	7  -  MemoryUsage of job (MB)
	6632  -  ResidentSetSize of job (KB)
...
006 (8414414.001.000) 08/08 02:21:16 Image size of job updated: 7437988
	7  -  MemoryUsage of job (MB)
	6776  -  ResidentSetSize of job (KB)
...
006 (8414414.001.000) 08/08 02:27:11 Image size of job updated: 7437988
	7  -  MemoryUsage of job (MB)
	6808  -  ResidentSetSize of job (KB)
...
006 (8414414.001.000) 08/08 03:11:20 Image size of job updated: 7437988
	9  -  MemoryUsage of job (MB)
	8940  -  ResidentSetSize of job (KB)
...
006 (8414414.001.000) 08/08 03:16:24 Image size of job updated: 7437988
	9  -  MemoryUsage of job (MB)
	8972  -  ResidentSetSize of job (KB)
...
006 (8414414.001.000) 08/08 03:21:31 Image size of job updated: 7437988
	9  -  MemoryUsage of job (MB)
	8988  -  ResidentSetSize of job (KB)
...
006 (8414414.001.000) 08/08 03:26:23 Image size of job updated: 7437988
	9  -  MemoryUsage of job (MB)
	9004  -  ResidentSetSize of job (KB)
...
022 (8414414.001.000) 08/08 05:39:19 Job disconnected, attempting to reconnect
    Socket between submit and execute hosts closed unexpectedly
    Trying to reconnect to slot1_3@b7s12p9880.cern.ch <188.184.163.120:9618?addrs=188.184.163.120-9618+[2001-1458-301-4d--100-72]-9618&alias=b7s12p9880.cern.ch&noUDP&sock=startd_3236_348f>
...
024 (8414414.001.000) 08/08 05:39:27 Job reconnection failed
    Job not found at execution machine
    Can not reconnect to slot1_3@b7s12p9880.cern.ch, rescheduling job
...
040 (8414414.001.000) 08/08 05:45:18 Started transferring input files
	Transferring to host: <128.142.132.129:9618?addrs=128.142.132.129-9618+[2001-1458-301-5a--100-75]-9618&alias=b7g12p9538.cern.ch&noUDP&sock=slot1_2_3526_22c8_2199>
...
040 (8414414.001.000) 08/08 05:45:18 Finished transferring input files
...
001 (8414414.001.000) 08/08 05:45:18 Job executing on host: <128.142.132.129:9618?addrs=128.142.132.129-9618+[2001-1458-301-5a--100-75]-9618&alias=b7g12p9538.cern.ch&noUDP&sock=startd_2866_6a85>
...
006 (8414414.001.000) 08/08 05:50:27 Image size of job updated: 7500000
	11  -  MemoryUsage of job (MB)
	10900  -  ResidentSetSize of job (KB)
...
006 (8414414.001.000) 08/08 05:55:27 Image size of job updated: 7500000
	11  -  MemoryUsage of job (MB)
	10932  -  ResidentSetSize of job (KB)
...
006 (8414414.001.000) 08/08 06:00:28 Image size of job updated: 7500000
	11  -  MemoryUsage of job (MB)
	10944  -  ResidentSetSize of job (KB)
...
006 (8414414.001.000) 08/08 06:05:29 Image size of job updated: 7500000
	11  -  MemoryUsage of job (MB)
	10972  -  ResidentSetSize of job (KB)
...
006 (8414414.001.000) 08/08 06:15:30 Image size of job updated: 7500000
	11  -  MemoryUsage of job (MB)
	10988  -  ResidentSetSize of job (KB)
...
006 (8414414.001.000) 08/08 06:20:30 Image size of job updated: 7500000
	11  -  MemoryUsage of job (MB)
	11004  -  ResidentSetSize of job (KB)
...
006 (8414414.001.000) 08/08 06:25:31 Image size of job updated: 7500000
	11  -  MemoryUsage of job (MB)
	11016  -  ResidentSetSize of job (KB)
...
006 (8414414.001.000) 08/08 06:30:32 Image size of job updated: 7500000
	11  -  MemoryUsage of job (MB)
	11044  -  ResidentSetSize of job (KB)
...
006 (8414414.001.000) 08/08 06:35:32 Image size of job updated: 7500000
	11  -  MemoryUsage of job (MB)
	11060  -  ResidentSetSize of job (KB)
...
006 (8414414.001.000) 08/08 06:40:32 Image size of job updated: 7500000
	11  -  MemoryUsage of job (MB)
	11076  -  ResidentSetSize of job (KB)
...
006 (8414414.001.000) 08/08 06:45:33 Image size of job updated: 7500000
	11  -  MemoryUsage of job (MB)
	11088  -  ResidentSetSize of job (KB)
...
006 (8414414.001.000) 08/08 06:50:34 Image size of job updated: 7500000
	11  -  MemoryUsage of job (MB)
	11116  -  ResidentSetSize of job (KB)
...
006 (8414414.001.000) 08/08 06:55:34 Image size of job updated: 7500000
	11  -  MemoryUsage of job (MB)
	11132  -  ResidentSetSize of job (KB)
...
006 (8414414.001.000) 08/08 07:00:34 Image size of job updated: 7500000
	11  -  MemoryUsage of job (MB)
	11148  -  ResidentSetSize of job (KB)
...
006 (8414414.001.000) 08/08 07:10:36 Image size of job updated: 7500000
	11  -  MemoryUsage of job (MB)
	11160  -  ResidentSetSize of job (KB)
...
006 (8414414.001.000) 08/08 07:15:36 Image size of job updated: 7500000
	11  -  MemoryUsage of job (MB)
	11188  -  ResidentSetSize of job (KB)
...
006 (8414414.001.000) 08/08 07:20:36 Image size of job updated: 7500000
	11  -  MemoryUsage of job (MB)
	11204  -  ResidentSetSize of job (KB)
...
006 (8414414.001.000) 08/08 07:25:37 Image size of job updated: 7500000
	11  -  MemoryUsage of job (MB)
	11220  -  ResidentSetSize of job (KB)
...
006 (8414414.001.000) 08/08 07:30:38 Image size of job updated: 7500000
	11  -  MemoryUsage of job (MB)
	11232  -  ResidentSetSize of job (KB)
...
006 (8414414.001.000) 08/08 07:35:38 Image size of job updated: 7500000
	11  -  MemoryUsage of job (MB)
	11260  -  ResidentSetSize of job (KB)
...
006 (8414414.001.000) 08/08 07:40:38 Image size of job updated: 7500000
	12  -  MemoryUsage of job (MB)
	11276  -  ResidentSetSize of job (KB)
...
006 (8414414.001.000) 08/08 07:45:39 Image size of job updated: 7500000
	12  -  MemoryUsage of job (MB)
	11292  -  ResidentSetSize of job (KB)
...
006 (8414414.001.000) 08/08 07:55:40 Image size of job updated: 7500000
	12  -  MemoryUsage of job (MB)
	11304  -  ResidentSetSize of job (KB)
...
006 (8414414.001.000) 08/08 08:00:40 Image size of job updated: 7500000
	12  -  MemoryUsage of job (MB)
	11332  -  ResidentSetSize of job (KB)
...
006 (8414414.001.000) 08/08 08:05:41 Image size of job updated: 7500000
	12  -  MemoryUsage of job (MB)
	11348  -  ResidentSetSize of job (KB)
...
006 (8414414.001.000) 08/08 08:10:42 Image size of job updated: 7500000
	12  -  MemoryUsage of job (MB)
	11364  -  ResidentSetSize of job (KB)
...
006 (8414414.001.000) 08/08 08:15:42 Image size of job updated: 7500000
	12  -  MemoryUsage of job (MB)
	11376  -  ResidentSetSize of job (KB)
...
006 (8414414.001.000) 08/08 08:20:42 Image size of job updated: 7500000
	12  -  MemoryUsage of job (MB)
	11404  -  ResidentSetSize of job (KB)
...
006 (8414414.001.000) 08/08 08:25:43 Image size of job updated: 7500000
	12  -  MemoryUsage of job (MB)
	11420  -  ResidentSetSize of job (KB)
...
006 (8414414.001.000) 08/08 08:30:44 Image size of job updated: 7500000
	12  -  MemoryUsage of job (MB)
	11436  -  ResidentSetSize of job (KB)
...
006 (8414414.001.000) 08/08 08:35:44 Image size of job updated: 7500000
	12  -  MemoryUsage of job (MB)
	11448  -  ResidentSetSize of job (KB)
...
006 (8414414.001.000) 08/08 08:40:44 Image size of job updated: 7500000
	12  -  MemoryUsage of job (MB)
	11476  -  ResidentSetSize of job (KB)
...
006 (8414414.001.000) 08/08 08:50:46 Image size of job updated: 7500000
	12  -  MemoryUsage of job (MB)
	11492  -  ResidentSetSize of job (KB)
...
006 (8414414.001.000) 08/08 09:00:46 Image size of job updated: 7500000
	12  -  MemoryUsage of job (MB)
	11508  -  ResidentSetSize of job (KB)
...
006 (8414414.001.000) 08/08 09:15:49 Image size of job updated: 7500000
	12  -  MemoryUsage of job (MB)
	11520  -  ResidentSetSize of job (KB)
...
006 (8414414.001.000) 08/08 09:25:49 Image size of job updated: 7500000
	12  -  MemoryUsage of job (MB)
	11548  -  ResidentSetSize of job (KB)
...
006 (8414414.001.000) 08/08 09:35:51 Image size of job updated: 7500000
	12  -  MemoryUsage of job (MB)
	11564  -  ResidentSetSize of job (KB)
...
006 (8414414.001.000) 08/08 09:45:51 Image size of job updated: 7500000
	12  -  MemoryUsage of job (MB)
	11580  -  ResidentSetSize of job (KB)
...
006 (8414414.001.000) 08/08 10:00:53 Image size of job updated: 7500000
	12  -  MemoryUsage of job (MB)
	11592  -  ResidentSetSize of job (KB)
...
006 (8414414.001.000) 08/08 10:15:55 Image size of job updated: 7500000
	12  -  MemoryUsage of job (MB)
	11620  -  ResidentSetSize of job (KB)
...
006 (8414414.001.000) 08/08 10:25:55 Image size of job updated: 7500000
	12  -  MemoryUsage of job (MB)
	11636  -  ResidentSetSize of job (KB)
...
006 (8414414.001.000) 08/08 10:40:57 Image size of job updated: 7500000
	12  -  MemoryUsage of job (MB)
	11652  -  ResidentSetSize of job (KB)
...
006 (8414414.001.000) 08/08 10:50:58 Image size of job updated: 7500000
	12  -  MemoryUsage of job (MB)
	11664  -  ResidentSetSize of job (KB)
...
006 (8414414.001.000) 08/08 11:00:59 Image size of job updated: 7500000
	12  -  MemoryUsage of job (MB)
	11692  -  ResidentSetSize of job (KB)
...
006 (8414414.001.000) 08/08 11:11:00 Image size of job updated: 7500000
	12  -  MemoryUsage of job (MB)
	11708  -  ResidentSetSize of job (KB)
...
006 (8414414.001.000) 08/08 11:26:01 Image size of job updated: 7500000
	12  -  MemoryUsage of job (MB)
	11724  -  ResidentSetSize of job (KB)
...
006 (8414414.001.000) 08/08 11:36:03 Image size of job updated: 7500000
	12  -  MemoryUsage of job (MB)
	11736  -  ResidentSetSize of job (KB)
...
006 (8414414.001.000) 08/08 11:46:03 Image size of job updated: 7500000
	12  -  MemoryUsage of job (MB)
	11764  -  ResidentSetSize of job (KB)
...
006 (8414414.001.000) 08/08 11:56:05 Image size of job updated: 7500000
	12  -  MemoryUsage of job (MB)
	11780  -  ResidentSetSize of job (KB)
...
006 (8414414.001.000) 08/08 12:06:05 Image size of job updated: 7500000
	12  -  MemoryUsage of job (MB)
	11796  -  ResidentSetSize of job (KB)
...
006 (8414414.001.000) 08/08 12:16:07 Image size of job updated: 7500000
	12  -  MemoryUsage of job (MB)
	11808  -  ResidentSetSize of job (KB)
...
006 (8414414.001.000) 08/08 12:31:08 Image size of job updated: 7500000
	12  -  MemoryUsage of job (MB)
	11836  -  ResidentSetSize of job (KB)
...
006 (8414414.001.000) 08/08 12:41:09 Image size of job updated: 7500000
	12  -  MemoryUsage of job (MB)
	11852  -  ResidentSetSize of job (KB)
...
006 (8414414.001.000) 08/08 12:51:10 Image size of job updated: 7500000
	12  -  MemoryUsage of job (MB)
	11868  -  ResidentSetSize of job (KB)
...
006 (8414414.001.000) 08/08 13:01:11 Image size of job updated: 7500000
	12  -  MemoryUsage of job (MB)
	11880  -  ResidentSetSize of job (KB)
...
006 (8414414.001.000) 08/08 13:11:12 Image size of job updated: 7500000
	12  -  MemoryUsage of job (MB)
	11908  -  ResidentSetSize of job (KB)
...
006 (8414414.001.000) 08/08 13:21:13 Image size of job updated: 7500000
	12  -  MemoryUsage of job (MB)
	11924  -  ResidentSetSize of job (KB)
...
006 (8414414.001.000) 08/08 13:31:14 Image size of job updated: 7500000
	12  -  MemoryUsage of job (MB)
	11940  -  ResidentSetSize of job (KB)
...
006 (8414414.001.000) 08/08 13:36:15 Image size of job updated: 7500000
	12  -  MemoryUsage of job (MB)
	11952  -  ResidentSetSize of job (KB)
...
006 (8414414.001.000) 08/08 13:46:15 Image size of job updated: 7500000
	12  -  MemoryUsage of job (MB)
	11980  -  ResidentSetSize of job (KB)
...
006 (8414414.001.000) 08/08 13:56:17 Image size of job updated: 7500000
	12  -  MemoryUsage of job (MB)
	11996  -  ResidentSetSize of job (KB)
...
006 (8414414.001.000) 08/08 14:11:18 Image size of job updated: 7500000
	12  -  MemoryUsage of job (MB)
	12012  -  ResidentSetSize of job (KB)
...
006 (8414414.001.000) 08/08 14:26:19 Image size of job updated: 7500000
	12  -  MemoryUsage of job (MB)
	12024  -  ResidentSetSize of job (KB)
...
006 (8414414.001.000) 08/08 14:36:21 Image size of job updated: 7500000
	12  -  MemoryUsage of job (MB)
	12052  -  ResidentSetSize of job (KB)
...
006 (8414414.001.000) 08/08 14:46:21 Image size of job updated: 7500000
	12  -  MemoryUsage of job (MB)
	12068  -  ResidentSetSize of job (KB)
...
006 (8414414.001.000) 08/08 14:56:23 Image size of job updated: 7500000
	12  -  MemoryUsage of job (MB)
	12084  -  ResidentSetSize of job (KB)
...
006 (8414414.001.000) 08/08 15:11:24 Image size of job updated: 7500000
	12  -  MemoryUsage of job (MB)
	12096  -  ResidentSetSize of job (KB)
...
006 (8414414.001.000) 08/08 15:21:26 Image size of job updated: 7500000
	12  -  MemoryUsage of job (MB)
	12124  -  ResidentSetSize of job (KB)
...
006 (8414414.001.000) 08/08 15:36:27 Image size of job updated: 7500000
	12  -  MemoryUsage of job (MB)
	12140  -  ResidentSetSize of job (KB)
...
006 (8414414.001.000) 08/08 15:46:28 Image size of job updated: 7500000
	12  -  MemoryUsage of job (MB)
	12156  -  ResidentSetSize of job (KB)
...
006 (8414414.001.000) 08/08 16:01:30 Image size of job updated: 7500000
	12  -  MemoryUsage of job (MB)
	12168  -  ResidentSetSize of job (KB)
...
006 (8414414.001.000) 08/08 16:11:30 Image size of job updated: 7500000
	12  -  MemoryUsage of job (MB)
	12196  -  ResidentSetSize of job (KB)
...
006 (8414414.001.000) 08/08 16:21:32 Image size of job updated: 7500000
	12  -  MemoryUsage of job (MB)
	12212  -  ResidentSetSize of job (KB)
...
006 (8414414.001.000) 08/08 16:36:33 Image size of job updated: 7500000
	12  -  MemoryUsage of job (MB)
	12228  -  ResidentSetSize of job (KB)
...
006 (8414414.001.000) 08/08 16:46:34 Image size of job updated: 7500000
	12  -  MemoryUsage of job (MB)
	12240  -  ResidentSetSize of job (KB)
...
006 (8414414.001.000) 08/08 16:56:35 Image size of job updated: 7500000
	12  -  MemoryUsage of job (MB)
	12268  -  ResidentSetSize of job (KB)
...
006 (8414414.001.000) 08/08 17:06:36 Image size of job updated: 7500000
	12  -  MemoryUsage of job (MB)
	12284  -  ResidentSetSize of job (KB)
...
006 (8414414.001.000) 08/08 17:11:36 Image size of job updated: 7500000
	13  -  MemoryUsage of job (MB)
	12300  -  ResidentSetSize of job (KB)
...
006 (8414414.001.000) 08/08 17:26:38 Image size of job updated: 7500000
	13  -  MemoryUsage of job (MB)
	12312  -  ResidentSetSize of job (KB)
...
006 (8414414.001.000) 08/08 17:36:39 Image size of job updated: 7500000
	13  -  MemoryUsage of job (MB)
	12340  -  ResidentSetSize of job (KB)
...
006 (8414414.001.000) 08/08 17:48:34 Image size of job updated: 7500000
	13  -  MemoryUsage of job (MB)
	12356  -  ResidentSetSize of job (KB)
...
006 (8414414.001.000) 08/08 17:59:19 Image size of job updated: 7500000
	13  -  MemoryUsage of job (MB)
	12372  -  ResidentSetSize of job (KB)
...
006 (8414414.001.000) 08/08 18:09:20 Image size of job updated: 7500000
	13  -  MemoryUsage of job (MB)
	12384  -  ResidentSetSize of job (KB)
...
006 (8414414.001.000) 08/08 18:19:22 Image size of job updated: 7500000
	13  -  MemoryUsage of job (MB)
	12412  -  ResidentSetSize of job (KB)
...
006 (8414414.001.000) 08/08 18:34:23 Image size of job updated: 7500000
	13  -  MemoryUsage of job (MB)
	12428  -  ResidentSetSize of job (KB)
...
006 (8414414.001.000) 08/08 18:44:24 Image size of job updated: 7500000
	13  -  MemoryUsage of job (MB)
	12444  -  ResidentSetSize of job (KB)
...
006 (8414414.001.000) 08/08 18:49:24 Image size of job updated: 7500000
	13  -  MemoryUsage of job (MB)
	12456  -  ResidentSetSize of job (KB)
...
006 (8414414.001.000) 08/08 19:04:26 Image size of job updated: 7500000
	13  -  MemoryUsage of job (MB)
	12484  -  ResidentSetSize of job (KB)
...
006 (8414414.001.000) 08/08 19:09:26 Image size of job updated: 7500000
	13  -  MemoryUsage of job (MB)
	12500  -  ResidentSetSize of job (KB)
...
006 (8414414.001.000) 08/08 19:19:28 Image size of job updated: 7500000
	13  -  MemoryUsage of job (MB)
	12516  -  ResidentSetSize of job (KB)
...
006 (8414414.001.000) 08/08 19:29:29 Image size of job updated: 7500000
	13  -  MemoryUsage of job (MB)
	12528  -  ResidentSetSize of job (KB)
...
006 (8414414.001.000) 08/08 19:44:30 Image size of job updated: 7500000
	13  -  MemoryUsage of job (MB)
	12556  -  ResidentSetSize of job (KB)
...
006 (8414414.001.000) 08/08 19:54:32 Image size of job updated: 7500000
	13  -  MemoryUsage of job (MB)
	12572  -  ResidentSetSize of job (KB)
...
006 (8414414.001.000) 08/08 20:04:32 Image size of job updated: 7500000
	13  -  MemoryUsage of job (MB)
	12588  -  ResidentSetSize of job (KB)
...
006 (8414414.001.000) 08/08 20:19:34 Image size of job updated: 7500000
	13  -  MemoryUsage of job (MB)
	12600  -  ResidentSetSize of job (KB)
...
006 (8414414.001.000) 08/08 20:34:36 Image size of job updated: 7500000
	13  -  MemoryUsage of job (MB)
	12628  -  ResidentSetSize of job (KB)
...
006 (8414414.001.000) 08/08 20:44:36 Image size of job updated: 7500000
	13  -  MemoryUsage of job (MB)
	12644  -  ResidentSetSize of job (KB)
...
006 (8414414.001.000) 08/08 20:54:38 Image size of job updated: 7500000
	13  -  MemoryUsage of job (MB)
	12660  -  ResidentSetSize of job (KB)
...
006 (8414414.001.000) 08/08 21:09:39 Image size of job updated: 7500000
	13  -  MemoryUsage of job (MB)
	12672  -  ResidentSetSize of job (KB)
...
006 (8414414.001.000) 08/08 21:19:41 Image size of job updated: 7500000
	13  -  MemoryUsage of job (MB)
	12700  -  ResidentSetSize of job (KB)
...
006 (8414414.001.000) 08/08 21:34:43 Image size of job updated: 7500000
	13  -  MemoryUsage of job (MB)
	12716  -  ResidentSetSize of job (KB)
...
006 (8414414.001.000) 08/08 21:44:44 Image size of job updated: 7500000
	13  -  MemoryUsage of job (MB)
	12732  -  ResidentSetSize of job (KB)
...
006 (8414414.001.000) 08/08 21:59:46 Image size of job updated: 7500000
	13  -  MemoryUsage of job (MB)
	12744  -  ResidentSetSize of job (KB)
...
006 (8414414.001.000) 08/08 22:04:46 Image size of job updated: 7500000
	13  -  MemoryUsage of job (MB)
	12772  -  ResidentSetSize of job (KB)
...
006 (8414414.001.000) 08/08 22:19:48 Image size of job updated: 7500000
	13  -  MemoryUsage of job (MB)
	12788  -  ResidentSetSize of job (KB)
...
006 (8414414.001.000) 08/08 22:34:49 Image size of job updated: 7500000
	13  -  MemoryUsage of job (MB)
	12804  -  ResidentSetSize of job (KB)
...
006 (8414414.001.000) 08/08 22:49:50 Image size of job updated: 7500000
	13  -  MemoryUsage of job (MB)
	12816  -  ResidentSetSize of job (KB)
...
006 (8414414.001.000) 08/08 22:59:52 Image size of job updated: 7500000
	13  -  MemoryUsage of job (MB)
	12844  -  ResidentSetSize of job (KB)
...
006 (8414414.001.000) 08/08 23:09:52 Image size of job updated: 7500000
	13  -  MemoryUsage of job (MB)
	12860  -  ResidentSetSize of job (KB)
...
006 (8414414.001.000) 08/08 23:19:54 Image size of job updated: 7500000
	13  -  MemoryUsage of job (MB)
	12876  -  ResidentSetSize of job (KB)
...
006 (8414414.001.000) 08/08 23:29:55 Image size of job updated: 7500000
	13  -  MemoryUsage of job (MB)
	12888  -  ResidentSetSize of job (KB)
...
006 (8414414.001.000) 08/08 23:39:56 Image size of job updated: 7500000
	13  -  MemoryUsage of job (MB)
	12916  -  ResidentSetSize of job (KB)
...
006 (8414414.001.000) 08/08 23:49:57 Image size of job updated: 7500000
	13  -  MemoryUsage of job (MB)
	12932  -  ResidentSetSize of job (KB)
...
006 (8414414.001.000) 08/09 00:04:59 Image size of job updated: 7500000
	13  -  MemoryUsage of job (MB)
	12948  -  ResidentSetSize of job (KB)
...
006 (8414414.001.000) 08/09 00:14:59 Image size of job updated: 7500000
	13  -  MemoryUsage of job (MB)
	12960  -  ResidentSetSize of job (KB)
...
006 (8414414.001.000) 08/09 00:25:01 Image size of job updated: 7500000
	13  -  MemoryUsage of job (MB)
	12988  -  ResidentSetSize of job (KB)
...
006 (8414414.001.000) 08/09 00:35:01 Image size of job updated: 7500000
	13  -  MemoryUsage of job (MB)
	13004  -  ResidentSetSize of job (KB)
...
006 (8414414.001.000) 08/09 00:45:03 Image size of job updated: 7500000
	13  -  MemoryUsage of job (MB)
	13020  -  ResidentSetSize of job (KB)
...
006 (8414414.001.000) 08/09 01:00:04 Image size of job updated: 7500000
	13  -  MemoryUsage of job (MB)
	13032  -  ResidentSetSize of job (KB)
...
006 (8414414.001.000) 08/09 01:10:06 Image size of job updated: 7500000
	13  -  MemoryUsage of job (MB)
	13060  -  ResidentSetSize of job (KB)
...
006 (8414414.001.000) 08/09 01:20:06 Image size of job updated: 7500000
	13  -  MemoryUsage of job (MB)
	13076  -  ResidentSetSize of job (KB)
...
006 (8414414.001.000) 08/09 01:35:08 Image size of job updated: 7500000
	13  -  MemoryUsage of job (MB)
	13092  -  ResidentSetSize of job (KB)
...
006 (8414414.001.000) 08/09 01:45:09 Image size of job updated: 7500000
	13  -  MemoryUsage of job (MB)
	13104  -  ResidentSetSize of job (KB)
...
006 (8414414.001.000) 08/09 01:55:10 Image size of job updated: 7500000
	13  -  MemoryUsage of job (MB)
	13132  -  ResidentSetSize of job (KB)
...
006 (8414414.001.000) 08/09 02:05:11 Image size of job updated: 7500000
	13  -  MemoryUsage of job (MB)
	13148  -  ResidentSetSize of job (KB)
...
006 (8414414.001.000) 08/09 02:20:12 Image size of job updated: 7500000
	13  -  MemoryUsage of job (MB)
	13164  -  ResidentSetSize of job (KB)
...
006 (8414414.001.000) 08/09 02:30:14 Image size of job updated: 7500000
	13  -  MemoryUsage of job (MB)
	13176  -  ResidentSetSize of job (KB)
...
006 (8414414.001.000) 08/09 02:40:14 Image size of job updated: 7500000
	13  -  MemoryUsage of job (MB)
	13204  -  ResidentSetSize of job (KB)
...
006 (8414414.001.000) 08/09 02:50:16 Image size of job updated: 7500000
	13  -  MemoryUsage of job (MB)
	13220  -  ResidentSetSize of job (KB)
...
006 (8414414.001.000) 08/09 03:00:16 Image size of job updated: 7500000
	13  -  MemoryUsage of job (MB)
	13236  -  ResidentSetSize of job (KB)
...
006 (8414414.001.000) 08/09 03:15:18 Image size of job updated: 7500000
	13  -  MemoryUsage of job (MB)
	13248  -  ResidentSetSize of job (KB)
...
006 (8414414.001.000) 08/09 03:25:19 Image size of job updated: 7500000
	13  -  MemoryUsage of job (MB)
	13276  -  ResidentSetSize of job (KB)
...
006 (8414414.001.000) 08/09 03:35:20 Image size of job updated: 7500000
	13  -  MemoryUsage of job (MB)
	13292  -  ResidentSetSize of job (KB)
...
006 (8414414.001.000) 08/09 03:45:21 Image size of job updated: 7500000
	13  -  MemoryUsage of job (MB)
	13308  -  ResidentSetSize of job (KB)
...
006 (8414414.001.000) 08/09 03:55:23 Image size of job updated: 7500000
	14  -  MemoryUsage of job (MB)
	13320  -  ResidentSetSize of job (KB)
...
006 (8414414.001.000) 08/09 04:10:24 Image size of job updated: 7500000
	14  -  MemoryUsage of job (MB)
	13348  -  ResidentSetSize of job (KB)
...
006 (8414414.001.000) 08/09 04:20:25 Image size of job updated: 7500000
	14  -  MemoryUsage of job (MB)
	13364  -  ResidentSetSize of job (KB)
...
006 (8414414.001.000) 08/09 04:30:26 Image size of job updated: 7500000
	14  -  MemoryUsage of job (MB)
	13380  -  ResidentSetSize of job (KB)
...
006 (8414414.001.000) 08/09 04:45:27 Image size of job updated: 7500000
	14  -  MemoryUsage of job (MB)
	13392  -  ResidentSetSize of job (KB)
...
006 (8414414.001.000) 08/09 04:55:29 Image size of job updated: 7500000
	14  -  MemoryUsage of job (MB)
	13420  -  ResidentSetSize of job (KB)
...
006 (8414414.001.000) 08/09 05:10:30 Image size of job updated: 7500000
	14  -  MemoryUsage of job (MB)
	13436  -  ResidentSetSize of job (KB)
...
006 (8414414.001.000) 08/09 05:20:31 Image size of job updated: 7500000
	14  -  MemoryUsage of job (MB)
	13452  -  ResidentSetSize of job (KB)
...
006 (8414414.001.000) 08/09 05:35:33 Image size of job updated: 7500000
	14  -  MemoryUsage of job (MB)
	13464  -  ResidentSetSize of job (KB)
...
006 (8414414.001.000) 08/09 05:50:34 Image size of job updated: 7500000
	14  -  MemoryUsage of job (MB)
	13492  -  ResidentSetSize of job (KB)
...
006 (8414414.001.000) 08/09 06:05:36 Image size of job updated: 7500000
	14  -  MemoryUsage of job (MB)
	13508  -  ResidentSetSize of job (KB)
...
006 (8414414.001.000) 08/09 06:15:37 Image size of job updated: 7500000
	14  -  MemoryUsage of job (MB)
	13524  -  ResidentSetSize of job (KB)
...
006 (8414414.001.000) 08/09 06:30:38 Image size of job updated: 7500000
	14  -  MemoryUsage of job (MB)
	13536  -  ResidentSetSize of job (KB)
...
006 (8414414.001.000) 08/09 06:40:40 Image size of job updated: 7500000
	14  -  MemoryUsage of job (MB)
	13564  -  ResidentSetSize of job (KB)
...
006 (8414414.001.000) 08/09 06:55:41 Image size of job updated: 7500000
	14  -  MemoryUsage of job (MB)
	13580  -  ResidentSetSize of job (KB)
...
006 (8414414.001.000) 08/09 07:05:42 Image size of job updated: 7500000
	14  -  MemoryUsage of job (MB)
	13596  -  ResidentSetSize of job (KB)
...
006 (8414414.001.000) 08/09 07:20:44 Image size of job updated: 7500000
	14  -  MemoryUsage of job (MB)
	13608  -  ResidentSetSize of job (KB)
...
006 (8414414.001.000) 08/09 07:30:44 Image size of job updated: 7500000
	14  -  MemoryUsage of job (MB)
	13636  -  ResidentSetSize of job (KB)
...
006 (8414414.001.000) 08/09 07:45:46 Image size of job updated: 7500000
	14  -  MemoryUsage of job (MB)
	13652  -  ResidentSetSize of job (KB)
...
006 (8414414.001.000) 08/09 07:55:48 Image size of job updated: 7500000
	14  -  MemoryUsage of job (MB)
	13668  -  ResidentSetSize of job (KB)
...
006 (8414414.001.000) 08/09 08:05:49 Image size of job updated: 7500000
	14  -  MemoryUsage of job (MB)
	13680  -  ResidentSetSize of job (KB)
...
006 (8414414.001.000) 08/09 08:20:51 Image size of job updated: 7500000
	14  -  MemoryUsage of job (MB)
	13708  -  ResidentSetSize of job (KB)
...
006 (8414414.001.000) 08/09 08:30:51 Image size of job updated: 7500000
	14  -  MemoryUsage of job (MB)
	13724  -  ResidentSetSize of job (KB)
...
006 (8414414.001.000) 08/09 08:40:53 Image size of job updated: 7500000
	14  -  MemoryUsage of job (MB)
	13740  -  ResidentSetSize of job (KB)
...
006 (8414414.001.000) 08/09 08:50:53 Image size of job updated: 7500000
	14  -  MemoryUsage of job (MB)
	13752  -  ResidentSetSize of job (KB)
...
006 (8414414.001.000) 08/09 09:00:55 Image size of job updated: 7500000
	14  -  MemoryUsage of job (MB)
	13780  -  ResidentSetSize of job (KB)
...
006 (8414414.001.000) 08/09 09:15:56 Image size of job updated: 7500000
	14  -  MemoryUsage of job (MB)
	13796  -  ResidentSetSize of job (KB)
...
006 (8414414.001.000) 08/09 09:25:57 Image size of job updated: 7500000
	14  -  MemoryUsage of job (MB)
	13812  -  ResidentSetSize of job (KB)
...
006 (8414414.001.000) 08/09 09:40:59 Image size of job updated: 7500000
	14  -  MemoryUsage of job (MB)
	13824  -  ResidentSetSize of job (KB)
...
006 (8414414.001.000) 08/09 09:50:59 Image size of job updated: 7500000
	14  -  MemoryUsage of job (MB)
	13852  -  ResidentSetSize of job (KB)
...
006 (8414414.001.000) 08/09 10:06:01 Image size of job updated: 7500000
	14  -  MemoryUsage of job (MB)
	13868  -  ResidentSetSize of job (KB)
...
006 (8414414.001.000) 08/09 10:16:02 Image size of job updated: 7500000
	14  -  MemoryUsage of job (MB)
	13884  -  ResidentSetSize of job (KB)
...
006 (8414414.001.000) 08/09 10:31:03 Image size of job updated: 7500000
	14  -  MemoryUsage of job (MB)
	13896  -  ResidentSetSize of job (KB)
...
006 (8414414.001.000) 08/09 10:41:05 Image size of job updated: 7500000
	14  -  MemoryUsage of job (MB)
	13924  -  ResidentSetSize of job (KB)
...
006 (8414414.001.000) 08/09 10:51:05 Image size of job updated: 7500000
	14  -  MemoryUsage of job (MB)
	13940  -  ResidentSetSize of job (KB)
...
006 (8414414.001.000) 08/09 11:06:07 Image size of job updated: 7500000
	14  -  MemoryUsage of job (MB)
	13956  -  ResidentSetSize of job (KB)
...
006 (8414414.001.000) 08/09 11:16:08 Image size of job updated: 7500000
	14  -  MemoryUsage of job (MB)
	13968  -  ResidentSetSize of job (KB)
...
006 (8414414.001.000) 08/09 11:26:09 Image size of job updated: 7500000
	14  -  MemoryUsage of job (MB)
	13996  -  ResidentSetSize of job (KB)
...
006 (8414414.001.000) 08/09 11:41:11 Image size of job updated: 7500000
	14  -  MemoryUsage of job (MB)
	14012  -  ResidentSetSize of job (KB)
...
006 (8414414.001.000) 08/09 11:51:11 Image size of job updated: 7500000
	14  -  MemoryUsage of job (MB)
	14028  -  ResidentSetSize of job (KB)
...
006 (8414414.001.000) 08/09 12:06:13 Image size of job updated: 7500000
	14  -  MemoryUsage of job (MB)
	14040  -  ResidentSetSize of job (KB)
...
006 (8414414.001.000) 08/09 12:16:14 Image size of job updated: 7500000
	14  -  MemoryUsage of job (MB)
	14068  -  ResidentSetSize of job (KB)
...
006 (8414414.001.000) 08/09 12:26:15 Image size of job updated: 7500000
	14  -  MemoryUsage of job (MB)
	14084  -  ResidentSetSize of job (KB)
...
006 (8414414.001.000) 08/09 12:41:17 Image size of job updated: 7500000
	14  -  MemoryUsage of job (MB)
	14100  -  ResidentSetSize of job (KB)
...
006 (8414414.001.000) 08/09 12:51:17 Image size of job updated: 7500000
	14  -  MemoryUsage of job (MB)
	14112  -  ResidentSetSize of job (KB)
...
006 (8414414.001.000) 08/09 13:01:19 Image size of job updated: 7500000
	14  -  MemoryUsage of job (MB)
	14140  -  ResidentSetSize of job (KB)
...
006 (8414414.001.000) 08/09 13:16:20 Image size of job updated: 7500000
	14  -  MemoryUsage of job (MB)
	14156  -  ResidentSetSize of job (KB)
...
006 (8414414.001.000) 08/09 13:26:21 Image size of job updated: 7500000
	14  -  MemoryUsage of job (MB)
	14172  -  ResidentSetSize of job (KB)
...
006 (8414414.001.000) 08/09 13:36:22 Image size of job updated: 7500000
	14  -  MemoryUsage of job (MB)
	14184  -  ResidentSetSize of job (KB)
...
006 (8414414.001.000) 08/09 13:46:23 Image size of job updated: 7500000
	14  -  MemoryUsage of job (MB)
	14212  -  ResidentSetSize of job (KB)
...
006 (8414414.001.000) 08/09 14:01:25 Image size of job updated: 7500000
	14  -  MemoryUsage of job (MB)
	14228  -  ResidentSetSize of job (KB)
...
006 (8414414.001.000) 08/09 14:11:25 Image size of job updated: 7500000
	14  -  MemoryUsage of job (MB)
	14244  -  ResidentSetSize of job (KB)
...
006 (8414414.001.000) 08/09 14:26:27 Image size of job updated: 7500000
	14  -  MemoryUsage of job (MB)
	14256  -  ResidentSetSize of job (KB)
...
006 (8414414.001.000) 08/09 14:36:28 Image size of job updated: 7500000
	14  -  MemoryUsage of job (MB)
	14284  -  ResidentSetSize of job (KB)
...
006 (8414414.001.000) 08/09 14:46:29 Image size of job updated: 7500000
	14  -  MemoryUsage of job (MB)
	14300  -  ResidentSetSize of job (KB)
...
006 (8414414.001.000) 08/09 14:56:30 Image size of job updated: 7500000
	14  -  MemoryUsage of job (MB)
	14316  -  ResidentSetSize of job (KB)
...
006 (8414414.001.000) 08/09 15:06:31 Image size of job updated: 7500000
	14  -  MemoryUsage of job (MB)
	14328  -  ResidentSetSize of job (KB)
...
006 (8414414.001.000) 08/09 15:16:32 Image size of job updated: 7500000
	15  -  MemoryUsage of job (MB)
	14356  -  ResidentSetSize of job (KB)
...
006 (8414414.001.000) 08/09 15:31:34 Image size of job updated: 7500000
	15  -  MemoryUsage of job (MB)
	14372  -  ResidentSetSize of job (KB)
...
006 (8414414.001.000) 08/09 15:41:35 Image size of job updated: 7500000
	15  -  MemoryUsage of job (MB)
	14388  -  ResidentSetSize of job (KB)
...
006 (8414414.001.000) 08/09 15:51:36 Image size of job updated: 7500000
	15  -  MemoryUsage of job (MB)
	14400  -  ResidentSetSize of job (KB)
...
006 (8414414.001.000) 08/09 16:01:37 Image size of job updated: 7500000
	15  -  MemoryUsage of job (MB)
	14428  -  ResidentSetSize of job (KB)
...
006 (8414414.001.000) 08/09 16:16:38 Image size of job updated: 7500000
	15  -  MemoryUsage of job (MB)
	14444  -  ResidentSetSize of job (KB)
...
006 (8414414.001.000) 08/09 16:26:40 Image size of job updated: 7500000
	15  -  MemoryUsage of job (MB)
	14460  -  ResidentSetSize of job (KB)
...
006 (8414414.001.000) 08/09 16:36:40 Image size of job updated: 7500000
	15  -  MemoryUsage of job (MB)
	14472  -  ResidentSetSize of job (KB)
...
006 (8414414.001.000) 08/09 16:46:42 Image size of job updated: 7500000
	15  -  MemoryUsage of job (MB)
	14500  -  ResidentSetSize of job (KB)
...
006 (8414414.001.000) 08/09 17:01:44 Image size of job updated: 7500000
	15  -  MemoryUsage of job (MB)
	14516  -  ResidentSetSize of job (KB)
...
006 (8414414.001.000) 08/09 17:11:46 Image size of job updated: 7500000
	15  -  MemoryUsage of job (MB)
	14532  -  ResidentSetSize of job (KB)
...
006 (8414414.001.000) 08/09 17:16:46 Image size of job updated: 7500000
	15  -  MemoryUsage of job (MB)
	14544  -  ResidentSetSize of job (KB)
...
006 (8414414.001.000) 08/09 17:26:47 Image size of job updated: 7500000
	15  -  MemoryUsage of job (MB)
	14572  -  ResidentSetSize of job (KB)
...
006 (8414414.001.000) 08/09 17:41:48 Image size of job updated: 7500000
	15  -  MemoryUsage of job (MB)
	14588  -  ResidentSetSize of job (KB)
...
006 (8414414.001.000) 08/09 17:51:50 Image size of job updated: 7500000
	15  -  MemoryUsage of job (MB)
	14604  -  ResidentSetSize of job (KB)
...
006 (8414414.001.000) 08/09 18:01:51 Image size of job updated: 7500000
	15  -  MemoryUsage of job (MB)
	14616  -  ResidentSetSize of job (KB)
...
006 (8414414.001.000) 08/09 18:11:52 Image size of job updated: 7500000
	15  -  MemoryUsage of job (MB)
	14644  -  ResidentSetSize of job (KB)
...
006 (8414414.001.000) 08/09 18:21:52 Image size of job updated: 7500000
	15  -  MemoryUsage of job (MB)
	14660  -  ResidentSetSize of job (KB)
...
006 (8414414.001.000) 08/09 18:31:54 Image size of job updated: 7500000
	15  -  MemoryUsage of job (MB)
	14676  -  ResidentSetSize of job (KB)
...
006 (8414414.001.000) 08/09 18:41:54 Image size of job updated: 7500000
	15  -  MemoryUsage of job (MB)
	14688  -  ResidentSetSize of job (KB)
...
006 (8414414.001.000) 08/09 18:51:56 Image size of job updated: 7500000
	15  -  MemoryUsage of job (MB)
	14716  -  ResidentSetSize of job (KB)
...
006 (8414414.001.000) 08/09 19:01:56 Image size of job updated: 7500000
	15  -  MemoryUsage of job (MB)
	14732  -  ResidentSetSize of job (KB)
...
006 (8414414.001.000) 08/09 19:11:58 Image size of job updated: 7500000
	15  -  MemoryUsage of job (MB)
	14748  -  ResidentSetSize of job (KB)
...
006 (8414414.001.000) 08/09 19:21:58 Image size of job updated: 7500000
	15  -  MemoryUsage of job (MB)
	14760  -  ResidentSetSize of job (KB)
...
006 (8414414.001.000) 08/09 19:37:00 Image size of job updated: 7500000
	15  -  MemoryUsage of job (MB)
	14788  -  ResidentSetSize of job (KB)
...
006 (8414414.001.000) 08/09 19:47:01 Image size of job updated: 7500000
	15  -  MemoryUsage of job (MB)
	14804  -  ResidentSetSize of job (KB)
...
006 (8414414.001.000) 08/09 19:52:02 Image size of job updated: 7500000
	15  -  MemoryUsage of job (MB)
	14820  -  ResidentSetSize of job (KB)
...
006 (8414414.001.000) 08/09 20:07:03 Image size of job updated: 7500000
	15  -  MemoryUsage of job (MB)
	14832  -  ResidentSetSize of job (KB)
...
006 (8414414.001.000) 08/09 20:17:04 Image size of job updated: 7500000
	15  -  MemoryUsage of job (MB)
	14860  -  ResidentSetSize of job (KB)
...
006 (8414414.001.000) 08/09 20:22:04 Image size of job updated: 7500000
	15  -  MemoryUsage of job (MB)
	14876  -  ResidentSetSize of job (KB)
...
006 (8414414.001.000) 08/09 20:32:06 Image size of job updated: 7500000
	15  -  MemoryUsage of job (MB)
	14892  -  ResidentSetSize of job (KB)
...
006 (8414414.001.000) 08/09 20:42:06 Image size of job updated: 7500000
	15  -  MemoryUsage of job (MB)
	14904  -  ResidentSetSize of job (KB)
...
006 (8414414.001.000) 08/09 20:52:08 Image size of job updated: 7500000
	15  -  MemoryUsage of job (MB)
	14932  -  ResidentSetSize of job (KB)
...
006 (8414414.001.000) 08/09 21:02:08 Image size of job updated: 7500000
	15  -  MemoryUsage of job (MB)
	14948  -  ResidentSetSize of job (KB)
...
006 (8414414.001.000) 08/09 21:12:10 Image size of job updated: 7500000
	15  -  MemoryUsage of job (MB)
	14964  -  ResidentSetSize of job (KB)
...
006 (8414414.001.000) 08/09 21:22:10 Image size of job updated: 7500000
	15  -  MemoryUsage of job (MB)
	14976  -  ResidentSetSize of job (KB)
...
006 (8414414.001.000) 08/09 21:32:13 Image size of job updated: 7500000
	15  -  MemoryUsage of job (MB)
	15004  -  ResidentSetSize of job (KB)
...
006 (8414414.001.000) 08/09 21:42:13 Image size of job updated: 7500000
	15  -  MemoryUsage of job (MB)
	15020  -  ResidentSetSize of job (KB)
...
006 (8414414.001.000) 08/09 21:52:15 Image size of job updated: 7500000
	15  -  MemoryUsage of job (MB)
	15036  -  ResidentSetSize of job (KB)
...
006 (8414414.001.000) 08/09 22:02:15 Image size of job updated: 7500000
	15  -  MemoryUsage of job (MB)
	15048  -  ResidentSetSize of job (KB)
...
006 (8414414.001.000) 08/09 22:12:17 Image size of job updated: 7500000
	15  -  MemoryUsage of job (MB)
	15076  -  ResidentSetSize of job (KB)
...
006 (8414414.001.000) 08/09 22:22:17 Image size of job updated: 7500000
	15  -  MemoryUsage of job (MB)
	15092  -  ResidentSetSize of job (KB)
...
006 (8414414.001.000) 08/09 22:32:18 Image size of job updated: 7500000
	15  -  MemoryUsage of job (MB)
	15108  -  ResidentSetSize of job (KB)
...
006 (8414414.001.000) 08/09 22:42:19 Image size of job updated: 7500000
	15  -  MemoryUsage of job (MB)
	15120  -  ResidentSetSize of job (KB)
...
006 (8414414.001.000) 08/09 22:52:20 Image size of job updated: 7500000
	15  -  MemoryUsage of job (MB)
	15148  -  ResidentSetSize of job (KB)
...
006 (8414414.001.000) 08/09 22:57:21 Image size of job updated: 7500000
	15  -  MemoryUsage of job (MB)
	15164  -  ResidentSetSize of job (KB)
...
006 (8414414.001.000) 08/09 23:07:21 Image size of job updated: 7500000
	15  -  MemoryUsage of job (MB)
	15180  -  ResidentSetSize of job (KB)
...
006 (8414414.001.000) 08/09 23:17:23 Image size of job updated: 7500000
	15  -  MemoryUsage of job (MB)
	15192  -  ResidentSetSize of job (KB)
...
006 (8414414.001.000) 08/09 23:27:23 Image size of job updated: 7500000
	15  -  MemoryUsage of job (MB)
	15220  -  ResidentSetSize of job (KB)
...
006 (8414414.001.000) 08/09 23:37:25 Image size of job updated: 7500000
	15  -  MemoryUsage of job (MB)
	15236  -  ResidentSetSize of job (KB)
...
006 (8414414.001.000) 08/09 23:47:25 Image size of job updated: 7500000
	15  -  MemoryUsage of job (MB)
	15252  -  ResidentSetSize of job (KB)
...
006 (8414414.001.000) 08/09 23:52:26 Image size of job updated: 7500000
	15  -  MemoryUsage of job (MB)
	15264  -  ResidentSetSize of job (KB)
...
006 (8414414.001.000) 08/09 23:57:27 Image size of job updated: 7500000
	15  -  MemoryUsage of job (MB)
	15292  -  ResidentSetSize of job (KB)
...
006 (8414414.001.000) 08/10 00:07:27 Image size of job updated: 7500000
	15  -  MemoryUsage of job (MB)
	15308  -  ResidentSetSize of job (KB)
...
006 (8414414.001.000) 08/10 00:12:28 Image size of job updated: 7500000
	15  -  MemoryUsage of job (MB)
	15324  -  ResidentSetSize of job (KB)
...
006 (8414414.001.000) 08/10 00:22:30 Image size of job updated: 7500000
	15  -  MemoryUsage of job (MB)
	15336  -  ResidentSetSize of job (KB)
...
006 (8414414.001.000) 08/10 00:32:30 Image size of job updated: 7500000
	16  -  MemoryUsage of job (MB)
	15364  -  ResidentSetSize of job (KB)
...
006 (8414414.001.000) 08/10 00:42:32 Image size of job updated: 7500000
	16  -  MemoryUsage of job (MB)
	15380  -  ResidentSetSize of job (KB)
...
006 (8414414.001.000) 08/10 00:52:32 Image size of job updated: 7500000
	16  -  MemoryUsage of job (MB)
	15396  -  ResidentSetSize of job (KB)
...
006 (8414414.001.000) 08/10 01:02:34 Image size of job updated: 7500000
	16  -  MemoryUsage of job (MB)
	15408  -  ResidentSetSize of job (KB)
...
006 (8414414.001.000) 08/10 01:12:34 Image size of job updated: 7500000
	16  -  MemoryUsage of job (MB)
	15436  -  ResidentSetSize of job (KB)
...
006 (8414414.001.000) 08/10 01:22:36 Image size of job updated: 7500000
	16  -  MemoryUsage of job (MB)
	15452  -  ResidentSetSize of job (KB)
...
006 (8414414.001.000) 08/10 01:27:36 Image size of job updated: 7500000
	16  -  MemoryUsage of job (MB)
	15468  -  ResidentSetSize of job (KB)
...
006 (8414414.001.000) 08/10 01:37:37 Image size of job updated: 7500000
	16  -  MemoryUsage of job (MB)
	15480  -  ResidentSetSize of job (KB)
...
006 (8414414.001.000) 08/10 01:47:38 Image size of job updated: 7500000
	16  -  MemoryUsage of job (MB)
	15508  -  ResidentSetSize of job (KB)
...
006 (8414414.001.000) 08/10 01:57:39 Image size of job updated: 7500000
	16  -  MemoryUsage of job (MB)
	15524  -  ResidentSetSize of job (KB)
...
006 (8414414.001.000) 08/10 02:07:40 Image size of job updated: 7500000
	16  -  MemoryUsage of job (MB)
	15540  -  ResidentSetSize of job (KB)
...
006 (8414414.001.000) 08/10 02:17:41 Image size of job updated: 7500000
	16  -  MemoryUsage of job (MB)
	15552  -  ResidentSetSize of job (KB)
...
006 (8414414.001.000) 08/10 02:22:42 Image size of job updated: 7500000
	16  -  MemoryUsage of job (MB)
	15580  -  ResidentSetSize of job (KB)
...
006 (8414414.001.000) 08/10 02:32:42 Image size of job updated: 7500000
	16  -  MemoryUsage of job (MB)
	15596  -  ResidentSetSize of job (KB)
...
006 (8414414.001.000) 08/10 02:42:44 Image size of job updated: 7500000
	16  -  MemoryUsage of job (MB)
	15612  -  ResidentSetSize of job (KB)
...
006 (8414414.001.000) 08/10 02:52:44 Image size of job updated: 7500000
	16  -  MemoryUsage of job (MB)
	15624  -  ResidentSetSize of job (KB)
...
006 (8414414.001.000) 08/10 03:02:46 Image size of job updated: 7500000
	16  -  MemoryUsage of job (MB)
	15652  -  ResidentSetSize of job (KB)
...
006 (8414414.001.000) 08/10 03:07:46 Image size of job updated: 7500000
	16  -  MemoryUsage of job (MB)
	15668  -  ResidentSetSize of job (KB)
...
006 (8414414.001.000) 08/10 03:17:47 Image size of job updated: 7500000
	16  -  MemoryUsage of job (MB)
	15684  -  ResidentSetSize of job (KB)
...
006 (8414414.001.000) 08/10 03:27:49 Image size of job updated: 7500000
	16  -  MemoryUsage of job (MB)
	15696  -  ResidentSetSize of job (KB)
...
006 (8414414.001.000) 08/10 03:37:49 Image size of job updated: 7500000
	16  -  MemoryUsage of job (MB)
	15724  -  ResidentSetSize of job (KB)
...
006 (8414414.001.000) 08/10 03:42:50 Image size of job updated: 7500000
	16  -  MemoryUsage of job (MB)
	15740  -  ResidentSetSize of job (KB)
...
006 (8414414.001.000) 08/10 03:52:51 Image size of job updated: 7500000
	16  -  MemoryUsage of job (MB)
	15756  -  ResidentSetSize of job (KB)
...
006 (8414414.001.000) 08/10 04:02:52 Image size of job updated: 7500000
	16  -  MemoryUsage of job (MB)
	15768  -  ResidentSetSize of job (KB)
...
006 (8414414.001.000) 08/10 04:12:54 Image size of job updated: 7500000
	16  -  MemoryUsage of job (MB)
	15796  -  ResidentSetSize of job (KB)
...
006 (8414414.001.000) 08/10 04:22:54 Image size of job updated: 7500000
	16  -  MemoryUsage of job (MB)
	15812  -  ResidentSetSize of job (KB)
...
006 (8414414.001.000) 08/10 04:32:56 Image size of job updated: 7500000
	16  -  MemoryUsage of job (MB)
	15828  -  ResidentSetSize of job (KB)
...
006 (8414414.001.000) 08/10 04:42:56 Image size of job updated: 7500000
	16  -  MemoryUsage of job (MB)
	15840  -  ResidentSetSize of job (KB)
...
006 (8414414.001.000) 08/10 04:52:58 Image size of job updated: 7500000
	16  -  MemoryUsage of job (MB)
	15868  -  ResidentSetSize of job (KB)
...
006 (8414414.001.000) 08/10 04:57:58 Image size of job updated: 7500000
	16  -  MemoryUsage of job (MB)
	15884  -  ResidentSetSize of job (KB)
...
006 (8414414.001.000) 08/10 05:07:59 Image size of job updated: 7500000
	16  -  MemoryUsage of job (MB)
	15900  -  ResidentSetSize of job (KB)
...
006 (8414414.001.000) 08/10 05:18:00 Image size of job updated: 7500000
	16  -  MemoryUsage of job (MB)
	15912  -  ResidentSetSize of job (KB)
...
006 (8414414.001.000) 08/10 05:28:01 Image size of job updated: 7500000
	16  -  MemoryUsage of job (MB)
	15940  -  ResidentSetSize of job (KB)
...
006 (8414414.001.000) 08/10 05:38:02 Image size of job updated: 7500000
	16  -  MemoryUsage of job (MB)
	15956  -  ResidentSetSize of job (KB)
...
006 (8414414.001.000) 08/10 05:48:03 Image size of job updated: 7500000
	16  -  MemoryUsage of job (MB)
	15972  -  ResidentSetSize of job (KB)
...
006 (8414414.001.000) 08/10 05:58:04 Image size of job updated: 7500000
	16  -  MemoryUsage of job (MB)
	15984  -  ResidentSetSize of job (KB)
...
006 (8414414.001.000) 08/10 06:08:05 Image size of job updated: 7500000
	16  -  MemoryUsage of job (MB)
	16012  -  ResidentSetSize of job (KB)
...
006 (8414414.001.000) 08/10 06:18:06 Image size of job updated: 7500000
	16  -  MemoryUsage of job (MB)
	16028  -  ResidentSetSize of job (KB)
...
006 (8414414.001.000) 08/10 06:23:06 Image size of job updated: 7500000
	16  -  MemoryUsage of job (MB)
	16044  -  ResidentSetSize of job (KB)
...
006 (8414414.001.000) 08/10 06:33:08 Image size of job updated: 7500000
	16  -  MemoryUsage of job (MB)
	16056  -  ResidentSetSize of job (KB)
...
006 (8414414.001.000) 08/10 06:43:08 Image size of job updated: 7500000
	16  -  MemoryUsage of job (MB)
	16084  -  ResidentSetSize of job (KB)
...
006 (8414414.001.000) 08/10 06:48:09 Image size of job updated: 7500000
	16  -  MemoryUsage of job (MB)
	16100  -  ResidentSetSize of job (KB)
...
006 (8414414.001.000) 08/10 07:03:10 Image size of job updated: 7500000
	16  -  MemoryUsage of job (MB)
	16116  -  ResidentSetSize of job (KB)
...
006 (8414414.001.000) 08/10 07:13:12 Image size of job updated: 7500000
	16  -  MemoryUsage of job (MB)
	16128  -  ResidentSetSize of job (KB)
...
006 (8414414.001.000) 08/10 07:23:12 Image size of job updated: 7500000
	16  -  MemoryUsage of job (MB)
	16156  -  ResidentSetSize of job (KB)
...
006 (8414414.001.000) 08/10 07:33:14 Image size of job updated: 7500000
	16  -  MemoryUsage of job (MB)
	16172  -  ResidentSetSize of job (KB)
...
006 (8414414.001.000) 08/10 07:38:14 Image size of job updated: 7500000
	16  -  MemoryUsage of job (MB)
	16188  -  ResidentSetSize of job (KB)
...
006 (8414414.001.000) 08/10 07:48:15 Image size of job updated: 7500000
	16  -  MemoryUsage of job (MB)
	16200  -  ResidentSetSize of job (KB)
...
006 (8414414.001.000) 08/10 07:58:16 Image size of job updated: 7500000
	16  -  MemoryUsage of job (MB)
	16228  -  ResidentSetSize of job (KB)
...
006 (8414414.001.000) 08/10 08:08:17 Image size of job updated: 7500000
	16  -  MemoryUsage of job (MB)
	16244  -  ResidentSetSize of job (KB)
...
006 (8414414.001.000) 08/10 08:18:18 Image size of job updated: 7500000
	16  -  MemoryUsage of job (MB)
	16260  -  ResidentSetSize of job (KB)
...
006 (8414414.001.000) 08/10 08:28:19 Image size of job updated: 7500000
	16  -  MemoryUsage of job (MB)
	16272  -  ResidentSetSize of job (KB)
...
006 (8414414.001.000) 08/10 08:43:20 Image size of job updated: 7500000
	16  -  MemoryUsage of job (MB)
	16300  -  ResidentSetSize of job (KB)
...
006 (8414414.001.000) 08/10 08:58:22 Image size of job updated: 7500000
	16  -  MemoryUsage of job (MB)
	16316  -  ResidentSetSize of job (KB)
...
006 (8414414.001.000) 08/10 09:13:24 Image size of job updated: 7500000
	16  -  MemoryUsage of job (MB)
	16332  -  ResidentSetSize of job (KB)
...
006 (8414414.001.000) 08/10 09:23:24 Image size of job updated: 7500000
	16  -  MemoryUsage of job (MB)
	16344  -  ResidentSetSize of job (KB)
...
006 (8414414.001.000) 08/10 09:33:26 Image size of job updated: 7500000
	16  -  MemoryUsage of job (MB)
	16372  -  ResidentSetSize of job (KB)
...
006 (8414414.001.000) 08/10 09:48:27 Image size of job updated: 7500000
	17  -  MemoryUsage of job (MB)
	16388  -  ResidentSetSize of job (KB)
...
006 (8414414.001.000) 08/10 09:58:29 Image size of job updated: 7500000
	17  -  MemoryUsage of job (MB)
	16404  -  ResidentSetSize of job (KB)
...
006 (8414414.001.000) 08/10 10:13:30 Image size of job updated: 7500000
	17  -  MemoryUsage of job (MB)
	16416  -  ResidentSetSize of job (KB)
...
006 (8414414.001.000) 08/10 10:23:31 Image size of job updated: 7500000
	17  -  MemoryUsage of job (MB)
	16444  -  ResidentSetSize of job (KB)
...
006 (8414414.001.000) 08/10 10:38:33 Image size of job updated: 7500000
	17  -  MemoryUsage of job (MB)
	16460  -  ResidentSetSize of job (KB)
...
006 (8414414.001.000) 08/10 10:48:33 Image size of job updated: 7500000
	17  -  MemoryUsage of job (MB)
	16476  -  ResidentSetSize of job (KB)
...
006 (8414414.001.000) 08/10 11:03:35 Image size of job updated: 7500000
	17  -  MemoryUsage of job (MB)
	16488  -  ResidentSetSize of job (KB)
...
006 (8414414.001.000) 08/10 11:13:35 Image size of job updated: 7500000
	17  -  MemoryUsage of job (MB)
	16516  -  ResidentSetSize of job (KB)
...
006 (8414414.001.000) 08/10 11:28:37 Image size of job updated: 7500000
	17  -  MemoryUsage of job (MB)
	16532  -  ResidentSetSize of job (KB)
...
006 (8414414.001.000) 08/10 11:38:38 Image size of job updated: 7500000
	17  -  MemoryUsage of job (MB)
	16548  -  ResidentSetSize of job (KB)
...
006 (8414414.001.000) 08/10 11:48:39 Image size of job updated: 7500000
	17  -  MemoryUsage of job (MB)
	16560  -  ResidentSetSize of job (KB)
...
006 (8414414.001.000) 08/10 12:03:41 Image size of job updated: 7500000
	17  -  MemoryUsage of job (MB)
	16588  -  ResidentSetSize of job (KB)
...
006 (8414414.001.000) 08/10 12:13:42 Image size of job updated: 7500000
	17  -  MemoryUsage of job (MB)
	16604  -  ResidentSetSize of job (KB)
...
006 (8414414.001.000) 08/10 12:23:43 Image size of job updated: 7500000
	17  -  MemoryUsage of job (MB)
	16620  -  ResidentSetSize of job (KB)
...
006 (8414414.001.000) 08/10 12:38:45 Image size of job updated: 7500000
	17  -  MemoryUsage of job (MB)
	16632  -  ResidentSetSize of job (KB)
...
006 (8414414.001.000) 08/10 12:53:46 Image size of job updated: 7500000
	17  -  MemoryUsage of job (MB)
	16660  -  ResidentSetSize of job (KB)
...
006 (8414414.001.000) 08/10 13:03:47 Image size of job updated: 7500000
	17  -  MemoryUsage of job (MB)
	16676  -  ResidentSetSize of job (KB)
...
006 (8414414.001.000) 08/10 13:08:47 Image size of job updated: 7500000
	26  -  MemoryUsage of job (MB)
	25932  -  ResidentSetSize of job (KB)
...
006 (8414414.001.000) 08/10 13:18:49 Image size of job updated: 7500000
	28  -  MemoryUsage of job (MB)
	27992  -  ResidentSetSize of job (KB)
...
006 (8414414.001.000) 08/10 13:33:50 Image size of job updated: 7500000
	28  -  MemoryUsage of job (MB)
	28004  -  ResidentSetSize of job (KB)
...
006 (8414414.001.000) 08/10 13:48:51 Image size of job updated: 7500000
	28  -  MemoryUsage of job (MB)
	28032  -  ResidentSetSize of job (KB)
...
006 (8414414.001.000) 08/10 14:03:53 Image size of job updated: 7500000
	28  -  MemoryUsage of job (MB)
	28048  -  ResidentSetSize of job (KB)
...
006 (8414414.001.000) 08/10 14:08:53 Image size of job updated: 7500000
	28  -  MemoryUsage of job (MB)
	28064  -  ResidentSetSize of job (KB)
...
006 (8414414.001.000) 08/10 14:28:55 Image size of job updated: 7500000
	28  -  MemoryUsage of job (MB)
	28076  -  ResidentSetSize of job (KB)
...
006 (8414414.001.000) 08/10 14:43:57 Image size of job updated: 7500000
	28  -  MemoryUsage of job (MB)
	28104  -  ResidentSetSize of job (KB)
...
006 (8414414.001.000) 08/10 14:58:58 Image size of job updated: 7500000
	28  -  MemoryUsage of job (MB)
	28120  -  ResidentSetSize of job (KB)
...
006 (8414414.001.000) 08/10 15:13:59 Image size of job updated: 7500000
	28  -  MemoryUsage of job (MB)
	28136  -  ResidentSetSize of job (KB)
...
006 (8414414.001.000) 08/10 15:29:01 Image size of job updated: 7500000
	28  -  MemoryUsage of job (MB)
	28148  -  ResidentSetSize of job (KB)
...
006 (8414414.001.000) 08/10 15:44:03 Image size of job updated: 7500000
	28  -  MemoryUsage of job (MB)
	28176  -  ResidentSetSize of job (KB)
...
006 (8414414.001.000) 08/10 15:59:04 Image size of job updated: 7500000
	28  -  MemoryUsage of job (MB)
	28192  -  ResidentSetSize of job (KB)
...
006 (8414414.001.000) 08/10 16:14:05 Image size of job updated: 7500000
	28  -  MemoryUsage of job (MB)
	28208  -  ResidentSetSize of job (KB)
...
006 (8414414.001.000) 08/10 16:29:07 Image size of job updated: 7500000
	28  -  MemoryUsage of job (MB)
	28220  -  ResidentSetSize of job (KB)
...
006 (8414414.001.000) 08/10 16:44:09 Image size of job updated: 7500000
	28  -  MemoryUsage of job (MB)
	28248  -  ResidentSetSize of job (KB)
...
006 (8414414.001.000) 08/10 16:54:10 Image size of job updated: 7500000
	28  -  MemoryUsage of job (MB)
	28264  -  ResidentSetSize of job (KB)
...
006 (8414414.001.000) 08/10 17:04:12 Image size of job updated: 7500000
	56  -  MemoryUsage of job (MB)
	56540  -  ResidentSetSize of job (KB)
...
006 (8414414.001.000) 08/10 17:09:12 Image size of job updated: 7500000
	68  -  MemoryUsage of job (MB)
	69156  -  ResidentSetSize of job (KB)
...
006 (8414414.001.000) 08/10 17:24:13 Image size of job updated: 7500000
	70  -  MemoryUsage of job (MB)
	71184  -  ResidentSetSize of job (KB)
...
040 (8414414.001.000) 08/11 05:36:10 Entered queue to transfer output files
...
040 (8414414.001.000) 08/11 05:36:11 Started transferring output files
...
040 (8414414.001.000) 08/11 05:36:11 Finished transferring output files
...
005 (8414414.001.000) 08/11 05:36:11 Job terminated.
	(1) Normal termination (return value 1)
		Usr 2 23:35:30, Sys 0 00:14:36  -  Run Remote Usage
		Usr 0 00:00:00, Sys 0 00:00:00  -  Run Local Usage
		Usr 3 02:08:13, Sys 0 00:15:23  -  Total Remote Usage
		Usr 0 00:00:00, Sys 0 00:00:00  -  Total Local Usage
	374569  -  Run Bytes Sent By Job
	1379  -  Run Bytes Received By Job
	374569  -  Total Bytes Sent By Job
	2758  -  Total Bytes Received By Job
	Partitionable Resources :    Usage  Request Allocated 
	   Cpus                 :     1.00       16        16 
	   Disk (KB)            :   399         125   1665010 
	   Memory (MB)          :    70       32000     32000 

	Job terminated of its own accord at 2023-08-11T03:36:05Z.
...
