000 (8383301.005.000) 07/27 12:24:31 Job submitted from host: <137.138.156.150:9618?addrs=137.138.156.150-9618+[2001-1458-d00-14--9a]-9618&alias=bigbird13.cern.ch&noUDP&sock=schedd_6524_7ff5>
...
040 (8383301.005.000) 07/27 12:45:22 Started transferring input files
	Transferring to host: <128.142.60.18:9618?addrs=128.142.60.18-9618+[2001-1458-301-22--100-11]-9618&alias=b7s05p7905.cern.ch&noUDP&sock=slot1_5_48062_c6dc_115140>
...
001 (8383301.005.000) 07/27 12:45:22 Job executing on host: <128.142.60.18:9618?addrs=128.142.60.18-9618+[2001-1458-301-22--100-11]-9618&alias=b7s05p7905.cern.ch&noUDP&sock=startd_2801_d4dd>
...
040 (8383301.005.000) 07/27 12:45:22 Finished transferring input files
...
006 (8383301.005.000) 07/27 12:45:31 Image size of job updated: 7437988
	7  -  MemoryUsage of job (MB)
	6640  -  ResidentSetSize of job (KB)
...
006 (8383301.005.000) 07/27 12:50:32 Image size of job updated: 7437988
	7  -  MemoryUsage of job (MB)
	6752  -  ResidentSetSize of job (KB)
...
006 (8383301.005.000) 07/27 12:55:33 Image size of job updated: 7437988
	7  -  MemoryUsage of job (MB)
	6816  -  ResidentSetSize of job (KB)
...
006 (8383301.005.000) 07/27 13:00:33 Image size of job updated: 7437988
	7  -  MemoryUsage of job (MB)
	6880  -  ResidentSetSize of job (KB)
...
006 (8383301.005.000) 07/27 13:10:34 Image size of job updated: 7437988
	7  -  MemoryUsage of job (MB)
	6912  -  ResidentSetSize of job (KB)
...
006 (8383301.005.000) 07/27 13:20:35 Image size of job updated: 7437988
	7  -  MemoryUsage of job (MB)
	6928  -  ResidentSetSize of job (KB)
...
006 (8383301.005.000) 07/27 13:25:35 Image size of job updated: 7437988
	7  -  MemoryUsage of job (MB)
	6944  -  ResidentSetSize of job (KB)
...
006 (8383301.005.000) 07/27 13:30:36 Image size of job updated: 7437988
	7  -  MemoryUsage of job (MB)
	6976  -  ResidentSetSize of job (KB)
...
006 (8383301.005.000) 07/27 13:40:37 Image size of job updated: 7437988
	7  -  MemoryUsage of job (MB)
	7008  -  ResidentSetSize of job (KB)
...
006 (8383301.005.000) 07/27 13:45:37 Image size of job updated: 7437988
	7  -  MemoryUsage of job (MB)
	7024  -  ResidentSetSize of job (KB)
...
006 (8383301.005.000) 07/27 13:55:38 Image size of job updated: 7437988
	7  -  MemoryUsage of job (MB)
	7040  -  ResidentSetSize of job (KB)
...
006 (8383301.005.000) 07/27 14:00:38 Image size of job updated: 7437988
	7  -  MemoryUsage of job (MB)
	7072  -  ResidentSetSize of job (KB)
...
006 (8383301.005.000) 07/27 14:10:40 Image size of job updated: 7437988
	7  -  MemoryUsage of job (MB)
	7104  -  ResidentSetSize of job (KB)
...
006 (8383301.005.000) 07/27 14:15:40 Image size of job updated: 7437988
	7  -  MemoryUsage of job (MB)
	7120  -  ResidentSetSize of job (KB)
...
006 (8383301.005.000) 07/27 14:25:41 Image size of job updated: 7437988
	7  -  MemoryUsage of job (MB)
	7136  -  ResidentSetSize of job (KB)
...
006 (8383301.005.000) 07/27 14:30:41 Image size of job updated: 7437988
	7  -  MemoryUsage of job (MB)
	7168  -  ResidentSetSize of job (KB)
...
006 (8383301.005.000) 07/27 14:40:42 Image size of job updated: 7437988
	8  -  MemoryUsage of job (MB)
	7200  -  ResidentSetSize of job (KB)
...
006 (8383301.005.000) 07/27 14:45:43 Image size of job updated: 7437988
	8  -  MemoryUsage of job (MB)
	7216  -  ResidentSetSize of job (KB)
...
006 (8383301.005.000) 07/27 14:55:43 Image size of job updated: 7437988
	8  -  MemoryUsage of job (MB)
	7232  -  ResidentSetSize of job (KB)
...
006 (8383301.005.000) 07/27 15:00:44 Image size of job updated: 7437988
	8  -  MemoryUsage of job (MB)
	7264  -  ResidentSetSize of job (KB)
...
006 (8383301.005.000) 07/27 15:05:44 Image size of job updated: 7437988
	8  -  MemoryUsage of job (MB)
	7296  -  ResidentSetSize of job (KB)
...
006 (8383301.005.000) 07/27 15:15:45 Image size of job updated: 7437988
	8  -  MemoryUsage of job (MB)
	7312  -  ResidentSetSize of job (KB)
...
006 (8383301.005.000) 07/27 15:20:46 Image size of job updated: 7437988
	8  -  MemoryUsage of job (MB)
	7328  -  ResidentSetSize of job (KB)
...
006 (8383301.005.000) 07/27 15:30:46 Image size of job updated: 7437988
	8  -  MemoryUsage of job (MB)
	7360  -  ResidentSetSize of job (KB)
...
006 (8383301.005.000) 07/27 15:35:47 Image size of job updated: 7437988
	8  -  MemoryUsage of job (MB)
	7392  -  ResidentSetSize of job (KB)
...
006 (8383301.005.000) 07/27 15:45:47 Image size of job updated: 7437988
	8  -  MemoryUsage of job (MB)
	7408  -  ResidentSetSize of job (KB)
...
006 (8383301.005.000) 07/27 15:50:48 Image size of job updated: 7437988
	8  -  MemoryUsage of job (MB)
	7424  -  ResidentSetSize of job (KB)
...
006 (8383301.005.000) 07/27 15:55:49 Image size of job updated: 7437988
	8  -  MemoryUsage of job (MB)
	7456  -  ResidentSetSize of job (KB)
...
006 (8383301.005.000) 07/27 16:05:49 Image size of job updated: 7437988
	8  -  MemoryUsage of job (MB)
	7488  -  ResidentSetSize of job (KB)
...
006 (8383301.005.000) 07/27 16:10:50 Image size of job updated: 7437988
	8  -  MemoryUsage of job (MB)
	7504  -  ResidentSetSize of job (KB)
...
006 (8383301.005.000) 07/27 16:15:51 Image size of job updated: 7437988
	8  -  MemoryUsage of job (MB)
	7520  -  ResidentSetSize of job (KB)
...
006 (8383301.005.000) 07/27 16:25:51 Image size of job updated: 7437988
	8  -  MemoryUsage of job (MB)
	7552  -  ResidentSetSize of job (KB)
...
006 (8383301.005.000) 07/27 16:30:52 Image size of job updated: 7437988
	8  -  MemoryUsage of job (MB)
	7584  -  ResidentSetSize of job (KB)
...
006 (8383301.005.000) 07/27 16:40:53 Image size of job updated: 7437988
	8  -  MemoryUsage of job (MB)
	7600  -  ResidentSetSize of job (KB)
...
006 (8383301.005.000) 07/27 16:45:54 Image size of job updated: 7437988
	8  -  MemoryUsage of job (MB)
	7616  -  ResidentSetSize of job (KB)
...
006 (8383301.005.000) 07/27 16:50:55 Image size of job updated: 7437988
	8  -  MemoryUsage of job (MB)
	7648  -  ResidentSetSize of job (KB)
...
006 (8383301.005.000) 07/27 17:00:55 Image size of job updated: 7437988
	8  -  MemoryUsage of job (MB)
	7680  -  ResidentSetSize of job (KB)
...
006 (8383301.005.000) 07/27 17:05:56 Image size of job updated: 7437988
	8  -  MemoryUsage of job (MB)
	7696  -  ResidentSetSize of job (KB)
...
006 (8383301.005.000) 07/27 17:15:57 Image size of job updated: 7437988
	8  -  MemoryUsage of job (MB)
	7712  -  ResidentSetSize of job (KB)
...
006 (8383301.005.000) 07/27 17:20:57 Image size of job updated: 7437988
	8  -  MemoryUsage of job (MB)
	7744  -  ResidentSetSize of job (KB)
...
006 (8383301.005.000) 07/27 17:25:59 Image size of job updated: 7437988
	8  -  MemoryUsage of job (MB)
	7776  -  ResidentSetSize of job (KB)
...
006 (8383301.005.000) 07/27 17:35:59 Image size of job updated: 7437988
	8  -  MemoryUsage of job (MB)
	7792  -  ResidentSetSize of job (KB)
...
006 (8383301.005.000) 07/27 17:46:01 Image size of job updated: 7437988
	8  -  MemoryUsage of job (MB)
	7808  -  ResidentSetSize of job (KB)
...
006 (8383301.005.000) 07/27 17:56:01 Image size of job updated: 7437988
	8  -  MemoryUsage of job (MB)
	7840  -  ResidentSetSize of job (KB)
...
006 (8383301.005.000) 07/27 18:06:03 Image size of job updated: 7437988
	8  -  MemoryUsage of job (MB)
	7872  -  ResidentSetSize of job (KB)
...
006 (8383301.005.000) 07/27 18:16:04 Image size of job updated: 7437988
	8  -  MemoryUsage of job (MB)
	7888  -  ResidentSetSize of job (KB)
...
006 (8383301.005.000) 07/27 18:26:05 Image size of job updated: 7437988
	8  -  MemoryUsage of job (MB)
	7904  -  ResidentSetSize of job (KB)
...
006 (8383301.005.000) 07/27 18:36:06 Image size of job updated: 7437988
	8  -  MemoryUsage of job (MB)
	7936  -  ResidentSetSize of job (KB)
...
006 (8383301.005.000) 07/27 18:46:07 Image size of job updated: 7437988
	8  -  MemoryUsage of job (MB)
	7968  -  ResidentSetSize of job (KB)
...
006 (8383301.005.000) 07/27 18:56:09 Image size of job updated: 7437988
	8  -  MemoryUsage of job (MB)
	7984  -  ResidentSetSize of job (KB)
...
006 (8383301.005.000) 07/27 19:06:09 Image size of job updated: 7437988
	8  -  MemoryUsage of job (MB)
	8000  -  ResidentSetSize of job (KB)
...
006 (8383301.005.000) 07/27 19:16:10 Image size of job updated: 7437988
	8  -  MemoryUsage of job (MB)
	8032  -  ResidentSetSize of job (KB)
...
006 (8383301.005.000) 07/27 19:26:11 Image size of job updated: 7437988
	8  -  MemoryUsage of job (MB)
	8064  -  ResidentSetSize of job (KB)
...
006 (8383301.005.000) 07/27 19:36:12 Image size of job updated: 7437988
	8  -  MemoryUsage of job (MB)
	8080  -  ResidentSetSize of job (KB)
...
006 (8383301.005.000) 07/27 19:46:13 Image size of job updated: 7437988
	8  -  MemoryUsage of job (MB)
	8096  -  ResidentSetSize of job (KB)
...
006 (8383301.005.000) 07/27 19:56:13 Image size of job updated: 7437988
	8  -  MemoryUsage of job (MB)
	8128  -  ResidentSetSize of job (KB)
...
006 (8383301.005.000) 07/27 20:11:15 Image size of job updated: 7437988
	8  -  MemoryUsage of job (MB)
	8160  -  ResidentSetSize of job (KB)
...
006 (8383301.005.000) 07/27 20:21:16 Image size of job updated: 7437988
	8  -  MemoryUsage of job (MB)
	8176  -  ResidentSetSize of job (KB)
...
006 (8383301.005.000) 07/27 20:31:17 Image size of job updated: 7437988
	8  -  MemoryUsage of job (MB)
	8192  -  ResidentSetSize of job (KB)
...
006 (8383301.005.000) 07/27 20:46:18 Image size of job updated: 7437988
	9  -  MemoryUsage of job (MB)
	8224  -  ResidentSetSize of job (KB)
...
006 (8383301.005.000) 07/27 21:01:20 Image size of job updated: 7437988
	9  -  MemoryUsage of job (MB)
	8256  -  ResidentSetSize of job (KB)
...
006 (8383301.005.000) 07/27 21:11:20 Image size of job updated: 7437988
	9  -  MemoryUsage of job (MB)
	8272  -  ResidentSetSize of job (KB)
...
006 (8383301.005.000) 07/27 21:21:21 Image size of job updated: 7437988
	9  -  MemoryUsage of job (MB)
	8288  -  ResidentSetSize of job (KB)
...
006 (8383301.005.000) 07/27 21:36:23 Image size of job updated: 7437988
	9  -  MemoryUsage of job (MB)
	8320  -  ResidentSetSize of job (KB)
...
006 (8383301.005.000) 07/27 21:46:23 Image size of job updated: 7437988
	9  -  MemoryUsage of job (MB)
	8352  -  ResidentSetSize of job (KB)
...
006 (8383301.005.000) 07/27 22:01:24 Image size of job updated: 7437988
	9  -  MemoryUsage of job (MB)
	8368  -  ResidentSetSize of job (KB)
...
006 (8383301.005.000) 07/27 22:11:26 Image size of job updated: 7437988
	9  -  MemoryUsage of job (MB)
	8384  -  ResidentSetSize of job (KB)
...
006 (8383301.005.000) 07/27 22:26:27 Image size of job updated: 7437988
	9  -  MemoryUsage of job (MB)
	8416  -  ResidentSetSize of job (KB)
...
006 (8383301.005.000) 07/27 22:36:27 Image size of job updated: 7437988
	9  -  MemoryUsage of job (MB)
	8448  -  ResidentSetSize of job (KB)
...
006 (8383301.005.000) 07/27 22:46:29 Image size of job updated: 7437988
	9  -  MemoryUsage of job (MB)
	8464  -  ResidentSetSize of job (KB)
...
006 (8383301.005.000) 07/27 22:56:29 Image size of job updated: 7437988
	9  -  MemoryUsage of job (MB)
	8480  -  ResidentSetSize of job (KB)
...
006 (8383301.005.000) 07/27 23:06:30 Image size of job updated: 7437988
	9  -  MemoryUsage of job (MB)
	8512  -  ResidentSetSize of job (KB)
...
006 (8383301.005.000) 07/27 23:21:32 Image size of job updated: 7437988
	9  -  MemoryUsage of job (MB)
	8544  -  ResidentSetSize of job (KB)
...
006 (8383301.005.000) 07/27 23:31:32 Image size of job updated: 7437988
	9  -  MemoryUsage of job (MB)
	8560  -  ResidentSetSize of job (KB)
...
006 (8383301.005.000) 07/27 23:41:34 Image size of job updated: 7437988
	9  -  MemoryUsage of job (MB)
	8576  -  ResidentSetSize of job (KB)
...
006 (8383301.005.000) 07/27 23:51:35 Image size of job updated: 7437988
	9  -  MemoryUsage of job (MB)
	8608  -  ResidentSetSize of job (KB)
...
006 (8383301.005.000) 07/28 00:01:36 Image size of job updated: 7437988
	9  -  MemoryUsage of job (MB)
	8640  -  ResidentSetSize of job (KB)
...
006 (8383301.005.000) 07/28 00:16:38 Image size of job updated: 7437988
	9  -  MemoryUsage of job (MB)
	8656  -  ResidentSetSize of job (KB)
...
006 (8383301.005.000) 07/28 00:26:39 Image size of job updated: 7437988
	9  -  MemoryUsage of job (MB)
	8672  -  ResidentSetSize of job (KB)
...
006 (8383301.005.000) 07/28 00:36:40 Image size of job updated: 7437988
	9  -  MemoryUsage of job (MB)
	8704  -  ResidentSetSize of job (KB)
...
006 (8383301.005.000) 07/28 00:46:41 Image size of job updated: 7437988
	9  -  MemoryUsage of job (MB)
	8736  -  ResidentSetSize of job (KB)
...
006 (8383301.005.000) 07/28 00:56:42 Image size of job updated: 7437988
	9  -  MemoryUsage of job (MB)
	8752  -  ResidentSetSize of job (KB)
...
006 (8383301.005.000) 07/28 01:06:43 Image size of job updated: 7437988
	9  -  MemoryUsage of job (MB)
	8768  -  ResidentSetSize of job (KB)
...
006 (8383301.005.000) 07/28 01:21:45 Image size of job updated: 7437988
	9  -  MemoryUsage of job (MB)
	8800  -  ResidentSetSize of job (KB)
...
006 (8383301.005.000) 07/28 01:31:46 Image size of job updated: 7437988
	9  -  MemoryUsage of job (MB)
	8832  -  ResidentSetSize of job (KB)
...
006 (8383301.005.000) 07/28 01:46:48 Image size of job updated: 7437988
	9  -  MemoryUsage of job (MB)
	8848  -  ResidentSetSize of job (KB)
...
006 (8383301.005.000) 07/28 02:01:50 Image size of job updated: 7437988
	9  -  MemoryUsage of job (MB)
	8864  -  ResidentSetSize of job (KB)
...
006 (8383301.005.000) 07/28 02:16:51 Image size of job updated: 7437988
	9  -  MemoryUsage of job (MB)
	8896  -  ResidentSetSize of job (KB)
...
006 (8383301.005.000) 07/28 02:31:52 Image size of job updated: 7437988
	9  -  MemoryUsage of job (MB)
	8928  -  ResidentSetSize of job (KB)
...
006 (8383301.005.000) 07/28 02:41:54 Image size of job updated: 7437988
	9  -  MemoryUsage of job (MB)
	8944  -  ResidentSetSize of job (KB)
...
006 (8383301.005.000) 07/28 02:56:56 Image size of job updated: 7437988
	9  -  MemoryUsage of job (MB)
	8960  -  ResidentSetSize of job (KB)
...
006 (8383301.005.000) 07/28 03:11:57 Image size of job updated: 7437988
	9  -  MemoryUsage of job (MB)
	8992  -  ResidentSetSize of job (KB)
...
006 (8383301.005.000) 07/28 03:26:58 Image size of job updated: 7437988
	9  -  MemoryUsage of job (MB)
	9024  -  ResidentSetSize of job (KB)
...
006 (8383301.005.000) 07/28 03:36:59 Image size of job updated: 7437988
	9  -  MemoryUsage of job (MB)
	9040  -  ResidentSetSize of job (KB)
...
006 (8383301.005.000) 07/28 03:52:01 Image size of job updated: 7437988
	9  -  MemoryUsage of job (MB)
	9056  -  ResidentSetSize of job (KB)
...
006 (8383301.005.000) 07/28 04:02:01 Image size of job updated: 7437988
	9  -  MemoryUsage of job (MB)
	9088  -  ResidentSetSize of job (KB)
...
006 (8383301.005.000) 07/28 04:12:02 Image size of job updated: 7437988
	9  -  MemoryUsage of job (MB)
	9120  -  ResidentSetSize of job (KB)
...
006 (8383301.005.000) 07/28 04:27:04 Image size of job updated: 7437988
	9  -  MemoryUsage of job (MB)
	9136  -  ResidentSetSize of job (KB)
...
006 (8383301.005.000) 07/28 04:37:04 Image size of job updated: 7437988
	9  -  MemoryUsage of job (MB)
	9152  -  ResidentSetSize of job (KB)
...
006 (8383301.005.000) 07/28 04:52:05 Image size of job updated: 7437988
	9  -  MemoryUsage of job (MB)
	9184  -  ResidentSetSize of job (KB)
...
006 (8383301.005.000) 07/28 05:02:07 Image size of job updated: 7437988
	9  -  MemoryUsage of job (MB)
	9216  -  ResidentSetSize of job (KB)
...
006 (8383301.005.000) 07/28 05:17:09 Image size of job updated: 7437988
	10  -  MemoryUsage of job (MB)
	9232  -  ResidentSetSize of job (KB)
...
006 (8383301.005.000) 07/28 05:27:09 Image size of job updated: 7437988
	10  -  MemoryUsage of job (MB)
	9248  -  ResidentSetSize of job (KB)
...
006 (8383301.005.000) 07/28 05:42:11 Image size of job updated: 7437988
	10  -  MemoryUsage of job (MB)
	9280  -  ResidentSetSize of job (KB)
...
006 (8383301.005.000) 07/28 05:52:13 Image size of job updated: 7437988
	10  -  MemoryUsage of job (MB)
	9312  -  ResidentSetSize of job (KB)
...
006 (8383301.005.000) 07/28 06:02:13 Image size of job updated: 7437988
	10  -  MemoryUsage of job (MB)
	9328  -  ResidentSetSize of job (KB)
...
006 (8383301.005.000) 07/28 06:12:15 Image size of job updated: 7437988
	10  -  MemoryUsage of job (MB)
	9344  -  ResidentSetSize of job (KB)
...
006 (8383301.005.000) 07/28 06:22:15 Image size of job updated: 7437988
	10  -  MemoryUsage of job (MB)
	9376  -  ResidentSetSize of job (KB)
...
006 (8383301.005.000) 07/28 06:37:16 Image size of job updated: 7437988
	10  -  MemoryUsage of job (MB)
	9408  -  ResidentSetSize of job (KB)
...
006 (8383301.005.000) 07/28 06:47:18 Image size of job updated: 7437988
	10  -  MemoryUsage of job (MB)
	9424  -  ResidentSetSize of job (KB)
...
006 (8383301.005.000) 07/28 06:57:18 Image size of job updated: 7437988
	10  -  MemoryUsage of job (MB)
	9440  -  ResidentSetSize of job (KB)
...
006 (8383301.005.000) 07/28 07:07:20 Image size of job updated: 7437988
	10  -  MemoryUsage of job (MB)
	9472  -  ResidentSetSize of job (KB)
...
006 (8383301.005.000) 07/28 07:22:22 Image size of job updated: 7437988
	10  -  MemoryUsage of job (MB)
	9504  -  ResidentSetSize of job (KB)
...
006 (8383301.005.000) 07/28 07:27:22 Image size of job updated: 7437988
	10  -  MemoryUsage of job (MB)
	9520  -  ResidentSetSize of job (KB)
...
006 (8383301.005.000) 07/28 07:42:24 Image size of job updated: 7437988
	10  -  MemoryUsage of job (MB)
	9536  -  ResidentSetSize of job (KB)
...
006 (8383301.005.000) 07/28 07:52:25 Image size of job updated: 7437988
	10  -  MemoryUsage of job (MB)
	9568  -  ResidentSetSize of job (KB)
...
006 (8383301.005.000) 07/28 08:02:26 Image size of job updated: 7437988
	10  -  MemoryUsage of job (MB)
	9600  -  ResidentSetSize of job (KB)
...
006 (8383301.005.000) 07/28 08:12:27 Image size of job updated: 7437988
	10  -  MemoryUsage of job (MB)
	9616  -  ResidentSetSize of job (KB)
...
006 (8383301.005.000) 07/28 08:27:28 Image size of job updated: 7437988
	10  -  MemoryUsage of job (MB)
	9632  -  ResidentSetSize of job (KB)
...
006 (8383301.005.000) 07/28 08:42:29 Image size of job updated: 7437988
	10  -  MemoryUsage of job (MB)
	9664  -  ResidentSetSize of job (KB)
...
006 (8383301.005.000) 07/28 08:52:30 Image size of job updated: 7437988
	10  -  MemoryUsage of job (MB)
	9696  -  ResidentSetSize of job (KB)
...
006 (8383301.005.000) 07/28 09:07:32 Image size of job updated: 7437988
	10  -  MemoryUsage of job (MB)
	9712  -  ResidentSetSize of job (KB)
...
006 (8383301.005.000) 07/28 09:17:32 Image size of job updated: 7437988
	10  -  MemoryUsage of job (MB)
	9728  -  ResidentSetSize of job (KB)
...
006 (8383301.005.000) 07/28 09:32:33 Image size of job updated: 7437988
	10  -  MemoryUsage of job (MB)
	9760  -  ResidentSetSize of job (KB)
...
006 (8383301.005.000) 07/28 09:47:35 Image size of job updated: 7437988
	10  -  MemoryUsage of job (MB)
	9792  -  ResidentSetSize of job (KB)
...
006 (8383301.005.000) 07/28 10:02:37 Image size of job updated: 7437988
	10  -  MemoryUsage of job (MB)
	9808  -  ResidentSetSize of job (KB)
...
006 (8383301.005.000) 07/28 10:17:38 Image size of job updated: 7437988
	10  -  MemoryUsage of job (MB)
	9824  -  ResidentSetSize of job (KB)
...
006 (8383301.005.000) 07/28 10:32:40 Image size of job updated: 7437988
	10  -  MemoryUsage of job (MB)
	9856  -  ResidentSetSize of job (KB)
...
006 (8383301.005.000) 07/28 10:47:42 Image size of job updated: 7437988
	10  -  MemoryUsage of job (MB)
	9888  -  ResidentSetSize of job (KB)
...
006 (8383301.005.000) 07/28 11:02:44 Image size of job updated: 7437988
	10  -  MemoryUsage of job (MB)
	9904  -  ResidentSetSize of job (KB)
...
006 (8383301.005.000) 07/28 11:27:45 Image size of job updated: 7437988
	10  -  MemoryUsage of job (MB)
	9920  -  ResidentSetSize of job (KB)
...
006 (8383301.005.000) 07/28 11:47:47 Image size of job updated: 7437988
	10  -  MemoryUsage of job (MB)
	9952  -  ResidentSetSize of job (KB)
...
006 (8383301.005.000) 07/28 12:07:49 Image size of job updated: 7437988
	10  -  MemoryUsage of job (MB)
	9984  -  ResidentSetSize of job (KB)
...
006 (8383301.005.000) 07/28 12:27:51 Image size of job updated: 7437988
	10  -  MemoryUsage of job (MB)
	10000  -  ResidentSetSize of job (KB)
...
006 (8383301.005.000) 07/28 12:47:54 Image size of job updated: 7437988
	10  -  MemoryUsage of job (MB)
	10016  -  ResidentSetSize of job (KB)
...
006 (8383301.005.000) 07/28 13:02:56 Image size of job updated: 7437988
	10  -  MemoryUsage of job (MB)
	10048  -  ResidentSetSize of job (KB)
...
006 (8383301.005.000) 07/28 13:22:58 Image size of job updated: 7437988
	10  -  MemoryUsage of job (MB)
	10080  -  ResidentSetSize of job (KB)
...
006 (8383301.005.000) 07/28 13:42:59 Image size of job updated: 7437988
	10  -  MemoryUsage of job (MB)
	10096  -  ResidentSetSize of job (KB)
...
006 (8383301.005.000) 07/28 13:58:00 Image size of job updated: 7437988
	10  -  MemoryUsage of job (MB)
	10112  -  ResidentSetSize of job (KB)
...
006 (8383301.005.000) 07/28 14:23:03 Image size of job updated: 7437988
	10  -  MemoryUsage of job (MB)
	10144  -  ResidentSetSize of job (KB)
...
006 (8383301.005.000) 07/28 14:43:06 Image size of job updated: 7437988
	10  -  MemoryUsage of job (MB)
	10176  -  ResidentSetSize of job (KB)
...
006 (8383301.005.000) 07/28 14:58:08 Image size of job updated: 7437988
	10  -  MemoryUsage of job (MB)
	10192  -  ResidentSetSize of job (KB)
...
006 (8383301.005.000) 07/28 15:13:09 Image size of job updated: 7437988
	10  -  MemoryUsage of job (MB)
	10208  -  ResidentSetSize of job (KB)
...
006 (8383301.005.000) 07/28 15:28:10 Image size of job updated: 7437988
	10  -  MemoryUsage of job (MB)
	10240  -  ResidentSetSize of job (KB)
...
006 (8383301.005.000) 07/28 15:48:12 Image size of job updated: 7437988
	11  -  MemoryUsage of job (MB)
	10272  -  ResidentSetSize of job (KB)
...
006 (8383301.005.000) 07/28 16:03:14 Image size of job updated: 7437988
	11  -  MemoryUsage of job (MB)
	10288  -  ResidentSetSize of job (KB)
...
006 (8383301.005.000) 07/28 16:18:16 Image size of job updated: 7437988
	11  -  MemoryUsage of job (MB)
	10304  -  ResidentSetSize of job (KB)
...
006 (8383301.005.000) 07/28 16:38:18 Image size of job updated: 7437988
	11  -  MemoryUsage of job (MB)
	10336  -  ResidentSetSize of job (KB)
...
006 (8383301.005.000) 07/28 16:53:20 Image size of job updated: 7437988
	11  -  MemoryUsage of job (MB)
	10368  -  ResidentSetSize of job (KB)
...
006 (8383301.005.000) 07/28 17:08:22 Image size of job updated: 7437988
	11  -  MemoryUsage of job (MB)
	10384  -  ResidentSetSize of job (KB)
...
006 (8383301.005.000) 07/28 17:18:24 Image size of job updated: 7437988
	11  -  MemoryUsage of job (MB)
	10400  -  ResidentSetSize of job (KB)
...
006 (8383301.005.000) 07/28 17:33:26 Image size of job updated: 7437988
	11  -  MemoryUsage of job (MB)
	10432  -  ResidentSetSize of job (KB)
...
006 (8383301.005.000) 07/28 17:43:26 Image size of job updated: 7437988
	11  -  MemoryUsage of job (MB)
	10464  -  ResidentSetSize of job (KB)
...
006 (8383301.005.000) 07/28 17:58:27 Image size of job updated: 7437988
	11  -  MemoryUsage of job (MB)
	10480  -  ResidentSetSize of job (KB)
...
006 (8383301.005.000) 07/28 18:13:28 Image size of job updated: 7437988
	11  -  MemoryUsage of job (MB)
	10496  -  ResidentSetSize of job (KB)
...
006 (8383301.005.000) 07/28 18:23:30 Image size of job updated: 7437988
	11  -  MemoryUsage of job (MB)
	10528  -  ResidentSetSize of job (KB)
...
006 (8383301.005.000) 07/28 18:43:32 Image size of job updated: 7437988
	11  -  MemoryUsage of job (MB)
	10560  -  ResidentSetSize of job (KB)
...
006 (8383301.005.000) 07/28 18:58:34 Image size of job updated: 7437988
	11  -  MemoryUsage of job (MB)
	10576  -  ResidentSetSize of job (KB)
...
006 (8383301.005.000) 07/28 19:08:36 Image size of job updated: 7437988
	11  -  MemoryUsage of job (MB)
	10592  -  ResidentSetSize of job (KB)
...
006 (8383301.005.000) 07/28 19:23:37 Image size of job updated: 7437988
	11  -  MemoryUsage of job (MB)
	10624  -  ResidentSetSize of job (KB)
...
006 (8383301.005.000) 07/28 19:38:38 Image size of job updated: 7437988
	11  -  MemoryUsage of job (MB)
	10656  -  ResidentSetSize of job (KB)
...
006 (8383301.005.000) 07/28 19:53:40 Image size of job updated: 7437988
	11  -  MemoryUsage of job (MB)
	10672  -  ResidentSetSize of job (KB)
...
006 (8383301.005.000) 07/28 20:08:41 Image size of job updated: 7437988
	11  -  MemoryUsage of job (MB)
	10688  -  ResidentSetSize of job (KB)
...
006 (8383301.005.000) 07/28 20:23:42 Image size of job updated: 7437988
	11  -  MemoryUsage of job (MB)
	10720  -  ResidentSetSize of job (KB)
...
006 (8383301.005.000) 07/28 20:38:44 Image size of job updated: 7437988
	11  -  MemoryUsage of job (MB)
	10752  -  ResidentSetSize of job (KB)
...
006 (8383301.005.000) 07/28 20:48:45 Image size of job updated: 7437988
	11  -  MemoryUsage of job (MB)
	10768  -  ResidentSetSize of job (KB)
...
006 (8383301.005.000) 07/28 21:03:47 Image size of job updated: 7437988
	11  -  MemoryUsage of job (MB)
	10784  -  ResidentSetSize of job (KB)
...
006 (8383301.005.000) 07/28 21:18:48 Image size of job updated: 7437988
	11  -  MemoryUsage of job (MB)
	10816  -  ResidentSetSize of job (KB)
...
006 (8383301.005.000) 07/28 21:28:49 Image size of job updated: 7437988
	11  -  MemoryUsage of job (MB)
	10848  -  ResidentSetSize of job (KB)
...
006 (8383301.005.000) 07/28 21:43:51 Image size of job updated: 7437988
	11  -  MemoryUsage of job (MB)
	10864  -  ResidentSetSize of job (KB)
...
006 (8383301.005.000) 07/28 21:58:53 Image size of job updated: 7437988
	11  -  MemoryUsage of job (MB)
	10880  -  ResidentSetSize of job (KB)
...
006 (8383301.005.000) 07/28 22:08:54 Image size of job updated: 7437988
	11  -  MemoryUsage of job (MB)
	10912  -  ResidentSetSize of job (KB)
...
006 (8383301.005.000) 07/28 22:23:56 Image size of job updated: 7437988
	11  -  MemoryUsage of job (MB)
	10944  -  ResidentSetSize of job (KB)
...
006 (8383301.005.000) 07/28 22:38:57 Image size of job updated: 7437988
	11  -  MemoryUsage of job (MB)
	10960  -  ResidentSetSize of job (KB)
...
006 (8383301.005.000) 07/28 22:53:58 Image size of job updated: 7437988
	11  -  MemoryUsage of job (MB)
	10976  -  ResidentSetSize of job (KB)
...
006 (8383301.005.000) 07/28 23:03:59 Image size of job updated: 7437988
	11  -  MemoryUsage of job (MB)
	11008  -  ResidentSetSize of job (KB)
...
006 (8383301.005.000) 07/28 23:19:01 Image size of job updated: 7437988
	11  -  MemoryUsage of job (MB)
	11040  -  ResidentSetSize of job (KB)
...
006 (8383301.005.000) 07/28 23:29:02 Image size of job updated: 7437988
	11  -  MemoryUsage of job (MB)
	11056  -  ResidentSetSize of job (KB)
...
006 (8383301.005.000) 07/28 23:39:02 Image size of job updated: 7437988
	11  -  MemoryUsage of job (MB)
	11072  -  ResidentSetSize of job (KB)
...
006 (8383301.005.000) 07/28 23:54:03 Image size of job updated: 7437988
	11  -  MemoryUsage of job (MB)
	11104  -  ResidentSetSize of job (KB)
...
006 (8383301.005.000) 07/29 00:09:05 Image size of job updated: 7437988
	11  -  MemoryUsage of job (MB)
	11136  -  ResidentSetSize of job (KB)
...
006 (8383301.005.000) 07/29 00:24:07 Image size of job updated: 7437988
	11  -  MemoryUsage of job (MB)
	11152  -  ResidentSetSize of job (KB)
...
006 (8383301.005.000) 07/29 00:34:08 Image size of job updated: 7437988
	11  -  MemoryUsage of job (MB)
	11168  -  ResidentSetSize of job (KB)
...
006 (8383301.005.000) 07/29 00:44:08 Image size of job updated: 7437988
	11  -  MemoryUsage of job (MB)
	11200  -  ResidentSetSize of job (KB)
...
006 (8383301.005.000) 07/29 00:54:10 Image size of job updated: 7437988
	11  -  MemoryUsage of job (MB)
	11232  -  ResidentSetSize of job (KB)
...
006 (8383301.005.000) 07/29 01:09:12 Image size of job updated: 7437988
	11  -  MemoryUsage of job (MB)
	11248  -  ResidentSetSize of job (KB)
...
006 (8383301.005.000) 07/29 01:24:13 Image size of job updated: 7437988
	11  -  MemoryUsage of job (MB)
	11264  -  ResidentSetSize of job (KB)
...
006 (8383301.005.000) 07/29 01:34:14 Image size of job updated: 7437988
	12  -  MemoryUsage of job (MB)
	11296  -  ResidentSetSize of job (KB)
...
006 (8383301.005.000) 07/29 01:44:16 Image size of job updated: 7437988
	12  -  MemoryUsage of job (MB)
	11328  -  ResidentSetSize of job (KB)
...
006 (8383301.005.000) 07/29 01:59:17 Image size of job updated: 7437988
	12  -  MemoryUsage of job (MB)
	11344  -  ResidentSetSize of job (KB)
...
006 (8383301.005.000) 07/29 02:14:19 Image size of job updated: 7437988
	12  -  MemoryUsage of job (MB)
	11360  -  ResidentSetSize of job (KB)
...
006 (8383301.005.000) 07/29 02:24:20 Image size of job updated: 7437988
	12  -  MemoryUsage of job (MB)
	11392  -  ResidentSetSize of job (KB)
...
006 (8383301.005.000) 07/29 02:34:21 Image size of job updated: 7437988
	12  -  MemoryUsage of job (MB)
	11424  -  ResidentSetSize of job (KB)
...
006 (8383301.005.000) 07/29 02:49:22 Image size of job updated: 7437988
	12  -  MemoryUsage of job (MB)
	11440  -  ResidentSetSize of job (KB)
...
006 (8383301.005.000) 07/29 02:59:23 Image size of job updated: 7437988
	12  -  MemoryUsage of job (MB)
	11456  -  ResidentSetSize of job (KB)
...
006 (8383301.005.000) 07/29 03:09:24 Image size of job updated: 7437988
	12  -  MemoryUsage of job (MB)
	11488  -  ResidentSetSize of job (KB)
...
006 (8383301.005.000) 07/29 03:24:25 Image size of job updated: 7437988
	12  -  MemoryUsage of job (MB)
	11520  -  ResidentSetSize of job (KB)
...
006 (8383301.005.000) 07/29 03:39:26 Image size of job updated: 7437988
	12  -  MemoryUsage of job (MB)
	11536  -  ResidentSetSize of job (KB)
...
006 (8383301.005.000) 07/29 03:54:28 Image size of job updated: 7437988
	12  -  MemoryUsage of job (MB)
	11552  -  ResidentSetSize of job (KB)
...
006 (8383301.005.000) 07/29 04:04:30 Image size of job updated: 7437988
	12  -  MemoryUsage of job (MB)
	11584  -  ResidentSetSize of job (KB)
...
006 (8383301.005.000) 07/29 04:19:32 Image size of job updated: 7437988
	12  -  MemoryUsage of job (MB)
	11616  -  ResidentSetSize of job (KB)
...
006 (8383301.005.000) 07/29 04:29:32 Image size of job updated: 7437988
	12  -  MemoryUsage of job (MB)
	11632  -  ResidentSetSize of job (KB)
...
006 (8383301.005.000) 07/29 04:39:34 Image size of job updated: 7437988
	12  -  MemoryUsage of job (MB)
	11648  -  ResidentSetSize of job (KB)
...
006 (8383301.005.000) 07/29 04:49:35 Image size of job updated: 7437988
	12  -  MemoryUsage of job (MB)
	11680  -  ResidentSetSize of job (KB)
...
006 (8383301.005.000) 07/29 05:04:36 Image size of job updated: 7437988
	12  -  MemoryUsage of job (MB)
	11712  -  ResidentSetSize of job (KB)
...
006 (8383301.005.000) 07/29 05:19:37 Image size of job updated: 7437988
	12  -  MemoryUsage of job (MB)
	11728  -  ResidentSetSize of job (KB)
...
006 (8383301.005.000) 07/29 05:29:39 Image size of job updated: 7437988
	12  -  MemoryUsage of job (MB)
	11744  -  ResidentSetSize of job (KB)
...
006 (8383301.005.000) 07/29 05:39:40 Image size of job updated: 7437988
	12  -  MemoryUsage of job (MB)
	11776  -  ResidentSetSize of job (KB)
...
006 (8383301.005.000) 07/29 05:54:41 Image size of job updated: 7437988
	12  -  MemoryUsage of job (MB)
	11808  -  ResidentSetSize of job (KB)
...
006 (8383301.005.000) 07/29 06:04:42 Image size of job updated: 7437988
	12  -  MemoryUsage of job (MB)
	11824  -  ResidentSetSize of job (KB)
...
006 (8383301.005.000) 07/29 06:19:44 Image size of job updated: 7437988
	12  -  MemoryUsage of job (MB)
	11840  -  ResidentSetSize of job (KB)
...
006 (8383301.005.000) 07/29 06:29:45 Image size of job updated: 7437988
	12  -  MemoryUsage of job (MB)
	11872  -  ResidentSetSize of job (KB)
...
006 (8383301.005.000) 07/29 06:44:46 Image size of job updated: 7437988
	12  -  MemoryUsage of job (MB)
	11904  -  ResidentSetSize of job (KB)
...
006 (8383301.005.000) 07/29 06:54:48 Image size of job updated: 7437988
	12  -  MemoryUsage of job (MB)
	11920  -  ResidentSetSize of job (KB)
...
006 (8383301.005.000) 07/29 07:09:50 Image size of job updated: 7437988
	12  -  MemoryUsage of job (MB)
	11936  -  ResidentSetSize of job (KB)
...
006 (8383301.005.000) 07/29 07:19:50 Image size of job updated: 7437988
	12  -  MemoryUsage of job (MB)
	11968  -  ResidentSetSize of job (KB)
...
006 (8383301.005.000) 07/29 07:34:52 Image size of job updated: 7437988
	12  -  MemoryUsage of job (MB)
	12000  -  ResidentSetSize of job (KB)
...
006 (8383301.005.000) 07/29 07:49:54 Image size of job updated: 7437988
	12  -  MemoryUsage of job (MB)
	12016  -  ResidentSetSize of job (KB)
...
006 (8383301.005.000) 07/29 07:59:56 Image size of job updated: 7437988
	12  -  MemoryUsage of job (MB)
	12032  -  ResidentSetSize of job (KB)
...
006 (8383301.005.000) 07/29 08:14:57 Image size of job updated: 7437988
	12  -  MemoryUsage of job (MB)
	12064  -  ResidentSetSize of job (KB)
...
006 (8383301.005.000) 07/29 08:24:58 Image size of job updated: 7437988
	12  -  MemoryUsage of job (MB)
	12096  -  ResidentSetSize of job (KB)
...
006 (8383301.005.000) 07/29 08:39:59 Image size of job updated: 7437988
	12  -  MemoryUsage of job (MB)
	12112  -  ResidentSetSize of job (KB)
...
006 (8383301.005.000) 07/29 08:55:01 Image size of job updated: 7437988
	12  -  MemoryUsage of job (MB)
	12128  -  ResidentSetSize of job (KB)
...
006 (8383301.005.000) 07/29 09:05:02 Image size of job updated: 7437988
	12  -  MemoryUsage of job (MB)
	12160  -  ResidentSetSize of job (KB)
...
006 (8383301.005.000) 07/29 09:20:03 Image size of job updated: 7437988
	12  -  MemoryUsage of job (MB)
	12192  -  ResidentSetSize of job (KB)
...
006 (8383301.005.000) 07/29 09:30:05 Image size of job updated: 7437988
	12  -  MemoryUsage of job (MB)
	12208  -  ResidentSetSize of job (KB)
...
006 (8383301.005.000) 07/29 09:45:07 Image size of job updated: 7437988
	12  -  MemoryUsage of job (MB)
	12224  -  ResidentSetSize of job (KB)
...
006 (8383301.005.000) 07/29 10:00:08 Image size of job updated: 7437988
	12  -  MemoryUsage of job (MB)
	12256  -  ResidentSetSize of job (KB)
...
006 (8383301.005.000) 07/29 10:15:10 Image size of job updated: 7437988
	12  -  MemoryUsage of job (MB)
	12288  -  ResidentSetSize of job (KB)
...
006 (8383301.005.000) 07/29 10:25:11 Image size of job updated: 7437988
	13  -  MemoryUsage of job (MB)
	12304  -  ResidentSetSize of job (KB)
...
006 (8383301.005.000) 07/29 10:40:12 Image size of job updated: 7437988
	13  -  MemoryUsage of job (MB)
	12320  -  ResidentSetSize of job (KB)
...
006 (8383301.005.000) 07/29 10:50:13 Image size of job updated: 7437988
	13  -  MemoryUsage of job (MB)
	12352  -  ResidentSetSize of job (KB)
...
006 (8383301.005.000) 07/29 11:05:14 Image size of job updated: 7437988
	13  -  MemoryUsage of job (MB)
	12384  -  ResidentSetSize of job (KB)
...
006 (8383301.005.000) 07/29 11:20:15 Image size of job updated: 7437988
	13  -  MemoryUsage of job (MB)
	12400  -  ResidentSetSize of job (KB)
...
006 (8383301.005.000) 07/29 11:35:17 Image size of job updated: 7437988
	13  -  MemoryUsage of job (MB)
	12416  -  ResidentSetSize of job (KB)
...
006 (8383301.005.000) 07/29 11:45:19 Image size of job updated: 7437988
	13  -  MemoryUsage of job (MB)
	12448  -  ResidentSetSize of job (KB)
...
006 (8383301.005.000) 07/29 11:55:19 Image size of job updated: 7437988
	13  -  MemoryUsage of job (MB)
	12480  -  ResidentSetSize of job (KB)
...
006 (8383301.005.000) 07/29 12:10:20 Image size of job updated: 7437988
	13  -  MemoryUsage of job (MB)
	12496  -  ResidentSetSize of job (KB)
...
006 (8383301.005.000) 07/29 12:25:22 Image size of job updated: 7437988
	13  -  MemoryUsage of job (MB)
	12512  -  ResidentSetSize of job (KB)
...
006 (8383301.005.000) 07/29 12:35:24 Image size of job updated: 7437988
	13  -  MemoryUsage of job (MB)
	12544  -  ResidentSetSize of job (KB)
...
006 (8383301.005.000) 07/29 12:45:24 Image size of job updated: 7437988
	13  -  MemoryUsage of job (MB)
	12576  -  ResidentSetSize of job (KB)
...
006 (8383301.005.000) 07/29 13:00:25 Image size of job updated: 7437988
	13  -  MemoryUsage of job (MB)
	12592  -  ResidentSetSize of job (KB)
...
006 (8383301.005.000) 07/29 13:10:27 Image size of job updated: 7437988
	13  -  MemoryUsage of job (MB)
	12608  -  ResidentSetSize of job (KB)
...
006 (8383301.005.000) 07/29 13:25:29 Image size of job updated: 7437988
	13  -  MemoryUsage of job (MB)
	12640  -  ResidentSetSize of job (KB)
...
006 (8383301.005.000) 07/29 13:40:30 Image size of job updated: 7437988
	13  -  MemoryUsage of job (MB)
	12672  -  ResidentSetSize of job (KB)
...
006 (8383301.005.000) 07/29 13:55:32 Image size of job updated: 7437988
	13  -  MemoryUsage of job (MB)
	12688  -  ResidentSetSize of job (KB)
...
006 (8383301.005.000) 07/29 14:05:33 Image size of job updated: 7437988
	13  -  MemoryUsage of job (MB)
	12704  -  ResidentSetSize of job (KB)
...
006 (8383301.005.000) 07/29 14:15:34 Image size of job updated: 7437988
	13  -  MemoryUsage of job (MB)
	12736  -  ResidentSetSize of job (KB)
...
006 (8383301.005.000) 07/29 14:30:35 Image size of job updated: 7437988
	13  -  MemoryUsage of job (MB)
	12768  -  ResidentSetSize of job (KB)
...
006 (8383301.005.000) 07/29 14:45:36 Image size of job updated: 7437988
	13  -  MemoryUsage of job (MB)
	12784  -  ResidentSetSize of job (KB)
...
006 (8383301.005.000) 07/29 14:55:37 Image size of job updated: 7437988
	13  -  MemoryUsage of job (MB)
	12800  -  ResidentSetSize of job (KB)
...
006 (8383301.005.000) 07/29 15:10:39 Image size of job updated: 7437988
	13  -  MemoryUsage of job (MB)
	12832  -  ResidentSetSize of job (KB)
...
006 (8383301.005.000) 07/29 15:20:39 Image size of job updated: 7437988
	13  -  MemoryUsage of job (MB)
	12864  -  ResidentSetSize of job (KB)
...
006 (8383301.005.000) 07/29 15:30:40 Image size of job updated: 7437988
	13  -  MemoryUsage of job (MB)
	12880  -  ResidentSetSize of job (KB)
...
006 (8383301.005.000) 07/29 15:45:42 Image size of job updated: 7437988
	13  -  MemoryUsage of job (MB)
	12896  -  ResidentSetSize of job (KB)
...
006 (8383301.005.000) 07/29 16:00:43 Image size of job updated: 7437988
	13  -  MemoryUsage of job (MB)
	12928  -  ResidentSetSize of job (KB)
...
006 (8383301.005.000) 07/29 16:10:44 Image size of job updated: 7437988
	13  -  MemoryUsage of job (MB)
	12960  -  ResidentSetSize of job (KB)
...
006 (8383301.005.000) 07/29 16:25:45 Image size of job updated: 7437988
	13  -  MemoryUsage of job (MB)
	12976  -  ResidentSetSize of job (KB)
...
006 (8383301.005.000) 07/29 16:30:45 Image size of job updated: 7437988
	13  -  MemoryUsage of job (MB)
	12992  -  ResidentSetSize of job (KB)
...
006 (8383301.005.000) 07/29 16:45:47 Image size of job updated: 7437988
	13  -  MemoryUsage of job (MB)
	13024  -  ResidentSetSize of job (KB)
...
006 (8383301.005.000) 07/29 16:55:49 Image size of job updated: 7437988
	13  -  MemoryUsage of job (MB)
	13056  -  ResidentSetSize of job (KB)
...
006 (8383301.005.000) 07/29 17:10:50 Image size of job updated: 7437988
	13  -  MemoryUsage of job (MB)
	13072  -  ResidentSetSize of job (KB)
...
006 (8383301.005.000) 07/29 17:20:51 Image size of job updated: 7437988
	13  -  MemoryUsage of job (MB)
	13088  -  ResidentSetSize of job (KB)
...
006 (8383301.005.000) 07/29 17:35:53 Image size of job updated: 7437988
	13  -  MemoryUsage of job (MB)
	13120  -  ResidentSetSize of job (KB)
...
006 (8383301.005.000) 07/29 17:45:54 Image size of job updated: 7437988
	13  -  MemoryUsage of job (MB)
	13152  -  ResidentSetSize of job (KB)
...
006 (8383301.005.000) 07/29 17:55:55 Image size of job updated: 7437988
	13  -  MemoryUsage of job (MB)
	13168  -  ResidentSetSize of job (KB)
...
006 (8383301.005.000) 07/29 18:05:57 Image size of job updated: 7437988
	13  -  MemoryUsage of job (MB)
	13184  -  ResidentSetSize of job (KB)
...
006 (8383301.005.000) 07/29 18:20:58 Image size of job updated: 7437988
	13  -  MemoryUsage of job (MB)
	13216  -  ResidentSetSize of job (KB)
...
006 (8383301.005.000) 07/29 18:30:59 Image size of job updated: 7437988
	13  -  MemoryUsage of job (MB)
	13248  -  ResidentSetSize of job (KB)
...
006 (8383301.005.000) 07/29 18:41:00 Image size of job updated: 7437988
	13  -  MemoryUsage of job (MB)
	13264  -  ResidentSetSize of job (KB)
...
006 (8383301.005.000) 07/29 18:56:01 Image size of job updated: 7437988
	13  -  MemoryUsage of job (MB)
	13280  -  ResidentSetSize of job (KB)
...
006 (8383301.005.000) 07/29 19:11:03 Image size of job updated: 7437988
	13  -  MemoryUsage of job (MB)
	13312  -  ResidentSetSize of job (KB)
...
006 (8383301.005.000) 07/29 19:26:04 Image size of job updated: 7437988
	14  -  MemoryUsage of job (MB)
	13344  -  ResidentSetSize of job (KB)
...
006 (8383301.005.000) 07/29 19:41:06 Image size of job updated: 7437988
	14  -  MemoryUsage of job (MB)
	13360  -  ResidentSetSize of job (KB)
...
006 (8383301.005.000) 07/29 19:51:07 Image size of job updated: 7437988
	14  -  MemoryUsage of job (MB)
	13376  -  ResidentSetSize of job (KB)
...
006 (8383301.005.000) 07/29 20:06:08 Image size of job updated: 7437988
	14  -  MemoryUsage of job (MB)
	13408  -  ResidentSetSize of job (KB)
...
006 (8383301.005.000) 07/29 20:16:09 Image size of job updated: 7437988
	14  -  MemoryUsage of job (MB)
	13440  -  ResidentSetSize of job (KB)
...
006 (8383301.005.000) 07/29 20:31:11 Image size of job updated: 7437988
	14  -  MemoryUsage of job (MB)
	13456  -  ResidentSetSize of job (KB)
...
006 (8383301.005.000) 07/29 20:41:12 Image size of job updated: 7437988
	14  -  MemoryUsage of job (MB)
	13472  -  ResidentSetSize of job (KB)
...
006 (8383301.005.000) 07/29 20:56:13 Image size of job updated: 7437988
	14  -  MemoryUsage of job (MB)
	13504  -  ResidentSetSize of job (KB)
...
006 (8383301.005.000) 07/29 21:11:15 Image size of job updated: 7437988
	14  -  MemoryUsage of job (MB)
	13536  -  ResidentSetSize of job (KB)
...
006 (8383301.005.000) 07/29 21:21:17 Image size of job updated: 7437988
	14  -  MemoryUsage of job (MB)
	13552  -  ResidentSetSize of job (KB)
...
006 (8383301.005.000) 07/29 21:36:18 Image size of job updated: 7437988
	14  -  MemoryUsage of job (MB)
	13568  -  ResidentSetSize of job (KB)
...
006 (8383301.005.000) 07/29 21:46:19 Image size of job updated: 7437988
	14  -  MemoryUsage of job (MB)
	13600  -  ResidentSetSize of job (KB)
...
006 (8383301.005.000) 07/29 22:01:21 Image size of job updated: 7437988
	14  -  MemoryUsage of job (MB)
	13632  -  ResidentSetSize of job (KB)
...
006 (8383301.005.000) 07/29 22:16:23 Image size of job updated: 7437988
	14  -  MemoryUsage of job (MB)
	13648  -  ResidentSetSize of job (KB)
...
006 (8383301.005.000) 07/29 22:31:24 Image size of job updated: 7437988
	14  -  MemoryUsage of job (MB)
	13664  -  ResidentSetSize of job (KB)
...
006 (8383301.005.000) 07/29 22:46:25 Image size of job updated: 7437988
	14  -  MemoryUsage of job (MB)
	13696  -  ResidentSetSize of job (KB)
...
006 (8383301.005.000) 07/29 22:56:26 Image size of job updated: 7437988
	14  -  MemoryUsage of job (MB)
	13728  -  ResidentSetSize of job (KB)
...
006 (8383301.005.000) 07/29 23:11:27 Image size of job updated: 7437988
	14  -  MemoryUsage of job (MB)
	13744  -  ResidentSetSize of job (KB)
...
006 (8383301.005.000) 07/29 23:26:29 Image size of job updated: 7437988
	14  -  MemoryUsage of job (MB)
	13760  -  ResidentSetSize of job (KB)
...
006 (8383301.005.000) 07/29 23:41:31 Image size of job updated: 7437988
	14  -  MemoryUsage of job (MB)
	13792  -  ResidentSetSize of job (KB)
...
006 (8383301.005.000) 07/29 23:51:31 Image size of job updated: 7437988
	14  -  MemoryUsage of job (MB)
	13824  -  ResidentSetSize of job (KB)
...
006 (8383301.005.000) 07/30 00:11:33 Image size of job updated: 7437988
	14  -  MemoryUsage of job (MB)
	13840  -  ResidentSetSize of job (KB)
...
006 (8383301.005.000) 07/30 00:21:34 Image size of job updated: 7437988
	14  -  MemoryUsage of job (MB)
	13856  -  ResidentSetSize of job (KB)
...
006 (8383301.005.000) 07/30 00:36:36 Image size of job updated: 7437988
	14  -  MemoryUsage of job (MB)
	13888  -  ResidentSetSize of job (KB)
...
006 (8383301.005.000) 07/30 00:46:38 Image size of job updated: 7437988
	14  -  MemoryUsage of job (MB)
	13920  -  ResidentSetSize of job (KB)
...
006 (8383301.005.000) 07/30 01:01:39 Image size of job updated: 7437988
	14  -  MemoryUsage of job (MB)
	13936  -  ResidentSetSize of job (KB)
...
006 (8383301.005.000) 07/30 01:16:41 Image size of job updated: 7437988
	14  -  MemoryUsage of job (MB)
	13952  -  ResidentSetSize of job (KB)
...
006 (8383301.005.000) 07/30 01:26:42 Image size of job updated: 7437988
	14  -  MemoryUsage of job (MB)
	13984  -  ResidentSetSize of job (KB)
...
006 (8383301.005.000) 07/30 01:41:43 Image size of job updated: 7437988
	14  -  MemoryUsage of job (MB)
	14016  -  ResidentSetSize of job (KB)
...
006 (8383301.005.000) 07/30 01:51:44 Image size of job updated: 7437988
	14  -  MemoryUsage of job (MB)
	14032  -  ResidentSetSize of job (KB)
...
006 (8383301.005.000) 07/30 02:06:45 Image size of job updated: 7437988
	14  -  MemoryUsage of job (MB)
	14048  -  ResidentSetSize of job (KB)
...
006 (8383301.005.000) 07/30 02:21:47 Image size of job updated: 7437988
	14  -  MemoryUsage of job (MB)
	14080  -  ResidentSetSize of job (KB)
...
006 (8383301.005.000) 07/30 02:31:48 Image size of job updated: 7437988
	14  -  MemoryUsage of job (MB)
	14112  -  ResidentSetSize of job (KB)
...
006 (8383301.005.000) 07/30 02:46:49 Image size of job updated: 7437988
	14  -  MemoryUsage of job (MB)
	14128  -  ResidentSetSize of job (KB)
...
006 (8383301.005.000) 07/30 02:56:50 Image size of job updated: 7437988
	14  -  MemoryUsage of job (MB)
	14144  -  ResidentSetSize of job (KB)
...
006 (8383301.005.000) 07/30 03:11:52 Image size of job updated: 7437988
	14  -  MemoryUsage of job (MB)
	14176  -  ResidentSetSize of job (KB)
...
006 (8383301.005.000) 07/30 03:21:53 Image size of job updated: 7437988
	14  -  MemoryUsage of job (MB)
	14208  -  ResidentSetSize of job (KB)
...
006 (8383301.005.000) 07/30 03:36:55 Image size of job updated: 7437988
	14  -  MemoryUsage of job (MB)
	14224  -  ResidentSetSize of job (KB)
...
006 (8383301.005.000) 07/30 03:51:57 Image size of job updated: 7437988
	14  -  MemoryUsage of job (MB)
	14240  -  ResidentSetSize of job (KB)
...
006 (8383301.005.000) 07/30 04:01:57 Image size of job updated: 7437988
	14  -  MemoryUsage of job (MB)
	14272  -  ResidentSetSize of job (KB)
...
006 (8383301.005.000) 07/30 04:11:58 Image size of job updated: 7437988
	14  -  MemoryUsage of job (MB)
	14304  -  ResidentSetSize of job (KB)
...
006 (8383301.005.000) 07/30 04:27:00 Image size of job updated: 7437988
	14  -  MemoryUsage of job (MB)
	14320  -  ResidentSetSize of job (KB)
...
006 (8383301.005.000) 07/30 04:42:02 Image size of job updated: 7437988
	14  -  MemoryUsage of job (MB)
	14336  -  ResidentSetSize of job (KB)
...
006 (8383301.005.000) 07/30 04:57:03 Image size of job updated: 7437988
	15  -  MemoryUsage of job (MB)
	14368  -  ResidentSetSize of job (KB)
...
006 (8383301.005.000) 07/30 05:12:05 Image size of job updated: 7437988
	15  -  MemoryUsage of job (MB)
	14400  -  ResidentSetSize of job (KB)
...
006 (8383301.005.000) 07/30 05:27:06 Image size of job updated: 7437988
	15  -  MemoryUsage of job (MB)
	14416  -  ResidentSetSize of job (KB)
...
006 (8383301.005.000) 07/30 05:37:07 Image size of job updated: 7437988
	15  -  MemoryUsage of job (MB)
	14432  -  ResidentSetSize of job (KB)
...
006 (8383301.005.000) 07/30 05:52:09 Image size of job updated: 7437988
	15  -  MemoryUsage of job (MB)
	14464  -  ResidentSetSize of job (KB)
...
006 (8383301.005.000) 07/30 06:07:11 Image size of job updated: 7437988
	15  -  MemoryUsage of job (MB)
	14496  -  ResidentSetSize of job (KB)
...
006 (8383301.005.000) 07/30 06:27:12 Image size of job updated: 7437988
	15  -  MemoryUsage of job (MB)
	14512  -  ResidentSetSize of job (KB)
...
006 (8383301.005.000) 07/30 06:37:13 Image size of job updated: 7437988
	15  -  MemoryUsage of job (MB)
	14528  -  ResidentSetSize of job (KB)
...
006 (8383301.005.000) 07/30 06:52:15 Image size of job updated: 7437988
	15  -  MemoryUsage of job (MB)
	14560  -  ResidentSetSize of job (KB)
...
006 (8383301.005.000) 07/30 07:07:16 Image size of job updated: 7437988
	15  -  MemoryUsage of job (MB)
	14592  -  ResidentSetSize of job (KB)
...
006 (8383301.005.000) 07/30 07:22:17 Image size of job updated: 7437988
	15  -  MemoryUsage of job (MB)
	14608  -  ResidentSetSize of job (KB)
...
006 (8383301.005.000) 07/30 07:37:19 Image size of job updated: 7437988
	15  -  MemoryUsage of job (MB)
	14624  -  ResidentSetSize of job (KB)
...
006 (8383301.005.000) 07/30 07:52:21 Image size of job updated: 7437988
	15  -  MemoryUsage of job (MB)
	14656  -  ResidentSetSize of job (KB)
...
006 (8383301.005.000) 07/30 08:07:22 Image size of job updated: 7437988
	15  -  MemoryUsage of job (MB)
	14688  -  ResidentSetSize of job (KB)
...
006 (8383301.005.000) 07/30 08:17:23 Image size of job updated: 7437988
	15  -  MemoryUsage of job (MB)
	14704  -  ResidentSetSize of job (KB)
...
006 (8383301.005.000) 07/30 08:32:24 Image size of job updated: 7437988
	15  -  MemoryUsage of job (MB)
	14720  -  ResidentSetSize of job (KB)
...
006 (8383301.005.000) 07/30 08:42:25 Image size of job updated: 7437988
	15  -  MemoryUsage of job (MB)
	14752  -  ResidentSetSize of job (KB)
...
006 (8383301.005.000) 07/30 08:57:27 Image size of job updated: 7437988
	15  -  MemoryUsage of job (MB)
	14784  -  ResidentSetSize of job (KB)
...
006 (8383301.005.000) 07/30 09:12:28 Image size of job updated: 7437988
	15  -  MemoryUsage of job (MB)
	14800  -  ResidentSetSize of job (KB)
...
006 (8383301.005.000) 07/30 09:27:30 Image size of job updated: 7437988
	15  -  MemoryUsage of job (MB)
	14816  -  ResidentSetSize of job (KB)
...
006 (8383301.005.000) 07/30 09:42:32 Image size of job updated: 7437988
	15  -  MemoryUsage of job (MB)
	14848  -  ResidentSetSize of job (KB)
...
006 (8383301.005.000) 07/30 09:52:33 Image size of job updated: 7437988
	15  -  MemoryUsage of job (MB)
	14880  -  ResidentSetSize of job (KB)
...
006 (8383301.005.000) 07/30 10:12:36 Image size of job updated: 7437988
	15  -  MemoryUsage of job (MB)
	14896  -  ResidentSetSize of job (KB)
...
006 (8383301.005.000) 07/30 10:27:38 Image size of job updated: 7437988
	15  -  MemoryUsage of job (MB)
	14912  -  ResidentSetSize of job (KB)
...
006 (8383301.005.000) 07/30 10:47:39 Image size of job updated: 7437988
	15  -  MemoryUsage of job (MB)
	14944  -  ResidentSetSize of job (KB)
...
006 (8383301.005.000) 07/30 11:02:40 Image size of job updated: 7437988
	15  -  MemoryUsage of job (MB)
	14976  -  ResidentSetSize of job (KB)
...
006 (8383301.005.000) 07/30 11:22:41 Image size of job updated: 7437988
	15  -  MemoryUsage of job (MB)
	14992  -  ResidentSetSize of job (KB)
...
006 (8383301.005.000) 07/30 11:42:44 Image size of job updated: 7437988
	15  -  MemoryUsage of job (MB)
	15008  -  ResidentSetSize of job (KB)
...
006 (8383301.005.000) 07/30 11:57:46 Image size of job updated: 7437988
	15  -  MemoryUsage of job (MB)
	15040  -  ResidentSetSize of job (KB)
...
006 (8383301.005.000) 07/30 12:12:47 Image size of job updated: 7437988
	15  -  MemoryUsage of job (MB)
	15072  -  ResidentSetSize of job (KB)
...
006 (8383301.005.000) 07/30 12:27:48 Image size of job updated: 7437988
	15  -  MemoryUsage of job (MB)
	15088  -  ResidentSetSize of job (KB)
...
040 (8383301.005.000) 07/30 12:45:53 Started transferring output files
...
040 (8383301.005.000) 07/30 12:45:53 Finished transferring output files
...
009 (8383301.005.000) 07/30 12:45:53 Job was aborted.
	Job removed by SYSTEM_PERIODIC_REMOVE due to wall time exceeded allowed max.
...
