000 (8382886.008.000) 07/27 01:38:49 Job submitted from host: <137.138.156.150:9618?addrs=137.138.156.150-9618+[2001-1458-d00-14--9a]-9618&alias=bigbird13.cern.ch&noUDP&sock=schedd_6524_7ff5>
...
040 (8382886.008.000) 07/27 01:40:55 Started transferring input files
	Transferring to host: <128.142.60.82:9618?addrs=128.142.60.82-9618+[2001-1458-301-22--100-51]-9618&alias=b7s05p9435.cern.ch&noUDP&sock=slot1_4_4373_ec8b_115177>
...
001 (8382886.008.000) 07/27 01:40:55 Job executing on host: <128.142.60.82:9618?addrs=128.142.60.82-9618+[2001-1458-301-22--100-51]-9618&alias=b7s05p9435.cern.ch&noUDP&sock=startd_3131_2f1d>
...
040 (8382886.008.000) 07/27 01:40:55 Finished transferring input files
...
006 (8382886.008.000) 07/27 01:40:55 Image size of job updated: 153752
	0  -  MemoryUsage of job (MB)
	0  -  ResidentSetSize of job (KB)
...
040 (8382886.008.000) 07/27 01:40:55 Started transferring output files
...
040 (8382886.008.000) 07/27 01:40:55 Finished transferring output files
...
005 (8382886.008.000) 07/27 01:40:55 Job terminated.
	(1) Normal termination (return value 1)
		Usr 0 00:00:00, Sys 0 00:00:00  -  Run Remote Usage
		Usr 0 00:00:00, Sys 0 00:00:00  -  Run Local Usage
		Usr 0 00:00:00, Sys 0 00:00:00  -  Total Remote Usage
		Usr 0 00:00:00, Sys 0 00:00:00  -  Total Local Usage
	7349  -  Run Bytes Sent By Job
	1379  -  Run Bytes Received By Job
	7349  -  Total Bytes Sent By Job
	1379  -  Total Bytes Received By Job
	Partitionable Resources :    Usage  Request Allocated 
	   Cpus                 :                 8         8 
	   Disk (KB)            :       29        2   1328993 
	   Memory (MB)          :        0    16000     16000 

	Job terminated of its own accord at 2023-07-26T23:40:55Z.
...
