000 (8414414.007.000) 08/08 02:15:07 Job submitted from host: <137.138.156.150:9618?addrs=137.138.156.150-9618+[2001-1458-d00-14--9a]-9618&alias=bigbird13.cern.ch&noUDP&sock=schedd_6524_7ff5>
...
040 (8414414.007.000) 08/08 02:16:09 Started transferring input files
	Transferring to host: <128.142.137.64:9618?addrs=128.142.137.64-9618+[2001-1458-301-5e--100-34]-9618&alias=b7g19p0916.cern.ch&noUDP&sock=slot1_2_3028_3ff4_1930>
...
040 (8414414.007.000) 08/08 02:16:09 Finished transferring input files
...
001 (8414414.007.000) 08/08 02:16:09 Job executing on host: <128.142.137.64:9618?addrs=128.142.137.64-9618+[2001-1458-301-5e--100-34]-9618&alias=b7g19p0916.cern.ch&noUDP&sock=startd_2774_4fce>
...
006 (8414414.007.000) 08/08 02:16:18 Image size of job updated: 9104
	7  -  MemoryUsage of job (MB)
	6688  -  ResidentSetSize of job (KB)
...
006 (8414414.007.000) 08/08 02:21:19 Image size of job updated: 7437988
	7  -  MemoryUsage of job (MB)
	6896  -  ResidentSetSize of job (KB)
...
006 (8414414.007.000) 08/08 02:26:20 Image size of job updated: 7437988
	7  -  MemoryUsage of job (MB)
	7040  -  ResidentSetSize of job (KB)
...
006 (8414414.007.000) 08/08 02:31:20 Image size of job updated: 7437988
	8  -  MemoryUsage of job (MB)
	7184  -  ResidentSetSize of job (KB)
...
006 (8414414.007.000) 08/08 02:36:20 Image size of job updated: 7437988
	8  -  MemoryUsage of job (MB)
	7296  -  ResidentSetSize of job (KB)
...
006 (8414414.007.000) 08/08 02:41:21 Image size of job updated: 7437988
	8  -  MemoryUsage of job (MB)
	7408  -  ResidentSetSize of job (KB)
...
006 (8414414.007.000) 08/08 02:46:22 Image size of job updated: 7437988
	8  -  MemoryUsage of job (MB)
	7552  -  ResidentSetSize of job (KB)
...
006 (8414414.007.000) 08/08 02:51:22 Image size of job updated: 7437988
	8  -  MemoryUsage of job (MB)
	7696  -  ResidentSetSize of job (KB)
...
006 (8414414.007.000) 08/08 02:56:22 Image size of job updated: 7437988
	8  -  MemoryUsage of job (MB)
	7840  -  ResidentSetSize of job (KB)
...
006 (8414414.007.000) 08/08 03:01:23 Image size of job updated: 7437988
	8  -  MemoryUsage of job (MB)
	7904  -  ResidentSetSize of job (KB)
...
006 (8414414.007.000) 08/08 03:06:24 Image size of job updated: 7437988
	8  -  MemoryUsage of job (MB)
	8016  -  ResidentSetSize of job (KB)
...
006 (8414414.007.000) 08/08 03:11:24 Image size of job updated: 7437988
	8  -  MemoryUsage of job (MB)
	8096  -  ResidentSetSize of job (KB)
...
006 (8414414.007.000) 08/08 03:16:24 Image size of job updated: 7437988
	8  -  MemoryUsage of job (MB)
	8192  -  ResidentSetSize of job (KB)
...
006 (8414414.007.000) 08/08 03:21:25 Image size of job updated: 7437988
	9  -  MemoryUsage of job (MB)
	8304  -  ResidentSetSize of job (KB)
...
006 (8414414.007.000) 08/08 03:26:26 Image size of job updated: 7437988
	9  -  MemoryUsage of job (MB)
	8384  -  ResidentSetSize of job (KB)
...
006 (8414414.007.000) 08/08 03:31:26 Image size of job updated: 7437988
	9  -  MemoryUsage of job (MB)
	8448  -  ResidentSetSize of job (KB)
...
006 (8414414.007.000) 08/08 03:36:27 Image size of job updated: 7437988
	9  -  MemoryUsage of job (MB)
	8560  -  ResidentSetSize of job (KB)
...
006 (8414414.007.000) 08/08 03:41:28 Image size of job updated: 7437988
	9  -  MemoryUsage of job (MB)
	8624  -  ResidentSetSize of job (KB)
...
006 (8414414.007.000) 08/08 03:46:28 Image size of job updated: 7437988
	9  -  MemoryUsage of job (MB)
	8736  -  ResidentSetSize of job (KB)
...
006 (8414414.007.000) 08/08 03:51:29 Image size of job updated: 7437988
	9  -  MemoryUsage of job (MB)
	8816  -  ResidentSetSize of job (KB)
...
006 (8414414.007.000) 08/08 03:56:30 Image size of job updated: 7437988
	9  -  MemoryUsage of job (MB)
	8912  -  ResidentSetSize of job (KB)
...
006 (8414414.007.000) 08/08 04:01:30 Image size of job updated: 7437988
	9  -  MemoryUsage of job (MB)
	9024  -  ResidentSetSize of job (KB)
...
006 (8414414.007.000) 08/08 04:06:30 Image size of job updated: 7437988
	9  -  MemoryUsage of job (MB)
	9104  -  ResidentSetSize of job (KB)
...
006 (8414414.007.000) 08/08 04:11:31 Image size of job updated: 7437988
	9  -  MemoryUsage of job (MB)
	9168  -  ResidentSetSize of job (KB)
...
006 (8414414.007.000) 08/08 04:16:32 Image size of job updated: 7437988
	10  -  MemoryUsage of job (MB)
	9280  -  ResidentSetSize of job (KB)
...
006 (8414414.007.000) 08/08 04:21:32 Image size of job updated: 7437988
	10  -  MemoryUsage of job (MB)
	9344  -  ResidentSetSize of job (KB)
...
006 (8414414.007.000) 08/08 04:26:32 Image size of job updated: 7437988
	10  -  MemoryUsage of job (MB)
	9456  -  ResidentSetSize of job (KB)
...
006 (8414414.007.000) 08/08 04:31:33 Image size of job updated: 7437988
	10  -  MemoryUsage of job (MB)
	9536  -  ResidentSetSize of job (KB)
...
006 (8414414.007.000) 08/08 04:36:34 Image size of job updated: 7437988
	10  -  MemoryUsage of job (MB)
	9632  -  ResidentSetSize of job (KB)
...
006 (8414414.007.000) 08/08 04:41:34 Image size of job updated: 7437988
	10  -  MemoryUsage of job (MB)
	9712  -  ResidentSetSize of job (KB)
...
006 (8414414.007.000) 08/08 04:46:34 Image size of job updated: 7437988
	10  -  MemoryUsage of job (MB)
	9824  -  ResidentSetSize of job (KB)
...
006 (8414414.007.000) 08/08 04:51:35 Image size of job updated: 7437988
	10  -  MemoryUsage of job (MB)
	9888  -  ResidentSetSize of job (KB)
...
006 (8414414.007.000) 08/08 04:56:36 Image size of job updated: 7437988
	10  -  MemoryUsage of job (MB)
	9968  -  ResidentSetSize of job (KB)
...
006 (8414414.007.000) 08/08 05:01:36 Image size of job updated: 7437988
	10  -  MemoryUsage of job (MB)
	10032  -  ResidentSetSize of job (KB)
...
006 (8414414.007.000) 08/08 05:06:36 Image size of job updated: 7437988
	10  -  MemoryUsage of job (MB)
	10144  -  ResidentSetSize of job (KB)
...
006 (8414414.007.000) 08/08 05:11:37 Image size of job updated: 7437988
	10  -  MemoryUsage of job (MB)
	10176  -  ResidentSetSize of job (KB)
...
006 (8414414.007.000) 08/08 05:16:37 Image size of job updated: 7437988
	11  -  MemoryUsage of job (MB)
	10256  -  ResidentSetSize of job (KB)
...
006 (8414414.007.000) 08/08 05:21:37 Image size of job updated: 7437988
	11  -  MemoryUsage of job (MB)
	10288  -  ResidentSetSize of job (KB)
...
006 (8414414.007.000) 08/08 05:26:38 Image size of job updated: 7437988
	11  -  MemoryUsage of job (MB)
	10352  -  ResidentSetSize of job (KB)
...
006 (8414414.007.000) 08/08 05:31:39 Image size of job updated: 7437988
	11  -  MemoryUsage of job (MB)
	10400  -  ResidentSetSize of job (KB)
...
006 (8414414.007.000) 08/08 05:36:39 Image size of job updated: 7437988
	11  -  MemoryUsage of job (MB)
	10464  -  ResidentSetSize of job (KB)
...
006 (8414414.007.000) 08/08 05:41:39 Image size of job updated: 7437988
	11  -  MemoryUsage of job (MB)
	10496  -  ResidentSetSize of job (KB)
...
006 (8414414.007.000) 08/08 05:46:40 Image size of job updated: 7437988
	11  -  MemoryUsage of job (MB)
	10576  -  ResidentSetSize of job (KB)
...
006 (8414414.007.000) 08/08 05:51:41 Image size of job updated: 7437988
	11  -  MemoryUsage of job (MB)
	10608  -  ResidentSetSize of job (KB)
...
006 (8414414.007.000) 08/08 05:56:41 Image size of job updated: 7437988
	11  -  MemoryUsage of job (MB)
	10640  -  ResidentSetSize of job (KB)
...
006 (8414414.007.000) 08/08 06:01:41 Image size of job updated: 7437988
	11  -  MemoryUsage of job (MB)
	10720  -  ResidentSetSize of job (KB)
...
006 (8414414.007.000) 08/08 06:06:42 Image size of job updated: 7437988
	11  -  MemoryUsage of job (MB)
	10752  -  ResidentSetSize of job (KB)
...
006 (8414414.007.000) 08/08 06:11:43 Image size of job updated: 7437988
	11  -  MemoryUsage of job (MB)
	10784  -  ResidentSetSize of job (KB)
...
006 (8414414.007.000) 08/08 06:16:43 Image size of job updated: 7437988
	11  -  MemoryUsage of job (MB)
	10864  -  ResidentSetSize of job (KB)
...
006 (8414414.007.000) 08/08 06:21:44 Image size of job updated: 7437988
	11  -  MemoryUsage of job (MB)
	10896  -  ResidentSetSize of job (KB)
...
006 (8414414.007.000) 08/08 06:26:45 Image size of job updated: 7437988
	11  -  MemoryUsage of job (MB)
	10976  -  ResidentSetSize of job (KB)
...
006 (8414414.007.000) 08/08 06:31:45 Image size of job updated: 7437988
	11  -  MemoryUsage of job (MB)
	11008  -  ResidentSetSize of job (KB)
...
006 (8414414.007.000) 08/08 06:36:45 Image size of job updated: 7437988
	11  -  MemoryUsage of job (MB)
	11072  -  ResidentSetSize of job (KB)
...
006 (8414414.007.000) 08/08 06:41:46 Image size of job updated: 7437988
	11  -  MemoryUsage of job (MB)
	11120  -  ResidentSetSize of job (KB)
...
006 (8414414.007.000) 08/08 06:46:47 Image size of job updated: 7437988
	11  -  MemoryUsage of job (MB)
	11184  -  ResidentSetSize of job (KB)
...
006 (8414414.007.000) 08/08 06:51:48 Image size of job updated: 7437988
	11  -  MemoryUsage of job (MB)
	11216  -  ResidentSetSize of job (KB)
...
006 (8414414.007.000) 08/08 06:56:48 Image size of job updated: 7437988
	12  -  MemoryUsage of job (MB)
	11296  -  ResidentSetSize of job (KB)
...
006 (8414414.007.000) 08/08 07:01:48 Image size of job updated: 7437988
	12  -  MemoryUsage of job (MB)
	11328  -  ResidentSetSize of job (KB)
...
006 (8414414.007.000) 08/08 07:06:49 Image size of job updated: 7437988
	12  -  MemoryUsage of job (MB)
	11408  -  ResidentSetSize of job (KB)
...
006 (8414414.007.000) 08/08 07:11:50 Image size of job updated: 7437988
	12  -  MemoryUsage of job (MB)
	11440  -  ResidentSetSize of job (KB)
...
006 (8414414.007.000) 08/08 07:16:50 Image size of job updated: 7437988
	12  -  MemoryUsage of job (MB)
	11504  -  ResidentSetSize of job (KB)
...
006 (8414414.007.000) 08/08 07:21:50 Image size of job updated: 7437988
	40  -  MemoryUsage of job (MB)
	40512  -  ResidentSetSize of job (KB)
...
006 (8414414.007.000) 08/08 07:26:51 Image size of job updated: 7437988
	51  -  MemoryUsage of job (MB)
	52024  -  ResidentSetSize of job (KB)
...
006 (8414414.007.000) 08/08 07:31:52 Image size of job updated: 7437988
	51  -  MemoryUsage of job (MB)
	52040  -  ResidentSetSize of job (KB)
...
006 (8414414.007.000) 08/08 07:36:52 Image size of job updated: 7437988
	51  -  MemoryUsage of job (MB)
	52076  -  ResidentSetSize of job (KB)
...
006 (8414414.007.000) 08/08 07:41:52 Image size of job updated: 7437988
	51  -  MemoryUsage of job (MB)
	52108  -  ResidentSetSize of job (KB)
...
006 (8414414.007.000) 08/08 07:46:54 Image size of job updated: 7437988
	51  -  MemoryUsage of job (MB)
	52128  -  ResidentSetSize of job (KB)
...
006 (8414414.007.000) 08/08 07:51:54 Image size of job updated: 7437988
	51  -  MemoryUsage of job (MB)
	52160  -  ResidentSetSize of job (KB)
...
006 (8414414.007.000) 08/08 07:56:54 Image size of job updated: 7437988
	51  -  MemoryUsage of job (MB)
	52176  -  ResidentSetSize of job (KB)
...
006 (8414414.007.000) 08/08 08:01:55 Image size of job updated: 7437988
	51  -  MemoryUsage of job (MB)
	52212  -  ResidentSetSize of job (KB)
...
006 (8414414.007.000) 08/08 08:06:56 Image size of job updated: 7437988
	52  -  MemoryUsage of job (MB)
	52228  -  ResidentSetSize of job (KB)
...
006 (8414414.007.000) 08/08 08:11:56 Image size of job updated: 7437988
	52  -  MemoryUsage of job (MB)
	52264  -  ResidentSetSize of job (KB)
...
006 (8414414.007.000) 08/08 08:16:56 Image size of job updated: 7437988
	52  -  MemoryUsage of job (MB)
	52296  -  ResidentSetSize of job (KB)
...
006 (8414414.007.000) 08/08 08:21:57 Image size of job updated: 7437988
	52  -  MemoryUsage of job (MB)
	52312  -  ResidentSetSize of job (KB)
...
006 (8414414.007.000) 08/08 08:26:58 Image size of job updated: 7437988
	52  -  MemoryUsage of job (MB)
	52348  -  ResidentSetSize of job (KB)
...
006 (8414414.007.000) 08/08 08:31:58 Image size of job updated: 7437988
	52  -  MemoryUsage of job (MB)
	52380  -  ResidentSetSize of job (KB)
...
006 (8414414.007.000) 08/08 08:36:59 Image size of job updated: 7437988
	52  -  MemoryUsage of job (MB)
	52400  -  ResidentSetSize of job (KB)
...
006 (8414414.007.000) 08/08 08:42:01 Image size of job updated: 7437988
	52  -  MemoryUsage of job (MB)
	52432  -  ResidentSetSize of job (KB)
...
006 (8414414.007.000) 08/08 08:47:01 Image size of job updated: 7437988
	52  -  MemoryUsage of job (MB)
	52448  -  ResidentSetSize of job (KB)
...
006 (8414414.007.000) 08/08 08:52:01 Image size of job updated: 7437988
	52  -  MemoryUsage of job (MB)
	52484  -  ResidentSetSize of job (KB)
...
006 (8414414.007.000) 08/08 08:57:02 Image size of job updated: 7437988
	52  -  MemoryUsage of job (MB)
	52516  -  ResidentSetSize of job (KB)
...
006 (8414414.007.000) 08/08 09:02:03 Image size of job updated: 7437988
	52  -  MemoryUsage of job (MB)
	52536  -  ResidentSetSize of job (KB)
...
006 (8414414.007.000) 08/08 09:07:03 Image size of job updated: 7437988
	52  -  MemoryUsage of job (MB)
	52568  -  ResidentSetSize of job (KB)
...
006 (8414414.007.000) 08/08 09:12:03 Image size of job updated: 7437988
	52  -  MemoryUsage of job (MB)
	52584  -  ResidentSetSize of job (KB)
...
006 (8414414.007.000) 08/08 09:17:05 Image size of job updated: 7437988
	52  -  MemoryUsage of job (MB)
	52620  -  ResidentSetSize of job (KB)
...
006 (8414414.007.000) 08/08 09:22:05 Image size of job updated: 7437988
	52  -  MemoryUsage of job (MB)
	52636  -  ResidentSetSize of job (KB)
...
006 (8414414.007.000) 08/08 09:27:05 Image size of job updated: 7437988
	52  -  MemoryUsage of job (MB)
	52652  -  ResidentSetSize of job (KB)
...
006 (8414414.007.000) 08/08 09:32:05 Image size of job updated: 7437988
	52  -  MemoryUsage of job (MB)
	52688  -  ResidentSetSize of job (KB)
...
006 (8414414.007.000) 08/08 09:37:06 Image size of job updated: 7437988
	52  -  MemoryUsage of job (MB)
	52704  -  ResidentSetSize of job (KB)
...
006 (8414414.007.000) 08/08 09:42:06 Image size of job updated: 7437988
	52  -  MemoryUsage of job (MB)
	52720  -  ResidentSetSize of job (KB)
...
006 (8414414.007.000) 08/08 09:47:06 Image size of job updated: 7437988
	52  -  MemoryUsage of job (MB)
	52740  -  ResidentSetSize of job (KB)
...
006 (8414414.007.000) 08/08 09:52:07 Image size of job updated: 7437988
	52  -  MemoryUsage of job (MB)
	52756  -  ResidentSetSize of job (KB)
...
006 (8414414.007.000) 08/08 10:02:08 Image size of job updated: 7437988
	52  -  MemoryUsage of job (MB)
	52772  -  ResidentSetSize of job (KB)
...
006 (8414414.007.000) 08/08 10:07:08 Image size of job updated: 7437988
	52  -  MemoryUsage of job (MB)
	52788  -  ResidentSetSize of job (KB)
...
006 (8414414.007.000) 08/08 10:17:10 Image size of job updated: 7437988
	52  -  MemoryUsage of job (MB)
	52808  -  ResidentSetSize of job (KB)
...
006 (8414414.007.000) 08/08 10:22:10 Image size of job updated: 7437988
	52  -  MemoryUsage of job (MB)
	52824  -  ResidentSetSize of job (KB)
...
006 (8414414.007.000) 08/08 10:27:11 Image size of job updated: 7437988
	52  -  MemoryUsage of job (MB)
	52840  -  ResidentSetSize of job (KB)
...
006 (8414414.007.000) 08/08 10:32:12 Image size of job updated: 7437988
	52  -  MemoryUsage of job (MB)
	52856  -  ResidentSetSize of job (KB)
...
006 (8414414.007.000) 08/08 10:37:12 Image size of job updated: 7437988
	52  -  MemoryUsage of job (MB)
	52876  -  ResidentSetSize of job (KB)
...
006 (8414414.007.000) 08/08 10:47:14 Image size of job updated: 7437988
	52  -  MemoryUsage of job (MB)
	52892  -  ResidentSetSize of job (KB)
...
006 (8414414.007.000) 08/08 10:52:14 Image size of job updated: 7437988
	52  -  MemoryUsage of job (MB)
	52908  -  ResidentSetSize of job (KB)
...
006 (8414414.007.000) 08/08 11:02:15 Image size of job updated: 7437988
	52  -  MemoryUsage of job (MB)
	52924  -  ResidentSetSize of job (KB)
...
006 (8414414.007.000) 08/08 11:07:16 Image size of job updated: 7437988
	52  -  MemoryUsage of job (MB)
	52944  -  ResidentSetSize of job (KB)
...
006 (8414414.007.000) 08/08 11:12:16 Image size of job updated: 7437988
	52  -  MemoryUsage of job (MB)
	52960  -  ResidentSetSize of job (KB)
...
006 (8414414.007.000) 08/08 11:17:17 Image size of job updated: 7437988
	52  -  MemoryUsage of job (MB)
	52976  -  ResidentSetSize of job (KB)
...
006 (8414414.007.000) 08/08 11:27:18 Image size of job updated: 7437988
	52  -  MemoryUsage of job (MB)
	52992  -  ResidentSetSize of job (KB)
...
006 (8414414.007.000) 08/08 11:32:18 Image size of job updated: 7437988
	52  -  MemoryUsage of job (MB)
	53012  -  ResidentSetSize of job (KB)
...
006 (8414414.007.000) 08/08 11:37:19 Image size of job updated: 7437988
	56  -  MemoryUsage of job (MB)
	56836  -  ResidentSetSize of job (KB)
...
006 (8414414.007.000) 08/08 11:42:19 Image size of job updated: 7437988
	56  -  MemoryUsage of job (MB)
	56848  -  ResidentSetSize of job (KB)
...
006 (8414414.007.000) 08/08 11:47:19 Image size of job updated: 7437988
	60  -  MemoryUsage of job (MB)
	60548  -  ResidentSetSize of job (KB)
...
006 (8414414.007.000) 08/08 11:52:19 Image size of job updated: 7437988
	60  -  MemoryUsage of job (MB)
	60564  -  ResidentSetSize of job (KB)
...
006 (8414414.007.000) 08/08 11:57:20 Image size of job updated: 7437988
	60  -  MemoryUsage of job (MB)
	60580  -  ResidentSetSize of job (KB)
...
006 (8414414.007.000) 08/08 12:02:21 Image size of job updated: 7437988
	60  -  MemoryUsage of job (MB)
	60592  -  ResidentSetSize of job (KB)
...
006 (8414414.007.000) 08/08 12:07:21 Image size of job updated: 7437988
	60  -  MemoryUsage of job (MB)
	60600  -  ResidentSetSize of job (KB)
...
006 (8414414.007.000) 08/08 12:12:22 Image size of job updated: 7437988
	60  -  MemoryUsage of job (MB)
	60616  -  ResidentSetSize of job (KB)
...
006 (8414414.007.000) 08/08 12:22:23 Image size of job updated: 7437988
	60  -  MemoryUsage of job (MB)
	60632  -  ResidentSetSize of job (KB)
...
006 (8414414.007.000) 08/08 12:27:23 Image size of job updated: 7437988
	60  -  MemoryUsage of job (MB)
	60644  -  ResidentSetSize of job (KB)
...
006 (8414414.007.000) 08/08 12:32:23 Image size of job updated: 7437988
	60  -  MemoryUsage of job (MB)
	60652  -  ResidentSetSize of job (KB)
...
006 (8414414.007.000) 08/08 12:37:25 Image size of job updated: 7437988
	60  -  MemoryUsage of job (MB)
	60668  -  ResidentSetSize of job (KB)
...
006 (8414414.007.000) 08/08 12:42:25 Image size of job updated: 7437988
	60  -  MemoryUsage of job (MB)
	60684  -  ResidentSetSize of job (KB)
...
006 (8414414.007.000) 08/08 12:47:25 Image size of job updated: 7437988
	60  -  MemoryUsage of job (MB)
	60696  -  ResidentSetSize of job (KB)
...
006 (8414414.007.000) 08/08 12:52:25 Image size of job updated: 7437988
	60  -  MemoryUsage of job (MB)
	60704  -  ResidentSetSize of job (KB)
...
006 (8414414.007.000) 08/08 12:57:26 Image size of job updated: 7437988
	60  -  MemoryUsage of job (MB)
	60720  -  ResidentSetSize of job (KB)
...
006 (8414414.007.000) 08/08 13:07:27 Image size of job updated: 7437988
	60  -  MemoryUsage of job (MB)
	60736  -  ResidentSetSize of job (KB)
...
006 (8414414.007.000) 08/08 13:12:27 Image size of job updated: 7437988
	60  -  MemoryUsage of job (MB)
	60748  -  ResidentSetSize of job (KB)
...
006 (8414414.007.000) 08/08 13:17:28 Image size of job updated: 7437988
	60  -  MemoryUsage of job (MB)
	60756  -  ResidentSetSize of job (KB)
...
006 (8414414.007.000) 08/08 13:22:28 Image size of job updated: 7437988
	60  -  MemoryUsage of job (MB)
	60772  -  ResidentSetSize of job (KB)
...
006 (8414414.007.000) 08/08 13:27:28 Image size of job updated: 7437988
	60  -  MemoryUsage of job (MB)
	60788  -  ResidentSetSize of job (KB)
...
006 (8414414.007.000) 08/08 13:32:29 Image size of job updated: 7437988
	60  -  MemoryUsage of job (MB)
	60800  -  ResidentSetSize of job (KB)
...
006 (8414414.007.000) 08/08 13:37:30 Image size of job updated: 7437988
	60  -  MemoryUsage of job (MB)
	60808  -  ResidentSetSize of job (KB)
...
006 (8414414.007.000) 08/08 13:42:30 Image size of job updated: 7437988
	60  -  MemoryUsage of job (MB)
	60824  -  ResidentSetSize of job (KB)
...
006 (8414414.007.000) 08/08 13:47:30 Image size of job updated: 7437988
	60  -  MemoryUsage of job (MB)
	60840  -  ResidentSetSize of job (KB)
...
006 (8414414.007.000) 08/08 13:52:31 Image size of job updated: 7437988
	60  -  MemoryUsage of job (MB)
	60852  -  ResidentSetSize of job (KB)
...
006 (8414414.007.000) 08/08 13:57:32 Image size of job updated: 7437988
	60  -  MemoryUsage of job (MB)
	60860  -  ResidentSetSize of job (KB)
...
006 (8414414.007.000) 08/08 14:02:32 Image size of job updated: 7437988
	60  -  MemoryUsage of job (MB)
	60876  -  ResidentSetSize of job (KB)
...
006 (8414414.007.000) 08/08 14:07:32 Image size of job updated: 7437988
	60  -  MemoryUsage of job (MB)
	60892  -  ResidentSetSize of job (KB)
...
006 (8414414.007.000) 08/08 14:12:33 Image size of job updated: 7437988
	60  -  MemoryUsage of job (MB)
	60904  -  ResidentSetSize of job (KB)
...
006 (8414414.007.000) 08/08 14:17:34 Image size of job updated: 7437988
	60  -  MemoryUsage of job (MB)
	60912  -  ResidentSetSize of job (KB)
...
006 (8414414.007.000) 08/08 14:22:34 Image size of job updated: 7437988
	60  -  MemoryUsage of job (MB)
	60928  -  ResidentSetSize of job (KB)
...
006 (8414414.007.000) 08/08 14:27:34 Image size of job updated: 7437988
	60  -  MemoryUsage of job (MB)
	60944  -  ResidentSetSize of job (KB)
...
006 (8414414.007.000) 08/08 14:32:35 Image size of job updated: 7437988
	60  -  MemoryUsage of job (MB)
	60956  -  ResidentSetSize of job (KB)
...
006 (8414414.007.000) 08/08 14:37:36 Image size of job updated: 7437988
	60  -  MemoryUsage of job (MB)
	60964  -  ResidentSetSize of job (KB)
...
006 (8414414.007.000) 08/08 14:42:36 Image size of job updated: 7437988
	60  -  MemoryUsage of job (MB)
	60980  -  ResidentSetSize of job (KB)
...
006 (8414414.007.000) 08/08 14:47:36 Image size of job updated: 7437988
	60  -  MemoryUsage of job (MB)
	60996  -  ResidentSetSize of job (KB)
...
006 (8414414.007.000) 08/08 14:52:37 Image size of job updated: 7437988
	60  -  MemoryUsage of job (MB)
	61008  -  ResidentSetSize of job (KB)
...
006 (8414414.007.000) 08/08 14:57:38 Image size of job updated: 7437988
	60  -  MemoryUsage of job (MB)
	61016  -  ResidentSetSize of job (KB)
...
006 (8414414.007.000) 08/08 15:02:38 Image size of job updated: 7437988
	60  -  MemoryUsage of job (MB)
	61032  -  ResidentSetSize of job (KB)
...
006 (8414414.007.000) 08/08 15:07:38 Image size of job updated: 7437988
	60  -  MemoryUsage of job (MB)
	61048  -  ResidentSetSize of job (KB)
...
006 (8414414.007.000) 08/08 15:12:39 Image size of job updated: 7437988
	60  -  MemoryUsage of job (MB)
	61060  -  ResidentSetSize of job (KB)
...
006 (8414414.007.000) 08/08 15:17:40 Image size of job updated: 7437988
	60  -  MemoryUsage of job (MB)
	61068  -  ResidentSetSize of job (KB)
...
006 (8414414.007.000) 08/08 15:22:40 Image size of job updated: 7437988
	60  -  MemoryUsage of job (MB)
	61084  -  ResidentSetSize of job (KB)
...
006 (8414414.007.000) 08/08 15:27:40 Image size of job updated: 7437988
	60  -  MemoryUsage of job (MB)
	61100  -  ResidentSetSize of job (KB)
...
006 (8414414.007.000) 08/08 15:32:41 Image size of job updated: 7437988
	60  -  MemoryUsage of job (MB)
	61112  -  ResidentSetSize of job (KB)
...
006 (8414414.007.000) 08/08 15:37:42 Image size of job updated: 7437988
	60  -  MemoryUsage of job (MB)
	61120  -  ResidentSetSize of job (KB)
...
006 (8414414.007.000) 08/08 15:42:42 Image size of job updated: 7437988
	60  -  MemoryUsage of job (MB)
	61136  -  ResidentSetSize of job (KB)
...
006 (8414414.007.000) 08/08 15:47:42 Image size of job updated: 7437988
	60  -  MemoryUsage of job (MB)
	61152  -  ResidentSetSize of job (KB)
...
006 (8414414.007.000) 08/08 15:52:43 Image size of job updated: 7437988
	60  -  MemoryUsage of job (MB)
	61164  -  ResidentSetSize of job (KB)
...
006 (8414414.007.000) 08/08 15:57:44 Image size of job updated: 7437988
	60  -  MemoryUsage of job (MB)
	61172  -  ResidentSetSize of job (KB)
...
006 (8414414.007.000) 08/08 16:02:44 Image size of job updated: 7437988
	60  -  MemoryUsage of job (MB)
	61188  -  ResidentSetSize of job (KB)
...
006 (8414414.007.000) 08/08 16:12:46 Image size of job updated: 7437988
	60  -  MemoryUsage of job (MB)
	61204  -  ResidentSetSize of job (KB)
...
006 (8414414.007.000) 08/08 16:17:46 Image size of job updated: 7437988
	60  -  MemoryUsage of job (MB)
	61216  -  ResidentSetSize of job (KB)
...
006 (8414414.007.000) 08/08 16:22:46 Image size of job updated: 7437988
	60  -  MemoryUsage of job (MB)
	61224  -  ResidentSetSize of job (KB)
...
006 (8414414.007.000) 08/08 16:32:48 Image size of job updated: 7437988
	60  -  MemoryUsage of job (MB)
	61240  -  ResidentSetSize of job (KB)
...
006 (8414414.007.000) 08/08 16:37:48 Image size of job updated: 7437988
	60  -  MemoryUsage of job (MB)
	61256  -  ResidentSetSize of job (KB)
...
006 (8414414.007.000) 08/08 16:42:48 Image size of job updated: 7437988
	60  -  MemoryUsage of job (MB)
	61268  -  ResidentSetSize of job (KB)
...
006 (8414414.007.000) 08/08 16:47:49 Image size of job updated: 7437988
	60  -  MemoryUsage of job (MB)
	61276  -  ResidentSetSize of job (KB)
...
006 (8414414.007.000) 08/08 16:57:50 Image size of job updated: 7437988
	60  -  MemoryUsage of job (MB)
	61292  -  ResidentSetSize of job (KB)
...
006 (8414414.007.000) 08/08 17:02:50 Image size of job updated: 7437988
	60  -  MemoryUsage of job (MB)
	61308  -  ResidentSetSize of job (KB)
...
006 (8414414.007.000) 08/08 17:07:51 Image size of job updated: 7437988
	60  -  MemoryUsage of job (MB)
	61320  -  ResidentSetSize of job (KB)
...
006 (8414414.007.000) 08/08 17:17:52 Image size of job updated: 7437988
	60  -  MemoryUsage of job (MB)
	61328  -  ResidentSetSize of job (KB)
...
006 (8414414.007.000) 08/08 17:22:52 Image size of job updated: 7437988
	60  -  MemoryUsage of job (MB)
	61344  -  ResidentSetSize of job (KB)
...
006 (8414414.007.000) 08/08 17:27:53 Image size of job updated: 7437988
	60  -  MemoryUsage of job (MB)
	61360  -  ResidentSetSize of job (KB)
...
006 (8414414.007.000) 08/08 17:32:54 Image size of job updated: 7437988
	60  -  MemoryUsage of job (MB)
	61372  -  ResidentSetSize of job (KB)
...
006 (8414414.007.000) 08/08 17:37:54 Image size of job updated: 7437988
	60  -  MemoryUsage of job (MB)
	61380  -  ResidentSetSize of job (KB)
...
006 (8414414.007.000) 08/08 17:42:55 Image size of job updated: 7437988
	60  -  MemoryUsage of job (MB)
	61396  -  ResidentSetSize of job (KB)
...
006 (8414414.007.000) 08/08 17:49:26 Image size of job updated: 7437988
	60  -  MemoryUsage of job (MB)
	61412  -  ResidentSetSize of job (KB)
...
006 (8414414.007.000) 08/08 17:53:58 Image size of job updated: 7437988
	60  -  MemoryUsage of job (MB)
	61424  -  ResidentSetSize of job (KB)
...
006 (8414414.007.000) 08/08 17:58:59 Image size of job updated: 7437988
	60  -  MemoryUsage of job (MB)
	61432  -  ResidentSetSize of job (KB)
...
006 (8414414.007.000) 08/08 18:08:59 Image size of job updated: 7437988
	61  -  MemoryUsage of job (MB)
	61448  -  ResidentSetSize of job (KB)
...
006 (8414414.007.000) 08/08 18:14:00 Image size of job updated: 7437988
	61  -  MemoryUsage of job (MB)
	61464  -  ResidentSetSize of job (KB)
...
006 (8414414.007.000) 08/08 18:19:01 Image size of job updated: 7437988
	61  -  MemoryUsage of job (MB)
	61476  -  ResidentSetSize of job (KB)
...
006 (8414414.007.000) 08/08 18:24:01 Image size of job updated: 7437988
	61  -  MemoryUsage of job (MB)
	61484  -  ResidentSetSize of job (KB)
...
006 (8414414.007.000) 08/08 18:29:02 Image size of job updated: 7437988
	61  -  MemoryUsage of job (MB)
	61500  -  ResidentSetSize of job (KB)
...
006 (8414414.007.000) 08/08 18:39:03 Image size of job updated: 7437988
	61  -  MemoryUsage of job (MB)
	61516  -  ResidentSetSize of job (KB)
...
006 (8414414.007.000) 08/08 18:44:03 Image size of job updated: 7437988
	61  -  MemoryUsage of job (MB)
	61528  -  ResidentSetSize of job (KB)
...
006 (8414414.007.000) 08/08 18:49:04 Image size of job updated: 7437988
	61  -  MemoryUsage of job (MB)
	61536  -  ResidentSetSize of job (KB)
...
006 (8414414.007.000) 08/08 18:54:04 Image size of job updated: 7437988
	61  -  MemoryUsage of job (MB)
	61552  -  ResidentSetSize of job (KB)
...
006 (8414414.007.000) 08/08 18:59:04 Image size of job updated: 7437988
	61  -  MemoryUsage of job (MB)
	61572  -  ResidentSetSize of job (KB)
...
006 (8414414.007.000) 08/08 19:04:05 Image size of job updated: 7437988
	61  -  MemoryUsage of job (MB)
	61584  -  ResidentSetSize of job (KB)
...
006 (8414414.007.000) 08/08 19:14:06 Image size of job updated: 7437988
	61  -  MemoryUsage of job (MB)
	61592  -  ResidentSetSize of job (KB)
...
006 (8414414.007.000) 08/08 19:19:06 Image size of job updated: 7437988
	61  -  MemoryUsage of job (MB)
	61608  -  ResidentSetSize of job (KB)
...
006 (8414414.007.000) 08/08 19:24:07 Image size of job updated: 7437988
	61  -  MemoryUsage of job (MB)
	61628  -  ResidentSetSize of job (KB)
...
006 (8414414.007.000) 08/08 19:29:08 Image size of job updated: 7437988
	61  -  MemoryUsage of job (MB)
	61640  -  ResidentSetSize of job (KB)
...
006 (8414414.007.000) 08/08 19:34:08 Image size of job updated: 7437988
	61  -  MemoryUsage of job (MB)
	61648  -  ResidentSetSize of job (KB)
...
006 (8414414.007.000) 08/08 19:39:08 Image size of job updated: 7437988
	61  -  MemoryUsage of job (MB)
	61664  -  ResidentSetSize of job (KB)
...
006 (8414414.007.000) 08/08 19:49:10 Image size of job updated: 7437988
	61  -  MemoryUsage of job (MB)
	61684  -  ResidentSetSize of job (KB)
...
006 (8414414.007.000) 08/08 19:54:10 Image size of job updated: 7437988
	61  -  MemoryUsage of job (MB)
	61696  -  ResidentSetSize of job (KB)
...
006 (8414414.007.000) 08/08 19:59:10 Image size of job updated: 7437988
	61  -  MemoryUsage of job (MB)
	61704  -  ResidentSetSize of job (KB)
...
006 (8414414.007.000) 08/08 20:04:11 Image size of job updated: 7437988
	61  -  MemoryUsage of job (MB)
	61720  -  ResidentSetSize of job (KB)
...
006 (8414414.007.000) 08/08 20:09:12 Image size of job updated: 7437988
	61  -  MemoryUsage of job (MB)
	61740  -  ResidentSetSize of job (KB)
...
006 (8414414.007.000) 08/08 20:14:13 Image size of job updated: 7437988
	61  -  MemoryUsage of job (MB)
	61752  -  ResidentSetSize of job (KB)
...
006 (8414414.007.000) 08/08 20:24:13 Image size of job updated: 7437988
	61  -  MemoryUsage of job (MB)
	61760  -  ResidentSetSize of job (KB)
...
006 (8414414.007.000) 08/08 20:29:14 Image size of job updated: 7437988
	61  -  MemoryUsage of job (MB)
	61776  -  ResidentSetSize of job (KB)
...
006 (8414414.007.000) 08/08 20:34:15 Image size of job updated: 7437988
	61  -  MemoryUsage of job (MB)
	61796  -  ResidentSetSize of job (KB)
...
006 (8414414.007.000) 08/08 20:39:15 Image size of job updated: 7437988
	61  -  MemoryUsage of job (MB)
	61808  -  ResidentSetSize of job (KB)
...
006 (8414414.007.000) 08/08 20:44:15 Image size of job updated: 7437988
	61  -  MemoryUsage of job (MB)
	61816  -  ResidentSetSize of job (KB)
...
006 (8414414.007.000) 08/08 20:49:16 Image size of job updated: 7437988
	61  -  MemoryUsage of job (MB)
	61832  -  ResidentSetSize of job (KB)
...
006 (8414414.007.000) 08/08 20:54:17 Image size of job updated: 7437988
	61  -  MemoryUsage of job (MB)
	61852  -  ResidentSetSize of job (KB)
...
006 (8414414.007.000) 08/08 21:04:17 Image size of job updated: 7437988
	61  -  MemoryUsage of job (MB)
	61864  -  ResidentSetSize of job (KB)
...
006 (8414414.007.000) 08/08 21:09:18 Image size of job updated: 7437988
	61  -  MemoryUsage of job (MB)
	61872  -  ResidentSetSize of job (KB)
...
006 (8414414.007.000) 08/08 21:14:19 Image size of job updated: 7437988
	61  -  MemoryUsage of job (MB)
	61888  -  ResidentSetSize of job (KB)
...
006 (8414414.007.000) 08/08 21:19:19 Image size of job updated: 7437988
	61  -  MemoryUsage of job (MB)
	61908  -  ResidentSetSize of job (KB)
...
006 (8414414.007.000) 08/08 21:24:20 Image size of job updated: 7437988
	61  -  MemoryUsage of job (MB)
	61920  -  ResidentSetSize of job (KB)
...
006 (8414414.007.000) 08/08 21:29:21 Image size of job updated: 7437988
	61  -  MemoryUsage of job (MB)
	61928  -  ResidentSetSize of job (KB)
...
006 (8414414.007.000) 08/08 21:34:21 Image size of job updated: 7437988
	61  -  MemoryUsage of job (MB)
	61944  -  ResidentSetSize of job (KB)
...
006 (8414414.007.000) 08/08 21:44:22 Image size of job updated: 7437988
	61  -  MemoryUsage of job (MB)
	61964  -  ResidentSetSize of job (KB)
...
006 (8414414.007.000) 08/08 21:49:23 Image size of job updated: 7437988
	61  -  MemoryUsage of job (MB)
	61976  -  ResidentSetSize of job (KB)
...
006 (8414414.007.000) 08/08 21:54:23 Image size of job updated: 7437988
	61  -  MemoryUsage of job (MB)
	61984  -  ResidentSetSize of job (KB)
...
006 (8414414.007.000) 08/08 21:59:23 Image size of job updated: 7437988
	61  -  MemoryUsage of job (MB)
	62020  -  ResidentSetSize of job (KB)
...
006 (8414414.007.000) 08/08 22:04:24 Image size of job updated: 7437988
	61  -  MemoryUsage of job (MB)
	62032  -  ResidentSetSize of job (KB)
...
006 (8414414.007.000) 08/08 22:14:26 Image size of job updated: 7437988
	61  -  MemoryUsage of job (MB)
	62056  -  ResidentSetSize of job (KB)
...
006 (8414414.007.000) 08/08 22:24:26 Image size of job updated: 7437988
	61  -  MemoryUsage of job (MB)
	62076  -  ResidentSetSize of job (KB)
...
006 (8414414.007.000) 08/08 22:29:27 Image size of job updated: 7437988
	61  -  MemoryUsage of job (MB)
	62088  -  ResidentSetSize of job (KB)
...
006 (8414414.007.000) 08/08 22:34:28 Image size of job updated: 7437988
	61  -  MemoryUsage of job (MB)
	62096  -  ResidentSetSize of job (KB)
...
006 (8414414.007.000) 08/08 22:39:28 Image size of job updated: 7437988
	61  -  MemoryUsage of job (MB)
	62112  -  ResidentSetSize of job (KB)
...
006 (8414414.007.000) 08/08 22:44:28 Image size of job updated: 7437988
	61  -  MemoryUsage of job (MB)
	62132  -  ResidentSetSize of job (KB)
...
006 (8414414.007.000) 08/08 22:49:29 Image size of job updated: 7437988
	61  -  MemoryUsage of job (MB)
	62144  -  ResidentSetSize of job (KB)
...
006 (8414414.007.000) 08/08 22:54:30 Image size of job updated: 7437988
	61  -  MemoryUsage of job (MB)
	62152  -  ResidentSetSize of job (KB)
...
006 (8414414.007.000) 08/08 22:59:30 Image size of job updated: 7437988
	61  -  MemoryUsage of job (MB)
	62168  -  ResidentSetSize of job (KB)
...
006 (8414414.007.000) 08/08 23:04:30 Image size of job updated: 7437988
	61  -  MemoryUsage of job (MB)
	62188  -  ResidentSetSize of job (KB)
...
006 (8414414.007.000) 08/08 23:09:31 Image size of job updated: 7437988
	61  -  MemoryUsage of job (MB)
	62200  -  ResidentSetSize of job (KB)
...
006 (8414414.007.000) 08/08 23:14:32 Image size of job updated: 7437988
	61  -  MemoryUsage of job (MB)
	62208  -  ResidentSetSize of job (KB)
...
006 (8414414.007.000) 08/08 23:19:32 Image size of job updated: 7437988
	61  -  MemoryUsage of job (MB)
	62224  -  ResidentSetSize of job (KB)
...
006 (8414414.007.000) 08/08 23:24:32 Image size of job updated: 7437988
	61  -  MemoryUsage of job (MB)
	62244  -  ResidentSetSize of job (KB)
...
006 (8414414.007.000) 08/08 23:29:33 Image size of job updated: 7437988
	61  -  MemoryUsage of job (MB)
	62264  -  ResidentSetSize of job (KB)
...
006 (8414414.007.000) 08/08 23:39:34 Image size of job updated: 7437988
	61  -  MemoryUsage of job (MB)
	62280  -  ResidentSetSize of job (KB)
...
006 (8414414.007.000) 08/08 23:44:35 Image size of job updated: 7437988
	61  -  MemoryUsage of job (MB)
	62300  -  ResidentSetSize of job (KB)
...
006 (8414414.007.000) 08/08 23:49:36 Image size of job updated: 7437988
	61  -  MemoryUsage of job (MB)
	62312  -  ResidentSetSize of job (KB)
...
006 (8414414.007.000) 08/08 23:54:36 Image size of job updated: 7437988
	61  -  MemoryUsage of job (MB)
	62320  -  ResidentSetSize of job (KB)
...
006 (8414414.007.000) 08/08 23:59:36 Image size of job updated: 7437988
	61  -  MemoryUsage of job (MB)
	62336  -  ResidentSetSize of job (KB)
...
006 (8414414.007.000) 08/09 00:04:36 Image size of job updated: 7437988
	61  -  MemoryUsage of job (MB)
	62356  -  ResidentSetSize of job (KB)
...
006 (8414414.007.000) 08/09 00:09:37 Image size of job updated: 7437988
	61  -  MemoryUsage of job (MB)
	62368  -  ResidentSetSize of job (KB)
...
006 (8414414.007.000) 08/09 00:19:38 Image size of job updated: 7437988
	61  -  MemoryUsage of job (MB)
	62376  -  ResidentSetSize of job (KB)
...
006 (8414414.007.000) 08/09 00:24:39 Image size of job updated: 7437988
	61  -  MemoryUsage of job (MB)
	62392  -  ResidentSetSize of job (KB)
...
006 (8414414.007.000) 08/09 00:29:40 Image size of job updated: 7437988
	61  -  MemoryUsage of job (MB)
	62412  -  ResidentSetSize of job (KB)
...
006 (8414414.007.000) 08/09 00:34:41 Image size of job updated: 7437988
	61  -  MemoryUsage of job (MB)
	62424  -  ResidentSetSize of job (KB)
...
006 (8414414.007.000) 08/09 00:44:41 Image size of job updated: 7437988
	61  -  MemoryUsage of job (MB)
	62432  -  ResidentSetSize of job (KB)
...
006 (8414414.007.000) 08/09 00:49:42 Image size of job updated: 7437988
	61  -  MemoryUsage of job (MB)
	62448  -  ResidentSetSize of job (KB)
...
006 (8414414.007.000) 08/09 00:54:42 Image size of job updated: 7437988
	62  -  MemoryUsage of job (MB)
	62468  -  ResidentSetSize of job (KB)
...
006 (8414414.007.000) 08/09 01:04:42 Image size of job updated: 7437988
	62  -  MemoryUsage of job (MB)
	62480  -  ResidentSetSize of job (KB)
...
006 (8414414.007.000) 08/09 01:09:43 Image size of job updated: 7437988
	62  -  MemoryUsage of job (MB)
	62488  -  ResidentSetSize of job (KB)
...
006 (8414414.007.000) 08/09 01:14:44 Image size of job updated: 7437988
	62  -  MemoryUsage of job (MB)
	62504  -  ResidentSetSize of job (KB)
...
006 (8414414.007.000) 08/09 01:24:45 Image size of job updated: 7437988
	62  -  MemoryUsage of job (MB)
	62524  -  ResidentSetSize of job (KB)
...
006 (8414414.007.000) 08/09 01:29:46 Image size of job updated: 7437988
	62  -  MemoryUsage of job (MB)
	62536  -  ResidentSetSize of job (KB)
...
006 (8414414.007.000) 08/09 01:34:46 Image size of job updated: 7437988
	62  -  MemoryUsage of job (MB)
	62544  -  ResidentSetSize of job (KB)
...
006 (8414414.007.000) 08/09 01:44:47 Image size of job updated: 7437988
	62  -  MemoryUsage of job (MB)
	62560  -  ResidentSetSize of job (KB)
...
006 (8414414.007.000) 08/09 01:49:48 Image size of job updated: 7437988
	62  -  MemoryUsage of job (MB)
	62584  -  ResidentSetSize of job (KB)
...
006 (8414414.007.000) 08/09 01:54:48 Image size of job updated: 7437988
	62  -  MemoryUsage of job (MB)
	62596  -  ResidentSetSize of job (KB)
...
006 (8414414.007.000) 08/09 01:59:48 Image size of job updated: 7437988
	62  -  MemoryUsage of job (MB)
	62604  -  ResidentSetSize of job (KB)
...
006 (8414414.007.000) 08/09 02:09:50 Image size of job updated: 7437988
	62  -  MemoryUsage of job (MB)
	62620  -  ResidentSetSize of job (KB)
...
006 (8414414.007.000) 08/09 02:14:50 Image size of job updated: 7437988
	62  -  MemoryUsage of job (MB)
	62644  -  ResidentSetSize of job (KB)
...
006 (8414414.007.000) 08/09 02:19:50 Image size of job updated: 7437988
	62  -  MemoryUsage of job (MB)
	62656  -  ResidentSetSize of job (KB)
...
006 (8414414.007.000) 08/09 02:24:51 Image size of job updated: 7437988
	62  -  MemoryUsage of job (MB)
	62664  -  ResidentSetSize of job (KB)
...
006 (8414414.007.000) 08/09 02:29:52 Image size of job updated: 7437988
	62  -  MemoryUsage of job (MB)
	62680  -  ResidentSetSize of job (KB)
...
006 (8414414.007.000) 08/09 02:39:53 Image size of job updated: 7437988
	62  -  MemoryUsage of job (MB)
	62704  -  ResidentSetSize of job (KB)
...
006 (8414414.007.000) 08/09 02:44:54 Image size of job updated: 7437988
	62  -  MemoryUsage of job (MB)
	62716  -  ResidentSetSize of job (KB)
...
006 (8414414.007.000) 08/09 02:49:54 Image size of job updated: 7437988
	62  -  MemoryUsage of job (MB)
	62724  -  ResidentSetSize of job (KB)
...
006 (8414414.007.000) 08/09 02:54:54 Image size of job updated: 7437988
	62  -  MemoryUsage of job (MB)
	62740  -  ResidentSetSize of job (KB)
...
006 (8414414.007.000) 08/09 02:59:55 Image size of job updated: 7437988
	62  -  MemoryUsage of job (MB)
	62764  -  ResidentSetSize of job (KB)
...
006 (8414414.007.000) 08/09 03:04:56 Image size of job updated: 7437988
	62  -  MemoryUsage of job (MB)
	62776  -  ResidentSetSize of job (KB)
...
006 (8414414.007.000) 08/09 03:14:56 Image size of job updated: 7437988
	62  -  MemoryUsage of job (MB)
	62784  -  ResidentSetSize of job (KB)
...
006 (8414414.007.000) 08/09 03:19:57 Image size of job updated: 7437988
	62  -  MemoryUsage of job (MB)
	62800  -  ResidentSetSize of job (KB)
...
006 (8414414.007.000) 08/09 03:24:58 Image size of job updated: 7437988
	62  -  MemoryUsage of job (MB)
	62824  -  ResidentSetSize of job (KB)
...
006 (8414414.007.000) 08/09 03:34:58 Image size of job updated: 7437988
	62  -  MemoryUsage of job (MB)
	62836  -  ResidentSetSize of job (KB)
...
006 (8414414.007.000) 08/09 03:39:59 Image size of job updated: 7437988
	62  -  MemoryUsage of job (MB)
	62844  -  ResidentSetSize of job (KB)
...
006 (8414414.007.000) 08/09 03:45:00 Image size of job updated: 7437988
	62  -  MemoryUsage of job (MB)
	62860  -  ResidentSetSize of job (KB)
...
006 (8414414.007.000) 08/09 03:50:00 Image size of job updated: 7437988
	62  -  MemoryUsage of job (MB)
	62884  -  ResidentSetSize of job (KB)
...
006 (8414414.007.000) 08/09 03:55:00 Image size of job updated: 7437988
	62  -  MemoryUsage of job (MB)
	62896  -  ResidentSetSize of job (KB)
...
006 (8414414.007.000) 08/09 04:05:02 Image size of job updated: 7437988
	62  -  MemoryUsage of job (MB)
	62904  -  ResidentSetSize of job (KB)
...
006 (8414414.007.000) 08/09 04:10:02 Image size of job updated: 7437988
	62  -  MemoryUsage of job (MB)
	62920  -  ResidentSetSize of job (KB)
...
006 (8414414.007.000) 08/09 04:15:03 Image size of job updated: 7437988
	62  -  MemoryUsage of job (MB)
	62944  -  ResidentSetSize of job (KB)
...
006 (8414414.007.000) 08/09 04:20:04 Image size of job updated: 7437988
	62  -  MemoryUsage of job (MB)
	62956  -  ResidentSetSize of job (KB)
...
006 (8414414.007.000) 08/09 04:30:04 Image size of job updated: 7437988
	62  -  MemoryUsage of job (MB)
	62964  -  ResidentSetSize of job (KB)
...
006 (8414414.007.000) 08/09 04:35:05 Image size of job updated: 7437988
	62  -  MemoryUsage of job (MB)
	62980  -  ResidentSetSize of job (KB)
...
006 (8414414.007.000) 08/09 04:40:06 Image size of job updated: 7437988
	62  -  MemoryUsage of job (MB)
	63004  -  ResidentSetSize of job (KB)
...
006 (8414414.007.000) 08/09 04:50:06 Image size of job updated: 7437988
	62  -  MemoryUsage of job (MB)
	63016  -  ResidentSetSize of job (KB)
...
006 (8414414.007.000) 08/09 04:55:07 Image size of job updated: 7437988
	62  -  MemoryUsage of job (MB)
	63024  -  ResidentSetSize of job (KB)
...
006 (8414414.007.000) 08/09 05:00:08 Image size of job updated: 7437988
	62  -  MemoryUsage of job (MB)
	63040  -  ResidentSetSize of job (KB)
...
006 (8414414.007.000) 08/09 05:05:08 Image size of job updated: 7437988
	62  -  MemoryUsage of job (MB)
	63064  -  ResidentSetSize of job (KB)
...
006 (8414414.007.000) 08/09 05:10:08 Image size of job updated: 7437988
	62  -  MemoryUsage of job (MB)
	63076  -  ResidentSetSize of job (KB)
...
006 (8414414.007.000) 08/09 05:15:09 Image size of job updated: 7437988
	62  -  MemoryUsage of job (MB)
	63084  -  ResidentSetSize of job (KB)
...
006 (8414414.007.000) 08/09 05:20:10 Image size of job updated: 7437988
	62  -  MemoryUsage of job (MB)
	63100  -  ResidentSetSize of job (KB)
...
006 (8414414.007.000) 08/09 05:25:11 Image size of job updated: 7437988
	62  -  MemoryUsage of job (MB)
	63124  -  ResidentSetSize of job (KB)
...
006 (8414414.007.000) 08/09 05:35:12 Image size of job updated: 7437988
	62  -  MemoryUsage of job (MB)
	63136  -  ResidentSetSize of job (KB)
...
006 (8414414.007.000) 08/09 05:40:13 Image size of job updated: 7437988
	62  -  MemoryUsage of job (MB)
	63144  -  ResidentSetSize of job (KB)
...
006 (8414414.007.000) 08/09 05:45:13 Image size of job updated: 7437988
	62  -  MemoryUsage of job (MB)
	63160  -  ResidentSetSize of job (KB)
...
006 (8414414.007.000) 08/09 05:50:13 Image size of job updated: 7437988
	62  -  MemoryUsage of job (MB)
	63184  -  ResidentSetSize of job (KB)
...
006 (8414414.007.000) 08/09 05:55:14 Image size of job updated: 7437988
	62  -  MemoryUsage of job (MB)
	63196  -  ResidentSetSize of job (KB)
...
006 (8414414.007.000) 08/09 06:00:15 Image size of job updated: 7437988
	62  -  MemoryUsage of job (MB)
	63204  -  ResidentSetSize of job (KB)
...
006 (8414414.007.000) 08/09 06:05:15 Image size of job updated: 7437988
	62  -  MemoryUsage of job (MB)
	63220  -  ResidentSetSize of job (KB)
...
006 (8414414.007.000) 08/09 06:10:15 Image size of job updated: 7437988
	62  -  MemoryUsage of job (MB)
	63244  -  ResidentSetSize of job (KB)
...
006 (8414414.007.000) 08/09 06:20:16 Image size of job updated: 7437988
	62  -  MemoryUsage of job (MB)
	63256  -  ResidentSetSize of job (KB)
...
006 (8414414.007.000) 08/09 06:25:17 Image size of job updated: 7437988
	62  -  MemoryUsage of job (MB)
	63264  -  ResidentSetSize of job (KB)
...
006 (8414414.007.000) 08/09 06:30:17 Image size of job updated: 7437988
	62  -  MemoryUsage of job (MB)
	63280  -  ResidentSetSize of job (KB)
...
006 (8414414.007.000) 08/09 06:35:17 Image size of job updated: 7437988
	62  -  MemoryUsage of job (MB)
	63304  -  ResidentSetSize of job (KB)
...
006 (8414414.007.000) 08/09 06:40:18 Image size of job updated: 7437988
	62  -  MemoryUsage of job (MB)
	63316  -  ResidentSetSize of job (KB)
...
006 (8414414.007.000) 08/09 06:45:19 Image size of job updated: 7437988
	62  -  MemoryUsage of job (MB)
	63324  -  ResidentSetSize of job (KB)
...
006 (8414414.007.000) 08/09 06:50:19 Image size of job updated: 7437988
	62  -  MemoryUsage of job (MB)
	63340  -  ResidentSetSize of job (KB)
...
040 (8414414.007.000) 08/09 06:50:38 Started transferring output files
...
040 (8414414.007.000) 08/09 06:50:38 Finished transferring output files
...
005 (8414414.007.000) 08/09 06:50:38 Job terminated.
	(1) Normal termination (return value 1)
		Usr 1 03:47:34, Sys 0 00:46:41  -  Run Remote Usage
		Usr 0 00:00:00, Sys 0 00:00:00  -  Run Local Usage
		Usr 1 03:47:34, Sys 0 00:46:41  -  Total Remote Usage
		Usr 0 00:00:00, Sys 0 00:00:00  -  Total Local Usage
	176507  -  Run Bytes Sent By Job
	1379  -  Run Bytes Received By Job
	176507  -  Total Bytes Sent By Job
	1379  -  Total Bytes Received By Job
	Partitionable Resources :    Usage  Request Allocated 
	   Cpus                 :     1.00       16        16 
	   Disk (KB)            :   204           2   1721601 
	   Memory (MB)          :    62       32000     32000 

	Job terminated of its own accord at 2023-08-09T04:50:38Z.
...
