option: SCv4_GamGamEE-sd_13TeV_pt0.DAT
/afs/cern.ch/user/m/malvesga/Generator/superchic4.14/bin
/eos/home-m/malvesga/SWAN_projects/pylhe
/afs/cern.ch/user/m/malvesga/Generator/superchic4.14/bin
condor_superchic.sub
evrecs
init
input.DAT
inputs
out_ee_el.txt
out_ee_sd.txt
out_mumu_el.txt
out_mumu_sd.txt
output
output_dd.txt
output_el.txt
outputs
output_sd_100000ev.txt
output_sd.txt
SCv4_GamGamEE-dd_13TeV_pt0.DAT
SCv4_GamGamEE-el_13TeV_pt0.DAT
SCv4_GamGamEE-sd_13TeV_pt0.DAT
SCv4_GamGamMuMu-dd_13TeV_pt0.DAT
SCv4_GamGamMuMu-el_13TeV_pt0.DAT
SCv4_GamGamMuMu-sd_13TeV_pt0.DAT
SCv4_GamGamWW-dd_13TeV_pt0.DAT
SCv4_GamGamWW-el_13TeV_pt0.DAT
SCv4_GamGamWW-sd_13TeV_pt0.DAT
set_condor.csh
sub_condor_superchic.csh
superchic
MANPATH=/cvmfs/cms.cern.ch/share/man:/cvmfs/cms.cern.ch/share/man:/opt/glite/share/man:/cvmfs/cms.cern.ch/share/man::/opt/puppetlabs/puppet/share/man::
_CONDOR_JOB_PIDS=
CUBACORES=8
XDG_SESSION_ID=c40110
HOSTNAME=b7s11p2582.cern.ch
GUESTFISH_INIT=\e[1;34m
VIRTUALENVWRAPPER_SCRIPT=/usr/bin/virtualenvwrapper.sh
SELINUX_ROLE_REQUESTED=
VO_VO_L3_CERN_CH_SW_DIR=/afs/cern.ch/l3
VO_ALICE_SW_DIR=/afs/cern.ch/project/gd/apps/alice
GRID_ENV_LOCATION=/usr/libexec
TERM=xterm
SHELL=/bin/bash
HISTSIZE=1000
SSH_CLIENT=2a01:cb15:447:800:942b:5073:7ce9:c891 58606 22
TMPDIR=/pool/condor/dir_27626/tmp
VO_OPS_DEFAULT_SE=srm-public.cern.ch
CONDA_SHLVL=0
OPENBLAS_NUM_THREADS=8
SELINUX_USE_CURRENT_RANGE=
CVSROOT=:gserver:cmssw.cvs.cern.ch:/local/reps/CMSSW
_CONDOR_SCRATCH_DIR=/pool/condor/dir_27626
VO_NA48_SW_DIR=/afs/cern.ch/project/gd/apps/na48
QTDIR=/usr/lib64/qt-3.3
QTINC=/usr/lib64/qt-3.3/include
SCRAM_ARCH=slc7_amd64_gcc10
VO_VO_OPAL_CERN_CH_DEFAULT_SE=srm-public.cern.ch
SSH_TTY=/dev/pts/72
GRIDMAPDIR=/etc/grid-security/gridmapdir
STAGE_HOST=castorcms
VO_VO_ALEPH_CERN_CH_SW_DIR=/afs/cern.ch/aleph
QT_GRAPHICSSYSTEM_CHECKED=1
USER=malvesga
_CHIRP_DELAYED_UPDATE_PREFIX=Chirp*
LS_COLORS=rs=0:di=01;34:ln=01;36:mh=00:pi=40;33:so=01;35:do=01;35:bd=40;33;01:cd=40;33;01:or=40;31;01:mi=01;05;37;41:su=37;41:sg=30;43:ca=30;41:tw=30;42:ow=34;42:st=37;44:ex=01;32:*.tar=01;31:*.tgz=01;31:*.arc=01;31:*.arj=01;31:*.taz=01;31:*.lha=01;31:*.lz4=01;31:*.lzh=01;31:*.lzma=01;31:*.tlz=01;31:*.txz=01;31:*.tzo=01;31:*.t7z=01;31:*.zip=01;31:*.z=01;31:*.Z=01;31:*.dz=01;31:*.gz=01;31:*.lrz=01;31:*.lz=01;31:*.lzo=01;31:*.xz=01;31:*.bz2=01;31:*.bz=01;31:*.tbz=01;31:*.tbz2=01;31:*.tz=01;31:*.deb=01;31:*.rpm=01;31:*.jar=01;31:*.war=01;31:*.ear=01;31:*.sar=01;31:*.rar=01;31:*.alz=01;31:*.ace=01;31:*.zoo=01;31:*.cpio=01;31:*.7z=01;31:*.rz=01;31:*.cab=01;31:*.jpg=01;35:*.jpeg=01;35:*.gif=01;35:*.bmp=01;35:*.pbm=01;35:*.pgm=01;35:*.ppm=01;35:*.tga=01;35:*.xbm=01;35:*.xpm=01;35:*.tif=01;35:*.tiff=01;35:*.png=01;35:*.svg=01;35:*.svgz=01;35:*.mng=01;35:*.pcx=01;35:*.mov=01;35:*.mpg=01;35:*.mpeg=01;35:*.m2v=01;35:*.mkv=01;35:*.webm=01;35:*.ogm=01;35:*.mp4=01;35:*.m4v=01;35:*.mp4v=01;35:*.vob=01;35:*.qt=01;35:*.nuv=01;35:*.wmv=01;35:*.asf=01;35:*.rm=01;35:*.rmvb=01;35:*.flc=01;35:*.avi=01;35:*.fli=01;35:*.flv=01;35:*.gl=01;35:*.dl=01;35:*.xcf=01;35:*.xwd=01;35:*.yuv=01;35:*.cgm=01;35:*.emf=01;35:*.axv=01;35:*.anx=01;35:*.ogv=01;35:*.ogx=01;35:*.aac=01;36:*.au=01;36:*.flac=01;36:*.mid=01;36:*.midi=01;36:*.mka=01;36:*.mp3=01;36:*.mpc=01;36:*.ogg=01;36:*.ra=01;36:*.wav=01;36:*.axa=01;36:*.oga=01;36:*.spx=01;36:*.xspf=01;36:
TEMP=/tmp
_CONDOR_ANCESTOR_3776=27626:1690414585:3415375131
VO_DTEAM_SW_DIR=/afs/cern.ch/project/gd/apps/dteam
VO_CMS_SW_DIR=/cvmfs/cms.cern.ch
VO_VO_ALEPH_CERN_CH_DEFAULT_SE=srm-public.cern.ch
LCG_LOCATION=/usr
JULIA_NUM_THREADS=8
BATCH_SYSTEM=HTCondor
VO_VO_OPAL_CERN_CH_SW_DIR=/afs/cern.ch/opal
SSH_AUTH_SOCK=/tmp/ssh-CRMPnVvuVA/agent.13801
_CONDOR_CHIRP_CONFIG=/pool/condor/dir_27626/.chirp.config
VO_ILC_DEFAULT_SE=srm-public.cern.ch
VO_LHCB_DEFAULT_SE=srm-lhcb.cern.ch
CASTOR_HOME=/castor/cern.ch/user/m/malvesga
VO_OPS_SW_DIR=/afs/cern.ch/project/gd/apps/ops
VO_GEANT4_DEFAULT_SE=lxdpm101.cern.ch
VO_ATLAS_DEFAULT_SE=srm-atlas.cern.ch
SITECONFIG_PATH=/cvmfs/cms.cern.ch/SITECONF/local
GUESTFISH_PS1=\[\e[1;32m\]><fs>\[\e[0;31m\] 
ATLAS_CGROUPS_BASE=/cgroup/memory
VO_UNOSAT_DEFAULT_SE=srm-public.cern.ch
MAIL=/var/spool/mail/malvesga
TF_NUM_THREADS=8
PATH=/afs/cern.ch/user/m/malvesga/Generator/LHAPDF-6.2.3/bin:/afs/cern.ch/cms/caf/scripts:/cvmfs/cms.cern.ch/common:/afs/cern.ch/cms/caf/scripts:/cvmfs/cms.cern.ch/common:/afs/cern.ch/cms/caf/scripts:/cvmfs/cms.cern.ch/common:/usr/sue/bin:/usr/lib64/qt-3.3/bin:/usr/condabin:/usr/local/bin:/usr/bin:/usr/local/sbin:/usr/sbin:/opt/puppetlabs/bin:/afs/cern.ch/user/m/malvesga/bin:/opt/puppetlabs/bin
_CONDOR_BIN=/usr/bin
CMS_PATH=/cvmfs/cms.cern.ch
MKL_NUM_THREADS=8
VO_DTEAM_DEFAULT_SE=srm-public.cern.ch
VO_CMS_DEFAULT_SE=srm-cms.cern.ch
PWD=/afs/cern.ch/user/m/malvesga/Generator/superchic4.14/bin
NUMEXPR_NUM_THREADS=8
EDITOR=/bin/nano -w
JOBFEATURES=/tmp/mjf-malvesga/jobfeatures-bigbird13.cern.ch_8382885.3_1690414532
VO_VO_DELPHI_CERN_CH_SW_DIR=/afs/cern.ch/delphi
LANG=en_US.UTF-8
_CONDOR_WRAPPER_ERROR_FILE=/pool/condor/dir_27626/.job_wrapper_failure
MODULEPATH=/usr/share/Modules/modulefiles:/etc/modulefiles
LOADEDMODULES=
GUESTFISH_OUTPUT=\e[0m
QT_GRAPHICSSYSTEM=native
KDEDIRS=/usr
_CONDOR_SLOT=slot1_4
SELINUX_LEVEL_REQUESTED=
MYPROXY_SERVER=myproxy.cern.ch
EOS_MGM_URL=root://eoscms.cern.ch
HISTCONTROL=ignoredups
GOMAXPROCS=8
SSH_ASKPASS=/usr/libexec/openssh/gnome-ssh-askpass
KRB5CCNAME=FILE:/pool/condor/dir_27626/malvesga.cc
VO_LHCB_SW_DIR=/cvmfs/lhcb.cern.ch
GLEXEC_LOCATION=/usr
TEXINPUTS=:/cvmfs/cms.cern.ch/latex/styles
VO_VO_L3_CERN_CH_DEFAULT_SE=srm-public.cern.ch
VO_ALICE_DEFAULT_SE=srm-alice.cern.ch
GLITE_LOCATION_VAR=/var
HOME=/afs/cern.ch/user/m/malvesga
SHLVL=2
MACHINEFEATURES=/etc/machinefeatures
_CONDOR_PID_NS_INIT_STATUS_FILENAME=/pool/condor/dir_27626/.condor_pid_ns_status
_CONDOR_MACHINE_AD=/pool/condor/dir_27626/.machine.ad
_CONDOR_ANCESTOR_3000=3776:1678791356:1715348513
GRID_VO_ENV_SET=true
_VIRTUALENVWRAPPER_API= mkvirtualenv rmvirtualenv lsvirtualenv showvirtualenv workon add2virtualenv cdsitepackages cdvirtualenv lssitepackages toggleglobalsitepackages cpvirtualenv setvirtualenvproject mkproject cdproject mktmpenv wipeenv allvirtualenv mkvirtualenv rmvirtualenv lsvirtualenv showvirtualenv workon add2virtualenv cdsitepackages cdvirtualenv lssitepackages toggleglobalsitepackages cpvirtualenv setvirtualenvproject mkproject cdproject mktmpenv wipeenv allvirtualenv
VO_VO_DELPHI_CERN_CH_DEFAULT_SE=srm-public.cern.ch
GLITE_ENV_SET=TRUE
VO_ILC_SW_DIR=/cvmfs/ilc.desy.de
TMP=/tmp
LCG_GFAL_INFOSYS=lcg-bdii.cern.ch:2170
LOGNAME=malvesga
CVS_RSH=ssh
QTLIB=/usr/lib64/qt-3.3/lib
VO_UNOSAT_SW_DIR=/afs/cern.ch/project/gd/apps/unosat
SSH_CONNECTION=2a01:cb15:447:800:942b:5073:7ce9:c891 58606 2001:1458:d00:62::100:446 22
XDG_DATA_DIRS=/afs/cern.ch/user/m/malvesga/.local/share/flatpak/exports/share:/var/lib/flatpak/exports/share:/usr/local/share:/usr/share
MODULESHOME=/usr/share/Modules
LESSOPEN=||/usr/bin/lesspipe.sh %s
OMP_NUM_THREADS=8
VO_NA48_DEFAULT_SE=srm-public.cern.ch
_CONDOR_JOB_AD=/pool/condor/dir_27626/.job.ad
VO_GEANT4_SW_DIR=/afs/cern.ch/project/gd/apps/geant4
VO_ATLAS_SW_DIR=/cvmfs/atlas.cern.ch/repo/sw
XDG_RUNTIME_DIR=/run/user/109700
DISPLAY=localhost:27.0
GLITE_LOCATION=/usr
OMP_THREAD_LIMIT=8
QT_PLUGIN_PATH=/usr/lib64/kde4/plugins:/usr/lib/kde4/plugins
_CONDOR_ANCESTOR_27626=27727:1690414586:464699519
SITE_NAME=CERN-PROD
_CONDOR_JOB_IWD=/pool/condor/dir_27626
GUESTFISH_RESTORE=\e[0m
SRM_PATH=/opt/d-cache/srm
TF_LOOP_PARALLEL_ITERATIONS=8
BASH_FUNC_cmsrel()=() {  scramv1 project CMSSW $@
}
BASH_FUNC_cmsenv()=() {  eval `scramv1 runtime -sh`
}
HOSTTYPE=x86_64-linux
VENDOR=unknown
OSTYPE=linux
MACHTYPE=x86_64
GROUP=zh
HOST=b7s11p2582.cern.ch
Running...
/.superchic
