000 (8382885.007.000) 07/27 01:35:32 Job submitted from host: <137.138.156.150:9618?addrs=137.138.156.150-9618+[2001-1458-d00-14--9a]-9618&alias=bigbird13.cern.ch&noUDP&sock=schedd_6524_7ff5>
...
040 (8382885.007.000) 07/27 01:36:28 Started transferring input files
	Transferring to host: <128.142.195.49:9618?addrs=128.142.195.49-9618+[2001-1458-301-26--100-31]-9618&alias=b7g31p4926.cern.ch&noUDP&sock=slot1_5_1471_33d5_99878>
...
040 (8382885.007.000) 07/27 01:36:28 Finished transferring input files
...
001 (8382885.007.000) 07/27 01:36:28 Job executing on host: <128.142.195.49:9618?addrs=128.142.195.49-9618+[2001-1458-301-26--100-31]-9618&alias=b7g31p4926.cern.ch&noUDP&sock=startd_1430_7085>
...
006 (8382885.007.000) 07/27 01:36:29 Image size of job updated: 2408
	0  -  MemoryUsage of job (MB)
	0  -  ResidentSetSize of job (KB)
...
040 (8382885.007.000) 07/27 01:36:29 Started transferring output files
...
040 (8382885.007.000) 07/27 01:36:29 Finished transferring output files
...
005 (8382885.007.000) 07/27 01:36:29 Job terminated.
	(1) Normal termination (return value 1)
		Usr 0 00:00:01, Sys 0 00:00:00  -  Run Remote Usage
		Usr 0 00:00:00, Sys 0 00:00:00  -  Run Local Usage
		Usr 0 00:00:01, Sys 0 00:00:00  -  Total Remote Usage
		Usr 0 00:00:00, Sys 0 00:00:00  -  Total Local Usage
	7802  -  Run Bytes Sent By Job
	1372  -  Run Bytes Received By Job
	7802  -  Total Bytes Sent By Job
	1372  -  Total Bytes Received By Job
	Partitionable Resources :    Usage  Request Allocated 
	   Cpus                 :                 8         8 
	   Disk (KB)            :       32        2   1290724 
	   Memory (MB)          :        0    16000     16000 

	Job terminated of its own accord at 2023-07-26T23:36:29Z.
...
