000 (8383301.000.000) 07/27 12:24:31 Job submitted from host: <137.138.156.150:9618?addrs=137.138.156.150-9618+[2001-1458-d00-14--9a]-9618&alias=bigbird13.cern.ch&noUDP&sock=schedd_6524_7ff5>
...
040 (8383301.000.000) 07/27 12:36:12 Started transferring input files
	Transferring to host: <128.142.57.77:9618?addrs=128.142.57.77-9618+[2001-1458-301-7--100-4c]-9618&alias=b7s02p0412.cern.ch&noUDP&sock=slot1_12_22455_542a_31063>
...
001 (8383301.000.000) 07/27 12:36:12 Job executing on host: <128.142.57.77:9618?addrs=128.142.57.77-9618+[2001-1458-301-7--100-4c]-9618&alias=b7s02p0412.cern.ch&noUDP&sock=startd_22415_6771>
...
040 (8383301.000.000) 07/27 12:36:12 Finished transferring input files
...
006 (8383301.000.000) 07/27 12:36:20 Image size of job updated: 7435216
	5  -  MemoryUsage of job (MB)
	4628  -  ResidentSetSize of job (KB)
...
006 (8383301.000.000) 07/27 12:41:20 Image size of job updated: 7435216
	5  -  MemoryUsage of job (MB)
	4840  -  ResidentSetSize of job (KB)
...
006 (8383301.000.000) 07/27 12:51:21 Image size of job updated: 7435216
	5  -  MemoryUsage of job (MB)
	4888  -  ResidentSetSize of job (KB)
...
006 (8383301.000.000) 07/27 12:56:21 Image size of job updated: 7435216
	5  -  MemoryUsage of job (MB)
	4920  -  ResidentSetSize of job (KB)
...
006 (8383301.000.000) 07/27 13:01:22 Image size of job updated: 7435216
	5  -  MemoryUsage of job (MB)
	4952  -  ResidentSetSize of job (KB)
...
006 (8383301.000.000) 07/27 13:11:23 Image size of job updated: 7435216
	5  -  MemoryUsage of job (MB)
	4984  -  ResidentSetSize of job (KB)
...
006 (8383301.000.000) 07/27 13:16:24 Image size of job updated: 7435216
	5  -  MemoryUsage of job (MB)
	5032  -  ResidentSetSize of job (KB)
...
006 (8383301.000.000) 07/27 13:21:25 Image size of job updated: 7435216
	5  -  MemoryUsage of job (MB)
	5064  -  ResidentSetSize of job (KB)
...
006 (8383301.000.000) 07/27 13:26:25 Image size of job updated: 7435216
	5  -  MemoryUsage of job (MB)
	5096  -  ResidentSetSize of job (KB)
...
006 (8383301.000.000) 07/27 13:36:26 Image size of job updated: 7435216
	6  -  MemoryUsage of job (MB)
	5128  -  ResidentSetSize of job (KB)
...
006 (8383301.000.000) 07/27 13:41:26 Image size of job updated: 7435216
	6  -  MemoryUsage of job (MB)
	5176  -  ResidentSetSize of job (KB)
...
006 (8383301.000.000) 07/27 13:46:26 Image size of job updated: 7435216
	6  -  MemoryUsage of job (MB)
	5208  -  ResidentSetSize of job (KB)
...
006 (8383301.000.000) 07/27 13:56:28 Image size of job updated: 7435216
	6  -  MemoryUsage of job (MB)
	5240  -  ResidentSetSize of job (KB)
...
006 (8383301.000.000) 07/27 14:01:28 Image size of job updated: 7435216
	6  -  MemoryUsage of job (MB)
	5272  -  ResidentSetSize of job (KB)
...
006 (8383301.000.000) 07/27 14:06:29 Image size of job updated: 7435216
	6  -  MemoryUsage of job (MB)
	5320  -  ResidentSetSize of job (KB)
...
006 (8383301.000.000) 07/27 14:11:30 Image size of job updated: 7435216
	6  -  MemoryUsage of job (MB)
	5352  -  ResidentSetSize of job (KB)
...
006 (8383301.000.000) 07/27 14:21:30 Image size of job updated: 7435216
	6  -  MemoryUsage of job (MB)
	5384  -  ResidentSetSize of job (KB)
...
006 (8383301.000.000) 07/27 14:26:31 Image size of job updated: 7435216
	6  -  MemoryUsage of job (MB)
	5416  -  ResidentSetSize of job (KB)
...
006 (8383301.000.000) 07/27 14:31:31 Image size of job updated: 7435216
	6  -  MemoryUsage of job (MB)
	5464  -  ResidentSetSize of job (KB)
...
006 (8383301.000.000) 07/27 14:41:32 Image size of job updated: 7435216
	6  -  MemoryUsage of job (MB)
	5496  -  ResidentSetSize of job (KB)
...
006 (8383301.000.000) 07/27 14:46:33 Image size of job updated: 7435216
	6  -  MemoryUsage of job (MB)
	5528  -  ResidentSetSize of job (KB)
...
006 (8383301.000.000) 07/27 14:51:33 Image size of job updated: 7435216
	6  -  MemoryUsage of job (MB)
	5560  -  ResidentSetSize of job (KB)
...
006 (8383301.000.000) 07/27 14:56:33 Image size of job updated: 7435216
	6  -  MemoryUsage of job (MB)
	5608  -  ResidentSetSize of job (KB)
...
006 (8383301.000.000) 07/27 15:01:34 Image size of job updated: 7435216
	6  -  MemoryUsage of job (MB)
	5640  -  ResidentSetSize of job (KB)
...
006 (8383301.000.000) 07/27 15:06:34 Image size of job updated: 7435216
	6  -  MemoryUsage of job (MB)
	5672  -  ResidentSetSize of job (KB)
...
006 (8383301.000.000) 07/27 15:11:34 Image size of job updated: 7435216
	6  -  MemoryUsage of job (MB)
	5704  -  ResidentSetSize of job (KB)
...
006 (8383301.000.000) 07/27 15:21:36 Image size of job updated: 7435216
	6  -  MemoryUsage of job (MB)
	5784  -  ResidentSetSize of job (KB)
...
006 (8383301.000.000) 07/27 15:31:36 Image size of job updated: 7435216
	6  -  MemoryUsage of job (MB)
	5816  -  ResidentSetSize of job (KB)
...
006 (8383301.000.000) 07/27 15:36:37 Image size of job updated: 7435216
	6  -  MemoryUsage of job (MB)
	5848  -  ResidentSetSize of job (KB)
...
006 (8383301.000.000) 07/27 15:41:38 Image size of job updated: 7435216
	6  -  MemoryUsage of job (MB)
	5896  -  ResidentSetSize of job (KB)
...
006 (8383301.000.000) 07/27 15:46:38 Image size of job updated: 7435216
	6  -  MemoryUsage of job (MB)
	5928  -  ResidentSetSize of job (KB)
...
006 (8383301.000.000) 07/27 15:51:39 Image size of job updated: 7435216
	6  -  MemoryUsage of job (MB)
	5960  -  ResidentSetSize of job (KB)
...
006 (8383301.000.000) 07/27 15:56:40 Image size of job updated: 7435216
	6  -  MemoryUsage of job (MB)
	5992  -  ResidentSetSize of job (KB)
...
006 (8383301.000.000) 07/27 16:01:40 Image size of job updated: 7435216
	6  -  MemoryUsage of job (MB)
	6040  -  ResidentSetSize of job (KB)
...
006 (8383301.000.000) 07/27 16:06:40 Image size of job updated: 7435216
	6  -  MemoryUsage of job (MB)
	6072  -  ResidentSetSize of job (KB)
...
006 (8383301.000.000) 07/27 16:11:41 Image size of job updated: 7435216
	6  -  MemoryUsage of job (MB)
	6104  -  ResidentSetSize of job (KB)
...
006 (8383301.000.000) 07/27 16:16:42 Image size of job updated: 7435216
	6  -  MemoryUsage of job (MB)
	6136  -  ResidentSetSize of job (KB)
...
006 (8383301.000.000) 07/27 16:26:43 Image size of job updated: 7435216
	7  -  MemoryUsage of job (MB)
	6184  -  ResidentSetSize of job (KB)
...
006 (8383301.000.000) 07/27 16:31:44 Image size of job updated: 7435216
	7  -  MemoryUsage of job (MB)
	6216  -  ResidentSetSize of job (KB)
...
006 (8383301.000.000) 07/27 16:36:45 Image size of job updated: 7435216
	7  -  MemoryUsage of job (MB)
	6248  -  ResidentSetSize of job (KB)
...
006 (8383301.000.000) 07/27 16:46:46 Image size of job updated: 7435216
	7  -  MemoryUsage of job (MB)
	6280  -  ResidentSetSize of job (KB)
...
006 (8383301.000.000) 07/27 16:51:47 Image size of job updated: 7435216
	7  -  MemoryUsage of job (MB)
	6328  -  ResidentSetSize of job (KB)
...
006 (8383301.000.000) 07/27 16:56:47 Image size of job updated: 7435216
	7  -  MemoryUsage of job (MB)
	6360  -  ResidentSetSize of job (KB)
...
006 (8383301.000.000) 07/27 17:01:47 Image size of job updated: 7435216
	7  -  MemoryUsage of job (MB)
	6392  -  ResidentSetSize of job (KB)
...
006 (8383301.000.000) 07/27 17:11:49 Image size of job updated: 7435216
	7  -  MemoryUsage of job (MB)
	6424  -  ResidentSetSize of job (KB)
...
006 (8383301.000.000) 07/27 17:16:49 Image size of job updated: 7435216
	7  -  MemoryUsage of job (MB)
	6472  -  ResidentSetSize of job (KB)
...
006 (8383301.000.000) 07/27 17:21:49 Image size of job updated: 7435216
	7  -  MemoryUsage of job (MB)
	6504  -  ResidentSetSize of job (KB)
...
006 (8383301.000.000) 07/27 17:26:50 Image size of job updated: 7435216
	7  -  MemoryUsage of job (MB)
	6536  -  ResidentSetSize of job (KB)
...
006 (8383301.000.000) 07/27 17:31:50 Image size of job updated: 7435216
	7  -  MemoryUsage of job (MB)
	6568  -  ResidentSetSize of job (KB)
...
006 (8383301.000.000) 07/27 17:41:51 Image size of job updated: 7435216
	7  -  MemoryUsage of job (MB)
	6616  -  ResidentSetSize of job (KB)
...
006 (8383301.000.000) 07/27 17:46:52 Image size of job updated: 7435216
	7  -  MemoryUsage of job (MB)
	6648  -  ResidentSetSize of job (KB)
...
006 (8383301.000.000) 07/27 17:51:52 Image size of job updated: 7435216
	7  -  MemoryUsage of job (MB)
	6680  -  ResidentSetSize of job (KB)
...
006 (8383301.000.000) 07/27 17:56:52 Image size of job updated: 7435216
	7  -  MemoryUsage of job (MB)
	6712  -  ResidentSetSize of job (KB)
...
006 (8383301.000.000) 07/27 18:01:53 Image size of job updated: 7435216
	7  -  MemoryUsage of job (MB)
	6760  -  ResidentSetSize of job (KB)
...
006 (8383301.000.000) 07/27 18:06:54 Image size of job updated: 7435216
	7  -  MemoryUsage of job (MB)
	6792  -  ResidentSetSize of job (KB)
...
006 (8383301.000.000) 07/27 18:16:55 Image size of job updated: 7435216
	7  -  MemoryUsage of job (MB)
	6856  -  ResidentSetSize of job (KB)
...
006 (8383301.000.000) 07/27 18:26:56 Image size of job updated: 7435216
	7  -  MemoryUsage of job (MB)
	6904  -  ResidentSetSize of job (KB)
...
006 (8383301.000.000) 07/27 18:31:56 Image size of job updated: 7435216
	7  -  MemoryUsage of job (MB)
	6968  -  ResidentSetSize of job (KB)
...
006 (8383301.000.000) 07/27 18:41:58 Image size of job updated: 7435216
	7  -  MemoryUsage of job (MB)
	7000  -  ResidentSetSize of job (KB)
...
006 (8383301.000.000) 07/27 18:46:58 Image size of job updated: 7435216
	7  -  MemoryUsage of job (MB)
	7048  -  ResidentSetSize of job (KB)
...
006 (8383301.000.000) 07/27 18:51:59 Image size of job updated: 7435216
	7  -  MemoryUsage of job (MB)
	7080  -  ResidentSetSize of job (KB)
...
006 (8383301.000.000) 07/27 18:57:00 Image size of job updated: 7435216
	7  -  MemoryUsage of job (MB)
	7112  -  ResidentSetSize of job (KB)
...
006 (8383301.000.000) 07/27 19:02:00 Image size of job updated: 7435216
	7  -  MemoryUsage of job (MB)
	7144  -  ResidentSetSize of job (KB)
...
006 (8383301.000.000) 07/27 19:12:01 Image size of job updated: 7435216
	8  -  MemoryUsage of job (MB)
	7192  -  ResidentSetSize of job (KB)
...
006 (8383301.000.000) 07/27 19:17:02 Image size of job updated: 7435216
	8  -  MemoryUsage of job (MB)
	7224  -  ResidentSetSize of job (KB)
...
006 (8383301.000.000) 07/27 19:22:02 Image size of job updated: 7435216
	8  -  MemoryUsage of job (MB)
	7256  -  ResidentSetSize of job (KB)
...
006 (8383301.000.000) 07/27 19:32:03 Image size of job updated: 7435216
	8  -  MemoryUsage of job (MB)
	7288  -  ResidentSetSize of job (KB)
...
006 (8383301.000.000) 07/27 19:37:03 Image size of job updated: 7435216
	8  -  MemoryUsage of job (MB)
	7336  -  ResidentSetSize of job (KB)
...
006 (8383301.000.000) 07/27 19:42:03 Image size of job updated: 7435216
	8  -  MemoryUsage of job (MB)
	7368  -  ResidentSetSize of job (KB)
...
006 (8383301.000.000) 07/27 19:52:05 Image size of job updated: 7435216
	8  -  MemoryUsage of job (MB)
	7400  -  ResidentSetSize of job (KB)
...
006 (8383301.000.000) 07/27 19:57:05 Image size of job updated: 7435216
	8  -  MemoryUsage of job (MB)
	7432  -  ResidentSetSize of job (KB)
...
006 (8383301.000.000) 07/27 20:02:05 Image size of job updated: 7435216
	8  -  MemoryUsage of job (MB)
	7480  -  ResidentSetSize of job (KB)
...
006 (8383301.000.000) 07/27 20:07:06 Image size of job updated: 7435216
	8  -  MemoryUsage of job (MB)
	7512  -  ResidentSetSize of job (KB)
...
006 (8383301.000.000) 07/27 20:12:07 Image size of job updated: 7435216
	8  -  MemoryUsage of job (MB)
	7544  -  ResidentSetSize of job (KB)
...
006 (8383301.000.000) 07/27 20:17:07 Image size of job updated: 7435216
	8  -  MemoryUsage of job (MB)
	7576  -  ResidentSetSize of job (KB)
...
006 (8383301.000.000) 07/27 20:27:09 Image size of job updated: 7435216
	8  -  MemoryUsage of job (MB)
	7624  -  ResidentSetSize of job (KB)
...
006 (8383301.000.000) 07/27 20:32:09 Image size of job updated: 7435216
	8  -  MemoryUsage of job (MB)
	7656  -  ResidentSetSize of job (KB)
...
006 (8383301.000.000) 07/27 20:37:09 Image size of job updated: 7435216
	8  -  MemoryUsage of job (MB)
	7688  -  ResidentSetSize of job (KB)
...
006 (8383301.000.000) 07/27 20:42:10 Image size of job updated: 7435216
	8  -  MemoryUsage of job (MB)
	7720  -  ResidentSetSize of job (KB)
...
006 (8383301.000.000) 07/27 20:52:11 Image size of job updated: 7435216
	8  -  MemoryUsage of job (MB)
	7768  -  ResidentSetSize of job (KB)
...
006 (8383301.000.000) 07/27 20:57:11 Image size of job updated: 7435216
	8  -  MemoryUsage of job (MB)
	7800  -  ResidentSetSize of job (KB)
...
006 (8383301.000.000) 07/27 21:07:13 Image size of job updated: 7435216
	8  -  MemoryUsage of job (MB)
	7832  -  ResidentSetSize of job (KB)
...
006 (8383301.000.000) 07/27 21:12:13 Image size of job updated: 7435216
	8  -  MemoryUsage of job (MB)
	7864  -  ResidentSetSize of job (KB)
...
006 (8383301.000.000) 07/27 21:17:14 Image size of job updated: 7435216
	8  -  MemoryUsage of job (MB)
	7912  -  ResidentSetSize of job (KB)
...
006 (8383301.000.000) 07/27 21:27:16 Image size of job updated: 7435216
	8  -  MemoryUsage of job (MB)
	7944  -  ResidentSetSize of job (KB)
...
006 (8383301.000.000) 07/27 21:32:16 Image size of job updated: 7435216
	8  -  MemoryUsage of job (MB)
	7976  -  ResidentSetSize of job (KB)
...
006 (8383301.000.000) 07/27 21:37:17 Image size of job updated: 7435216
	8  -  MemoryUsage of job (MB)
	8008  -  ResidentSetSize of job (KB)
...
006 (8383301.000.000) 07/27 21:47:18 Image size of job updated: 7435216
	8  -  MemoryUsage of job (MB)
	8056  -  ResidentSetSize of job (KB)
...
006 (8383301.000.000) 07/27 21:52:18 Image size of job updated: 7435216
	8  -  MemoryUsage of job (MB)
	8088  -  ResidentSetSize of job (KB)
...
006 (8383301.000.000) 07/27 21:57:19 Image size of job updated: 7435216
	8  -  MemoryUsage of job (MB)
	8120  -  ResidentSetSize of job (KB)
...
006 (8383301.000.000) 07/27 22:02:20 Image size of job updated: 7435216
	8  -  MemoryUsage of job (MB)
	8152  -  ResidentSetSize of job (KB)
...
006 (8383301.000.000) 07/27 22:12:20 Image size of job updated: 7435216
	9  -  MemoryUsage of job (MB)
	8200  -  ResidentSetSize of job (KB)
...
006 (8383301.000.000) 07/27 22:17:21 Image size of job updated: 7435216
	9  -  MemoryUsage of job (MB)
	8232  -  ResidentSetSize of job (KB)
...
006 (8383301.000.000) 07/27 22:22:21 Image size of job updated: 7435216
	9  -  MemoryUsage of job (MB)
	8264  -  ResidentSetSize of job (KB)
...
006 (8383301.000.000) 07/27 22:27:21 Image size of job updated: 7435216
	9  -  MemoryUsage of job (MB)
	8296  -  ResidentSetSize of job (KB)
...
006 (8383301.000.000) 07/27 22:32:22 Image size of job updated: 7435216
	9  -  MemoryUsage of job (MB)
	8344  -  ResidentSetSize of job (KB)
...
006 (8383301.000.000) 07/27 22:37:23 Image size of job updated: 7435216
	9  -  MemoryUsage of job (MB)
	8376  -  ResidentSetSize of job (KB)
...
006 (8383301.000.000) 07/27 22:47:23 Image size of job updated: 7435216
	9  -  MemoryUsage of job (MB)
	8408  -  ResidentSetSize of job (KB)
...
006 (8383301.000.000) 07/27 22:52:24 Image size of job updated: 7435216
	9  -  MemoryUsage of job (MB)
	8440  -  ResidentSetSize of job (KB)
...
006 (8383301.000.000) 07/27 22:57:25 Image size of job updated: 7435216
	9  -  MemoryUsage of job (MB)
	8488  -  ResidentSetSize of job (KB)
...
006 (8383301.000.000) 07/27 23:02:25 Image size of job updated: 7435216
	9  -  MemoryUsage of job (MB)
	8520  -  ResidentSetSize of job (KB)
...
006 (8383301.000.000) 07/27 23:07:26 Image size of job updated: 7435216
	9  -  MemoryUsage of job (MB)
	8552  -  ResidentSetSize of job (KB)
...
006 (8383301.000.000) 07/27 23:17:27 Image size of job updated: 7435216
	9  -  MemoryUsage of job (MB)
	8584  -  ResidentSetSize of job (KB)
...
006 (8383301.000.000) 07/27 23:22:27 Image size of job updated: 7435216
	9  -  MemoryUsage of job (MB)
	8632  -  ResidentSetSize of job (KB)
...
006 (8383301.000.000) 07/27 23:27:29 Image size of job updated: 7435216
	9  -  MemoryUsage of job (MB)
	8664  -  ResidentSetSize of job (KB)
...
006 (8383301.000.000) 07/27 23:32:29 Image size of job updated: 7435216
	9  -  MemoryUsage of job (MB)
	8696  -  ResidentSetSize of job (KB)
...
006 (8383301.000.000) 07/27 23:37:29 Image size of job updated: 7435216
	9  -  MemoryUsage of job (MB)
	8728  -  ResidentSetSize of job (KB)
...
006 (8383301.000.000) 07/27 23:42:30 Image size of job updated: 7435216
	9  -  MemoryUsage of job (MB)
	8776  -  ResidentSetSize of job (KB)
...
006 (8383301.000.000) 07/27 23:47:31 Image size of job updated: 7435216
	9  -  MemoryUsage of job (MB)
	8808  -  ResidentSetSize of job (KB)
...
006 (8383301.000.000) 07/27 23:57:31 Image size of job updated: 7435216
	9  -  MemoryUsage of job (MB)
	8840  -  ResidentSetSize of job (KB)
...
006 (8383301.000.000) 07/28 00:02:32 Image size of job updated: 7435216
	9  -  MemoryUsage of job (MB)
	8872  -  ResidentSetSize of job (KB)
...
006 (8383301.000.000) 07/28 00:07:33 Image size of job updated: 7435216
	9  -  MemoryUsage of job (MB)
	8920  -  ResidentSetSize of job (KB)
...
006 (8383301.000.000) 07/28 00:12:33 Image size of job updated: 7435216
	9  -  MemoryUsage of job (MB)
	8952  -  ResidentSetSize of job (KB)
...
006 (8383301.000.000) 07/28 00:17:34 Image size of job updated: 7435216
	9  -  MemoryUsage of job (MB)
	8984  -  ResidentSetSize of job (KB)
...
006 (8383301.000.000) 07/28 00:22:35 Image size of job updated: 7435216
	9  -  MemoryUsage of job (MB)
	9016  -  ResidentSetSize of job (KB)
...
006 (8383301.000.000) 07/28 00:32:35 Image size of job updated: 7435216
	9  -  MemoryUsage of job (MB)
	9064  -  ResidentSetSize of job (KB)
...
006 (8383301.000.000) 07/28 00:37:37 Image size of job updated: 7435216
	9  -  MemoryUsage of job (MB)
	9096  -  ResidentSetSize of job (KB)
...
006 (8383301.000.000) 07/28 00:42:37 Image size of job updated: 7435216
	9  -  MemoryUsage of job (MB)
	9128  -  ResidentSetSize of job (KB)
...
006 (8383301.000.000) 07/28 00:47:37 Image size of job updated: 7435216
	9  -  MemoryUsage of job (MB)
	9160  -  ResidentSetSize of job (KB)
...
006 (8383301.000.000) 07/28 00:52:38 Image size of job updated: 7435216
	9  -  MemoryUsage of job (MB)
	9208  -  ResidentSetSize of job (KB)
...
006 (8383301.000.000) 07/28 00:57:39 Image size of job updated: 7435216
	10  -  MemoryUsage of job (MB)
	9240  -  ResidentSetSize of job (KB)
...
006 (8383301.000.000) 07/28 01:07:40 Image size of job updated: 7435216
	10  -  MemoryUsage of job (MB)
	9272  -  ResidentSetSize of job (KB)
...
006 (8383301.000.000) 07/28 01:12:41 Image size of job updated: 7435216
	10  -  MemoryUsage of job (MB)
	9304  -  ResidentSetSize of job (KB)
...
006 (8383301.000.000) 07/28 01:17:41 Image size of job updated: 7435216
	10  -  MemoryUsage of job (MB)
	9352  -  ResidentSetSize of job (KB)
...
006 (8383301.000.000) 07/28 01:27:42 Image size of job updated: 7435216
	10  -  MemoryUsage of job (MB)
	9384  -  ResidentSetSize of job (KB)
...
006 (8383301.000.000) 07/28 01:32:42 Image size of job updated: 7435216
	10  -  MemoryUsage of job (MB)
	9416  -  ResidentSetSize of job (KB)
...
006 (8383301.000.000) 07/28 01:37:42 Image size of job updated: 7435216
	10  -  MemoryUsage of job (MB)
	9448  -  ResidentSetSize of job (KB)
...
006 (8383301.000.000) 07/28 01:42:43 Image size of job updated: 7435216
	10  -  MemoryUsage of job (MB)
	9496  -  ResidentSetSize of job (KB)
...
006 (8383301.000.000) 07/28 01:52:44 Image size of job updated: 7435216
	10  -  MemoryUsage of job (MB)
	9528  -  ResidentSetSize of job (KB)
...
006 (8383301.000.000) 07/28 01:57:45 Image size of job updated: 7435216
	10  -  MemoryUsage of job (MB)
	9560  -  ResidentSetSize of job (KB)
...
006 (8383301.000.000) 07/28 02:02:45 Image size of job updated: 7435216
	10  -  MemoryUsage of job (MB)
	9592  -  ResidentSetSize of job (KB)
...
006 (8383301.000.000) 07/28 02:07:45 Image size of job updated: 7435216
	10  -  MemoryUsage of job (MB)
	9640  -  ResidentSetSize of job (KB)
...
006 (8383301.000.000) 07/28 02:12:46 Image size of job updated: 7435216
	10  -  MemoryUsage of job (MB)
	9672  -  ResidentSetSize of job (KB)
...
006 (8383301.000.000) 07/28 02:17:47 Image size of job updated: 7435216
	10  -  MemoryUsage of job (MB)
	9704  -  ResidentSetSize of job (KB)
...
006 (8383301.000.000) 07/28 02:22:47 Image size of job updated: 7435216
	10  -  MemoryUsage of job (MB)
	9736  -  ResidentSetSize of job (KB)
...
006 (8383301.000.000) 07/28 02:27:48 Image size of job updated: 7435216
	10  -  MemoryUsage of job (MB)
	9784  -  ResidentSetSize of job (KB)
...
006 (8383301.000.000) 07/28 02:32:49 Image size of job updated: 7435216
	10  -  MemoryUsage of job (MB)
	9816  -  ResidentSetSize of job (KB)
...
006 (8383301.000.000) 07/28 02:42:49 Image size of job updated: 7435216
	10  -  MemoryUsage of job (MB)
	9848  -  ResidentSetSize of job (KB)
...
006 (8383301.000.000) 07/28 02:47:50 Image size of job updated: 7435216
	10  -  MemoryUsage of job (MB)
	9880  -  ResidentSetSize of job (KB)
...
006 (8383301.000.000) 07/28 02:52:50 Image size of job updated: 7435216
	10  -  MemoryUsage of job (MB)
	9928  -  ResidentSetSize of job (KB)
...
006 (8383301.000.000) 07/28 03:02:51 Image size of job updated: 7435216
	10  -  MemoryUsage of job (MB)
	9960  -  ResidentSetSize of job (KB)
...
006 (8383301.000.000) 07/28 03:07:52 Image size of job updated: 7435216
	10  -  MemoryUsage of job (MB)
	9992  -  ResidentSetSize of job (KB)
...
006 (8383301.000.000) 07/28 03:12:52 Image size of job updated: 7435216
	10  -  MemoryUsage of job (MB)
	10024  -  ResidentSetSize of job (KB)
...
006 (8383301.000.000) 07/28 03:17:53 Image size of job updated: 7435216
	10  -  MemoryUsage of job (MB)
	10072  -  ResidentSetSize of job (KB)
...
006 (8383301.000.000) 07/28 03:22:54 Image size of job updated: 7435216
	10  -  MemoryUsage of job (MB)
	10104  -  ResidentSetSize of job (KB)
...
006 (8383301.000.000) 07/28 03:32:55 Image size of job updated: 7435216
	10  -  MemoryUsage of job (MB)
	10136  -  ResidentSetSize of job (KB)
...
006 (8383301.000.000) 07/28 03:37:56 Image size of job updated: 7435216
	10  -  MemoryUsage of job (MB)
	10168  -  ResidentSetSize of job (KB)
...
006 (8383301.000.000) 07/28 03:42:56 Image size of job updated: 7435216
	10  -  MemoryUsage of job (MB)
	10216  -  ResidentSetSize of job (KB)
...
006 (8383301.000.000) 07/28 03:47:56 Image size of job updated: 7435216
	11  -  MemoryUsage of job (MB)
	10248  -  ResidentSetSize of job (KB)
...
006 (8383301.000.000) 07/28 03:57:57 Image size of job updated: 7435216
	11  -  MemoryUsage of job (MB)
	10280  -  ResidentSetSize of job (KB)
...
006 (8383301.000.000) 07/28 04:02:57 Image size of job updated: 7435216
	11  -  MemoryUsage of job (MB)
	10312  -  ResidentSetSize of job (KB)
...
006 (8383301.000.000) 07/28 04:07:58 Image size of job updated: 7435216
	11  -  MemoryUsage of job (MB)
	10360  -  ResidentSetSize of job (KB)
...
006 (8383301.000.000) 07/28 04:12:58 Image size of job updated: 7435216
	11  -  MemoryUsage of job (MB)
	10392  -  ResidentSetSize of job (KB)
...
006 (8383301.000.000) 07/28 04:22:59 Image size of job updated: 7435216
	11  -  MemoryUsage of job (MB)
	10456  -  ResidentSetSize of job (KB)
...
006 (8383301.000.000) 07/28 04:28:00 Image size of job updated: 7435216
	11  -  MemoryUsage of job (MB)
	10504  -  ResidentSetSize of job (KB)
...
006 (8383301.000.000) 07/28 04:33:00 Image size of job updated: 7435216
	11  -  MemoryUsage of job (MB)
	10536  -  ResidentSetSize of job (KB)
...
006 (8383301.000.000) 07/28 04:43:02 Image size of job updated: 7435216
	11  -  MemoryUsage of job (MB)
	10568  -  ResidentSetSize of job (KB)
...
006 (8383301.000.000) 07/28 04:48:02 Image size of job updated: 7435216
	11  -  MemoryUsage of job (MB)
	10600  -  ResidentSetSize of job (KB)
...
006 (8383301.000.000) 07/28 04:53:03 Image size of job updated: 7435216
	11  -  MemoryUsage of job (MB)
	10648  -  ResidentSetSize of job (KB)
...
006 (8383301.000.000) 07/28 05:03:04 Image size of job updated: 7435216
	11  -  MemoryUsage of job (MB)
	10680  -  ResidentSetSize of job (KB)
...
006 (8383301.000.000) 07/28 05:08:04 Image size of job updated: 7435216
	11  -  MemoryUsage of job (MB)
	10712  -  ResidentSetSize of job (KB)
...
006 (8383301.000.000) 07/28 05:18:05 Image size of job updated: 7435216
	11  -  MemoryUsage of job (MB)
	10744  -  ResidentSetSize of job (KB)
...
006 (8383301.000.000) 07/28 05:23:05 Image size of job updated: 7435216
	11  -  MemoryUsage of job (MB)
	10792  -  ResidentSetSize of job (KB)
...
006 (8383301.000.000) 07/28 05:28:06 Image size of job updated: 7435216
	11  -  MemoryUsage of job (MB)
	10824  -  ResidentSetSize of job (KB)
...
006 (8383301.000.000) 07/28 05:33:06 Image size of job updated: 7435216
	11  -  MemoryUsage of job (MB)
	10856  -  ResidentSetSize of job (KB)
...
006 (8383301.000.000) 07/28 05:38:06 Image size of job updated: 7435216
	11  -  MemoryUsage of job (MB)
	10888  -  ResidentSetSize of job (KB)
...
006 (8383301.000.000) 07/28 05:48:07 Image size of job updated: 7435216
	11  -  MemoryUsage of job (MB)
	10936  -  ResidentSetSize of job (KB)
...
006 (8383301.000.000) 07/28 05:53:07 Image size of job updated: 7435216
	11  -  MemoryUsage of job (MB)
	10968  -  ResidentSetSize of job (KB)
...
006 (8383301.000.000) 07/28 05:58:08 Image size of job updated: 7435216
	11  -  MemoryUsage of job (MB)
	11000  -  ResidentSetSize of job (KB)
...
006 (8383301.000.000) 07/28 06:03:09 Image size of job updated: 7435216
	11  -  MemoryUsage of job (MB)
	11032  -  ResidentSetSize of job (KB)
...
006 (8383301.000.000) 07/28 06:08:09 Image size of job updated: 7435216
	11  -  MemoryUsage of job (MB)
	11080  -  ResidentSetSize of job (KB)
...
006 (8383301.000.000) 07/28 06:18:11 Image size of job updated: 7435216
	11  -  MemoryUsage of job (MB)
	11112  -  ResidentSetSize of job (KB)
...
006 (8383301.000.000) 07/28 06:23:11 Image size of job updated: 7435216
	11  -  MemoryUsage of job (MB)
	11144  -  ResidentSetSize of job (KB)
...
006 (8383301.000.000) 07/28 06:33:12 Image size of job updated: 7435216
	11  -  MemoryUsage of job (MB)
	11176  -  ResidentSetSize of job (KB)
...
006 (8383301.000.000) 07/28 06:43:12 Image size of job updated: 7435216
	11  -  MemoryUsage of job (MB)
	11224  -  ResidentSetSize of job (KB)
...
006 (8383301.000.000) 07/28 06:48:14 Image size of job updated: 7435216
	11  -  MemoryUsage of job (MB)
	11256  -  ResidentSetSize of job (KB)
...
006 (8383301.000.000) 07/28 06:58:14 Image size of job updated: 7435216
	12  -  MemoryUsage of job (MB)
	11288  -  ResidentSetSize of job (KB)
...
006 (8383301.000.000) 07/28 07:03:16 Image size of job updated: 7435216
	12  -  MemoryUsage of job (MB)
	11320  -  ResidentSetSize of job (KB)
...
006 (8383301.000.000) 07/28 07:13:16 Image size of job updated: 7435216
	12  -  MemoryUsage of job (MB)
	11368  -  ResidentSetSize of job (KB)
...
006 (8383301.000.000) 07/28 07:18:17 Image size of job updated: 7435216
	12  -  MemoryUsage of job (MB)
	11400  -  ResidentSetSize of job (KB)
...
006 (8383301.000.000) 07/28 07:28:18 Image size of job updated: 7435216
	12  -  MemoryUsage of job (MB)
	11432  -  ResidentSetSize of job (KB)
...
006 (8383301.000.000) 07/28 07:33:19 Image size of job updated: 7435216
	12  -  MemoryUsage of job (MB)
	11464  -  ResidentSetSize of job (KB)
...
006 (8383301.000.000) 07/28 07:43:20 Image size of job updated: 7435216
	12  -  MemoryUsage of job (MB)
	11512  -  ResidentSetSize of job (KB)
...
006 (8383301.000.000) 07/28 07:48:20 Image size of job updated: 7435216
	12  -  MemoryUsage of job (MB)
	11544  -  ResidentSetSize of job (KB)
...
006 (8383301.000.000) 07/28 07:53:21 Image size of job updated: 7435216
	12  -  MemoryUsage of job (MB)
	11576  -  ResidentSetSize of job (KB)
...
006 (8383301.000.000) 07/28 08:03:21 Image size of job updated: 7435216
	12  -  MemoryUsage of job (MB)
	11608  -  ResidentSetSize of job (KB)
...
006 (8383301.000.000) 07/28 08:08:22 Image size of job updated: 7435216
	12  -  MemoryUsage of job (MB)
	11656  -  ResidentSetSize of job (KB)
...
006 (8383301.000.000) 07/28 08:18:23 Image size of job updated: 7435216
	12  -  MemoryUsage of job (MB)
	11688  -  ResidentSetSize of job (KB)
...
006 (8383301.000.000) 07/28 08:23:24 Image size of job updated: 7435216
	12  -  MemoryUsage of job (MB)
	11720  -  ResidentSetSize of job (KB)
...
006 (8383301.000.000) 07/28 08:33:25 Image size of job updated: 7435216
	12  -  MemoryUsage of job (MB)
	11752  -  ResidentSetSize of job (KB)
...
006 (8383301.000.000) 07/28 08:38:26 Image size of job updated: 7435216
	12  -  MemoryUsage of job (MB)
	11800  -  ResidentSetSize of job (KB)
...
006 (8383301.000.000) 07/28 08:48:27 Image size of job updated: 7435216
	12  -  MemoryUsage of job (MB)
	11832  -  ResidentSetSize of job (KB)
...
006 (8383301.000.000) 07/28 08:53:27 Image size of job updated: 7435216
	12  -  MemoryUsage of job (MB)
	11864  -  ResidentSetSize of job (KB)
...
006 (8383301.000.000) 07/28 09:03:28 Image size of job updated: 7435216
	12  -  MemoryUsage of job (MB)
	11896  -  ResidentSetSize of job (KB)
...
006 (8383301.000.000) 07/28 09:08:28 Image size of job updated: 7435216
	12  -  MemoryUsage of job (MB)
	11944  -  ResidentSetSize of job (KB)
...
006 (8383301.000.000) 07/28 09:18:30 Image size of job updated: 7435216
	12  -  MemoryUsage of job (MB)
	11976  -  ResidentSetSize of job (KB)
...
006 (8383301.000.000) 07/28 09:23:30 Image size of job updated: 7435216
	12  -  MemoryUsage of job (MB)
	12008  -  ResidentSetSize of job (KB)
...
006 (8383301.000.000) 07/28 09:28:31 Image size of job updated: 7435216
	12  -  MemoryUsage of job (MB)
	12040  -  ResidentSetSize of job (KB)
...
006 (8383301.000.000) 07/28 09:33:32 Image size of job updated: 7435216
	12  -  MemoryUsage of job (MB)
	12088  -  ResidentSetSize of job (KB)
...
006 (8383301.000.000) 07/28 09:43:33 Image size of job updated: 7435216
	12  -  MemoryUsage of job (MB)
	12120  -  ResidentSetSize of job (KB)
...
006 (8383301.000.000) 07/28 09:48:34 Image size of job updated: 7435216
	12  -  MemoryUsage of job (MB)
	12152  -  ResidentSetSize of job (KB)
...
006 (8383301.000.000) 07/28 09:58:34 Image size of job updated: 7435216
	12  -  MemoryUsage of job (MB)
	12184  -  ResidentSetSize of job (KB)
...
006 (8383301.000.000) 07/28 10:03:35 Image size of job updated: 7435216
	12  -  MemoryUsage of job (MB)
	12232  -  ResidentSetSize of job (KB)
...
006 (8383301.000.000) 07/28 10:08:35 Image size of job updated: 7435216
	12  -  MemoryUsage of job (MB)
	12264  -  ResidentSetSize of job (KB)
...
006 (8383301.000.000) 07/28 10:18:36 Image size of job updated: 7435216
	13  -  MemoryUsage of job (MB)
	12296  -  ResidentSetSize of job (KB)
...
006 (8383301.000.000) 07/28 10:23:37 Image size of job updated: 7435216
	13  -  MemoryUsage of job (MB)
	12328  -  ResidentSetSize of job (KB)
...
006 (8383301.000.000) 07/28 10:33:38 Image size of job updated: 7435216
	13  -  MemoryUsage of job (MB)
	12376  -  ResidentSetSize of job (KB)
...
006 (8383301.000.000) 07/28 10:38:39 Image size of job updated: 7435216
	13  -  MemoryUsage of job (MB)
	12408  -  ResidentSetSize of job (KB)
...
006 (8383301.000.000) 07/28 10:48:39 Image size of job updated: 7435216
	13  -  MemoryUsage of job (MB)
	12440  -  ResidentSetSize of job (KB)
...
006 (8383301.000.000) 07/28 10:53:40 Image size of job updated: 7435216
	13  -  MemoryUsage of job (MB)
	12472  -  ResidentSetSize of job (KB)
...
006 (8383301.000.000) 07/28 11:03:40 Image size of job updated: 7435216
	13  -  MemoryUsage of job (MB)
	12520  -  ResidentSetSize of job (KB)
...
006 (8383301.000.000) 07/28 11:08:41 Image size of job updated: 7435216
	13  -  MemoryUsage of job (MB)
	12552  -  ResidentSetSize of job (KB)
...
006 (8383301.000.000) 07/28 11:13:42 Image size of job updated: 7435216
	13  -  MemoryUsage of job (MB)
	12584  -  ResidentSetSize of job (KB)
...
006 (8383301.000.000) 07/28 11:23:43 Image size of job updated: 7435216
	13  -  MemoryUsage of job (MB)
	12616  -  ResidentSetSize of job (KB)
...
006 (8383301.000.000) 07/28 11:28:44 Image size of job updated: 7435216
	13  -  MemoryUsage of job (MB)
	12664  -  ResidentSetSize of job (KB)
...
006 (8383301.000.000) 07/28 11:33:44 Image size of job updated: 7435216
	13  -  MemoryUsage of job (MB)
	12696  -  ResidentSetSize of job (KB)
...
006 (8383301.000.000) 07/28 11:43:46 Image size of job updated: 7435216
	13  -  MemoryUsage of job (MB)
	12728  -  ResidentSetSize of job (KB)
...
006 (8383301.000.000) 07/28 11:48:46 Image size of job updated: 7435216
	13  -  MemoryUsage of job (MB)
	12760  -  ResidentSetSize of job (KB)
...
006 (8383301.000.000) 07/28 11:53:46 Image size of job updated: 7435216
	13  -  MemoryUsage of job (MB)
	12808  -  ResidentSetSize of job (KB)
...
006 (8383301.000.000) 07/28 12:03:47 Image size of job updated: 7435216
	13  -  MemoryUsage of job (MB)
	12840  -  ResidentSetSize of job (KB)
...
006 (8383301.000.000) 07/28 12:08:47 Image size of job updated: 7435216
	13  -  MemoryUsage of job (MB)
	12872  -  ResidentSetSize of job (KB)
...
006 (8383301.000.000) 07/28 12:13:48 Image size of job updated: 7435216
	13  -  MemoryUsage of job (MB)
	12904  -  ResidentSetSize of job (KB)
...
006 (8383301.000.000) 07/28 12:23:49 Image size of job updated: 7435216
	13  -  MemoryUsage of job (MB)
	12952  -  ResidentSetSize of job (KB)
...
006 (8383301.000.000) 07/28 12:28:50 Image size of job updated: 7435216
	13  -  MemoryUsage of job (MB)
	12984  -  ResidentSetSize of job (KB)
...
006 (8383301.000.000) 07/28 12:38:51 Image size of job updated: 7435216
	13  -  MemoryUsage of job (MB)
	13016  -  ResidentSetSize of job (KB)
...
006 (8383301.000.000) 07/28 12:43:52 Image size of job updated: 7435216
	13  -  MemoryUsage of job (MB)
	13048  -  ResidentSetSize of job (KB)
...
006 (8383301.000.000) 07/28 12:48:53 Image size of job updated: 7435216
	13  -  MemoryUsage of job (MB)
	13096  -  ResidentSetSize of job (KB)
...
006 (8383301.000.000) 07/28 12:58:54 Image size of job updated: 7435216
	13  -  MemoryUsage of job (MB)
	13128  -  ResidentSetSize of job (KB)
...
006 (8383301.000.000) 07/28 13:03:55 Image size of job updated: 7435216
	13  -  MemoryUsage of job (MB)
	13160  -  ResidentSetSize of job (KB)
...
006 (8383301.000.000) 07/28 13:13:55 Image size of job updated: 7435216
	13  -  MemoryUsage of job (MB)
	13192  -  ResidentSetSize of job (KB)
...
006 (8383301.000.000) 07/28 13:18:56 Image size of job updated: 7435216
	13  -  MemoryUsage of job (MB)
	13240  -  ResidentSetSize of job (KB)
...
006 (8383301.000.000) 07/28 13:28:56 Image size of job updated: 7435216
	13  -  MemoryUsage of job (MB)
	13272  -  ResidentSetSize of job (KB)
...
006 (8383301.000.000) 07/28 13:33:57 Image size of job updated: 7435216
	13  -  MemoryUsage of job (MB)
	13304  -  ResidentSetSize of job (KB)
...
006 (8383301.000.000) 07/28 13:38:57 Image size of job updated: 7435216
	14  -  MemoryUsage of job (MB)
	13336  -  ResidentSetSize of job (KB)
...
006 (8383301.000.000) 07/28 13:43:57 Image size of job updated: 7435216
	14  -  MemoryUsage of job (MB)
	13384  -  ResidentSetSize of job (KB)
...
006 (8383301.000.000) 07/28 13:53:59 Image size of job updated: 7435216
	14  -  MemoryUsage of job (MB)
	13416  -  ResidentSetSize of job (KB)
...
006 (8383301.000.000) 07/28 13:58:59 Image size of job updated: 7435216
	14  -  MemoryUsage of job (MB)
	13448  -  ResidentSetSize of job (KB)
...
006 (8383301.000.000) 07/28 14:04:00 Image size of job updated: 7435216
	14  -  MemoryUsage of job (MB)
	13480  -  ResidentSetSize of job (KB)
...
006 (8383301.000.000) 07/28 14:14:01 Image size of job updated: 7435216
	14  -  MemoryUsage of job (MB)
	13528  -  ResidentSetSize of job (KB)
...
006 (8383301.000.000) 07/28 14:19:01 Image size of job updated: 7435216
	14  -  MemoryUsage of job (MB)
	13560  -  ResidentSetSize of job (KB)
...
006 (8383301.000.000) 07/28 14:24:02 Image size of job updated: 7435216
	14  -  MemoryUsage of job (MB)
	13592  -  ResidentSetSize of job (KB)
...
006 (8383301.000.000) 07/28 14:29:02 Image size of job updated: 7435216
	14  -  MemoryUsage of job (MB)
	13624  -  ResidentSetSize of job (KB)
...
006 (8383301.000.000) 07/28 14:39:03 Image size of job updated: 7435216
	14  -  MemoryUsage of job (MB)
	13672  -  ResidentSetSize of job (KB)
...
006 (8383301.000.000) 07/28 14:44:04 Image size of job updated: 7435216
	14  -  MemoryUsage of job (MB)
	13704  -  ResidentSetSize of job (KB)
...
006 (8383301.000.000) 07/28 14:49:04 Image size of job updated: 7435216
	14  -  MemoryUsage of job (MB)
	13736  -  ResidentSetSize of job (KB)
...
006 (8383301.000.000) 07/28 14:54:05 Image size of job updated: 7435216
	14  -  MemoryUsage of job (MB)
	13768  -  ResidentSetSize of job (KB)
...
006 (8383301.000.000) 07/28 15:04:06 Image size of job updated: 7435216
	14  -  MemoryUsage of job (MB)
	13816  -  ResidentSetSize of job (KB)
...
006 (8383301.000.000) 07/28 15:09:06 Image size of job updated: 7435216
	14  -  MemoryUsage of job (MB)
	13848  -  ResidentSetSize of job (KB)
...
006 (8383301.000.000) 07/28 15:14:07 Image size of job updated: 7435216
	14  -  MemoryUsage of job (MB)
	13880  -  ResidentSetSize of job (KB)
...
006 (8383301.000.000) 07/28 15:24:07 Image size of job updated: 7435216
	14  -  MemoryUsage of job (MB)
	13912  -  ResidentSetSize of job (KB)
...
006 (8383301.000.000) 07/28 15:29:08 Image size of job updated: 7435216
	14  -  MemoryUsage of job (MB)
	13960  -  ResidentSetSize of job (KB)
...
006 (8383301.000.000) 07/28 15:34:08 Image size of job updated: 7435216
	14  -  MemoryUsage of job (MB)
	13992  -  ResidentSetSize of job (KB)
...
006 (8383301.000.000) 07/28 15:39:08 Image size of job updated: 7435216
	14  -  MemoryUsage of job (MB)
	14024  -  ResidentSetSize of job (KB)
...
006 (8383301.000.000) 07/28 15:49:10 Image size of job updated: 7435216
	14  -  MemoryUsage of job (MB)
	14056  -  ResidentSetSize of job (KB)
...
006 (8383301.000.000) 07/28 15:54:10 Image size of job updated: 7435216
	14  -  MemoryUsage of job (MB)
	14104  -  ResidentSetSize of job (KB)
...
006 (8383301.000.000) 07/28 15:59:11 Image size of job updated: 7435216
	14  -  MemoryUsage of job (MB)
	14136  -  ResidentSetSize of job (KB)
...
006 (8383301.000.000) 07/28 16:09:12 Image size of job updated: 7435216
	14  -  MemoryUsage of job (MB)
	14168  -  ResidentSetSize of job (KB)
...
006 (8383301.000.000) 07/28 16:14:12 Image size of job updated: 7435216
	14  -  MemoryUsage of job (MB)
	14200  -  ResidentSetSize of job (KB)
...
006 (8383301.000.000) 07/28 16:19:13 Image size of job updated: 7435216
	14  -  MemoryUsage of job (MB)
	14248  -  ResidentSetSize of job (KB)
...
006 (8383301.000.000) 07/28 16:29:13 Image size of job updated: 7435216
	14  -  MemoryUsage of job (MB)
	14280  -  ResidentSetSize of job (KB)
...
006 (8383301.000.000) 07/28 16:34:14 Image size of job updated: 7435216
	14  -  MemoryUsage of job (MB)
	14312  -  ResidentSetSize of job (KB)
...
006 (8383301.000.000) 07/28 16:39:15 Image size of job updated: 7435216
	15  -  MemoryUsage of job (MB)
	14344  -  ResidentSetSize of job (KB)
...
006 (8383301.000.000) 07/28 16:49:16 Image size of job updated: 7435216
	15  -  MemoryUsage of job (MB)
	14392  -  ResidentSetSize of job (KB)
...
006 (8383301.000.000) 07/28 16:54:17 Image size of job updated: 7435216
	15  -  MemoryUsage of job (MB)
	14424  -  ResidentSetSize of job (KB)
...
006 (8383301.000.000) 07/28 16:59:17 Image size of job updated: 7435216
	15  -  MemoryUsage of job (MB)
	14456  -  ResidentSetSize of job (KB)
...
006 (8383301.000.000) 07/28 17:04:18 Image size of job updated: 7435216
	15  -  MemoryUsage of job (MB)
	14488  -  ResidentSetSize of job (KB)
...
006 (8383301.000.000) 07/28 17:14:19 Image size of job updated: 7435216
	15  -  MemoryUsage of job (MB)
	14536  -  ResidentSetSize of job (KB)
...
006 (8383301.000.000) 07/28 17:19:19 Image size of job updated: 7435216
	15  -  MemoryUsage of job (MB)
	14568  -  ResidentSetSize of job (KB)
...
006 (8383301.000.000) 07/28 17:29:20 Image size of job updated: 7435216
	15  -  MemoryUsage of job (MB)
	14600  -  ResidentSetSize of job (KB)
...
006 (8383301.000.000) 07/28 17:34:20 Image size of job updated: 7435216
	15  -  MemoryUsage of job (MB)
	14632  -  ResidentSetSize of job (KB)
...
006 (8383301.000.000) 07/28 17:44:21 Image size of job updated: 7435216
	15  -  MemoryUsage of job (MB)
	14680  -  ResidentSetSize of job (KB)
...
006 (8383301.000.000) 07/28 17:49:21 Image size of job updated: 7435216
	15  -  MemoryUsage of job (MB)
	14712  -  ResidentSetSize of job (KB)
...
006 (8383301.000.000) 07/28 17:59:23 Image size of job updated: 7435216
	15  -  MemoryUsage of job (MB)
	14744  -  ResidentSetSize of job (KB)
...
006 (8383301.000.000) 07/28 18:04:23 Image size of job updated: 7435216
	15  -  MemoryUsage of job (MB)
	14776  -  ResidentSetSize of job (KB)
...
006 (8383301.000.000) 07/28 18:14:25 Image size of job updated: 7435216
	15  -  MemoryUsage of job (MB)
	14824  -  ResidentSetSize of job (KB)
...
006 (8383301.000.000) 07/28 18:19:25 Image size of job updated: 7435216
	15  -  MemoryUsage of job (MB)
	14856  -  ResidentSetSize of job (KB)
...
006 (8383301.000.000) 07/28 18:24:25 Image size of job updated: 7435216
	15  -  MemoryUsage of job (MB)
	14888  -  ResidentSetSize of job (KB)
...
006 (8383301.000.000) 07/28 18:34:26 Image size of job updated: 7435216
	15  -  MemoryUsage of job (MB)
	14920  -  ResidentSetSize of job (KB)
...
006 (8383301.000.000) 07/28 18:39:26 Image size of job updated: 7435216
	15  -  MemoryUsage of job (MB)
	14968  -  ResidentSetSize of job (KB)
...
006 (8383301.000.000) 07/28 18:44:27 Image size of job updated: 7435216
	15  -  MemoryUsage of job (MB)
	15000  -  ResidentSetSize of job (KB)
...
006 (8383301.000.000) 07/28 18:49:28 Image size of job updated: 7435216
	15  -  MemoryUsage of job (MB)
	15032  -  ResidentSetSize of job (KB)
...
006 (8383301.000.000) 07/28 18:54:28 Image size of job updated: 7435216
	15  -  MemoryUsage of job (MB)
	15064  -  ResidentSetSize of job (KB)
...
006 (8383301.000.000) 07/28 18:59:29 Image size of job updated: 7435216
	15  -  MemoryUsage of job (MB)
	15112  -  ResidentSetSize of job (KB)
...
006 (8383301.000.000) 07/28 19:04:30 Image size of job updated: 7435216
	15  -  MemoryUsage of job (MB)
	15144  -  ResidentSetSize of job (KB)
...
006 (8383301.000.000) 07/28 19:14:30 Image size of job updated: 7435216
	15  -  MemoryUsage of job (MB)
	15176  -  ResidentSetSize of job (KB)
...
006 (8383301.000.000) 07/28 19:19:31 Image size of job updated: 7435216
	15  -  MemoryUsage of job (MB)
	15208  -  ResidentSetSize of job (KB)
...
006 (8383301.000.000) 07/28 19:24:32 Image size of job updated: 7435216
	15  -  MemoryUsage of job (MB)
	15256  -  ResidentSetSize of job (KB)
...
006 (8383301.000.000) 07/28 19:29:32 Image size of job updated: 7435216
	15  -  MemoryUsage of job (MB)
	15288  -  ResidentSetSize of job (KB)
...
006 (8383301.000.000) 07/28 19:34:33 Image size of job updated: 7435216
	15  -  MemoryUsage of job (MB)
	15320  -  ResidentSetSize of job (KB)
...
006 (8383301.000.000) 07/28 19:44:34 Image size of job updated: 7435216
	15  -  MemoryUsage of job (MB)
	15352  -  ResidentSetSize of job (KB)
...
006 (8383301.000.000) 07/28 19:49:35 Image size of job updated: 7435216
	16  -  MemoryUsage of job (MB)
	15400  -  ResidentSetSize of job (KB)
...
006 (8383301.000.000) 07/28 19:54:36 Image size of job updated: 7435216
	16  -  MemoryUsage of job (MB)
	15432  -  ResidentSetSize of job (KB)
...
006 (8383301.000.000) 07/28 19:59:36 Image size of job updated: 7435216
	16  -  MemoryUsage of job (MB)
	15464  -  ResidentSetSize of job (KB)
...
006 (8383301.000.000) 07/28 20:04:37 Image size of job updated: 7435216
	16  -  MemoryUsage of job (MB)
	15496  -  ResidentSetSize of job (KB)
...
006 (8383301.000.000) 07/28 20:09:38 Image size of job updated: 7435216
	16  -  MemoryUsage of job (MB)
	15544  -  ResidentSetSize of job (KB)
...
006 (8383301.000.000) 07/28 20:14:38 Image size of job updated: 7435216
	16  -  MemoryUsage of job (MB)
	15576  -  ResidentSetSize of job (KB)
...
006 (8383301.000.000) 07/28 20:24:39 Image size of job updated: 7435216
	16  -  MemoryUsage of job (MB)
	15608  -  ResidentSetSize of job (KB)
...
006 (8383301.000.000) 07/28 20:29:39 Image size of job updated: 7435216
	16  -  MemoryUsage of job (MB)
	15640  -  ResidentSetSize of job (KB)
...
006 (8383301.000.000) 07/28 20:34:39 Image size of job updated: 7435216
	16  -  MemoryUsage of job (MB)
	15688  -  ResidentSetSize of job (KB)
...
006 (8383301.000.000) 07/28 20:44:41 Image size of job updated: 7435216
	16  -  MemoryUsage of job (MB)
	15720  -  ResidentSetSize of job (KB)
...
006 (8383301.000.000) 07/28 20:49:41 Image size of job updated: 7435216
	16  -  MemoryUsage of job (MB)
	15752  -  ResidentSetSize of job (KB)
...
006 (8383301.000.000) 07/28 20:59:43 Image size of job updated: 7435216
	16  -  MemoryUsage of job (MB)
	15784  -  ResidentSetSize of job (KB)
...
006 (8383301.000.000) 07/28 21:04:43 Image size of job updated: 7435216
	16  -  MemoryUsage of job (MB)
	15832  -  ResidentSetSize of job (KB)
...
006 (8383301.000.000) 07/28 21:14:45 Image size of job updated: 7435216
	16  -  MemoryUsage of job (MB)
	15864  -  ResidentSetSize of job (KB)
...
006 (8383301.000.000) 07/28 21:19:45 Image size of job updated: 7435216
	16  -  MemoryUsage of job (MB)
	15896  -  ResidentSetSize of job (KB)
...
006 (8383301.000.000) 07/28 21:34:47 Image size of job updated: 7435216
	16  -  MemoryUsage of job (MB)
	15928  -  ResidentSetSize of job (KB)
...
006 (8383301.000.000) 07/28 21:39:48 Image size of job updated: 7435216
	16  -  MemoryUsage of job (MB)
	15976  -  ResidentSetSize of job (KB)
...
006 (8383301.000.000) 07/28 21:49:49 Image size of job updated: 7435216
	16  -  MemoryUsage of job (MB)
	16008  -  ResidentSetSize of job (KB)
...
006 (8383301.000.000) 07/28 22:04:51 Image size of job updated: 7435216
	16  -  MemoryUsage of job (MB)
	16040  -  ResidentSetSize of job (KB)
...
006 (8383301.000.000) 07/28 22:09:52 Image size of job updated: 7435216
	16  -  MemoryUsage of job (MB)
	16072  -  ResidentSetSize of job (KB)
...
006 (8383301.000.000) 07/28 22:19:53 Image size of job updated: 7435216
	16  -  MemoryUsage of job (MB)
	16120  -  ResidentSetSize of job (KB)
...
006 (8383301.000.000) 07/28 22:29:54 Image size of job updated: 7435216
	16  -  MemoryUsage of job (MB)
	16152  -  ResidentSetSize of job (KB)
...
006 (8383301.000.000) 07/28 22:39:54 Image size of job updated: 7435216
	16  -  MemoryUsage of job (MB)
	16184  -  ResidentSetSize of job (KB)
...
006 (8383301.000.000) 07/28 22:44:55 Image size of job updated: 7435216
	16  -  MemoryUsage of job (MB)
	16216  -  ResidentSetSize of job (KB)
...
006 (8383301.000.000) 07/28 22:54:55 Image size of job updated: 7435216
	16  -  MemoryUsage of job (MB)
	16264  -  ResidentSetSize of job (KB)
...
006 (8383301.000.000) 07/28 23:04:56 Image size of job updated: 7435216
	16  -  MemoryUsage of job (MB)
	16296  -  ResidentSetSize of job (KB)
...
006 (8383301.000.000) 07/28 23:09:56 Image size of job updated: 7435216
	16  -  MemoryUsage of job (MB)
	16328  -  ResidentSetSize of job (KB)
...
006 (8383301.000.000) 07/28 23:14:57 Image size of job updated: 7435216
	16  -  MemoryUsage of job (MB)
	16360  -  ResidentSetSize of job (KB)
...
006 (8383301.000.000) 07/28 23:19:58 Image size of job updated: 7435216
	17  -  MemoryUsage of job (MB)
	16408  -  ResidentSetSize of job (KB)
...
006 (8383301.000.000) 07/28 23:29:59 Image size of job updated: 7435216
	17  -  MemoryUsage of job (MB)
	16440  -  ResidentSetSize of job (KB)
...
006 (8383301.000.000) 07/28 23:35:00 Image size of job updated: 7435216
	17  -  MemoryUsage of job (MB)
	16472  -  ResidentSetSize of job (KB)
...
006 (8383301.000.000) 07/28 23:40:00 Image size of job updated: 7435216
	17  -  MemoryUsage of job (MB)
	16504  -  ResidentSetSize of job (KB)
...
006 (8383301.000.000) 07/28 23:45:00 Image size of job updated: 7435216
	17  -  MemoryUsage of job (MB)
	16552  -  ResidentSetSize of job (KB)
...
006 (8383301.000.000) 07/28 23:55:01 Image size of job updated: 7435216
	17  -  MemoryUsage of job (MB)
	16584  -  ResidentSetSize of job (KB)
...
006 (8383301.000.000) 07/29 00:05:02 Image size of job updated: 7435216
	17  -  MemoryUsage of job (MB)
	16616  -  ResidentSetSize of job (KB)
...
006 (8383301.000.000) 07/29 00:15:03 Image size of job updated: 7435216
	17  -  MemoryUsage of job (MB)
	16648  -  ResidentSetSize of job (KB)
...
006 (8383301.000.000) 07/29 00:25:03 Image size of job updated: 7435216
	17  -  MemoryUsage of job (MB)
	16696  -  ResidentSetSize of job (KB)
...
006 (8383301.000.000) 07/29 00:35:05 Image size of job updated: 7435216
	17  -  MemoryUsage of job (MB)
	16728  -  ResidentSetSize of job (KB)
...
006 (8383301.000.000) 07/29 00:45:06 Image size of job updated: 7435216
	17  -  MemoryUsage of job (MB)
	16760  -  ResidentSetSize of job (KB)
...
006 (8383301.000.000) 07/29 00:55:07 Image size of job updated: 7435216
	17  -  MemoryUsage of job (MB)
	16792  -  ResidentSetSize of job (KB)
...
006 (8383301.000.000) 07/29 01:05:09 Image size of job updated: 7435216
	17  -  MemoryUsage of job (MB)
	16840  -  ResidentSetSize of job (KB)
...
006 (8383301.000.000) 07/29 01:10:09 Image size of job updated: 7435216
	17  -  MemoryUsage of job (MB)
	16872  -  ResidentSetSize of job (KB)
...
006 (8383301.000.000) 07/29 01:20:11 Image size of job updated: 7435216
	17  -  MemoryUsage of job (MB)
	16904  -  ResidentSetSize of job (KB)
...
006 (8383301.000.000) 07/29 01:30:12 Image size of job updated: 7435216
	17  -  MemoryUsage of job (MB)
	16936  -  ResidentSetSize of job (KB)
...
006 (8383301.000.000) 07/29 01:40:13 Image size of job updated: 7435216
	17  -  MemoryUsage of job (MB)
	16984  -  ResidentSetSize of job (KB)
...
006 (8383301.000.000) 07/29 01:50:15 Image size of job updated: 7435216
	17  -  MemoryUsage of job (MB)
	17016  -  ResidentSetSize of job (KB)
...
006 (8383301.000.000) 07/29 02:00:15 Image size of job updated: 7435216
	17  -  MemoryUsage of job (MB)
	17048  -  ResidentSetSize of job (KB)
...
006 (8383301.000.000) 07/29 02:05:16 Image size of job updated: 7435216
	17  -  MemoryUsage of job (MB)
	17080  -  ResidentSetSize of job (KB)
...
006 (8383301.000.000) 07/29 02:15:16 Image size of job updated: 7435216
	17  -  MemoryUsage of job (MB)
	17128  -  ResidentSetSize of job (KB)
...
006 (8383301.000.000) 07/29 02:25:17 Image size of job updated: 7435216
	17  -  MemoryUsage of job (MB)
	17160  -  ResidentSetSize of job (KB)
...
006 (8383301.000.000) 07/29 02:30:17 Image size of job updated: 7435216
	17  -  MemoryUsage of job (MB)
	17192  -  ResidentSetSize of job (KB)
...
006 (8383301.000.000) 07/29 02:40:19 Image size of job updated: 7435216
	17  -  MemoryUsage of job (MB)
	17224  -  ResidentSetSize of job (KB)
...
006 (8383301.000.000) 07/29 02:45:19 Image size of job updated: 7435216
	17  -  MemoryUsage of job (MB)
	17272  -  ResidentSetSize of job (KB)
...
006 (8383301.000.000) 07/29 02:50:20 Image size of job updated: 7435216
	17  -  MemoryUsage of job (MB)
	17304  -  ResidentSetSize of job (KB)
...
006 (8383301.000.000) 07/29 03:00:21 Image size of job updated: 7435216
	17  -  MemoryUsage of job (MB)
	17336  -  ResidentSetSize of job (KB)
...
006 (8383301.000.000) 07/29 03:05:21 Image size of job updated: 7435216
	17  -  MemoryUsage of job (MB)
	17368  -  ResidentSetSize of job (KB)
...
006 (8383301.000.000) 07/29 03:15:23 Image size of job updated: 7435216
	18  -  MemoryUsage of job (MB)
	17416  -  ResidentSetSize of job (KB)
...
006 (8383301.000.000) 07/29 03:20:23 Image size of job updated: 7435216
	18  -  MemoryUsage of job (MB)
	17448  -  ResidentSetSize of job (KB)
...
006 (8383301.000.000) 07/29 03:25:23 Image size of job updated: 7435216
	18  -  MemoryUsage of job (MB)
	17480  -  ResidentSetSize of job (KB)
...
006 (8383301.000.000) 07/29 03:35:24 Image size of job updated: 7435216
	18  -  MemoryUsage of job (MB)
	17512  -  ResidentSetSize of job (KB)
...
006 (8383301.000.000) 07/29 03:45:25 Image size of job updated: 7435216
	18  -  MemoryUsage of job (MB)
	17560  -  ResidentSetSize of job (KB)
...
006 (8383301.000.000) 07/29 03:55:25 Image size of job updated: 7435216
	18  -  MemoryUsage of job (MB)
	17592  -  ResidentSetSize of job (KB)
...
006 (8383301.000.000) 07/29 04:00:26 Image size of job updated: 7435216
	18  -  MemoryUsage of job (MB)
	17624  -  ResidentSetSize of job (KB)
...
006 (8383301.000.000) 07/29 04:10:27 Image size of job updated: 7435216
	18  -  MemoryUsage of job (MB)
	17656  -  ResidentSetSize of job (KB)
...
006 (8383301.000.000) 07/29 04:20:29 Image size of job updated: 7435216
	18  -  MemoryUsage of job (MB)
	17704  -  ResidentSetSize of job (KB)
...
006 (8383301.000.000) 07/29 04:30:30 Image size of job updated: 7435216
	18  -  MemoryUsage of job (MB)
	17736  -  ResidentSetSize of job (KB)
...
006 (8383301.000.000) 07/29 04:40:31 Image size of job updated: 7435216
	18  -  MemoryUsage of job (MB)
	17768  -  ResidentSetSize of job (KB)
...
006 (8383301.000.000) 07/29 04:45:32 Image size of job updated: 7435216
	18  -  MemoryUsage of job (MB)
	17800  -  ResidentSetSize of job (KB)
...
006 (8383301.000.000) 07/29 04:55:33 Image size of job updated: 7435216
	18  -  MemoryUsage of job (MB)
	17848  -  ResidentSetSize of job (KB)
...
006 (8383301.000.000) 07/29 05:00:33 Image size of job updated: 7435216
	18  -  MemoryUsage of job (MB)
	17880  -  ResidentSetSize of job (KB)
...
006 (8383301.000.000) 07/29 05:10:34 Image size of job updated: 7435216
	18  -  MemoryUsage of job (MB)
	17912  -  ResidentSetSize of job (KB)
...
006 (8383301.000.000) 07/29 05:15:34 Image size of job updated: 7435216
	18  -  MemoryUsage of job (MB)
	17944  -  ResidentSetSize of job (KB)
...
006 (8383301.000.000) 07/29 05:20:35 Image size of job updated: 7435216
	18  -  MemoryUsage of job (MB)
	17992  -  ResidentSetSize of job (KB)
...
006 (8383301.000.000) 07/29 05:30:35 Image size of job updated: 7435216
	18  -  MemoryUsage of job (MB)
	18024  -  ResidentSetSize of job (KB)
...
006 (8383301.000.000) 07/29 05:35:36 Image size of job updated: 7435216
	18  -  MemoryUsage of job (MB)
	18056  -  ResidentSetSize of job (KB)
...
006 (8383301.000.000) 07/29 05:40:37 Image size of job updated: 7435216
	18  -  MemoryUsage of job (MB)
	18088  -  ResidentSetSize of job (KB)
...
006 (8383301.000.000) 07/29 05:45:37 Image size of job updated: 7435216
	18  -  MemoryUsage of job (MB)
	18136  -  ResidentSetSize of job (KB)
...
006 (8383301.000.000) 07/29 05:55:38 Image size of job updated: 7435216
	18  -  MemoryUsage of job (MB)
	18168  -  ResidentSetSize of job (KB)
...
006 (8383301.000.000) 07/29 06:00:38 Image size of job updated: 7435216
	18  -  MemoryUsage of job (MB)
	18200  -  ResidentSetSize of job (KB)
...
006 (8383301.000.000) 07/29 06:05:38 Image size of job updated: 7435216
	18  -  MemoryUsage of job (MB)
	18232  -  ResidentSetSize of job (KB)
...
006 (8383301.000.000) 07/29 06:15:40 Image size of job updated: 7435216
	18  -  MemoryUsage of job (MB)
	18280  -  ResidentSetSize of job (KB)
...
006 (8383301.000.000) 07/29 06:20:40 Image size of job updated: 7435216
	18  -  MemoryUsage of job (MB)
	18312  -  ResidentSetSize of job (KB)
...
006 (8383301.000.000) 07/29 06:30:42 Image size of job updated: 7435216
	18  -  MemoryUsage of job (MB)
	18344  -  ResidentSetSize of job (KB)
...
006 (8383301.000.000) 07/29 06:40:43 Image size of job updated: 7435216
	18  -  MemoryUsage of job (MB)
	18376  -  ResidentSetSize of job (KB)
...
006 (8383301.000.000) 07/29 06:45:44 Image size of job updated: 7435216
	18  -  MemoryUsage of job (MB)
	18424  -  ResidentSetSize of job (KB)
...
006 (8383301.000.000) 07/29 06:55:45 Image size of job updated: 7435216
	19  -  MemoryUsage of job (MB)
	18456  -  ResidentSetSize of job (KB)
...
006 (8383301.000.000) 07/29 07:05:46 Image size of job updated: 7435216
	19  -  MemoryUsage of job (MB)
	18488  -  ResidentSetSize of job (KB)
...
006 (8383301.000.000) 07/29 07:10:46 Image size of job updated: 7435216
	19  -  MemoryUsage of job (MB)
	18520  -  ResidentSetSize of job (KB)
...
006 (8383301.000.000) 07/29 07:20:47 Image size of job updated: 7435216
	19  -  MemoryUsage of job (MB)
	18568  -  ResidentSetSize of job (KB)
...
006 (8383301.000.000) 07/29 07:30:48 Image size of job updated: 7435216
	19  -  MemoryUsage of job (MB)
	18600  -  ResidentSetSize of job (KB)
...
006 (8383301.000.000) 07/29 07:35:48 Image size of job updated: 7435216
	19  -  MemoryUsage of job (MB)
	18632  -  ResidentSetSize of job (KB)
...
006 (8383301.000.000) 07/29 07:45:49 Image size of job updated: 7435216
	19  -  MemoryUsage of job (MB)
	18664  -  ResidentSetSize of job (KB)
...
006 (8383301.000.000) 07/29 07:55:50 Image size of job updated: 7435216
	19  -  MemoryUsage of job (MB)
	18712  -  ResidentSetSize of job (KB)
...
006 (8383301.000.000) 07/29 08:05:52 Image size of job updated: 7435216
	19  -  MemoryUsage of job (MB)
	18744  -  ResidentSetSize of job (KB)
...
006 (8383301.000.000) 07/29 08:10:52 Image size of job updated: 7435216
	19  -  MemoryUsage of job (MB)
	18776  -  ResidentSetSize of job (KB)
...
006 (8383301.000.000) 07/29 08:20:54 Image size of job updated: 7435216
	19  -  MemoryUsage of job (MB)
	18808  -  ResidentSetSize of job (KB)
...
006 (8383301.000.000) 07/29 08:25:54 Image size of job updated: 7435216
	19  -  MemoryUsage of job (MB)
	18856  -  ResidentSetSize of job (KB)
...
006 (8383301.000.000) 07/29 08:35:56 Image size of job updated: 7435216
	19  -  MemoryUsage of job (MB)
	18888  -  ResidentSetSize of job (KB)
...
006 (8383301.000.000) 07/29 08:40:56 Image size of job updated: 7435216
	19  -  MemoryUsage of job (MB)
	18920  -  ResidentSetSize of job (KB)
...
006 (8383301.000.000) 07/29 08:45:56 Image size of job updated: 7435216
	19  -  MemoryUsage of job (MB)
	18952  -  ResidentSetSize of job (KB)
...
040 (8383301.000.000) 07/29 08:53:15 Started transferring output files
...
040 (8383301.000.000) 07/29 08:53:15 Finished transferring output files
...
005 (8383301.000.000) 07/29 08:53:15 Job terminated.
	(1) Normal termination (return value 1)
		Usr 1 20:12:37, Sys 0 00:00:27  -  Run Remote Usage
		Usr 0 00:00:00, Sys 0 00:00:00  -  Run Local Usage
		Usr 1 20:12:37, Sys 0 00:00:27  -  Total Remote Usage
		Usr 0 00:00:00, Sys 0 00:00:00  -  Total Local Usage
	137368  -  Run Bytes Sent By Job
	1379  -  Run Bytes Received By Job
	137368  -  Total Bytes Sent By Job
	1379  -  Total Bytes Received By Job
	Partitionable Resources :    Usage  Request Allocated 
	   Cpus                 :     1.00        8         8 
	   Disk (KB)            :   166           2   2842352 
	   Memory (MB)          :    19       16000     16000 

	Job terminated of its own accord at 2023-07-29T06:53:15Z.
...
