000 (8414414.008.000) 08/08 02:15:07 Job submitted from host: <137.138.156.150:9618?addrs=137.138.156.150-9618+[2001-1458-d00-14--9a]-9618&alias=bigbird13.cern.ch&noUDP&sock=schedd_6524_7ff5>
...
040 (8414414.008.000) 08/08 02:16:10 Started transferring input files
	Transferring to host: <128.142.137.158:9618?addrs=128.142.137.158-9618+[2001-1458-301-5e--100-92]-9618&alias=b7g19p7561.cern.ch&noUDP&sock=slot1_2_3635_efad_56599>
...
040 (8414414.008.000) 08/08 02:16:10 Finished transferring input files
...
001 (8414414.008.000) 08/08 02:16:10 Job executing on host: <128.142.137.158:9618?addrs=128.142.137.158-9618+[2001-1458-301-5e--100-92]-9618&alias=b7g19p7561.cern.ch&noUDP&sock=startd_2972_1f8f>
...
006 (8414414.008.000) 08/08 02:16:18 Image size of job updated: 6100
	4  -  MemoryUsage of job (MB)
	3796  -  ResidentSetSize of job (KB)
...
006 (8414414.008.000) 08/08 02:21:18 Image size of job updated: 7437992
	7  -  MemoryUsage of job (MB)
	6788  -  ResidentSetSize of job (KB)
...
006 (8414414.008.000) 08/08 03:16:24 Image size of job updated: 7437992
	7  -  MemoryUsage of job (MB)
	6948  -  ResidentSetSize of job (KB)
...
006 (8414414.008.000) 08/08 03:21:25 Image size of job updated: 7437992
	7  -  MemoryUsage of job (MB)
	6980  -  ResidentSetSize of job (KB)
...
006 (8414414.008.000) 08/08 04:21:31 Image size of job updated: 7437992
	7  -  MemoryUsage of job (MB)
	7028  -  ResidentSetSize of job (KB)
...
006 (8414414.008.000) 08/08 05:16:37 Image size of job updated: 7437992
	7  -  MemoryUsage of job (MB)
	7076  -  ResidentSetSize of job (KB)
...
006 (8414414.008.000) 08/08 06:16:42 Image size of job updated: 7437992
	7  -  MemoryUsage of job (MB)
	7108  -  ResidentSetSize of job (KB)
...
006 (8414414.008.000) 08/08 07:41:50 Image size of job updated: 7437992
	7  -  MemoryUsage of job (MB)
	7140  -  ResidentSetSize of job (KB)
...
006 (8414414.008.000) 08/08 09:27:01 Image size of job updated: 7437992
	8  -  MemoryUsage of job (MB)
	7188  -  ResidentSetSize of job (KB)
...
006 (8414414.008.000) 08/08 11:02:12 Image size of job updated: 7437992
	8  -  MemoryUsage of job (MB)
	7236  -  ResidentSetSize of job (KB)
...
006 (8414414.008.000) 08/08 12:22:20 Image size of job updated: 7437992
	8  -  MemoryUsage of job (MB)
	7268  -  ResidentSetSize of job (KB)
...
006 (8414414.008.000) 08/08 13:42:29 Image size of job updated: 7437992
	8  -  MemoryUsage of job (MB)
	7300  -  ResidentSetSize of job (KB)
...
006 (8414414.008.000) 08/08 15:07:39 Image size of job updated: 7437992
	8  -  MemoryUsage of job (MB)
	7348  -  ResidentSetSize of job (KB)
...
006 (8414414.008.000) 08/08 16:27:47 Image size of job updated: 7437992
	8  -  MemoryUsage of job (MB)
	7396  -  ResidentSetSize of job (KB)
...
006 (8414414.008.000) 08/08 17:49:29 Image size of job updated: 7437992
	8  -  MemoryUsage of job (MB)
	7428  -  ResidentSetSize of job (KB)
...
006 (8414414.008.000) 08/08 19:14:22 Image size of job updated: 7437992
	8  -  MemoryUsage of job (MB)
	7460  -  ResidentSetSize of job (KB)
...
006 (8414414.008.000) 08/08 20:39:30 Image size of job updated: 7437992
	8  -  MemoryUsage of job (MB)
	7508  -  ResidentSetSize of job (KB)
...
006 (8414414.008.000) 08/08 21:54:37 Image size of job updated: 7437992
	8  -  MemoryUsage of job (MB)
	7556  -  ResidentSetSize of job (KB)
...
006 (8414414.008.000) 08/08 23:24:46 Image size of job updated: 7437992
	8  -  MemoryUsage of job (MB)
	7588  -  ResidentSetSize of job (KB)
...
006 (8414414.008.000) 08/09 00:49:54 Image size of job updated: 7437992
	8  -  MemoryUsage of job (MB)
	7620  -  ResidentSetSize of job (KB)
...
006 (8414414.008.000) 08/09 02:20:03 Image size of job updated: 7437992
	8  -  MemoryUsage of job (MB)
	7668  -  ResidentSetSize of job (KB)
...
006 (8414414.008.000) 08/09 03:45:12 Image size of job updated: 7437992
	8  -  MemoryUsage of job (MB)
	7716  -  ResidentSetSize of job (KB)
...
006 (8414414.008.000) 08/09 05:05:20 Image size of job updated: 7437992
	8  -  MemoryUsage of job (MB)
	7748  -  ResidentSetSize of job (KB)
...
006 (8414414.008.000) 08/09 06:25:29 Image size of job updated: 7437992
	8  -  MemoryUsage of job (MB)
	7780  -  ResidentSetSize of job (KB)
...
006 (8414414.008.000) 08/09 08:00:38 Image size of job updated: 7437992
	8  -  MemoryUsage of job (MB)
	7828  -  ResidentSetSize of job (KB)
...
006 (8414414.008.000) 08/09 09:35:49 Image size of job updated: 7437992
	8  -  MemoryUsage of job (MB)
	7876  -  ResidentSetSize of job (KB)
...
006 (8414414.008.000) 08/09 11:10:59 Image size of job updated: 7437992
	8  -  MemoryUsage of job (MB)
	7908  -  ResidentSetSize of job (KB)
...
006 (8414414.008.000) 08/09 12:41:09 Image size of job updated: 7437992
	8  -  MemoryUsage of job (MB)
	7940  -  ResidentSetSize of job (KB)
...
006 (8414414.008.000) 08/09 14:01:18 Image size of job updated: 7437992
	8  -  MemoryUsage of job (MB)
	7988  -  ResidentSetSize of job (KB)
...
006 (8414414.008.000) 08/09 15:31:26 Image size of job updated: 7437992
	8  -  MemoryUsage of job (MB)
	8036  -  ResidentSetSize of job (KB)
...
006 (8414414.008.000) 08/09 16:41:33 Image size of job updated: 7437992
	8  -  MemoryUsage of job (MB)
	8068  -  ResidentSetSize of job (KB)
...
006 (8414414.008.000) 08/09 18:06:43 Image size of job updated: 7437992
	8  -  MemoryUsage of job (MB)
	8100  -  ResidentSetSize of job (KB)
...
006 (8414414.008.000) 08/09 19:36:51 Image size of job updated: 7437992
	8  -  MemoryUsage of job (MB)
	8148  -  ResidentSetSize of job (KB)
...
006 (8414414.008.000) 08/09 20:56:58 Image size of job updated: 7437992
	9  -  MemoryUsage of job (MB)
	8196  -  ResidentSetSize of job (KB)
...
006 (8414414.008.000) 08/09 22:02:04 Image size of job updated: 7437992
	9  -  MemoryUsage of job (MB)
	8228  -  ResidentSetSize of job (KB)
...
006 (8414414.008.000) 08/09 23:17:11 Image size of job updated: 7437992
	9  -  MemoryUsage of job (MB)
	8260  -  ResidentSetSize of job (KB)
...
006 (8414414.008.000) 08/10 00:47:19 Image size of job updated: 7437992
	9  -  MemoryUsage of job (MB)
	8308  -  ResidentSetSize of job (KB)
...
006 (8414414.008.000) 08/10 02:37:31 Image size of job updated: 7437992
	9  -  MemoryUsage of job (MB)
	8356  -  ResidentSetSize of job (KB)
...
006 (8414414.008.000) 08/10 04:42:43 Image size of job updated: 7437992
	9  -  MemoryUsage of job (MB)
	8388  -  ResidentSetSize of job (KB)
...
006 (8414414.008.000) 08/10 06:42:56 Image size of job updated: 7437992
	9  -  MemoryUsage of job (MB)
	8420  -  ResidentSetSize of job (KB)
...
006 (8414414.008.000) 08/10 08:18:05 Image size of job updated: 7437992
	9  -  MemoryUsage of job (MB)
	8468  -  ResidentSetSize of job (KB)
...
006 (8414414.008.000) 08/10 09:58:17 Image size of job updated: 7437992
	9  -  MemoryUsage of job (MB)
	8516  -  ResidentSetSize of job (KB)
...
006 (8414414.008.000) 08/10 11:48:28 Image size of job updated: 7437992
	9  -  MemoryUsage of job (MB)
	8548  -  ResidentSetSize of job (KB)
...
006 (8414414.008.000) 08/10 13:28:38 Image size of job updated: 7437992
	9  -  MemoryUsage of job (MB)
	8580  -  ResidentSetSize of job (KB)
...
006 (8414414.008.000) 08/10 15:03:47 Image size of job updated: 7437992
	9  -  MemoryUsage of job (MB)
	8628  -  ResidentSetSize of job (KB)
...
006 (8414414.008.000) 08/10 16:28:55 Image size of job updated: 7437992
	9  -  MemoryUsage of job (MB)
	8676  -  ResidentSetSize of job (KB)
...
006 (8414414.008.000) 08/10 18:14:06 Image size of job updated: 7437992
	9  -  MemoryUsage of job (MB)
	8708  -  ResidentSetSize of job (KB)
...
006 (8414414.008.000) 08/10 19:34:14 Image size of job updated: 7437992
	9  -  MemoryUsage of job (MB)
	8740  -  ResidentSetSize of job (KB)
...
006 (8414414.008.000) 08/10 21:09:24 Image size of job updated: 7437992
	9  -  MemoryUsage of job (MB)
	8788  -  ResidentSetSize of job (KB)
...
006 (8414414.008.000) 08/10 22:29:33 Image size of job updated: 7437992
	9  -  MemoryUsage of job (MB)
	8836  -  ResidentSetSize of job (KB)
...
006 (8414414.008.000) 08/11 00:04:44 Image size of job updated: 7437992
	9  -  MemoryUsage of job (MB)
	8868  -  ResidentSetSize of job (KB)
...
006 (8414414.008.000) 08/11 01:29:52 Image size of job updated: 7437992
	9  -  MemoryUsage of job (MB)
	8900  -  ResidentSetSize of job (KB)
...
006 (8414414.008.000) 08/11 02:09:56 Image size of job updated: 7437992
	11  -  MemoryUsage of job (MB)
	10824  -  ResidentSetSize of job (KB)
...
006 (8414414.008.000) 08/11 03:10:02 Image size of job updated: 7437992
	11  -  MemoryUsage of job (MB)
	10872  -  ResidentSetSize of job (KB)
...
006 (8414414.008.000) 08/11 04:50:10 Image size of job updated: 7437992
	11  -  MemoryUsage of job (MB)
	10920  -  ResidentSetSize of job (KB)
...
006 (8414414.008.000) 08/11 06:10:19 Image size of job updated: 7437992
	11  -  MemoryUsage of job (MB)
	10952  -  ResidentSetSize of job (KB)
...
006 (8414414.008.000) 08/11 07:25:26 Image size of job updated: 7437992
	11  -  MemoryUsage of job (MB)
	10984  -  ResidentSetSize of job (KB)
...
006 (8414414.008.000) 08/11 08:51:58 Image size of job updated: 7437992
	11  -  MemoryUsage of job (MB)
	11032  -  ResidentSetSize of job (KB)
...
006 (8414414.008.000) 08/11 10:06:52 Image size of job updated: 7437992
	11  -  MemoryUsage of job (MB)
	11080  -  ResidentSetSize of job (KB)
...
006 (8414414.008.000) 08/11 11:52:02 Image size of job updated: 7437992
	11  -  MemoryUsage of job (MB)
	11112  -  ResidentSetSize of job (KB)
...
006 (8414414.008.000) 08/11 13:27:11 Image size of job updated: 7437992
	11  -  MemoryUsage of job (MB)
	11144  -  ResidentSetSize of job (KB)
...
006 (8414414.008.000) 08/11 15:12:23 Image size of job updated: 7437992
	11  -  MemoryUsage of job (MB)
	11192  -  ResidentSetSize of job (KB)
...
006 (8414414.008.000) 08/11 16:52:34 Image size of job updated: 7437992
	11  -  MemoryUsage of job (MB)
	11240  -  ResidentSetSize of job (KB)
...
006 (8414414.008.000) 08/11 18:47:46 Image size of job updated: 7437992
	12  -  MemoryUsage of job (MB)
	11272  -  ResidentSetSize of job (KB)
...
006 (8414414.008.000) 08/11 20:27:58 Image size of job updated: 7437992
	12  -  MemoryUsage of job (MB)
	11304  -  ResidentSetSize of job (KB)
...
006 (8414414.008.000) 08/11 22:18:09 Image size of job updated: 7437992
	12  -  MemoryUsage of job (MB)
	11352  -  ResidentSetSize of job (KB)
...
006 (8414414.008.000) 08/11 23:53:19 Image size of job updated: 7437992
	12  -  MemoryUsage of job (MB)
	11400  -  ResidentSetSize of job (KB)
...
006 (8414414.008.000) 08/12 01:23:29 Image size of job updated: 7437992
	12  -  MemoryUsage of job (MB)
	11432  -  ResidentSetSize of job (KB)
...
006 (8414414.008.000) 08/12 03:13:39 Image size of job updated: 7437992
	12  -  MemoryUsage of job (MB)
	11464  -  ResidentSetSize of job (KB)
...
006 (8414414.008.000) 08/12 05:03:50 Image size of job updated: 7437992
	12  -  MemoryUsage of job (MB)
	11512  -  ResidentSetSize of job (KB)
...
006 (8414414.008.000) 08/12 06:44:00 Image size of job updated: 7437992
	12  -  MemoryUsage of job (MB)
	11560  -  ResidentSetSize of job (KB)
...
006 (8414414.008.000) 08/12 08:14:08 Image size of job updated: 7437992
	12  -  MemoryUsage of job (MB)
	11592  -  ResidentSetSize of job (KB)
...
006 (8414414.008.000) 08/12 09:59:19 Image size of job updated: 7437992
	12  -  MemoryUsage of job (MB)
	11624  -  ResidentSetSize of job (KB)
...
006 (8414414.008.000) 08/12 11:24:28 Image size of job updated: 7437992
	12  -  MemoryUsage of job (MB)
	11672  -  ResidentSetSize of job (KB)
...
006 (8414414.008.000) 08/12 12:59:38 Image size of job updated: 7437992
	12  -  MemoryUsage of job (MB)
	11720  -  ResidentSetSize of job (KB)
...
006 (8414414.008.000) 08/12 14:34:49 Image size of job updated: 7437992
	12  -  MemoryUsage of job (MB)
	11752  -  ResidentSetSize of job (KB)
...
006 (8414414.008.000) 08/12 16:04:57 Image size of job updated: 7437992
	12  -  MemoryUsage of job (MB)
	11784  -  ResidentSetSize of job (KB)
...
006 (8414414.008.000) 08/12 17:40:06 Image size of job updated: 7437992
	12  -  MemoryUsage of job (MB)
	11832  -  ResidentSetSize of job (KB)
...
006 (8414414.008.000) 08/12 19:20:17 Image size of job updated: 7437992
	12  -  MemoryUsage of job (MB)
	11880  -  ResidentSetSize of job (KB)
...
006 (8414414.008.000) 08/12 20:50:26 Image size of job updated: 7437992
	12  -  MemoryUsage of job (MB)
	11912  -  ResidentSetSize of job (KB)
...
006 (8414414.008.000) 08/12 22:00:32 Image size of job updated: 7437992
	14  -  MemoryUsage of job (MB)
	13880  -  ResidentSetSize of job (KB)
...
006 (8414414.008.000) 08/12 22:15:33 Image size of job updated: 7437992
	14  -  MemoryUsage of job (MB)
	13912  -  ResidentSetSize of job (KB)
...
006 (8414414.008.000) 08/12 23:35:42 Image size of job updated: 7437992
	14  -  MemoryUsage of job (MB)
	13960  -  ResidentSetSize of job (KB)
...
006 (8414414.008.000) 08/13 01:00:52 Image size of job updated: 7437992
	14  -  MemoryUsage of job (MB)
	14008  -  ResidentSetSize of job (KB)
...
006 (8414414.008.000) 08/13 02:26:02 Image size of job updated: 7437992
	16  -  MemoryUsage of job (MB)
	16000  -  ResidentSetSize of job (KB)
...
006 (8414414.008.000) 08/13 03:41:08 Image size of job updated: 7437992
	16  -  MemoryUsage of job (MB)
	16032  -  ResidentSetSize of job (KB)
...
006 (8414414.008.000) 08/13 04:56:14 Image size of job updated: 7437992
	16  -  MemoryUsage of job (MB)
	16080  -  ResidentSetSize of job (KB)
...
006 (8414414.008.000) 08/13 06:36:24 Image size of job updated: 7437992
	16  -  MemoryUsage of job (MB)
	16124  -  ResidentSetSize of job (KB)
...
006 (8414414.008.000) 08/13 07:51:32 Image size of job updated: 7437992
	16  -  MemoryUsage of job (MB)
	16152  -  ResidentSetSize of job (KB)
...
006 (8414414.008.000) 08/13 09:31:41 Image size of job updated: 7437992
	16  -  MemoryUsage of job (MB)
	16184  -  ResidentSetSize of job (KB)
...
006 (8414414.008.000) 08/13 11:16:52 Image size of job updated: 7437992
	16  -  MemoryUsage of job (MB)
	16232  -  ResidentSetSize of job (KB)
...
006 (8414414.008.000) 08/13 13:22:04 Image size of job updated: 7437992
	16  -  MemoryUsage of job (MB)
	16276  -  ResidentSetSize of job (KB)
...
006 (8414414.008.000) 08/13 15:12:15 Image size of job updated: 7437992
	16  -  MemoryUsage of job (MB)
	16304  -  ResidentSetSize of job (KB)
...
006 (8414414.008.000) 08/13 17:17:29 Image size of job updated: 7437992
	16  -  MemoryUsage of job (MB)
	16336  -  ResidentSetSize of job (KB)
...
006 (8414414.008.000) 08/13 19:27:42 Image size of job updated: 7437992
	16  -  MemoryUsage of job (MB)
	16384  -  ResidentSetSize of job (KB)
...
006 (8414414.008.000) 08/13 21:42:55 Image size of job updated: 7437992
	17  -  MemoryUsage of job (MB)
	16428  -  ResidentSetSize of job (KB)
...
006 (8414414.008.000) 08/13 23:23:06 Image size of job updated: 7437992
	17  -  MemoryUsage of job (MB)
	16456  -  ResidentSetSize of job (KB)
...
006 (8414414.008.000) 08/14 01:18:17 Image size of job updated: 7437992
	17  -  MemoryUsage of job (MB)
	16488  -  ResidentSetSize of job (KB)
...
006 (8414414.008.000) 08/14 03:13:29 Image size of job updated: 7437992
	17  -  MemoryUsage of job (MB)
	16536  -  ResidentSetSize of job (KB)
...
006 (8414414.008.000) 08/14 05:08:41 Image size of job updated: 7437992
	17  -  MemoryUsage of job (MB)
	16580  -  ResidentSetSize of job (KB)
...
006 (8414414.008.000) 08/14 06:53:52 Image size of job updated: 7437992
	17  -  MemoryUsage of job (MB)
	16608  -  ResidentSetSize of job (KB)
...
006 (8414414.008.000) 08/14 08:44:02 Image size of job updated: 7437992
	17  -  MemoryUsage of job (MB)
	16640  -  ResidentSetSize of job (KB)
...
006 (8414414.008.000) 08/14 10:49:15 Image size of job updated: 7437992
	17  -  MemoryUsage of job (MB)
	16688  -  ResidentSetSize of job (KB)
...
006 (8414414.008.000) 08/14 12:44:26 Image size of job updated: 7437992
	17  -  MemoryUsage of job (MB)
	16732  -  ResidentSetSize of job (KB)
...
006 (8414414.008.000) 08/14 14:49:39 Image size of job updated: 7437992
	17  -  MemoryUsage of job (MB)
	16760  -  ResidentSetSize of job (KB)
...
006 (8414414.008.000) 08/14 16:39:51 Image size of job updated: 7437992
	17  -  MemoryUsage of job (MB)
	16792  -  ResidentSetSize of job (KB)
...
006 (8414414.008.000) 08/14 18:35:02 Image size of job updated: 7437992
	17  -  MemoryUsage of job (MB)
	16840  -  ResidentSetSize of job (KB)
...
006 (8414414.008.000) 08/14 20:15:13 Image size of job updated: 7437992
	17  -  MemoryUsage of job (MB)
	16884  -  ResidentSetSize of job (KB)
...
006 (8414414.008.000) 08/14 22:15:26 Image size of job updated: 7437992
	17  -  MemoryUsage of job (MB)
	16912  -  ResidentSetSize of job (KB)
...
006 (8414414.008.000) 08/14 23:50:37 Image size of job updated: 7437992
	17  -  MemoryUsage of job (MB)
	16944  -  ResidentSetSize of job (KB)
...
006 (8414414.008.000) 08/15 01:30:46 Image size of job updated: 7437992
	17  -  MemoryUsage of job (MB)
	16992  -  ResidentSetSize of job (KB)
...
040 (8414414.008.000) 08/15 02:16:35 Started transferring output files
...
040 (8414414.008.000) 08/15 02:16:35 Finished transferring output files
...
009 (8414414.008.000) 08/15 02:16:36 Job was aborted.
	Job removed by SYSTEM_PERIODIC_REMOVE due to wall time exceeded allowed max.
...
