000 (8414414.002.000) 08/08 02:15:07 Job submitted from host: <137.138.156.150:9618?addrs=137.138.156.150-9618+[2001-1458-d00-14--9a]-9618&alias=bigbird13.cern.ch&noUDP&sock=schedd_6524_7ff5>
...
040 (8414414.002.000) 08/08 02:16:08 Started transferring input files
	Transferring to host: <128.142.248.195:9618?addrs=128.142.248.195-9618+[2001-1458-301-73--100-c2]-9618&alias=b7g23p0315.cern.ch&noUDP&sock=slot1_3_66703_0c32_25265>
...
040 (8414414.002.000) 08/08 02:16:08 Finished transferring input files
...
001 (8414414.002.000) 08/08 02:16:08 Job executing on host: <128.142.248.195:9618?addrs=128.142.248.195-9618+[2001-1458-301-73--100-c2]-9618&alias=b7g23p0315.cern.ch&noUDP&sock=startd_66665_3938>
...
006 (8414414.002.000) 08/08 02:16:16 Image size of job updated: 7437992
	7  -  MemoryUsage of job (MB)
	6636  -  ResidentSetSize of job (KB)
...
006 (8414414.002.000) 08/08 02:21:16 Image size of job updated: 7437992
	7  -  MemoryUsage of job (MB)
	6748  -  ResidentSetSize of job (KB)
...
006 (8414414.002.000) 08/08 02:26:17 Image size of job updated: 7437992
	7  -  MemoryUsage of job (MB)
	6780  -  ResidentSetSize of job (KB)
...
006 (8414414.002.000) 08/08 02:31:18 Image size of job updated: 7437992
	7  -  MemoryUsage of job (MB)
	6828  -  ResidentSetSize of job (KB)
...
006 (8414414.002.000) 08/08 02:41:19 Image size of job updated: 7437992
	7  -  MemoryUsage of job (MB)
	6844  -  ResidentSetSize of job (KB)
...
006 (8414414.002.000) 08/08 02:46:20 Image size of job updated: 7437992
	7  -  MemoryUsage of job (MB)
	6876  -  ResidentSetSize of job (KB)
...
006 (8414414.002.000) 08/08 02:56:20 Image size of job updated: 7437992
	7  -  MemoryUsage of job (MB)
	6908  -  ResidentSetSize of job (KB)
...
006 (8414414.002.000) 08/08 03:01:21 Image size of job updated: 7437992
	7  -  MemoryUsage of job (MB)
	6924  -  ResidentSetSize of job (KB)
...
006 (8414414.002.000) 08/08 03:11:22 Image size of job updated: 7437992
	7  -  MemoryUsage of job (MB)
	6940  -  ResidentSetSize of job (KB)
...
006 (8414414.002.000) 08/08 03:16:22 Image size of job updated: 7437992
	7  -  MemoryUsage of job (MB)
	6972  -  ResidentSetSize of job (KB)
...
006 (8414414.002.000) 08/08 03:21:23 Image size of job updated: 7437992
	7  -  MemoryUsage of job (MB)
	7004  -  ResidentSetSize of job (KB)
...
006 (8414414.002.000) 08/08 03:26:24 Image size of job updated: 7437992
	7  -  MemoryUsage of job (MB)
	7020  -  ResidentSetSize of job (KB)
...
006 (8414414.002.000) 08/08 03:36:24 Image size of job updated: 7437992
	7  -  MemoryUsage of job (MB)
	7036  -  ResidentSetSize of job (KB)
...
006 (8414414.002.000) 08/08 03:41:25 Image size of job updated: 7437992
	7  -  MemoryUsage of job (MB)
	7068  -  ResidentSetSize of job (KB)
...
006 (8414414.002.000) 08/08 03:46:26 Image size of job updated: 7437992
	7  -  MemoryUsage of job (MB)
	7100  -  ResidentSetSize of job (KB)
...
006 (8414414.002.000) 08/08 03:51:26 Image size of job updated: 7437992
	7  -  MemoryUsage of job (MB)
	7116  -  ResidentSetSize of job (KB)
...
006 (8414414.002.000) 08/08 03:56:26 Image size of job updated: 7437992
	7  -  MemoryUsage of job (MB)
	7132  -  ResidentSetSize of job (KB)
...
006 (8414414.002.000) 08/08 04:01:27 Image size of job updated: 7437992
	7  -  MemoryUsage of job (MB)
	7164  -  ResidentSetSize of job (KB)
...
006 (8414414.002.000) 08/08 04:11:28 Image size of job updated: 7437992
	8  -  MemoryUsage of job (MB)
	7196  -  ResidentSetSize of job (KB)
...
006 (8414414.002.000) 08/08 04:16:28 Image size of job updated: 7437992
	8  -  MemoryUsage of job (MB)
	7212  -  ResidentSetSize of job (KB)
...
006 (8414414.002.000) 08/08 04:26:30 Image size of job updated: 7437992
	8  -  MemoryUsage of job (MB)
	7228  -  ResidentSetSize of job (KB)
...
006 (8414414.002.000) 08/08 04:31:30 Image size of job updated: 7437992
	8  -  MemoryUsage of job (MB)
	7260  -  ResidentSetSize of job (KB)
...
006 (8414414.002.000) 08/08 04:41:31 Image size of job updated: 7437992
	8  -  MemoryUsage of job (MB)
	7292  -  ResidentSetSize of job (KB)
...
006 (8414414.002.000) 08/08 04:46:32 Image size of job updated: 7437992
	8  -  MemoryUsage of job (MB)
	7308  -  ResidentSetSize of job (KB)
...
006 (8414414.002.000) 08/08 04:51:32 Image size of job updated: 7437992
	8  -  MemoryUsage of job (MB)
	7324  -  ResidentSetSize of job (KB)
...
006 (8414414.002.000) 08/08 05:01:33 Image size of job updated: 7437992
	8  -  MemoryUsage of job (MB)
	7356  -  ResidentSetSize of job (KB)
...
006 (8414414.002.000) 08/08 05:06:34 Image size of job updated: 7437992
	8  -  MemoryUsage of job (MB)
	7388  -  ResidentSetSize of job (KB)
...
006 (8414414.002.000) 08/08 05:11:34 Image size of job updated: 7437992
	8  -  MemoryUsage of job (MB)
	7404  -  ResidentSetSize of job (KB)
...
006 (8414414.002.000) 08/08 05:21:35 Image size of job updated: 7437992
	8  -  MemoryUsage of job (MB)
	7420  -  ResidentSetSize of job (KB)
...
006 (8414414.002.000) 08/08 05:26:36 Image size of job updated: 7437992
	8  -  MemoryUsage of job (MB)
	7452  -  ResidentSetSize of job (KB)
...
006 (8414414.002.000) 08/08 05:36:36 Image size of job updated: 7437992
	8  -  MemoryUsage of job (MB)
	7484  -  ResidentSetSize of job (KB)
...
006 (8414414.002.000) 08/08 05:41:37 Image size of job updated: 7437992
	8  -  MemoryUsage of job (MB)
	7500  -  ResidentSetSize of job (KB)
...
006 (8414414.002.000) 08/08 05:46:38 Image size of job updated: 7437992
	8  -  MemoryUsage of job (MB)
	7516  -  ResidentSetSize of job (KB)
...
006 (8414414.002.000) 08/08 05:56:38 Image size of job updated: 7437992
	8  -  MemoryUsage of job (MB)
	7548  -  ResidentSetSize of job (KB)
...
006 (8414414.002.000) 08/08 06:01:39 Image size of job updated: 7437992
	8  -  MemoryUsage of job (MB)
	7580  -  ResidentSetSize of job (KB)
...
006 (8414414.002.000) 08/08 06:06:40 Image size of job updated: 7437992
	8  -  MemoryUsage of job (MB)
	7596  -  ResidentSetSize of job (KB)
...
006 (8414414.002.000) 08/08 06:11:40 Image size of job updated: 7437992
	8  -  MemoryUsage of job (MB)
	7612  -  ResidentSetSize of job (KB)
...
006 (8414414.002.000) 08/08 06:21:41 Image size of job updated: 7437992
	8  -  MemoryUsage of job (MB)
	7644  -  ResidentSetSize of job (KB)
...
006 (8414414.002.000) 08/08 06:26:41 Image size of job updated: 7437992
	8  -  MemoryUsage of job (MB)
	7676  -  ResidentSetSize of job (KB)
...
006 (8414414.002.000) 08/08 06:36:41 Image size of job updated: 7437992
	8  -  MemoryUsage of job (MB)
	7692  -  ResidentSetSize of job (KB)
...
006 (8414414.002.000) 08/08 06:41:42 Image size of job updated: 7437992
	8  -  MemoryUsage of job (MB)
	7708  -  ResidentSetSize of job (KB)
...
006 (8414414.002.000) 08/08 06:51:42 Image size of job updated: 7437992
	8  -  MemoryUsage of job (MB)
	7740  -  ResidentSetSize of job (KB)
...
006 (8414414.002.000) 08/08 06:56:43 Image size of job updated: 7437992
	8  -  MemoryUsage of job (MB)
	7772  -  ResidentSetSize of job (KB)
...
006 (8414414.002.000) 08/08 07:01:44 Image size of job updated: 7437992
	8  -  MemoryUsage of job (MB)
	7788  -  ResidentSetSize of job (KB)
...
006 (8414414.002.000) 08/08 07:11:45 Image size of job updated: 7437992
	8  -  MemoryUsage of job (MB)
	7804  -  ResidentSetSize of job (KB)
...
006 (8414414.002.000) 08/08 07:16:45 Image size of job updated: 7437992
	8  -  MemoryUsage of job (MB)
	7836  -  ResidentSetSize of job (KB)
...
006 (8414414.002.000) 08/08 07:21:46 Image size of job updated: 7437992
	8  -  MemoryUsage of job (MB)
	7868  -  ResidentSetSize of job (KB)
...
006 (8414414.002.000) 08/08 07:26:47 Image size of job updated: 7437992
	8  -  MemoryUsage of job (MB)
	7884  -  ResidentSetSize of job (KB)
...
006 (8414414.002.000) 08/08 07:36:47 Image size of job updated: 7437992
	8  -  MemoryUsage of job (MB)
	7900  -  ResidentSetSize of job (KB)
...
006 (8414414.002.000) 08/08 07:41:48 Image size of job updated: 7437992
	8  -  MemoryUsage of job (MB)
	7932  -  ResidentSetSize of job (KB)
...
006 (8414414.002.000) 08/08 07:46:49 Image size of job updated: 7437992
	8  -  MemoryUsage of job (MB)
	7964  -  ResidentSetSize of job (KB)
...
006 (8414414.002.000) 08/08 07:56:49 Image size of job updated: 7437992
	8  -  MemoryUsage of job (MB)
	7980  -  ResidentSetSize of job (KB)
...
006 (8414414.002.000) 08/08 08:01:50 Image size of job updated: 7437992
	8  -  MemoryUsage of job (MB)
	7996  -  ResidentSetSize of job (KB)
...
006 (8414414.002.000) 08/08 08:06:51 Image size of job updated: 7437992
	8  -  MemoryUsage of job (MB)
	8028  -  ResidentSetSize of job (KB)
...
006 (8414414.002.000) 08/08 08:16:51 Image size of job updated: 7437992
	8  -  MemoryUsage of job (MB)
	8060  -  ResidentSetSize of job (KB)
...
006 (8414414.002.000) 08/08 08:21:52 Image size of job updated: 7437992
	8  -  MemoryUsage of job (MB)
	8076  -  ResidentSetSize of job (KB)
...
006 (8414414.002.000) 08/08 08:31:53 Image size of job updated: 7437992
	8  -  MemoryUsage of job (MB)
	8092  -  ResidentSetSize of job (KB)
...
006 (8414414.002.000) 08/08 08:36:53 Image size of job updated: 7437992
	8  -  MemoryUsage of job (MB)
	8124  -  ResidentSetSize of job (KB)
...
006 (8414414.002.000) 08/08 08:46:55 Image size of job updated: 7437992
	8  -  MemoryUsage of job (MB)
	8156  -  ResidentSetSize of job (KB)
...
006 (8414414.002.000) 08/08 08:51:55 Image size of job updated: 7437992
	8  -  MemoryUsage of job (MB)
	8172  -  ResidentSetSize of job (KB)
...
006 (8414414.002.000) 08/08 09:01:57 Image size of job updated: 7437992
	8  -  MemoryUsage of job (MB)
	8188  -  ResidentSetSize of job (KB)
...
006 (8414414.002.000) 08/08 09:06:57 Image size of job updated: 7437992
	9  -  MemoryUsage of job (MB)
	8220  -  ResidentSetSize of job (KB)
...
006 (8414414.002.000) 08/08 09:11:57 Image size of job updated: 7437992
	9  -  MemoryUsage of job (MB)
	8252  -  ResidentSetSize of job (KB)
...
006 (8414414.002.000) 08/08 09:21:59 Image size of job updated: 7437992
	9  -  MemoryUsage of job (MB)
	8268  -  ResidentSetSize of job (KB)
...
006 (8414414.002.000) 08/08 09:26:59 Image size of job updated: 7437992
	9  -  MemoryUsage of job (MB)
	8284  -  ResidentSetSize of job (KB)
...
006 (8414414.002.000) 08/08 09:31:59 Image size of job updated: 7437992
	9  -  MemoryUsage of job (MB)
	8316  -  ResidentSetSize of job (KB)
...
006 (8414414.002.000) 08/08 09:42:00 Image size of job updated: 7437992
	9  -  MemoryUsage of job (MB)
	8348  -  ResidentSetSize of job (KB)
...
006 (8414414.002.000) 08/08 09:52:00 Image size of job updated: 7437992
	9  -  MemoryUsage of job (MB)
	8364  -  ResidentSetSize of job (KB)
...
006 (8414414.002.000) 08/08 09:57:01 Image size of job updated: 7437992
	9  -  MemoryUsage of job (MB)
	8380  -  ResidentSetSize of job (KB)
...
006 (8414414.002.000) 08/08 10:07:02 Image size of job updated: 7437992
	9  -  MemoryUsage of job (MB)
	8412  -  ResidentSetSize of job (KB)
...
006 (8414414.002.000) 08/08 10:12:02 Image size of job updated: 7437992
	9  -  MemoryUsage of job (MB)
	8444  -  ResidentSetSize of job (KB)
...
006 (8414414.002.000) 08/08 10:17:03 Image size of job updated: 7437992
	9  -  MemoryUsage of job (MB)
	8460  -  ResidentSetSize of job (KB)
...
006 (8414414.002.000) 08/08 10:27:03 Image size of job updated: 7437992
	9  -  MemoryUsage of job (MB)
	8476  -  ResidentSetSize of job (KB)
...
006 (8414414.002.000) 08/08 10:32:04 Image size of job updated: 7437992
	9  -  MemoryUsage of job (MB)
	8508  -  ResidentSetSize of job (KB)
...
006 (8414414.002.000) 08/08 10:42:05 Image size of job updated: 7437992
	9  -  MemoryUsage of job (MB)
	8540  -  ResidentSetSize of job (KB)
...
006 (8414414.002.000) 08/08 10:47:05 Image size of job updated: 7437992
	9  -  MemoryUsage of job (MB)
	8556  -  ResidentSetSize of job (KB)
...
006 (8414414.002.000) 08/08 10:52:06 Image size of job updated: 7437992
	9  -  MemoryUsage of job (MB)
	8572  -  ResidentSetSize of job (KB)
...
006 (8414414.002.000) 08/08 11:02:07 Image size of job updated: 7437992
	9  -  MemoryUsage of job (MB)
	8604  -  ResidentSetSize of job (KB)
...
006 (8414414.002.000) 08/08 11:07:07 Image size of job updated: 7437992
	9  -  MemoryUsage of job (MB)
	8636  -  ResidentSetSize of job (KB)
...
006 (8414414.002.000) 08/08 11:17:09 Image size of job updated: 7437992
	9  -  MemoryUsage of job (MB)
	8652  -  ResidentSetSize of job (KB)
...
006 (8414414.002.000) 08/08 11:22:09 Image size of job updated: 7437992
	9  -  MemoryUsage of job (MB)
	8668  -  ResidentSetSize of job (KB)
...
006 (8414414.002.000) 08/08 11:27:10 Image size of job updated: 7437992
	9  -  MemoryUsage of job (MB)
	8700  -  ResidentSetSize of job (KB)
...
006 (8414414.002.000) 08/08 11:37:11 Image size of job updated: 7437992
	9  -  MemoryUsage of job (MB)
	8732  -  ResidentSetSize of job (KB)
...
006 (8414414.002.000) 08/08 11:42:11 Image size of job updated: 7437992
	9  -  MemoryUsage of job (MB)
	8748  -  ResidentSetSize of job (KB)
...
006 (8414414.002.000) 08/08 11:47:12 Image size of job updated: 7437992
	9  -  MemoryUsage of job (MB)
	8764  -  ResidentSetSize of job (KB)
...
006 (8414414.002.000) 08/08 11:57:13 Image size of job updated: 7437992
	9  -  MemoryUsage of job (MB)
	8796  -  ResidentSetSize of job (KB)
...
006 (8414414.002.000) 08/08 12:02:14 Image size of job updated: 7437992
	9  -  MemoryUsage of job (MB)
	8828  -  ResidentSetSize of job (KB)
...
006 (8414414.002.000) 08/08 12:07:15 Image size of job updated: 7437992
	9  -  MemoryUsage of job (MB)
	8844  -  ResidentSetSize of job (KB)
...
006 (8414414.002.000) 08/08 12:17:15 Image size of job updated: 7437992
	9  -  MemoryUsage of job (MB)
	8860  -  ResidentSetSize of job (KB)
...
006 (8414414.002.000) 08/08 12:22:16 Image size of job updated: 7437992
	9  -  MemoryUsage of job (MB)
	8892  -  ResidentSetSize of job (KB)
...
006 (8414414.002.000) 08/08 12:32:18 Image size of job updated: 7437992
	9  -  MemoryUsage of job (MB)
	8924  -  ResidentSetSize of job (KB)
...
006 (8414414.002.000) 08/08 12:37:18 Image size of job updated: 7437992
	9  -  MemoryUsage of job (MB)
	8940  -  ResidentSetSize of job (KB)
...
006 (8414414.002.000) 08/08 12:42:19 Image size of job updated: 7437992
	9  -  MemoryUsage of job (MB)
	8956  -  ResidentSetSize of job (KB)
...
006 (8414414.002.000) 08/08 12:52:20 Image size of job updated: 7437992
	9  -  MemoryUsage of job (MB)
	8988  -  ResidentSetSize of job (KB)
...
006 (8414414.002.000) 08/08 12:57:20 Image size of job updated: 7437992
	9  -  MemoryUsage of job (MB)
	9020  -  ResidentSetSize of job (KB)
...
006 (8414414.002.000) 08/08 13:02:21 Image size of job updated: 7437992
	9  -  MemoryUsage of job (MB)
	9036  -  ResidentSetSize of job (KB)
...
006 (8414414.002.000) 08/08 13:07:22 Image size of job updated: 7437992
	9  -  MemoryUsage of job (MB)
	9052  -  ResidentSetSize of job (KB)
...
006 (8414414.002.000) 08/08 13:17:22 Image size of job updated: 7437992
	9  -  MemoryUsage of job (MB)
	9084  -  ResidentSetSize of job (KB)
...
006 (8414414.002.000) 08/08 13:22:24 Image size of job updated: 7437992
	9  -  MemoryUsage of job (MB)
	9116  -  ResidentSetSize of job (KB)
...
006 (8414414.002.000) 08/08 13:27:24 Image size of job updated: 7437992
	9  -  MemoryUsage of job (MB)
	9132  -  ResidentSetSize of job (KB)
...
006 (8414414.002.000) 08/08 13:32:24 Image size of job updated: 7437992
	9  -  MemoryUsage of job (MB)
	9148  -  ResidentSetSize of job (KB)
...
006 (8414414.002.000) 08/08 13:42:26 Image size of job updated: 7437992
	9  -  MemoryUsage of job (MB)
	9180  -  ResidentSetSize of job (KB)
...
006 (8414414.002.000) 08/08 13:47:27 Image size of job updated: 7437992
	9  -  MemoryUsage of job (MB)
	9212  -  ResidentSetSize of job (KB)
...
006 (8414414.002.000) 08/08 13:57:27 Image size of job updated: 7437992
	10  -  MemoryUsage of job (MB)
	9228  -  ResidentSetSize of job (KB)
...
006 (8414414.002.000) 08/08 14:02:28 Image size of job updated: 7437992
	10  -  MemoryUsage of job (MB)
	9244  -  ResidentSetSize of job (KB)
...
006 (8414414.002.000) 08/08 14:12:29 Image size of job updated: 7437992
	10  -  MemoryUsage of job (MB)
	9276  -  ResidentSetSize of job (KB)
...
006 (8414414.002.000) 08/08 14:17:29 Image size of job updated: 7437992
	10  -  MemoryUsage of job (MB)
	9308  -  ResidentSetSize of job (KB)
...
006 (8414414.002.000) 08/08 14:22:30 Image size of job updated: 7437992
	10  -  MemoryUsage of job (MB)
	9324  -  ResidentSetSize of job (KB)
...
006 (8414414.002.000) 08/08 14:27:31 Image size of job updated: 7437992
	10  -  MemoryUsage of job (MB)
	9340  -  ResidentSetSize of job (KB)
...
006 (8414414.002.000) 08/08 14:37:31 Image size of job updated: 7437992
	10  -  MemoryUsage of job (MB)
	9372  -  ResidentSetSize of job (KB)
...
006 (8414414.002.000) 08/08 14:42:32 Image size of job updated: 7437992
	10  -  MemoryUsage of job (MB)
	9404  -  ResidentSetSize of job (KB)
...
006 (8414414.002.000) 08/08 14:47:33 Image size of job updated: 7437992
	10  -  MemoryUsage of job (MB)
	9420  -  ResidentSetSize of job (KB)
...
006 (8414414.002.000) 08/08 14:52:33 Image size of job updated: 7437992
	10  -  MemoryUsage of job (MB)
	9436  -  ResidentSetSize of job (KB)
...
006 (8414414.002.000) 08/08 14:57:34 Image size of job updated: 7437992
	10  -  MemoryUsage of job (MB)
	9468  -  ResidentSetSize of job (KB)
...
006 (8414414.002.000) 08/08 15:02:35 Image size of job updated: 7437992
	10  -  MemoryUsage of job (MB)
	9500  -  ResidentSetSize of job (KB)
...
006 (8414414.002.000) 08/08 15:07:35 Image size of job updated: 7437992
	10  -  MemoryUsage of job (MB)
	9516  -  ResidentSetSize of job (KB)
...
006 (8414414.002.000) 08/08 15:17:36 Image size of job updated: 7437992
	10  -  MemoryUsage of job (MB)
	9532  -  ResidentSetSize of job (KB)
...
006 (8414414.002.000) 08/08 15:22:37 Image size of job updated: 7437992
	10  -  MemoryUsage of job (MB)
	9564  -  ResidentSetSize of job (KB)
...
006 (8414414.002.000) 08/08 15:27:37 Image size of job updated: 7437992
	10  -  MemoryUsage of job (MB)
	9596  -  ResidentSetSize of job (KB)
...
006 (8414414.002.000) 08/08 15:32:38 Image size of job updated: 7437992
	10  -  MemoryUsage of job (MB)
	9612  -  ResidentSetSize of job (KB)
...
006 (8414414.002.000) 08/08 15:37:39 Image size of job updated: 7437992
	10  -  MemoryUsage of job (MB)
	9628  -  ResidentSetSize of job (KB)
...
006 (8414414.002.000) 08/08 15:42:39 Image size of job updated: 7437992
	10  -  MemoryUsage of job (MB)
	9660  -  ResidentSetSize of job (KB)
...
006 (8414414.002.000) 08/08 15:52:40 Image size of job updated: 7437992
	10  -  MemoryUsage of job (MB)
	9692  -  ResidentSetSize of job (KB)
...
006 (8414414.002.000) 08/08 15:57:41 Image size of job updated: 7437992
	10  -  MemoryUsage of job (MB)
	9708  -  ResidentSetSize of job (KB)
...
006 (8414414.002.000) 08/08 16:02:41 Image size of job updated: 7437992
	10  -  MemoryUsage of job (MB)
	9724  -  ResidentSetSize of job (KB)
...
006 (8414414.002.000) 08/08 16:07:41 Image size of job updated: 7437992
	10  -  MemoryUsage of job (MB)
	9756  -  ResidentSetSize of job (KB)
...
006 (8414414.002.000) 08/08 16:12:42 Image size of job updated: 7437992
	10  -  MemoryUsage of job (MB)
	9788  -  ResidentSetSize of job (KB)
...
006 (8414414.002.000) 08/08 16:17:43 Image size of job updated: 7437992
	10  -  MemoryUsage of job (MB)
	9804  -  ResidentSetSize of job (KB)
...
006 (8414414.002.000) 08/08 16:22:43 Image size of job updated: 7437992
	10  -  MemoryUsage of job (MB)
	9820  -  ResidentSetSize of job (KB)
...
006 (8414414.002.000) 08/08 16:27:43 Image size of job updated: 7437992
	10  -  MemoryUsage of job (MB)
	9852  -  ResidentSetSize of job (KB)
...
006 (8414414.002.000) 08/08 16:32:45 Image size of job updated: 7437992
	10  -  MemoryUsage of job (MB)
	9884  -  ResidentSetSize of job (KB)
...
006 (8414414.002.000) 08/08 16:42:45 Image size of job updated: 7437992
	10  -  MemoryUsage of job (MB)
	9900  -  ResidentSetSize of job (KB)
...
006 (8414414.002.000) 08/08 16:47:45 Image size of job updated: 7437992
	10  -  MemoryUsage of job (MB)
	9916  -  ResidentSetSize of job (KB)
...
006 (8414414.002.000) 08/08 16:52:46 Image size of job updated: 7437992
	10  -  MemoryUsage of job (MB)
	9948  -  ResidentSetSize of job (KB)
...
006 (8414414.002.000) 08/08 16:57:46 Image size of job updated: 7437992
	10  -  MemoryUsage of job (MB)
	9980  -  ResidentSetSize of job (KB)
...
006 (8414414.002.000) 08/08 17:02:46 Image size of job updated: 7437992
	10  -  MemoryUsage of job (MB)
	9996  -  ResidentSetSize of job (KB)
...
006 (8414414.002.000) 08/08 17:07:46 Image size of job updated: 7437992
	10  -  MemoryUsage of job (MB)
	10012  -  ResidentSetSize of job (KB)
...
006 (8414414.002.000) 08/08 17:12:47 Image size of job updated: 7437992
	10  -  MemoryUsage of job (MB)
	10044  -  ResidentSetSize of job (KB)
...
006 (8414414.002.000) 08/08 17:17:48 Image size of job updated: 7437992
	10  -  MemoryUsage of job (MB)
	10076  -  ResidentSetSize of job (KB)
...
006 (8414414.002.000) 08/08 17:22:48 Image size of job updated: 7437992
	10  -  MemoryUsage of job (MB)
	10092  -  ResidentSetSize of job (KB)
...
006 (8414414.002.000) 08/08 17:27:49 Image size of job updated: 7437992
	10  -  MemoryUsage of job (MB)
	10108  -  ResidentSetSize of job (KB)
...
006 (8414414.002.000) 08/08 17:32:50 Image size of job updated: 7437992
	10  -  MemoryUsage of job (MB)
	10140  -  ResidentSetSize of job (KB)
...
006 (8414414.002.000) 08/08 17:37:50 Image size of job updated: 7437992
	10  -  MemoryUsage of job (MB)
	10172  -  ResidentSetSize of job (KB)
...
006 (8414414.002.000) 08/08 17:42:50 Image size of job updated: 7437992
	10  -  MemoryUsage of job (MB)
	10188  -  ResidentSetSize of job (KB)
...
006 (8414414.002.000) 08/08 17:49:26 Image size of job updated: 7437992
	10  -  MemoryUsage of job (MB)
	10204  -  ResidentSetSize of job (KB)
...
006 (8414414.002.000) 08/08 17:54:14 Image size of job updated: 7437992
	10  -  MemoryUsage of job (MB)
	10236  -  ResidentSetSize of job (KB)
...
006 (8414414.002.000) 08/08 17:59:15 Image size of job updated: 7437992
	11  -  MemoryUsage of job (MB)
	10268  -  ResidentSetSize of job (KB)
...
006 (8414414.002.000) 08/08 18:04:15 Image size of job updated: 7437992
	11  -  MemoryUsage of job (MB)
	10284  -  ResidentSetSize of job (KB)
...
006 (8414414.002.000) 08/08 18:09:15 Image size of job updated: 7437992
	11  -  MemoryUsage of job (MB)
	10300  -  ResidentSetSize of job (KB)
...
006 (8414414.002.000) 08/08 18:14:16 Image size of job updated: 7437992
	11  -  MemoryUsage of job (MB)
	10332  -  ResidentSetSize of job (KB)
...
006 (8414414.002.000) 08/08 18:19:17 Image size of job updated: 7437992
	11  -  MemoryUsage of job (MB)
	10380  -  ResidentSetSize of job (KB)
...
006 (8414414.002.000) 08/08 18:24:17 Image size of job updated: 7437992
	11  -  MemoryUsage of job (MB)
	10396  -  ResidentSetSize of job (KB)
...
006 (8414414.002.000) 08/08 18:29:17 Image size of job updated: 7437992
	11  -  MemoryUsage of job (MB)
	10428  -  ResidentSetSize of job (KB)
...
006 (8414414.002.000) 08/08 18:39:18 Image size of job updated: 7437992
	11  -  MemoryUsage of job (MB)
	10460  -  ResidentSetSize of job (KB)
...
006 (8414414.002.000) 08/08 18:44:18 Image size of job updated: 7437992
	11  -  MemoryUsage of job (MB)
	10476  -  ResidentSetSize of job (KB)
...
006 (8414414.002.000) 08/08 18:49:19 Image size of job updated: 7437992
	11  -  MemoryUsage of job (MB)
	10492  -  ResidentSetSize of job (KB)
...
006 (8414414.002.000) 08/08 18:54:20 Image size of job updated: 7437992
	11  -  MemoryUsage of job (MB)
	10524  -  ResidentSetSize of job (KB)
...
006 (8414414.002.000) 08/08 18:59:20 Image size of job updated: 7437992
	11  -  MemoryUsage of job (MB)
	10556  -  ResidentSetSize of job (KB)
...
006 (8414414.002.000) 08/08 19:04:21 Image size of job updated: 7437992
	11  -  MemoryUsage of job (MB)
	10572  -  ResidentSetSize of job (KB)
...
006 (8414414.002.000) 08/08 19:09:22 Image size of job updated: 7437992
	11  -  MemoryUsage of job (MB)
	10588  -  ResidentSetSize of job (KB)
...
006 (8414414.002.000) 08/08 19:14:22 Image size of job updated: 7437992
	11  -  MemoryUsage of job (MB)
	10620  -  ResidentSetSize of job (KB)
...
006 (8414414.002.000) 08/08 19:19:22 Image size of job updated: 7437992
	11  -  MemoryUsage of job (MB)
	10652  -  ResidentSetSize of job (KB)
...
006 (8414414.002.000) 08/08 19:24:23 Image size of job updated: 7437992
	11  -  MemoryUsage of job (MB)
	10668  -  ResidentSetSize of job (KB)
...
006 (8414414.002.000) 08/08 19:34:25 Image size of job updated: 7437992
	11  -  MemoryUsage of job (MB)
	10684  -  ResidentSetSize of job (KB)
...
006 (8414414.002.000) 08/08 19:39:25 Image size of job updated: 7437992
	11  -  MemoryUsage of job (MB)
	10716  -  ResidentSetSize of job (KB)
...
006 (8414414.002.000) 08/08 19:49:26 Image size of job updated: 7437992
	11  -  MemoryUsage of job (MB)
	10748  -  ResidentSetSize of job (KB)
...
006 (8414414.002.000) 08/08 19:54:27 Image size of job updated: 7437992
	11  -  MemoryUsage of job (MB)
	10764  -  ResidentSetSize of job (KB)
...
006 (8414414.002.000) 08/08 19:59:27 Image size of job updated: 7437992
	11  -  MemoryUsage of job (MB)
	10780  -  ResidentSetSize of job (KB)
...
006 (8414414.002.000) 08/08 20:09:28 Image size of job updated: 7437992
	11  -  MemoryUsage of job (MB)
	10812  -  ResidentSetSize of job (KB)
...
006 (8414414.002.000) 08/08 20:14:29 Image size of job updated: 7437992
	11  -  MemoryUsage of job (MB)
	10844  -  ResidentSetSize of job (KB)
...
006 (8414414.002.000) 08/08 20:24:29 Image size of job updated: 7437992
	11  -  MemoryUsage of job (MB)
	10860  -  ResidentSetSize of job (KB)
...
006 (8414414.002.000) 08/08 20:29:30 Image size of job updated: 7437992
	11  -  MemoryUsage of job (MB)
	10876  -  ResidentSetSize of job (KB)
...
006 (8414414.002.000) 08/08 20:39:31 Image size of job updated: 7437992
	11  -  MemoryUsage of job (MB)
	10908  -  ResidentSetSize of job (KB)
...
006 (8414414.002.000) 08/08 20:44:32 Image size of job updated: 7437992
	11  -  MemoryUsage of job (MB)
	10940  -  ResidentSetSize of job (KB)
...
006 (8414414.002.000) 08/08 20:49:33 Image size of job updated: 7437992
	11  -  MemoryUsage of job (MB)
	10956  -  ResidentSetSize of job (KB)
...
006 (8414414.002.000) 08/08 20:59:33 Image size of job updated: 7437992
	11  -  MemoryUsage of job (MB)
	10972  -  ResidentSetSize of job (KB)
...
006 (8414414.002.000) 08/08 21:04:34 Image size of job updated: 7437992
	11  -  MemoryUsage of job (MB)
	11004  -  ResidentSetSize of job (KB)
...
006 (8414414.002.000) 08/08 21:14:35 Image size of job updated: 7437992
	11  -  MemoryUsage of job (MB)
	11036  -  ResidentSetSize of job (KB)
...
006 (8414414.002.000) 08/08 21:19:35 Image size of job updated: 7437992
	11  -  MemoryUsage of job (MB)
	11052  -  ResidentSetSize of job (KB)
...
006 (8414414.002.000) 08/08 21:29:36 Image size of job updated: 7437992
	11  -  MemoryUsage of job (MB)
	11068  -  ResidentSetSize of job (KB)
...
006 (8414414.002.000) 08/08 21:34:36 Image size of job updated: 7437992
	11  -  MemoryUsage of job (MB)
	11100  -  ResidentSetSize of job (KB)
...
006 (8414414.002.000) 08/08 21:44:38 Image size of job updated: 7437992
	11  -  MemoryUsage of job (MB)
	11132  -  ResidentSetSize of job (KB)
...
006 (8414414.002.000) 08/08 21:49:38 Image size of job updated: 7437992
	11  -  MemoryUsage of job (MB)
	11148  -  ResidentSetSize of job (KB)
...
006 (8414414.002.000) 08/08 21:59:39 Image size of job updated: 7437992
	11  -  MemoryUsage of job (MB)
	11164  -  ResidentSetSize of job (KB)
...
006 (8414414.002.000) 08/08 22:04:40 Image size of job updated: 7437992
	11  -  MemoryUsage of job (MB)
	11196  -  ResidentSetSize of job (KB)
...
006 (8414414.002.000) 08/08 22:09:40 Image size of job updated: 7437992
	11  -  MemoryUsage of job (MB)
	11228  -  ResidentSetSize of job (KB)
...
006 (8414414.002.000) 08/08 22:19:41 Image size of job updated: 7437992
	11  -  MemoryUsage of job (MB)
	11244  -  ResidentSetSize of job (KB)
...
006 (8414414.002.000) 08/08 22:24:42 Image size of job updated: 7437992
	11  -  MemoryUsage of job (MB)
	11260  -  ResidentSetSize of job (KB)
...
006 (8414414.002.000) 08/08 22:29:42 Image size of job updated: 7437992
	12  -  MemoryUsage of job (MB)
	11292  -  ResidentSetSize of job (KB)
...
006 (8414414.002.000) 08/08 22:39:43 Image size of job updated: 7437992
	12  -  MemoryUsage of job (MB)
	11324  -  ResidentSetSize of job (KB)
...
006 (8414414.002.000) 08/08 22:44:44 Image size of job updated: 7437992
	12  -  MemoryUsage of job (MB)
	11340  -  ResidentSetSize of job (KB)
...
006 (8414414.002.000) 08/08 22:54:44 Image size of job updated: 7437992
	12  -  MemoryUsage of job (MB)
	11356  -  ResidentSetSize of job (KB)
...
006 (8414414.002.000) 08/08 22:59:45 Image size of job updated: 7437992
	12  -  MemoryUsage of job (MB)
	11388  -  ResidentSetSize of job (KB)
...
006 (8414414.002.000) 08/08 23:09:46 Image size of job updated: 7437992
	12  -  MemoryUsage of job (MB)
	11420  -  ResidentSetSize of job (KB)
...
006 (8414414.002.000) 08/08 23:14:46 Image size of job updated: 7437992
	12  -  MemoryUsage of job (MB)
	11436  -  ResidentSetSize of job (KB)
...
006 (8414414.002.000) 08/08 23:24:48 Image size of job updated: 7437992
	12  -  MemoryUsage of job (MB)
	11452  -  ResidentSetSize of job (KB)
...
006 (8414414.002.000) 08/08 23:29:48 Image size of job updated: 7437992
	12  -  MemoryUsage of job (MB)
	11484  -  ResidentSetSize of job (KB)
...
006 (8414414.002.000) 08/08 23:39:49 Image size of job updated: 7437992
	12  -  MemoryUsage of job (MB)
	11516  -  ResidentSetSize of job (KB)
...
006 (8414414.002.000) 08/08 23:44:50 Image size of job updated: 7437992
	12  -  MemoryUsage of job (MB)
	11532  -  ResidentSetSize of job (KB)
...
006 (8414414.002.000) 08/08 23:49:50 Image size of job updated: 7437992
	12  -  MemoryUsage of job (MB)
	11548  -  ResidentSetSize of job (KB)
...
006 (8414414.002.000) 08/08 23:59:51 Image size of job updated: 7437992
	12  -  MemoryUsage of job (MB)
	11580  -  ResidentSetSize of job (KB)
...
006 (8414414.002.000) 08/09 00:04:52 Image size of job updated: 7437992
	12  -  MemoryUsage of job (MB)
	11612  -  ResidentSetSize of job (KB)
...
006 (8414414.002.000) 08/09 00:09:52 Image size of job updated: 7437992
	12  -  MemoryUsage of job (MB)
	11628  -  ResidentSetSize of job (KB)
...
006 (8414414.002.000) 08/09 00:19:53 Image size of job updated: 7437992
	12  -  MemoryUsage of job (MB)
	11644  -  ResidentSetSize of job (KB)
...
006 (8414414.002.000) 08/09 00:24:54 Image size of job updated: 7437992
	12  -  MemoryUsage of job (MB)
	11676  -  ResidentSetSize of job (KB)
...
006 (8414414.002.000) 08/09 00:29:54 Image size of job updated: 7437992
	12  -  MemoryUsage of job (MB)
	11708  -  ResidentSetSize of job (KB)
...
006 (8414414.002.000) 08/09 00:39:55 Image size of job updated: 7437992
	12  -  MemoryUsage of job (MB)
	11724  -  ResidentSetSize of job (KB)
...
006 (8414414.002.000) 08/09 00:49:56 Image size of job updated: 7437992
	12  -  MemoryUsage of job (MB)
	11740  -  ResidentSetSize of job (KB)
...
006 (8414414.002.000) 08/09 00:54:56 Image size of job updated: 7437992
	12  -  MemoryUsage of job (MB)
	11772  -  ResidentSetSize of job (KB)
...
006 (8414414.002.000) 08/09 01:04:58 Image size of job updated: 7437992
	12  -  MemoryUsage of job (MB)
	11804  -  ResidentSetSize of job (KB)
...
006 (8414414.002.000) 08/09 01:09:58 Image size of job updated: 7437992
	12  -  MemoryUsage of job (MB)
	11820  -  ResidentSetSize of job (KB)
...
006 (8414414.002.000) 08/09 01:14:58 Image size of job updated: 7437992
	12  -  MemoryUsage of job (MB)
	11836  -  ResidentSetSize of job (KB)
...
006 (8414414.002.000) 08/09 01:25:00 Image size of job updated: 7437992
	12  -  MemoryUsage of job (MB)
	11868  -  ResidentSetSize of job (KB)
...
006 (8414414.002.000) 08/09 01:30:00 Image size of job updated: 7437992
	12  -  MemoryUsage of job (MB)
	11900  -  ResidentSetSize of job (KB)
...
006 (8414414.002.000) 08/09 01:35:00 Image size of job updated: 7437992
	12  -  MemoryUsage of job (MB)
	11916  -  ResidentSetSize of job (KB)
...
006 (8414414.002.000) 08/09 01:45:02 Image size of job updated: 7437992
	12  -  MemoryUsage of job (MB)
	11932  -  ResidentSetSize of job (KB)
...
006 (8414414.002.000) 08/09 01:50:02 Image size of job updated: 7437992
	12  -  MemoryUsage of job (MB)
	11964  -  ResidentSetSize of job (KB)
...
006 (8414414.002.000) 08/09 02:00:02 Image size of job updated: 7437992
	12  -  MemoryUsage of job (MB)
	11996  -  ResidentSetSize of job (KB)
...
006 (8414414.002.000) 08/09 02:05:03 Image size of job updated: 7437992
	12  -  MemoryUsage of job (MB)
	12012  -  ResidentSetSize of job (KB)
...
006 (8414414.002.000) 08/09 02:10:04 Image size of job updated: 7437992
	12  -  MemoryUsage of job (MB)
	12028  -  ResidentSetSize of job (KB)
...
006 (8414414.002.000) 08/09 02:20:04 Image size of job updated: 7437992
	12  -  MemoryUsage of job (MB)
	12060  -  ResidentSetSize of job (KB)
...
006 (8414414.002.000) 08/09 02:25:05 Image size of job updated: 7437992
	12  -  MemoryUsage of job (MB)
	12092  -  ResidentSetSize of job (KB)
...
006 (8414414.002.000) 08/09 02:30:06 Image size of job updated: 7437992
	12  -  MemoryUsage of job (MB)
	12108  -  ResidentSetSize of job (KB)
...
006 (8414414.002.000) 08/09 02:35:06 Image size of job updated: 7437992
	12  -  MemoryUsage of job (MB)
	12124  -  ResidentSetSize of job (KB)
...
006 (8414414.002.000) 08/09 02:45:07 Image size of job updated: 7437992
	12  -  MemoryUsage of job (MB)
	12156  -  ResidentSetSize of job (KB)
...
006 (8414414.002.000) 08/09 02:50:08 Image size of job updated: 7437992
	12  -  MemoryUsage of job (MB)
	12188  -  ResidentSetSize of job (KB)
...
006 (8414414.002.000) 08/09 02:55:08 Image size of job updated: 7437992
	12  -  MemoryUsage of job (MB)
	12204  -  ResidentSetSize of job (KB)
...
006 (8414414.002.000) 08/09 03:00:08 Image size of job updated: 7437992
	12  -  MemoryUsage of job (MB)
	12220  -  ResidentSetSize of job (KB)
...
006 (8414414.002.000) 08/09 03:05:09 Image size of job updated: 7437992
	12  -  MemoryUsage of job (MB)
	12252  -  ResidentSetSize of job (KB)
...
006 (8414414.002.000) 08/09 03:15:10 Image size of job updated: 7437992
	12  -  MemoryUsage of job (MB)
	12284  -  ResidentSetSize of job (KB)
...
006 (8414414.002.000) 08/09 03:20:10 Image size of job updated: 7437992
	13  -  MemoryUsage of job (MB)
	12300  -  ResidentSetSize of job (KB)
...
006 (8414414.002.000) 08/09 03:25:11 Image size of job updated: 7437992
	13  -  MemoryUsage of job (MB)
	12316  -  ResidentSetSize of job (KB)
...
006 (8414414.002.000) 08/09 03:35:12 Image size of job updated: 7437992
	13  -  MemoryUsage of job (MB)
	12348  -  ResidentSetSize of job (KB)
...
006 (8414414.002.000) 08/09 03:40:12 Image size of job updated: 7437992
	13  -  MemoryUsage of job (MB)
	12380  -  ResidentSetSize of job (KB)
...
006 (8414414.002.000) 08/09 03:50:14 Image size of job updated: 7437992
	13  -  MemoryUsage of job (MB)
	12396  -  ResidentSetSize of job (KB)
...
006 (8414414.002.000) 08/09 03:55:14 Image size of job updated: 7437992
	13  -  MemoryUsage of job (MB)
	12412  -  ResidentSetSize of job (KB)
...
006 (8414414.002.000) 08/09 04:00:14 Image size of job updated: 7437992
	13  -  MemoryUsage of job (MB)
	12444  -  ResidentSetSize of job (KB)
...
006 (8414414.002.000) 08/09 04:05:15 Image size of job updated: 7437992
	13  -  MemoryUsage of job (MB)
	12476  -  ResidentSetSize of job (KB)
...
006 (8414414.002.000) 08/09 04:10:16 Image size of job updated: 7437992
	13  -  MemoryUsage of job (MB)
	12492  -  ResidentSetSize of job (KB)
...
006 (8414414.002.000) 08/09 04:15:16 Image size of job updated: 7437992
	13  -  MemoryUsage of job (MB)
	12508  -  ResidentSetSize of job (KB)
...
006 (8414414.002.000) 08/09 04:20:16 Image size of job updated: 7437992
	13  -  MemoryUsage of job (MB)
	12540  -  ResidentSetSize of job (KB)
...
006 (8414414.002.000) 08/09 04:30:18 Image size of job updated: 7437992
	13  -  MemoryUsage of job (MB)
	12572  -  ResidentSetSize of job (KB)
...
006 (8414414.002.000) 08/09 04:35:18 Image size of job updated: 7437992
	13  -  MemoryUsage of job (MB)
	12588  -  ResidentSetSize of job (KB)
...
006 (8414414.002.000) 08/09 04:40:19 Image size of job updated: 7437992
	13  -  MemoryUsage of job (MB)
	12604  -  ResidentSetSize of job (KB)
...
006 (8414414.002.000) 08/09 04:50:20 Image size of job updated: 7437992
	13  -  MemoryUsage of job (MB)
	12636  -  ResidentSetSize of job (KB)
...
006 (8414414.002.000) 08/09 04:55:20 Image size of job updated: 7437992
	13  -  MemoryUsage of job (MB)
	12668  -  ResidentSetSize of job (KB)
...
006 (8414414.002.000) 08/09 05:00:20 Image size of job updated: 7437992
	13  -  MemoryUsage of job (MB)
	12684  -  ResidentSetSize of job (KB)
...
006 (8414414.002.000) 08/09 05:05:21 Image size of job updated: 7437992
	13  -  MemoryUsage of job (MB)
	12700  -  ResidentSetSize of job (KB)
...
006 (8414414.002.000) 08/09 05:10:21 Image size of job updated: 7437992
	13  -  MemoryUsage of job (MB)
	12732  -  ResidentSetSize of job (KB)
...
006 (8414414.002.000) 08/09 05:15:21 Image size of job updated: 7437992
	13  -  MemoryUsage of job (MB)
	12764  -  ResidentSetSize of job (KB)
...
006 (8414414.002.000) 08/09 05:25:22 Image size of job updated: 7437992
	13  -  MemoryUsage of job (MB)
	12780  -  ResidentSetSize of job (KB)
...
006 (8414414.002.000) 08/09 05:30:23 Image size of job updated: 7437992
	13  -  MemoryUsage of job (MB)
	12796  -  ResidentSetSize of job (KB)
...
006 (8414414.002.000) 08/09 05:35:23 Image size of job updated: 7437992
	13  -  MemoryUsage of job (MB)
	12828  -  ResidentSetSize of job (KB)
...
006 (8414414.002.000) 08/09 05:40:23 Image size of job updated: 7437992
	13  -  MemoryUsage of job (MB)
	12860  -  ResidentSetSize of job (KB)
...
006 (8414414.002.000) 08/09 05:45:24 Image size of job updated: 7437992
	13  -  MemoryUsage of job (MB)
	12876  -  ResidentSetSize of job (KB)
...
006 (8414414.002.000) 08/09 05:55:25 Image size of job updated: 7437992
	13  -  MemoryUsage of job (MB)
	12892  -  ResidentSetSize of job (KB)
...
006 (8414414.002.000) 08/09 06:00:25 Image size of job updated: 7437992
	13  -  MemoryUsage of job (MB)
	12924  -  ResidentSetSize of job (KB)
...
006 (8414414.002.000) 08/09 06:05:26 Image size of job updated: 7437992
	13  -  MemoryUsage of job (MB)
	12956  -  ResidentSetSize of job (KB)
...
006 (8414414.002.000) 08/09 06:15:27 Image size of job updated: 7437992
	13  -  MemoryUsage of job (MB)
	12972  -  ResidentSetSize of job (KB)
...
006 (8414414.002.000) 08/09 06:25:28 Image size of job updated: 7437992
	13  -  MemoryUsage of job (MB)
	12988  -  ResidentSetSize of job (KB)
...
006 (8414414.002.000) 08/09 06:35:29 Image size of job updated: 7437992
	13  -  MemoryUsage of job (MB)
	13020  -  ResidentSetSize of job (KB)
...
006 (8414414.002.000) 08/09 06:40:29 Image size of job updated: 7437992
	13  -  MemoryUsage of job (MB)
	13052  -  ResidentSetSize of job (KB)
...
006 (8414414.002.000) 08/09 06:50:31 Image size of job updated: 7437992
	13  -  MemoryUsage of job (MB)
	13068  -  ResidentSetSize of job (KB)
...
006 (8414414.002.000) 08/09 07:00:32 Image size of job updated: 7437992
	13  -  MemoryUsage of job (MB)
	13084  -  ResidentSetSize of job (KB)
...
006 (8414414.002.000) 08/09 07:10:33 Image size of job updated: 7437992
	13  -  MemoryUsage of job (MB)
	13116  -  ResidentSetSize of job (KB)
...
006 (8414414.002.000) 08/09 07:15:33 Image size of job updated: 7437992
	13  -  MemoryUsage of job (MB)
	13148  -  ResidentSetSize of job (KB)
...
006 (8414414.002.000) 08/09 07:25:35 Image size of job updated: 7437992
	13  -  MemoryUsage of job (MB)
	13164  -  ResidentSetSize of job (KB)
...
006 (8414414.002.000) 08/09 07:36:24 Image size of job updated: 7437992
	13  -  MemoryUsage of job (MB)
	13180  -  ResidentSetSize of job (KB)
...
006 (8414414.002.000) 08/09 07:40:36 Image size of job updated: 7437992
	13  -  MemoryUsage of job (MB)
	13212  -  ResidentSetSize of job (KB)
...
006 (8414414.002.000) 08/09 07:50:38 Image size of job updated: 7437992
	13  -  MemoryUsage of job (MB)
	13244  -  ResidentSetSize of job (KB)
...
006 (8414414.002.000) 08/09 08:00:38 Image size of job updated: 7437992
	13  -  MemoryUsage of job (MB)
	13260  -  ResidentSetSize of job (KB)
...
006 (8414414.002.000) 08/09 08:05:39 Image size of job updated: 7437992
	13  -  MemoryUsage of job (MB)
	13276  -  ResidentSetSize of job (KB)
...
006 (8414414.002.000) 08/09 08:15:40 Image size of job updated: 7437992
	13  -  MemoryUsage of job (MB)
	13308  -  ResidentSetSize of job (KB)
...
006 (8414414.002.000) 08/09 08:25:41 Image size of job updated: 7437992
	14  -  MemoryUsage of job (MB)
	13340  -  ResidentSetSize of job (KB)
...
006 (8414414.002.000) 08/09 08:30:42 Image size of job updated: 7437992
	14  -  MemoryUsage of job (MB)
	13356  -  ResidentSetSize of job (KB)
...
006 (8414414.002.000) 08/09 08:40:42 Image size of job updated: 7437992
	14  -  MemoryUsage of job (MB)
	13372  -  ResidentSetSize of job (KB)
...
006 (8414414.002.000) 08/09 08:45:42 Image size of job updated: 7437992
	14  -  MemoryUsage of job (MB)
	13404  -  ResidentSetSize of job (KB)
...
006 (8414414.002.000) 08/09 08:55:43 Image size of job updated: 7437992
	14  -  MemoryUsage of job (MB)
	13436  -  ResidentSetSize of job (KB)
...
006 (8414414.002.000) 08/09 09:05:44 Image size of job updated: 7437992
	14  -  MemoryUsage of job (MB)
	13452  -  ResidentSetSize of job (KB)
...
006 (8414414.002.000) 08/09 09:15:45 Image size of job updated: 7437992
	14  -  MemoryUsage of job (MB)
	13468  -  ResidentSetSize of job (KB)
...
006 (8414414.002.000) 08/09 09:30:47 Image size of job updated: 7437992
	14  -  MemoryUsage of job (MB)
	13500  -  ResidentSetSize of job (KB)
...
006 (8414414.002.000) 08/09 09:35:47 Image size of job updated: 7437992
	14  -  MemoryUsage of job (MB)
	13532  -  ResidentSetSize of job (KB)
...
006 (8414414.002.000) 08/09 09:45:48 Image size of job updated: 7437992
	14  -  MemoryUsage of job (MB)
	13548  -  ResidentSetSize of job (KB)
...
006 (8414414.002.000) 08/09 09:55:49 Image size of job updated: 7437992
	14  -  MemoryUsage of job (MB)
	13564  -  ResidentSetSize of job (KB)
...
006 (8414414.002.000) 08/09 10:10:51 Image size of job updated: 7437992
	14  -  MemoryUsage of job (MB)
	13596  -  ResidentSetSize of job (KB)
...
006 (8414414.002.000) 08/09 10:20:52 Image size of job updated: 7437992
	14  -  MemoryUsage of job (MB)
	13628  -  ResidentSetSize of job (KB)
...
006 (8414414.002.000) 08/09 10:35:54 Image size of job updated: 7437992
	14  -  MemoryUsage of job (MB)
	13644  -  ResidentSetSize of job (KB)
...
006 (8414414.002.000) 08/09 10:45:54 Image size of job updated: 7437992
	14  -  MemoryUsage of job (MB)
	13660  -  ResidentSetSize of job (KB)
...
006 (8414414.002.000) 08/09 10:55:56 Image size of job updated: 7437992
	14  -  MemoryUsage of job (MB)
	13692  -  ResidentSetSize of job (KB)
...
006 (8414414.002.000) 08/09 11:05:56 Image size of job updated: 7437992
	14  -  MemoryUsage of job (MB)
	13724  -  ResidentSetSize of job (KB)
...
006 (8414414.002.000) 08/09 11:20:57 Image size of job updated: 7437992
	14  -  MemoryUsage of job (MB)
	13740  -  ResidentSetSize of job (KB)
...
006 (8414414.002.000) 08/09 11:30:59 Image size of job updated: 7437992
	14  -  MemoryUsage of job (MB)
	13756  -  ResidentSetSize of job (KB)
...
006 (8414414.002.000) 08/09 11:41:00 Image size of job updated: 7437992
	14  -  MemoryUsage of job (MB)
	13788  -  ResidentSetSize of job (KB)
...
006 (8414414.002.000) 08/09 11:51:01 Image size of job updated: 7437992
	14  -  MemoryUsage of job (MB)
	13820  -  ResidentSetSize of job (KB)
...
006 (8414414.002.000) 08/09 12:01:02 Image size of job updated: 7437992
	14  -  MemoryUsage of job (MB)
	13836  -  ResidentSetSize of job (KB)
...
006 (8414414.002.000) 08/09 12:11:03 Image size of job updated: 7437992
	14  -  MemoryUsage of job (MB)
	13852  -  ResidentSetSize of job (KB)
...
006 (8414414.002.000) 08/09 12:21:04 Image size of job updated: 7437992
	14  -  MemoryUsage of job (MB)
	13884  -  ResidentSetSize of job (KB)
...
006 (8414414.002.000) 08/09 12:31:04 Image size of job updated: 7437992
	14  -  MemoryUsage of job (MB)
	13916  -  ResidentSetSize of job (KB)
...
006 (8414414.002.000) 08/09 12:41:06 Image size of job updated: 7437992
	14  -  MemoryUsage of job (MB)
	13932  -  ResidentSetSize of job (KB)
...
006 (8414414.002.000) 08/09 12:51:06 Image size of job updated: 7437992
	14  -  MemoryUsage of job (MB)
	13948  -  ResidentSetSize of job (KB)
...
006 (8414414.002.000) 08/09 13:01:08 Image size of job updated: 7437992
	14  -  MemoryUsage of job (MB)
	13980  -  ResidentSetSize of job (KB)
...
006 (8414414.002.000) 08/09 13:11:09 Image size of job updated: 7437992
	14  -  MemoryUsage of job (MB)
	14012  -  ResidentSetSize of job (KB)
...
006 (8414414.002.000) 08/09 13:16:11 Image size of job updated: 7437992
	14  -  MemoryUsage of job (MB)
	14028  -  ResidentSetSize of job (KB)
...
006 (8414414.002.000) 08/09 13:31:12 Image size of job updated: 7437992
	14  -  MemoryUsage of job (MB)
	14044  -  ResidentSetSize of job (KB)
...
006 (8414414.002.000) 08/09 13:41:13 Image size of job updated: 7437992
	14  -  MemoryUsage of job (MB)
	14076  -  ResidentSetSize of job (KB)
...
006 (8414414.002.000) 08/09 13:46:13 Image size of job updated: 7437992
	16  -  MemoryUsage of job (MB)
	16084  -  ResidentSetSize of job (KB)
...
006 (8414414.002.000) 08/09 13:51:14 Image size of job updated: 7437992
	20  -  MemoryUsage of job (MB)
	20044  -  ResidentSetSize of job (KB)
...
006 (8414414.002.000) 08/09 14:01:15 Image size of job updated: 7437992
	20  -  MemoryUsage of job (MB)
	20060  -  ResidentSetSize of job (KB)
...
006 (8414414.002.000) 08/09 14:11:17 Image size of job updated: 7437992
	20  -  MemoryUsage of job (MB)
	20076  -  ResidentSetSize of job (KB)
...
006 (8414414.002.000) 08/09 14:21:17 Image size of job updated: 7437992
	20  -  MemoryUsage of job (MB)
	20108  -  ResidentSetSize of job (KB)
...
006 (8414414.002.000) 08/09 14:31:19 Image size of job updated: 7437992
	20  -  MemoryUsage of job (MB)
	20140  -  ResidentSetSize of job (KB)
...
006 (8414414.002.000) 08/09 14:41:20 Image size of job updated: 7437992
	20  -  MemoryUsage of job (MB)
	20156  -  ResidentSetSize of job (KB)
...
006 (8414414.002.000) 08/09 14:51:21 Image size of job updated: 7437992
	20  -  MemoryUsage of job (MB)
	20172  -  ResidentSetSize of job (KB)
...
006 (8414414.002.000) 08/09 15:01:22 Image size of job updated: 7437992
	20  -  MemoryUsage of job (MB)
	20204  -  ResidentSetSize of job (KB)
...
006 (8414414.002.000) 08/09 15:16:23 Image size of job updated: 7437992
	20  -  MemoryUsage of job (MB)
	20236  -  ResidentSetSize of job (KB)
...
006 (8414414.002.000) 08/09 15:26:25 Image size of job updated: 7437992
	20  -  MemoryUsage of job (MB)
	20252  -  ResidentSetSize of job (KB)
...
006 (8414414.002.000) 08/09 15:36:25 Image size of job updated: 7437992
	20  -  MemoryUsage of job (MB)
	20268  -  ResidentSetSize of job (KB)
...
006 (8414414.002.000) 08/09 15:51:27 Image size of job updated: 7437992
	20  -  MemoryUsage of job (MB)
	20300  -  ResidentSetSize of job (KB)
...
006 (8414414.002.000) 08/09 15:56:27 Image size of job updated: 7437992
	20  -  MemoryUsage of job (MB)
	20332  -  ResidentSetSize of job (KB)
...
006 (8414414.002.000) 08/09 16:11:30 Image size of job updated: 7437992
	20  -  MemoryUsage of job (MB)
	20348  -  ResidentSetSize of job (KB)
...
006 (8414414.002.000) 08/09 16:16:30 Image size of job updated: 7437992
	20  -  MemoryUsage of job (MB)
	20364  -  ResidentSetSize of job (KB)
...
006 (8414414.002.000) 08/09 16:26:32 Image size of job updated: 7437992
	20  -  MemoryUsage of job (MB)
	20396  -  ResidentSetSize of job (KB)
...
006 (8414414.002.000) 08/09 16:36:33 Image size of job updated: 7437992
	20  -  MemoryUsage of job (MB)
	20428  -  ResidentSetSize of job (KB)
...
006 (8414414.002.000) 08/09 16:46:34 Image size of job updated: 7437992
	20  -  MemoryUsage of job (MB)
	20444  -  ResidentSetSize of job (KB)
...
006 (8414414.002.000) 08/09 16:56:35 Image size of job updated: 7437992
	20  -  MemoryUsage of job (MB)
	20460  -  ResidentSetSize of job (KB)
...
006 (8414414.002.000) 08/09 17:11:37 Image size of job updated: 7437992
	21  -  MemoryUsage of job (MB)
	20492  -  ResidentSetSize of job (KB)
...
006 (8414414.002.000) 08/09 17:21:38 Image size of job updated: 7437992
	21  -  MemoryUsage of job (MB)
	20524  -  ResidentSetSize of job (KB)
...
006 (8414414.002.000) 08/09 17:26:39 Image size of job updated: 7437992
	21  -  MemoryUsage of job (MB)
	20540  -  ResidentSetSize of job (KB)
...
006 (8414414.002.000) 08/09 17:36:39 Image size of job updated: 7437992
	21  -  MemoryUsage of job (MB)
	20556  -  ResidentSetSize of job (KB)
...
006 (8414414.002.000) 08/09 17:46:41 Image size of job updated: 7437992
	21  -  MemoryUsage of job (MB)
	20588  -  ResidentSetSize of job (KB)
...
006 (8414414.002.000) 08/09 17:56:41 Image size of job updated: 7437992
	21  -  MemoryUsage of job (MB)
	20620  -  ResidentSetSize of job (KB)
...
006 (8414414.002.000) 08/09 18:06:43 Image size of job updated: 7437992
	21  -  MemoryUsage of job (MB)
	20636  -  ResidentSetSize of job (KB)
...
006 (8414414.002.000) 08/09 18:16:43 Image size of job updated: 7437992
	21  -  MemoryUsage of job (MB)
	20652  -  ResidentSetSize of job (KB)
...
006 (8414414.002.000) 08/09 18:26:45 Image size of job updated: 7437992
	21  -  MemoryUsage of job (MB)
	20684  -  ResidentSetSize of job (KB)
...
006 (8414414.002.000) 08/09 18:36:46 Image size of job updated: 7437992
	21  -  MemoryUsage of job (MB)
	20716  -  ResidentSetSize of job (KB)
...
006 (8414414.002.000) 08/09 18:46:47 Image size of job updated: 7437992
	21  -  MemoryUsage of job (MB)
	20732  -  ResidentSetSize of job (KB)
...
006 (8414414.002.000) 08/09 18:56:48 Image size of job updated: 7437992
	21  -  MemoryUsage of job (MB)
	20748  -  ResidentSetSize of job (KB)
...
006 (8414414.002.000) 08/09 19:06:49 Image size of job updated: 7437992
	21  -  MemoryUsage of job (MB)
	20780  -  ResidentSetSize of job (KB)
...
006 (8414414.002.000) 08/09 19:16:50 Image size of job updated: 7437992
	21  -  MemoryUsage of job (MB)
	20812  -  ResidentSetSize of job (KB)
...
006 (8414414.002.000) 08/09 19:26:51 Image size of job updated: 7437992
	21  -  MemoryUsage of job (MB)
	20828  -  ResidentSetSize of job (KB)
...
006 (8414414.002.000) 08/09 19:36:52 Image size of job updated: 7437992
	21  -  MemoryUsage of job (MB)
	20844  -  ResidentSetSize of job (KB)
...
006 (8414414.002.000) 08/09 19:46:52 Image size of job updated: 7437992
	21  -  MemoryUsage of job (MB)
	20876  -  ResidentSetSize of job (KB)
...
006 (8414414.002.000) 08/09 19:56:54 Image size of job updated: 7437992
	21  -  MemoryUsage of job (MB)
	20908  -  ResidentSetSize of job (KB)
...
006 (8414414.002.000) 08/09 20:06:55 Image size of job updated: 7437992
	21  -  MemoryUsage of job (MB)
	20924  -  ResidentSetSize of job (KB)
...
006 (8414414.002.000) 08/09 20:11:55 Image size of job updated: 7437992
	23  -  MemoryUsage of job (MB)
	22884  -  ResidentSetSize of job (KB)
...
006 (8414414.002.000) 08/09 20:26:57 Image size of job updated: 7437992
	25  -  MemoryUsage of job (MB)
	24612  -  ResidentSetSize of job (KB)
...
006 (8414414.002.000) 08/09 20:31:57 Image size of job updated: 7437992
	25  -  MemoryUsage of job (MB)
	24644  -  ResidentSetSize of job (KB)
...
006 (8414414.002.000) 08/09 20:41:59 Image size of job updated: 7437992
	25  -  MemoryUsage of job (MB)
	24660  -  ResidentSetSize of job (KB)
...
006 (8414414.002.000) 08/09 20:51:59 Image size of job updated: 7437992
	25  -  MemoryUsage of job (MB)
	24672  -  ResidentSetSize of job (KB)
...
006 (8414414.002.000) 08/09 21:02:01 Image size of job updated: 7437992
	25  -  MemoryUsage of job (MB)
	24704  -  ResidentSetSize of job (KB)
...
006 (8414414.002.000) 08/09 21:07:02 Image size of job updated: 7437992
	25  -  MemoryUsage of job (MB)
	24736  -  ResidentSetSize of job (KB)
...
006 (8414414.002.000) 08/09 21:17:03 Image size of job updated: 7437992
	25  -  MemoryUsage of job (MB)
	24752  -  ResidentSetSize of job (KB)
...
006 (8414414.002.000) 08/09 21:27:05 Image size of job updated: 7437992
	25  -  MemoryUsage of job (MB)
	24764  -  ResidentSetSize of job (KB)
...
006 (8414414.002.000) 08/09 21:37:05 Image size of job updated: 7437992
	25  -  MemoryUsage of job (MB)
	24796  -  ResidentSetSize of job (KB)
...
006 (8414414.002.000) 08/09 21:42:06 Image size of job updated: 7437992
	25  -  MemoryUsage of job (MB)
	24828  -  ResidentSetSize of job (KB)
...
006 (8414414.002.000) 08/09 21:52:07 Image size of job updated: 7437992
	25  -  MemoryUsage of job (MB)
	24844  -  ResidentSetSize of job (KB)
...
006 (8414414.002.000) 08/09 22:02:09 Image size of job updated: 7437992
	25  -  MemoryUsage of job (MB)
	24856  -  ResidentSetSize of job (KB)
...
006 (8414414.002.000) 08/09 22:17:10 Image size of job updated: 7437992
	25  -  MemoryUsage of job (MB)
	24888  -  ResidentSetSize of job (KB)
...
006 (8414414.002.000) 08/09 22:27:11 Image size of job updated: 7437992
	25  -  MemoryUsage of job (MB)
	24920  -  ResidentSetSize of job (KB)
...
006 (8414414.002.000) 08/09 22:37:12 Image size of job updated: 7437992
	25  -  MemoryUsage of job (MB)
	24936  -  ResidentSetSize of job (KB)
...
006 (8414414.002.000) 08/09 22:42:12 Image size of job updated: 7437992
	25  -  MemoryUsage of job (MB)
	24948  -  ResidentSetSize of job (KB)
...
006 (8414414.002.000) 08/09 22:52:13 Image size of job updated: 7437992
	25  -  MemoryUsage of job (MB)
	24980  -  ResidentSetSize of job (KB)
...
006 (8414414.002.000) 08/09 23:02:14 Image size of job updated: 7437992
	25  -  MemoryUsage of job (MB)
	25012  -  ResidentSetSize of job (KB)
...
006 (8414414.002.000) 08/09 23:12:15 Image size of job updated: 7437992
	25  -  MemoryUsage of job (MB)
	25028  -  ResidentSetSize of job (KB)
...
006 (8414414.002.000) 08/09 23:17:15 Image size of job updated: 7437992
	25  -  MemoryUsage of job (MB)
	25040  -  ResidentSetSize of job (KB)
...
006 (8414414.002.000) 08/09 23:27:16 Image size of job updated: 7437992
	25  -  MemoryUsage of job (MB)
	25072  -  ResidentSetSize of job (KB)
...
006 (8414414.002.000) 08/09 23:37:17 Image size of job updated: 7437992
	25  -  MemoryUsage of job (MB)
	25104  -  ResidentSetSize of job (KB)
...
006 (8414414.002.000) 08/09 23:47:18 Image size of job updated: 7437992
	25  -  MemoryUsage of job (MB)
	25120  -  ResidentSetSize of job (KB)
...
006 (8414414.002.000) 08/09 23:57:19 Image size of job updated: 7437992
	25  -  MemoryUsage of job (MB)
	25132  -  ResidentSetSize of job (KB)
...
006 (8414414.002.000) 08/10 00:02:19 Image size of job updated: 7437992
	25  -  MemoryUsage of job (MB)
	25164  -  ResidentSetSize of job (KB)
...
006 (8414414.002.000) 08/10 00:12:21 Image size of job updated: 7437992
	25  -  MemoryUsage of job (MB)
	25196  -  ResidentSetSize of job (KB)
...
006 (8414414.002.000) 08/10 00:22:21 Image size of job updated: 7437992
	25  -  MemoryUsage of job (MB)
	25212  -  ResidentSetSize of job (KB)
...
006 (8414414.002.000) 08/10 00:32:24 Image size of job updated: 7437992
	25  -  MemoryUsage of job (MB)
	25224  -  ResidentSetSize of job (KB)
...
006 (8414414.002.000) 08/10 00:37:24 Image size of job updated: 7437992
	25  -  MemoryUsage of job (MB)
	25256  -  ResidentSetSize of job (KB)
...
006 (8414414.002.000) 08/10 00:47:24 Image size of job updated: 7437992
	25  -  MemoryUsage of job (MB)
	25288  -  ResidentSetSize of job (KB)
...
006 (8414414.002.000) 08/10 00:57:26 Image size of job updated: 7437992
	25  -  MemoryUsage of job (MB)
	25304  -  ResidentSetSize of job (KB)
...
006 (8414414.002.000) 08/10 01:07:27 Image size of job updated: 7437992
	25  -  MemoryUsage of job (MB)
	25316  -  ResidentSetSize of job (KB)
...
006 (8414414.002.000) 08/10 01:12:28 Image size of job updated: 7437992
	25  -  MemoryUsage of job (MB)
	25348  -  ResidentSetSize of job (KB)
...
006 (8414414.002.000) 08/10 01:22:28 Image size of job updated: 7437992
	25  -  MemoryUsage of job (MB)
	25380  -  ResidentSetSize of job (KB)
...
006 (8414414.002.000) 08/10 01:32:30 Image size of job updated: 7437992
	25  -  MemoryUsage of job (MB)
	25396  -  ResidentSetSize of job (KB)
...
006 (8414414.002.000) 08/10 01:42:30 Image size of job updated: 7437992
	25  -  MemoryUsage of job (MB)
	25408  -  ResidentSetSize of job (KB)
...
006 (8414414.002.000) 08/10 01:52:31 Image size of job updated: 7437992
	25  -  MemoryUsage of job (MB)
	25440  -  ResidentSetSize of job (KB)
...
006 (8414414.002.000) 08/10 01:57:32 Image size of job updated: 7437992
	25  -  MemoryUsage of job (MB)
	25472  -  ResidentSetSize of job (KB)
...
006 (8414414.002.000) 08/10 02:07:32 Image size of job updated: 7437992
	25  -  MemoryUsage of job (MB)
	25488  -  ResidentSetSize of job (KB)
...
006 (8414414.002.000) 08/10 02:17:34 Image size of job updated: 7437992
	25  -  MemoryUsage of job (MB)
	25500  -  ResidentSetSize of job (KB)
...
006 (8414414.002.000) 08/10 02:22:34 Image size of job updated: 7437992
	25  -  MemoryUsage of job (MB)
	25532  -  ResidentSetSize of job (KB)
...
006 (8414414.002.000) 08/10 02:32:35 Image size of job updated: 7437992
	25  -  MemoryUsage of job (MB)
	25564  -  ResidentSetSize of job (KB)
...
006 (8414414.002.000) 08/10 02:42:36 Image size of job updated: 7437992
	25  -  MemoryUsage of job (MB)
	25580  -  ResidentSetSize of job (KB)
...
006 (8414414.002.000) 08/10 02:47:36 Image size of job updated: 7437992
	25  -  MemoryUsage of job (MB)
	25592  -  ResidentSetSize of job (KB)
...
006 (8414414.002.000) 08/10 02:57:38 Image size of job updated: 7437992
	26  -  MemoryUsage of job (MB)
	25624  -  ResidentSetSize of job (KB)
...
006 (8414414.002.000) 08/10 03:12:39 Image size of job updated: 7437992
	26  -  MemoryUsage of job (MB)
	25656  -  ResidentSetSize of job (KB)
...
040 (8414414.002.000) 08/10 03:18:28 Started transferring output files
...
040 (8414414.002.000) 08/10 03:18:28 Finished transferring output files
...
005 (8414414.002.000) 08/10 03:18:28 Job terminated.
	(1) Normal termination (return value 1)
		Usr 2 00:10:01, Sys 0 00:52:09  -  Run Remote Usage
		Usr 0 00:00:00, Sys 0 00:00:00  -  Run Local Usage
		Usr 2 00:10:01, Sys 0 00:52:09  -  Total Remote Usage
		Usr 0 00:00:00, Sys 0 00:00:00  -  Total Local Usage
	425008  -  Run Bytes Sent By Job
	1379  -  Run Bytes Received By Job
	425008  -  Total Bytes Sent By Job
	1379  -  Total Bytes Received By Job
	Partitionable Resources :    Usage  Request Allocated 
	   Cpus                 :     1.00       16        16 
	   Disk (KB)            :   447           2   3139755 
	   Memory (MB)          :    26       32000     32000 

	Job terminated of its own accord at 2023-08-10T01:18:28Z.
...
