000 (8382876.004.000) 07/27 01:30:20 Job submitted from host: <137.138.156.150:9618?addrs=137.138.156.150-9618+[2001-1458-d00-14--9a]-9618&alias=bigbird13.cern.ch&noUDP&sock=schedd_6524_7ff5>
...
040 (8382876.004.000) 07/27 01:31:23 Started transferring input files
	Transferring to host: <188.184.163.222:9618?addrs=188.184.163.222-9618+[2001-1458-301-4d--100-d8]-9618&alias=b7s12p2049.cern.ch&noUDP&sock=slot1_6_110652_180d_28734>
...
040 (8382876.004.000) 07/27 01:31:23 Finished transferring input files
...
001 (8382876.004.000) 07/27 01:31:23 Job executing on host: <188.184.163.222:9618?addrs=188.184.163.222-9618+[2001-1458-301-4d--100-d8]-9618&alias=b7s12p2049.cern.ch&noUDP&sock=startd_110614_94fd>
...
006 (8382876.004.000) 07/27 01:31:23 Image size of job updated: 2
	0  -  MemoryUsage of job (MB)
	0  -  ResidentSetSize of job (KB)
...
040 (8382876.004.000) 07/27 01:31:23 Started transferring output files
...
040 (8382876.004.000) 07/27 01:31:23 Finished transferring output files
...
005 (8382876.004.000) 07/27 01:31:23 Job terminated.
	(1) Normal termination (return value 1)
		Usr 0 00:00:00, Sys 0 00:00:00  -  Run Remote Usage
		Usr 0 00:00:00, Sys 0 00:00:00  -  Run Local Usage
		Usr 0 00:00:00, Sys 0 00:00:00  -  Total Remote Usage
		Usr 0 00:00:00, Sys 0 00:00:00  -  Total Local Usage
	7368  -  Run Bytes Sent By Job
	1358  -  Run Bytes Received By Job
	7368  -  Total Bytes Sent By Job
	1358  -  Total Bytes Received By Job
	Partitionable Resources :    Usage  Request Allocated 
	   Cpus                 :                 8         8 
	   Disk (KB)            :       30        2   3148304 
	   Memory (MB)          :        0    16000     16000 

	Job terminated of its own accord at 2023-07-26T23:31:23Z.
...
