000 (8382887.001.000) 07/27 02:01:46 Job submitted from host: <137.138.156.150:9618?addrs=137.138.156.150-9618+[2001-1458-d00-14--9a]-9618&alias=bigbird13.cern.ch&noUDP&sock=schedd_6524_7ff5>
...
040 (8382887.001.000) 07/27 02:03:04 Started transferring input files
	Transferring to host: <188.184.163.43:9618?addrs=188.184.163.43-9618+[2001-1458-301-4d--100-25]-9618&alias=b7s12p6469.cern.ch&noUDP&sock=slot1_3_100699_4e18_49916>
...
001 (8382887.001.000) 07/27 02:03:04 Job executing on host: <188.184.163.43:9618?addrs=188.184.163.43-9618+[2001-1458-301-4d--100-25]-9618&alias=b7s12p6469.cern.ch&noUDP&sock=startd_100661_a6df>
...
040 (8382887.001.000) 07/27 02:03:04 Finished transferring input files
...
006 (8382887.001.000) 07/27 02:03:05 Image size of job updated: 428
	0  -  MemoryUsage of job (MB)
	0  -  ResidentSetSize of job (KB)
...
040 (8382887.001.000) 07/27 02:03:05 Started transferring output files
...
040 (8382887.001.000) 07/27 02:03:05 Finished transferring output files
...
005 (8382887.001.000) 07/27 02:03:05 Job terminated.
	(1) Normal termination (return value 1)
		Usr 0 00:00:00, Sys 0 00:00:00  -  Run Remote Usage
		Usr 0 00:00:00, Sys 0 00:00:00  -  Run Local Usage
		Usr 0 00:00:00, Sys 0 00:00:00  -  Total Remote Usage
		Usr 0 00:00:00, Sys 0 00:00:00  -  Total Local Usage
	7459  -  Run Bytes Sent By Job
	1379  -  Run Bytes Received By Job
	7459  -  Total Bytes Sent By Job
	1379  -  Total Bytes Received By Job
	Partitionable Resources :    Usage  Request Allocated 
	   Cpus                 :                 8         8 
	   Disk (KB)            :       31        2   2963088 
	   Memory (MB)          :        0    16000     16000 

	Job terminated of its own accord at 2023-07-27T00:03:05Z.
...
