000 (8382876.005.000) 07/27 01:30:20 Job submitted from host: <137.138.156.150:9618?addrs=137.138.156.150-9618+[2001-1458-d00-14--9a]-9618&alias=bigbird13.cern.ch&noUDP&sock=schedd_6524_7ff5>
...
040 (8382876.005.000) 07/27 01:34:14 Started transferring input files
	Transferring to host: <128.142.195.58:9618?addrs=128.142.195.58-9618+[2001-1458-301-26--100-3a]-9618&alias=b7g31p9335.cern.ch&noUDP&sock=slot1_2_3293_f75f_113250>
...
040 (8382876.005.000) 07/27 01:34:14 Finished transferring input files
...
001 (8382876.005.000) 07/27 01:34:14 Job executing on host: <128.142.195.58:9618?addrs=128.142.195.58-9618+[2001-1458-301-26--100-3a]-9618&alias=b7g31p9335.cern.ch&noUDP&sock=startd_2853_7fc9>
...
006 (8382876.005.000) 07/27 01:34:15 Image size of job updated: 2
	0  -  MemoryUsage of job (MB)
	0  -  ResidentSetSize of job (KB)
...
040 (8382876.005.000) 07/27 01:34:15 Started transferring output files
...
040 (8382876.005.000) 07/27 01:34:15 Finished transferring output files
...
005 (8382876.005.000) 07/27 01:34:15 Job terminated.
	(1) Normal termination (return value 1)
		Usr 0 00:00:00, Sys 0 00:00:00  -  Run Remote Usage
		Usr 0 00:00:00, Sys 0 00:00:00  -  Run Local Usage
		Usr 0 00:00:00, Sys 0 00:00:00  -  Total Remote Usage
		Usr 0 00:00:00, Sys 0 00:00:00  -  Total Local Usage
	7349  -  Run Bytes Sent By Job
	1370  -  Run Bytes Received By Job
	7349  -  Total Bytes Sent By Job
	1370  -  Total Bytes Received By Job
	Partitionable Resources :    Usage  Request Allocated 
	   Cpus                 :                 8         8 
	   Disk (KB)            :       32        2   1165667 
	   Memory (MB)          :        0    16000     16000 

	Job terminated of its own accord at 2023-07-26T23:34:15Z.
...
