000 (8382887.000.000) 07/27 02:01:46 Job submitted from host: <137.138.156.150:9618?addrs=137.138.156.150-9618+[2001-1458-d00-14--9a]-9618&alias=bigbird13.cern.ch&noUDP&sock=schedd_6524_7ff5>
...
040 (8382887.000.000) 07/27 02:03:02 Started transferring input files
	Transferring to host: <128.142.61.76:9618?addrs=128.142.61.76-9618+[2001-1458-301-23--100-4b]-9618&alias=b7s06p7266.cern.ch&noUDP&sock=slot1_7_14378_5a02_248>
...
040 (8382887.000.000) 07/27 02:03:02 Finished transferring input files
...
001 (8382887.000.000) 07/27 02:03:02 Job executing on host: <128.142.61.76:9618?addrs=128.142.61.76-9618+[2001-1458-301-23--100-4b]-9618&alias=b7s06p7266.cern.ch&noUDP&sock=startd_14339_f097>
...
006 (8382887.000.000) 07/27 02:03:09 Image size of job updated: 102064
	0  -  MemoryUsage of job (MB)
	0  -  ResidentSetSize of job (KB)
...
040 (8382887.000.000) 07/27 02:03:09 Started transferring output files
...
040 (8382887.000.000) 07/27 02:03:09 Finished transferring output files
...
005 (8382887.000.000) 07/27 02:03:09 Job terminated.
	(1) Normal termination (return value 1)
		Usr 0 00:00:00, Sys 0 00:00:00  -  Run Remote Usage
		Usr 0 00:00:00, Sys 0 00:00:00  -  Run Local Usage
		Usr 0 00:00:00, Sys 0 00:00:00  -  Total Remote Usage
		Usr 0 00:00:00, Sys 0 00:00:00  -  Total Local Usage
	7441  -  Run Bytes Sent By Job
	1379  -  Run Bytes Received By Job
	7441  -  Total Bytes Sent By Job
	1379  -  Total Bytes Received By Job
	Partitionable Resources :    Usage  Request Allocated 
	   Cpus                 :                 8         8 
	   Disk (KB)            :       31        2   1325470 
	   Memory (MB)          :        0    16000     16000 

	Job terminated of its own accord at 2023-07-27T00:03:09Z.
...
