000 (8382887.002.000) 07/27 02:01:46 Job submitted from host: <137.138.156.150:9618?addrs=137.138.156.150-9618+[2001-1458-d00-14--9a]-9618&alias=bigbird13.cern.ch&noUDP&sock=schedd_6524_7ff5>
...
040 (8382887.002.000) 07/27 02:03:02 Started transferring input files
	Transferring to host: <188.184.163.20:9618?addrs=188.184.163.20-9618+[2001-1458-301-4d--100-e]-9618&alias=b7s12p0741.cern.ch&noUDP&sock=slot1_1_10215_2438_7217>
...
001 (8382887.002.000) 07/27 02:03:02 Job executing on host: <188.184.163.20:9618?addrs=188.184.163.20-9618+[2001-1458-301-4d--100-e]-9618&alias=b7s12p0741.cern.ch&noUDP&sock=startd_9189_77d9>
...
040 (8382887.002.000) 07/27 02:03:02 Finished transferring input files
...
006 (8382887.002.000) 07/27 02:03:02 Image size of job updated: 113284
	0  -  MemoryUsage of job (MB)
	0  -  ResidentSetSize of job (KB)
...
040 (8382887.002.000) 07/27 02:03:03 Started transferring output files
...
040 (8382887.002.000) 07/27 02:03:03 Finished transferring output files
...
005 (8382887.002.000) 07/27 02:03:03 Job terminated.
	(1) Normal termination (return value 1)
		Usr 0 00:00:00, Sys 0 00:00:00  -  Run Remote Usage
		Usr 0 00:00:00, Sys 0 00:00:00  -  Run Local Usage
		Usr 0 00:00:00, Sys 0 00:00:00  -  Total Remote Usage
		Usr 0 00:00:00, Sys 0 00:00:00  -  Total Local Usage
	7456  -  Run Bytes Sent By Job
	1379  -  Run Bytes Received By Job
	7456  -  Total Bytes Sent By Job
	1379  -  Total Bytes Received By Job
	Partitionable Resources :    Usage  Request Allocated 
	   Cpus                 :                 8         8 
	   Disk (KB)            :       32        2   3102107 
	   Memory (MB)          :        0    16000     16000 

	Job terminated of its own accord at 2023-07-27T00:03:02Z.
...
