000 (8383301.003.000) 07/27 12:24:31 Job submitted from host: <137.138.156.150:9618?addrs=137.138.156.150-9618+[2001-1458-d00-14--9a]-9618&alias=bigbird13.cern.ch&noUDP&sock=schedd_6524_7ff5>
...
040 (8383301.003.000) 07/27 12:38:37 Started transferring input files
	Transferring to host: <128.142.58.112:9618?addrs=128.142.58.112-9618+[2001-1458-301-16--100-6f]-9618&alias=b7s03p0198.cern.ch&noUDP&sock=slot1_2_4089_d1ff_110812>
...
001 (8383301.003.000) 07/27 12:38:37 Job executing on host: <128.142.58.112:9618?addrs=128.142.58.112-9618+[2001-1458-301-16--100-6f]-9618&alias=b7s03p0198.cern.ch&noUDP&sock=startd_2909_e917>
...
040 (8383301.003.000) 07/27 12:38:37 Finished transferring input files
...
006 (8383301.003.000) 07/27 12:38:45 Image size of job updated: 6640
	7  -  MemoryUsage of job (MB)
	6640  -  ResidentSetSize of job (KB)
...
006 (8383301.003.000) 07/27 12:43:45 Image size of job updated: 7437992
	7  -  MemoryUsage of job (MB)
	6752  -  ResidentSetSize of job (KB)
...
006 (8383301.003.000) 07/27 12:48:45 Image size of job updated: 7437992
	7  -  MemoryUsage of job (MB)
	6816  -  ResidentSetSize of job (KB)
...
006 (8383301.003.000) 07/27 12:53:46 Image size of job updated: 7437992
	7  -  MemoryUsage of job (MB)
	6848  -  ResidentSetSize of job (KB)
...
006 (8383301.003.000) 07/27 12:58:46 Image size of job updated: 7437992
	7  -  MemoryUsage of job (MB)
	6912  -  ResidentSetSize of job (KB)
...
006 (8383301.003.000) 07/27 13:03:46 Image size of job updated: 7437992
	7  -  MemoryUsage of job (MB)
	6928  -  ResidentSetSize of job (KB)
...
006 (8383301.003.000) 07/27 13:10:15 Image size of job updated: 7437992
	7  -  MemoryUsage of job (MB)
	6944  -  ResidentSetSize of job (KB)
...
006 (8383301.003.000) 07/27 13:14:42 Image size of job updated: 7437992
	7  -  MemoryUsage of job (MB)
	6976  -  ResidentSetSize of job (KB)
...
006 (8383301.003.000) 07/27 13:24:43 Image size of job updated: 7437992
	7  -  MemoryUsage of job (MB)
	7008  -  ResidentSetSize of job (KB)
...
006 (8383301.003.000) 07/27 13:34:45 Image size of job updated: 7437992
	7  -  MemoryUsage of job (MB)
	7024  -  ResidentSetSize of job (KB)
...
006 (8383301.003.000) 07/27 13:39:45 Image size of job updated: 7437992
	7  -  MemoryUsage of job (MB)
	7040  -  ResidentSetSize of job (KB)
...
006 (8383301.003.000) 07/27 13:49:46 Image size of job updated: 7437992
	7  -  MemoryUsage of job (MB)
	7072  -  ResidentSetSize of job (KB)
...
006 (8383301.003.000) 07/27 13:54:47 Image size of job updated: 7437992
	7  -  MemoryUsage of job (MB)
	7104  -  ResidentSetSize of job (KB)
...
006 (8383301.003.000) 07/27 14:04:48 Image size of job updated: 7437992
	7  -  MemoryUsage of job (MB)
	7120  -  ResidentSetSize of job (KB)
...
006 (8383301.003.000) 07/27 14:09:49 Image size of job updated: 7437992
	7  -  MemoryUsage of job (MB)
	7136  -  ResidentSetSize of job (KB)
...
006 (8383301.003.000) 07/27 14:19:49 Image size of job updated: 7437992
	7  -  MemoryUsage of job (MB)
	7168  -  ResidentSetSize of job (KB)
...
006 (8383301.003.000) 07/27 14:29:51 Image size of job updated: 7437992
	8  -  MemoryUsage of job (MB)
	7200  -  ResidentSetSize of job (KB)
...
006 (8383301.003.000) 07/27 14:34:51 Image size of job updated: 7437992
	8  -  MemoryUsage of job (MB)
	7216  -  ResidentSetSize of job (KB)
...
006 (8383301.003.000) 07/27 14:44:53 Image size of job updated: 7437992
	8  -  MemoryUsage of job (MB)
	7232  -  ResidentSetSize of job (KB)
...
006 (8383301.003.000) 07/27 14:54:53 Image size of job updated: 7437992
	8  -  MemoryUsage of job (MB)
	7264  -  ResidentSetSize of job (KB)
...
006 (8383301.003.000) 07/27 14:59:54 Image size of job updated: 7437992
	8  -  MemoryUsage of job (MB)
	7296  -  ResidentSetSize of job (KB)
...
006 (8383301.003.000) 07/27 15:09:55 Image size of job updated: 7437992
	8  -  MemoryUsage of job (MB)
	7312  -  ResidentSetSize of job (KB)
...
006 (8383301.003.000) 07/27 15:14:56 Image size of job updated: 7437992
	8  -  MemoryUsage of job (MB)
	7328  -  ResidentSetSize of job (KB)
...
006 (8383301.003.000) 07/27 15:24:57 Image size of job updated: 7437992
	8  -  MemoryUsage of job (MB)
	7360  -  ResidentSetSize of job (KB)
...
006 (8383301.003.000) 07/27 15:34:58 Image size of job updated: 7437992
	8  -  MemoryUsage of job (MB)
	7392  -  ResidentSetSize of job (KB)
...
006 (8383301.003.000) 07/27 15:39:59 Image size of job updated: 7437992
	8  -  MemoryUsage of job (MB)
	7408  -  ResidentSetSize of job (KB)
...
006 (8383301.003.000) 07/27 15:49:59 Image size of job updated: 7437992
	8  -  MemoryUsage of job (MB)
	7424  -  ResidentSetSize of job (KB)
...
006 (8383301.003.000) 07/27 16:00:00 Image size of job updated: 7437992
	8  -  MemoryUsage of job (MB)
	7444  -  ResidentSetSize of job (KB)
...
006 (8383301.003.000) 07/27 16:10:01 Image size of job updated: 7437992
	8  -  MemoryUsage of job (MB)
	7476  -  ResidentSetSize of job (KB)
...
006 (8383301.003.000) 07/27 16:15:02 Image size of job updated: 7437992
	8  -  MemoryUsage of job (MB)
	7492  -  ResidentSetSize of job (KB)
...
006 (8383301.003.000) 07/27 16:25:02 Image size of job updated: 7437992
	8  -  MemoryUsage of job (MB)
	7508  -  ResidentSetSize of job (KB)
...
006 (8383301.003.000) 07/27 16:30:03 Image size of job updated: 7437992
	8  -  MemoryUsage of job (MB)
	7540  -  ResidentSetSize of job (KB)
...
006 (8383301.003.000) 07/27 16:40:04 Image size of job updated: 7437992
	8  -  MemoryUsage of job (MB)
	7572  -  ResidentSetSize of job (KB)
...
006 (8383301.003.000) 07/27 16:50:05 Image size of job updated: 7437992
	8  -  MemoryUsage of job (MB)
	7588  -  ResidentSetSize of job (KB)
...
006 (8383301.003.000) 07/27 16:55:06 Image size of job updated: 7437992
	8  -  MemoryUsage of job (MB)
	7604  -  ResidentSetSize of job (KB)
...
006 (8383301.003.000) 07/27 17:05:07 Image size of job updated: 7437992
	8  -  MemoryUsage of job (MB)
	7636  -  ResidentSetSize of job (KB)
...
006 (8383301.003.000) 07/27 17:10:08 Image size of job updated: 7437992
	8  -  MemoryUsage of job (MB)
	7668  -  ResidentSetSize of job (KB)
...
006 (8383301.003.000) 07/27 17:20:08 Image size of job updated: 7437992
	8  -  MemoryUsage of job (MB)
	7684  -  ResidentSetSize of job (KB)
...
006 (8383301.003.000) 07/27 17:30:10 Image size of job updated: 7437992
	8  -  MemoryUsage of job (MB)
	7700  -  ResidentSetSize of job (KB)
...
006 (8383301.003.000) 07/27 17:40:10 Image size of job updated: 7437992
	8  -  MemoryUsage of job (MB)
	7732  -  ResidentSetSize of job (KB)
...
006 (8383301.003.000) 07/27 17:45:12 Image size of job updated: 7437992
	8  -  MemoryUsage of job (MB)
	7764  -  ResidentSetSize of job (KB)
...
006 (8383301.003.000) 07/27 17:55:12 Image size of job updated: 7437992
	8  -  MemoryUsage of job (MB)
	7780  -  ResidentSetSize of job (KB)
...
006 (8383301.003.000) 07/27 18:05:14 Image size of job updated: 7437992
	8  -  MemoryUsage of job (MB)
	7796  -  ResidentSetSize of job (KB)
...
006 (8383301.003.000) 07/27 18:15:14 Image size of job updated: 7437992
	8  -  MemoryUsage of job (MB)
	7828  -  ResidentSetSize of job (KB)
...
006 (8383301.003.000) 07/27 18:20:15 Image size of job updated: 7437992
	8  -  MemoryUsage of job (MB)
	7860  -  ResidentSetSize of job (KB)
...
006 (8383301.003.000) 07/27 18:30:16 Image size of job updated: 7437992
	8  -  MemoryUsage of job (MB)
	7876  -  ResidentSetSize of job (KB)
...
006 (8383301.003.000) 07/27 18:40:18 Image size of job updated: 7437992
	8  -  MemoryUsage of job (MB)
	7888  -  ResidentSetSize of job (KB)
...
006 (8383301.003.000) 07/27 18:45:18 Image size of job updated: 7437992
	8  -  MemoryUsage of job (MB)
	7920  -  ResidentSetSize of job (KB)
...
006 (8383301.003.000) 07/27 18:55:19 Image size of job updated: 7437992
	8  -  MemoryUsage of job (MB)
	7952  -  ResidentSetSize of job (KB)
...
006 (8383301.003.000) 07/27 19:05:19 Image size of job updated: 7437992
	8  -  MemoryUsage of job (MB)
	7968  -  ResidentSetSize of job (KB)
...
006 (8383301.003.000) 07/27 19:15:21 Image size of job updated: 7437992
	8  -  MemoryUsage of job (MB)
	7984  -  ResidentSetSize of job (KB)
...
006 (8383301.003.000) 07/27 19:20:21 Image size of job updated: 7437992
	8  -  MemoryUsage of job (MB)
	8016  -  ResidentSetSize of job (KB)
...
006 (8383301.003.000) 07/27 19:30:22 Image size of job updated: 7437992
	8  -  MemoryUsage of job (MB)
	8048  -  ResidentSetSize of job (KB)
...
006 (8383301.003.000) 07/27 19:45:23 Image size of job updated: 7437992
	8  -  MemoryUsage of job (MB)
	8052  -  ResidentSetSize of job (KB)
...
006 (8383301.003.000) 07/27 19:55:24 Image size of job updated: 7437992
	8  -  MemoryUsage of job (MB)
	8084  -  ResidentSetSize of job (KB)
...
006 (8383301.003.000) 07/27 20:05:25 Image size of job updated: 7437992
	8  -  MemoryUsage of job (MB)
	8116  -  ResidentSetSize of job (KB)
...
006 (8383301.003.000) 07/27 20:15:27 Image size of job updated: 7437992
	8  -  MemoryUsage of job (MB)
	8132  -  ResidentSetSize of job (KB)
...
006 (8383301.003.000) 07/27 20:30:28 Image size of job updated: 7437992
	8  -  MemoryUsage of job (MB)
	8148  -  ResidentSetSize of job (KB)
...
006 (8383301.003.000) 07/27 20:40:28 Image size of job updated: 7437992
	8  -  MemoryUsage of job (MB)
	8180  -  ResidentSetSize of job (KB)
...
006 (8383301.003.000) 07/27 20:50:30 Image size of job updated: 7437992
	9  -  MemoryUsage of job (MB)
	8212  -  ResidentSetSize of job (KB)
...
006 (8383301.003.000) 07/27 21:00:30 Image size of job updated: 7437992
	9  -  MemoryUsage of job (MB)
	8228  -  ResidentSetSize of job (KB)
...
006 (8383301.003.000) 07/27 21:10:32 Image size of job updated: 7437992
	9  -  MemoryUsage of job (MB)
	8244  -  ResidentSetSize of job (KB)
...
006 (8383301.003.000) 07/27 21:20:32 Image size of job updated: 7437992
	9  -  MemoryUsage of job (MB)
	8276  -  ResidentSetSize of job (KB)
...
006 (8383301.003.000) 07/27 21:35:33 Image size of job updated: 7437992
	9  -  MemoryUsage of job (MB)
	8308  -  ResidentSetSize of job (KB)
...
006 (8383301.003.000) 07/27 21:45:35 Image size of job updated: 7437992
	9  -  MemoryUsage of job (MB)
	8324  -  ResidentSetSize of job (KB)
...
006 (8383301.003.000) 07/27 21:55:35 Image size of job updated: 7437992
	9  -  MemoryUsage of job (MB)
	8340  -  ResidentSetSize of job (KB)
...
006 (8383301.003.000) 07/27 22:05:37 Image size of job updated: 7437992
	9  -  MemoryUsage of job (MB)
	8372  -  ResidentSetSize of job (KB)
...
006 (8383301.003.000) 07/27 22:15:38 Image size of job updated: 7437992
	9  -  MemoryUsage of job (MB)
	8404  -  ResidentSetSize of job (KB)
...
006 (8383301.003.000) 07/27 22:25:39 Image size of job updated: 7437992
	9  -  MemoryUsage of job (MB)
	8420  -  ResidentSetSize of job (KB)
...
006 (8383301.003.000) 07/27 22:35:40 Image size of job updated: 7437992
	9  -  MemoryUsage of job (MB)
	8436  -  ResidentSetSize of job (KB)
...
006 (8383301.003.000) 07/27 22:40:41 Image size of job updated: 7437992
	9  -  MemoryUsage of job (MB)
	8468  -  ResidentSetSize of job (KB)
...
006 (8383301.003.000) 07/27 22:50:41 Image size of job updated: 7437992
	9  -  MemoryUsage of job (MB)
	8500  -  ResidentSetSize of job (KB)
...
006 (8383301.003.000) 07/27 23:00:42 Image size of job updated: 7437992
	9  -  MemoryUsage of job (MB)
	8516  -  ResidentSetSize of job (KB)
...
006 (8383301.003.000) 07/27 23:10:43 Image size of job updated: 7437992
	9  -  MemoryUsage of job (MB)
	8532  -  ResidentSetSize of job (KB)
...
006 (8383301.003.000) 07/27 23:20:44 Image size of job updated: 7437992
	9  -  MemoryUsage of job (MB)
	8564  -  ResidentSetSize of job (KB)
...
006 (8383301.003.000) 07/27 23:30:46 Image size of job updated: 7437992
	9  -  MemoryUsage of job (MB)
	8596  -  ResidentSetSize of job (KB)
...
006 (8383301.003.000) 07/27 23:40:46 Image size of job updated: 7437992
	9  -  MemoryUsage of job (MB)
	8612  -  ResidentSetSize of job (KB)
...
006 (8383301.003.000) 07/27 23:50:48 Image size of job updated: 7437992
	9  -  MemoryUsage of job (MB)
	8628  -  ResidentSetSize of job (KB)
...
006 (8383301.003.000) 07/27 23:55:48 Image size of job updated: 7437992
	9  -  MemoryUsage of job (MB)
	8660  -  ResidentSetSize of job (KB)
...
006 (8383301.003.000) 07/28 00:05:49 Image size of job updated: 7437992
	9  -  MemoryUsage of job (MB)
	8692  -  ResidentSetSize of job (KB)
...
006 (8383301.003.000) 07/28 00:15:50 Image size of job updated: 7437992
	9  -  MemoryUsage of job (MB)
	8708  -  ResidentSetSize of job (KB)
...
006 (8383301.003.000) 07/28 00:20:50 Image size of job updated: 7437992
	9  -  MemoryUsage of job (MB)
	8724  -  ResidentSetSize of job (KB)
...
006 (8383301.003.000) 07/28 00:30:52 Image size of job updated: 7437992
	9  -  MemoryUsage of job (MB)
	8756  -  ResidentSetSize of job (KB)
...
006 (8383301.003.000) 07/28 00:35:52 Image size of job updated: 7437992
	9  -  MemoryUsage of job (MB)
	8788  -  ResidentSetSize of job (KB)
...
006 (8383301.003.000) 07/28 00:45:54 Image size of job updated: 7437992
	9  -  MemoryUsage of job (MB)
	8804  -  ResidentSetSize of job (KB)
...
006 (8383301.003.000) 07/28 00:55:54 Image size of job updated: 7437992
	9  -  MemoryUsage of job (MB)
	8820  -  ResidentSetSize of job (KB)
...
006 (8383301.003.000) 07/28 01:05:56 Image size of job updated: 7437992
	9  -  MemoryUsage of job (MB)
	8852  -  ResidentSetSize of job (KB)
...
006 (8383301.003.000) 07/28 01:15:57 Image size of job updated: 7437992
	9  -  MemoryUsage of job (MB)
	8884  -  ResidentSetSize of job (KB)
...
006 (8383301.003.000) 07/28 01:25:58 Image size of job updated: 7437992
	9  -  MemoryUsage of job (MB)
	8900  -  ResidentSetSize of job (KB)
...
006 (8383301.003.000) 07/28 01:35:59 Image size of job updated: 7437992
	9  -  MemoryUsage of job (MB)
	8916  -  ResidentSetSize of job (KB)
...
006 (8383301.003.000) 07/28 01:46:00 Image size of job updated: 7437992
	9  -  MemoryUsage of job (MB)
	8948  -  ResidentSetSize of job (KB)
...
006 (8383301.003.000) 07/28 02:01:02 Image size of job updated: 7437992
	9  -  MemoryUsage of job (MB)
	8980  -  ResidentSetSize of job (KB)
...
006 (8383301.003.000) 07/28 02:16:04 Image size of job updated: 7437992
	9  -  MemoryUsage of job (MB)
	8996  -  ResidentSetSize of job (KB)
...
006 (8383301.003.000) 07/28 02:21:04 Image size of job updated: 7437992
	9  -  MemoryUsage of job (MB)
	9012  -  ResidentSetSize of job (KB)
...
006 (8383301.003.000) 07/28 02:31:05 Image size of job updated: 7437992
	9  -  MemoryUsage of job (MB)
	9044  -  ResidentSetSize of job (KB)
...
006 (8383301.003.000) 07/28 02:46:07 Image size of job updated: 7437992
	9  -  MemoryUsage of job (MB)
	9076  -  ResidentSetSize of job (KB)
...
006 (8383301.003.000) 07/28 02:56:08 Image size of job updated: 7437992
	9  -  MemoryUsage of job (MB)
	9092  -  ResidentSetSize of job (KB)
...
006 (8383301.003.000) 07/28 03:01:08 Image size of job updated: 7437992
	9  -  MemoryUsage of job (MB)
	9108  -  ResidentSetSize of job (KB)
...
006 (8383301.003.000) 07/28 03:11:10 Image size of job updated: 7437992
	9  -  MemoryUsage of job (MB)
	9140  -  ResidentSetSize of job (KB)
...
006 (8383301.003.000) 07/28 03:21:11 Image size of job updated: 7437992
	9  -  MemoryUsage of job (MB)
	9172  -  ResidentSetSize of job (KB)
...
006 (8383301.003.000) 07/28 03:31:12 Image size of job updated: 7437992
	9  -  MemoryUsage of job (MB)
	9188  -  ResidentSetSize of job (KB)
...
006 (8383301.003.000) 07/28 03:41:13 Image size of job updated: 7437992
	9  -  MemoryUsage of job (MB)
	9204  -  ResidentSetSize of job (KB)
...
006 (8383301.003.000) 07/28 03:51:14 Image size of job updated: 7437992
	10  -  MemoryUsage of job (MB)
	9236  -  ResidentSetSize of job (KB)
...
006 (8383301.003.000) 07/28 04:01:15 Image size of job updated: 7437992
	10  -  MemoryUsage of job (MB)
	9268  -  ResidentSetSize of job (KB)
...
006 (8383301.003.000) 07/28 04:11:16 Image size of job updated: 7437992
	10  -  MemoryUsage of job (MB)
	9284  -  ResidentSetSize of job (KB)
...
006 (8383301.003.000) 07/28 04:21:17 Image size of job updated: 7437992
	10  -  MemoryUsage of job (MB)
	9300  -  ResidentSetSize of job (KB)
...
006 (8383301.003.000) 07/28 04:31:17 Image size of job updated: 7437992
	10  -  MemoryUsage of job (MB)
	9332  -  ResidentSetSize of job (KB)
...
006 (8383301.003.000) 07/28 04:36:18 Image size of job updated: 7437992
	10  -  MemoryUsage of job (MB)
	9364  -  ResidentSetSize of job (KB)
...
006 (8383301.003.000) 07/28 04:46:19 Image size of job updated: 7437992
	10  -  MemoryUsage of job (MB)
	9380  -  ResidentSetSize of job (KB)
...
006 (8383301.003.000) 07/28 04:56:20 Image size of job updated: 7437992
	10  -  MemoryUsage of job (MB)
	9396  -  ResidentSetSize of job (KB)
...
006 (8383301.003.000) 07/28 05:06:21 Image size of job updated: 7437992
	10  -  MemoryUsage of job (MB)
	9428  -  ResidentSetSize of job (KB)
...
006 (8383301.003.000) 07/28 05:16:22 Image size of job updated: 7437992
	10  -  MemoryUsage of job (MB)
	9460  -  ResidentSetSize of job (KB)
...
006 (8383301.003.000) 07/28 05:26:23 Image size of job updated: 7437992
	10  -  MemoryUsage of job (MB)
	9476  -  ResidentSetSize of job (KB)
...
006 (8383301.003.000) 07/28 05:31:24 Image size of job updated: 7437992
	10  -  MemoryUsage of job (MB)
	9492  -  ResidentSetSize of job (KB)
...
006 (8383301.003.000) 07/28 05:41:25 Image size of job updated: 7437992
	10  -  MemoryUsage of job (MB)
	9524  -  ResidentSetSize of job (KB)
...
006 (8383301.003.000) 07/28 05:51:26 Image size of job updated: 7437992
	10  -  MemoryUsage of job (MB)
	9556  -  ResidentSetSize of job (KB)
...
006 (8383301.003.000) 07/28 06:01:27 Image size of job updated: 7437992
	10  -  MemoryUsage of job (MB)
	9572  -  ResidentSetSize of job (KB)
...
006 (8383301.003.000) 07/28 06:11:28 Image size of job updated: 7437992
	10  -  MemoryUsage of job (MB)
	9588  -  ResidentSetSize of job (KB)
...
006 (8383301.003.000) 07/28 06:21:28 Image size of job updated: 7437992
	10  -  MemoryUsage of job (MB)
	9620  -  ResidentSetSize of job (KB)
...
006 (8383301.003.000) 07/28 06:31:30 Image size of job updated: 7437992
	10  -  MemoryUsage of job (MB)
	9652  -  ResidentSetSize of job (KB)
...
006 (8383301.003.000) 07/28 06:41:30 Image size of job updated: 7437992
	10  -  MemoryUsage of job (MB)
	9668  -  ResidentSetSize of job (KB)
...
006 (8383301.003.000) 07/28 06:51:32 Image size of job updated: 7437992
	10  -  MemoryUsage of job (MB)
	9684  -  ResidentSetSize of job (KB)
...
006 (8383301.003.000) 07/28 06:56:32 Image size of job updated: 7437992
	10  -  MemoryUsage of job (MB)
	9716  -  ResidentSetSize of job (KB)
...
006 (8383301.003.000) 07/28 07:06:34 Image size of job updated: 7437992
	10  -  MemoryUsage of job (MB)
	9748  -  ResidentSetSize of job (KB)
...
006 (8383301.003.000) 07/28 07:16:34 Image size of job updated: 7437992
	10  -  MemoryUsage of job (MB)
	9764  -  ResidentSetSize of job (KB)
...
006 (8383301.003.000) 07/28 07:26:36 Image size of job updated: 7437992
	10  -  MemoryUsage of job (MB)
	9780  -  ResidentSetSize of job (KB)
...
006 (8383301.003.000) 07/28 07:36:37 Image size of job updated: 7437992
	10  -  MemoryUsage of job (MB)
	9812  -  ResidentSetSize of job (KB)
...
006 (8383301.003.000) 07/28 07:46:38 Image size of job updated: 7437992
	10  -  MemoryUsage of job (MB)
	9844  -  ResidentSetSize of job (KB)
...
006 (8383301.003.000) 07/28 07:51:38 Image size of job updated: 7437992
	10  -  MemoryUsage of job (MB)
	9860  -  ResidentSetSize of job (KB)
...
006 (8383301.003.000) 07/28 08:01:39 Image size of job updated: 7437992
	10  -  MemoryUsage of job (MB)
	9876  -  ResidentSetSize of job (KB)
...
006 (8383301.003.000) 07/28 08:11:40 Image size of job updated: 7437992
	10  -  MemoryUsage of job (MB)
	9908  -  ResidentSetSize of job (KB)
...
006 (8383301.003.000) 07/28 08:21:41 Image size of job updated: 7437992
	10  -  MemoryUsage of job (MB)
	9940  -  ResidentSetSize of job (KB)
...
006 (8383301.003.000) 07/28 08:36:43 Image size of job updated: 7437992
	10  -  MemoryUsage of job (MB)
	9956  -  ResidentSetSize of job (KB)
...
006 (8383301.003.000) 07/28 08:46:44 Image size of job updated: 7437992
	10  -  MemoryUsage of job (MB)
	9972  -  ResidentSetSize of job (KB)
...
006 (8383301.003.000) 07/28 09:01:45 Image size of job updated: 7437992
	10  -  MemoryUsage of job (MB)
	10004  -  ResidentSetSize of job (KB)
...
006 (8383301.003.000) 07/28 09:06:46 Image size of job updated: 7437992
	10  -  MemoryUsage of job (MB)
	10036  -  ResidentSetSize of job (KB)
...
006 (8383301.003.000) 07/28 09:21:47 Image size of job updated: 7437992
	10  -  MemoryUsage of job (MB)
	10052  -  ResidentSetSize of job (KB)
...
006 (8383301.003.000) 07/28 09:31:48 Image size of job updated: 7437992
	10  -  MemoryUsage of job (MB)
	10068  -  ResidentSetSize of job (KB)
...
006 (8383301.003.000) 07/28 09:41:49 Image size of job updated: 7437992
	10  -  MemoryUsage of job (MB)
	10100  -  ResidentSetSize of job (KB)
...
006 (8383301.003.000) 07/28 09:51:50 Image size of job updated: 7437992
	10  -  MemoryUsage of job (MB)
	10132  -  ResidentSetSize of job (KB)
...
006 (8383301.003.000) 07/28 10:06:52 Image size of job updated: 7437992
	10  -  MemoryUsage of job (MB)
	10148  -  ResidentSetSize of job (KB)
...
006 (8383301.003.000) 07/28 10:16:53 Image size of job updated: 7437992
	10  -  MemoryUsage of job (MB)
	10164  -  ResidentSetSize of job (KB)
...
006 (8383301.003.000) 07/28 10:31:54 Image size of job updated: 7437992
	10  -  MemoryUsage of job (MB)
	10196  -  ResidentSetSize of job (KB)
...
006 (8383301.003.000) 07/28 10:41:56 Image size of job updated: 7437992
	10  -  MemoryUsage of job (MB)
	10228  -  ResidentSetSize of job (KB)
...
006 (8383301.003.000) 07/28 10:51:57 Image size of job updated: 7437992
	11  -  MemoryUsage of job (MB)
	10244  -  ResidentSetSize of job (KB)
...
006 (8383301.003.000) 07/28 11:01:58 Image size of job updated: 7437992
	11  -  MemoryUsage of job (MB)
	10260  -  ResidentSetSize of job (KB)
...
006 (8383301.003.000) 07/28 11:11:59 Image size of job updated: 7437992
	11  -  MemoryUsage of job (MB)
	10292  -  ResidentSetSize of job (KB)
...
006 (8383301.003.000) 07/28 11:27:00 Image size of job updated: 7437992
	11  -  MemoryUsage of job (MB)
	10324  -  ResidentSetSize of job (KB)
...
006 (8383301.003.000) 07/28 11:37:01 Image size of job updated: 7437992
	11  -  MemoryUsage of job (MB)
	10340  -  ResidentSetSize of job (KB)
...
006 (8383301.003.000) 07/28 11:47:02 Image size of job updated: 7437992
	11  -  MemoryUsage of job (MB)
	10356  -  ResidentSetSize of job (KB)
...
006 (8383301.003.000) 07/28 11:57:03 Image size of job updated: 7437992
	11  -  MemoryUsage of job (MB)
	10388  -  ResidentSetSize of job (KB)
...
006 (8383301.003.000) 07/28 12:07:05 Image size of job updated: 7437992
	11  -  MemoryUsage of job (MB)
	10420  -  ResidentSetSize of job (KB)
...
006 (8383301.003.000) 07/28 12:17:05 Image size of job updated: 7437992
	11  -  MemoryUsage of job (MB)
	10436  -  ResidentSetSize of job (KB)
...
006 (8383301.003.000) 07/28 12:27:07 Image size of job updated: 7437992
	11  -  MemoryUsage of job (MB)
	10452  -  ResidentSetSize of job (KB)
...
006 (8383301.003.000) 07/28 12:37:07 Image size of job updated: 7437992
	11  -  MemoryUsage of job (MB)
	10484  -  ResidentSetSize of job (KB)
...
006 (8383301.003.000) 07/28 12:47:09 Image size of job updated: 7437992
	11  -  MemoryUsage of job (MB)
	10516  -  ResidentSetSize of job (KB)
...
006 (8383301.003.000) 07/28 12:57:10 Image size of job updated: 7437992
	11  -  MemoryUsage of job (MB)
	10532  -  ResidentSetSize of job (KB)
...
006 (8383301.003.000) 07/28 13:02:11 Image size of job updated: 7437992
	11  -  MemoryUsage of job (MB)
	10548  -  ResidentSetSize of job (KB)
...
006 (8383301.003.000) 07/28 13:12:11 Image size of job updated: 7437992
	11  -  MemoryUsage of job (MB)
	10580  -  ResidentSetSize of job (KB)
...
006 (8383301.003.000) 07/28 13:22:12 Image size of job updated: 7437992
	11  -  MemoryUsage of job (MB)
	10612  -  ResidentSetSize of job (KB)
...
006 (8383301.003.000) 07/28 13:32:13 Image size of job updated: 7437992
	11  -  MemoryUsage of job (MB)
	10628  -  ResidentSetSize of job (KB)
...
006 (8383301.003.000) 07/28 13:37:14 Image size of job updated: 7437992
	11  -  MemoryUsage of job (MB)
	10644  -  ResidentSetSize of job (KB)
...
006 (8383301.003.000) 07/28 13:52:15 Image size of job updated: 7437992
	11  -  MemoryUsage of job (MB)
	10676  -  ResidentSetSize of job (KB)
...
006 (8383301.003.000) 07/28 13:57:16 Image size of job updated: 7437992
	11  -  MemoryUsage of job (MB)
	10708  -  ResidentSetSize of job (KB)
...
006 (8383301.003.000) 07/28 14:07:17 Image size of job updated: 7437992
	11  -  MemoryUsage of job (MB)
	10724  -  ResidentSetSize of job (KB)
...
006 (8383301.003.000) 07/28 14:17:18 Image size of job updated: 7437992
	11  -  MemoryUsage of job (MB)
	10740  -  ResidentSetSize of job (KB)
...
006 (8383301.003.000) 07/28 14:27:20 Image size of job updated: 7437992
	11  -  MemoryUsage of job (MB)
	10772  -  ResidentSetSize of job (KB)
...
006 (8383301.003.000) 07/28 14:37:20 Image size of job updated: 7437992
	11  -  MemoryUsage of job (MB)
	10804  -  ResidentSetSize of job (KB)
...
006 (8383301.003.000) 07/28 14:47:22 Image size of job updated: 7437992
	11  -  MemoryUsage of job (MB)
	10820  -  ResidentSetSize of job (KB)
...
006 (8383301.003.000) 07/28 14:57:22 Image size of job updated: 7437992
	11  -  MemoryUsage of job (MB)
	10836  -  ResidentSetSize of job (KB)
...
006 (8383301.003.000) 07/28 15:07:24 Image size of job updated: 7437992
	11  -  MemoryUsage of job (MB)
	10868  -  ResidentSetSize of job (KB)
...
006 (8383301.003.000) 07/28 15:17:25 Image size of job updated: 7437992
	11  -  MemoryUsage of job (MB)
	10900  -  ResidentSetSize of job (KB)
...
006 (8383301.003.000) 07/28 15:27:26 Image size of job updated: 7437992
	11  -  MemoryUsage of job (MB)
	10916  -  ResidentSetSize of job (KB)
...
006 (8383301.003.000) 07/28 15:37:28 Image size of job updated: 7437992
	11  -  MemoryUsage of job (MB)
	10932  -  ResidentSetSize of job (KB)
...
006 (8383301.003.000) 07/28 15:47:28 Image size of job updated: 7437992
	11  -  MemoryUsage of job (MB)
	10964  -  ResidentSetSize of job (KB)
...
006 (8383301.003.000) 07/28 15:57:30 Image size of job updated: 7437992
	11  -  MemoryUsage of job (MB)
	10996  -  ResidentSetSize of job (KB)
...
006 (8383301.003.000) 07/28 16:07:30 Image size of job updated: 7437992
	11  -  MemoryUsage of job (MB)
	11012  -  ResidentSetSize of job (KB)
...
006 (8383301.003.000) 07/28 16:17:32 Image size of job updated: 7437992
	11  -  MemoryUsage of job (MB)
	11028  -  ResidentSetSize of job (KB)
...
006 (8383301.003.000) 07/28 16:27:33 Image size of job updated: 7437992
	11  -  MemoryUsage of job (MB)
	11060  -  ResidentSetSize of job (KB)
...
006 (8383301.003.000) 07/28 16:37:34 Image size of job updated: 7437992
	11  -  MemoryUsage of job (MB)
	11092  -  ResidentSetSize of job (KB)
...
006 (8383301.003.000) 07/28 16:47:35 Image size of job updated: 7437992
	11  -  MemoryUsage of job (MB)
	11108  -  ResidentSetSize of job (KB)
...
006 (8383301.003.000) 07/28 16:52:36 Image size of job updated: 7437992
	11  -  MemoryUsage of job (MB)
	11124  -  ResidentSetSize of job (KB)
...
006 (8383301.003.000) 07/28 17:02:37 Image size of job updated: 7437992
	11  -  MemoryUsage of job (MB)
	11156  -  ResidentSetSize of job (KB)
...
006 (8383301.003.000) 07/28 17:17:38 Image size of job updated: 7437992
	11  -  MemoryUsage of job (MB)
	11188  -  ResidentSetSize of job (KB)
...
006 (8383301.003.000) 07/28 17:27:40 Image size of job updated: 7437992
	11  -  MemoryUsage of job (MB)
	11204  -  ResidentSetSize of job (KB)
...
006 (8383301.003.000) 07/28 17:37:41 Image size of job updated: 7437992
	11  -  MemoryUsage of job (MB)
	11220  -  ResidentSetSize of job (KB)
...
006 (8383301.003.000) 07/28 17:52:42 Image size of job updated: 7437992
	11  -  MemoryUsage of job (MB)
	11252  -  ResidentSetSize of job (KB)
...
006 (8383301.003.000) 07/28 18:02:44 Image size of job updated: 7437992
	12  -  MemoryUsage of job (MB)
	11284  -  ResidentSetSize of job (KB)
...
006 (8383301.003.000) 07/28 18:12:45 Image size of job updated: 7437992
	12  -  MemoryUsage of job (MB)
	11300  -  ResidentSetSize of job (KB)
...
006 (8383301.003.000) 07/28 18:27:46 Image size of job updated: 7437992
	12  -  MemoryUsage of job (MB)
	11316  -  ResidentSetSize of job (KB)
...
006 (8383301.003.000) 07/28 18:37:48 Image size of job updated: 7437992
	12  -  MemoryUsage of job (MB)
	11348  -  ResidentSetSize of job (KB)
...
006 (8383301.003.000) 07/28 18:47:49 Image size of job updated: 7437992
	12  -  MemoryUsage of job (MB)
	11380  -  ResidentSetSize of job (KB)
...
006 (8383301.003.000) 07/28 19:02:51 Image size of job updated: 7437992
	12  -  MemoryUsage of job (MB)
	11396  -  ResidentSetSize of job (KB)
...
006 (8383301.003.000) 07/28 19:12:52 Image size of job updated: 7437992
	12  -  MemoryUsage of job (MB)
	11412  -  ResidentSetSize of job (KB)
...
006 (8383301.003.000) 07/28 19:17:52 Image size of job updated: 7437992
	12  -  MemoryUsage of job (MB)
	11444  -  ResidentSetSize of job (KB)
...
006 (8383301.003.000) 07/28 19:32:54 Image size of job updated: 7437992
	12  -  MemoryUsage of job (MB)
	11476  -  ResidentSetSize of job (KB)
...
006 (8383301.003.000) 07/28 19:42:56 Image size of job updated: 7437992
	12  -  MemoryUsage of job (MB)
	11492  -  ResidentSetSize of job (KB)
...
006 (8383301.003.000) 07/28 19:52:56 Image size of job updated: 7437992
	12  -  MemoryUsage of job (MB)
	11508  -  ResidentSetSize of job (KB)
...
006 (8383301.003.000) 07/28 20:07:58 Image size of job updated: 7437992
	12  -  MemoryUsage of job (MB)
	11540  -  ResidentSetSize of job (KB)
...
006 (8383301.003.000) 07/28 20:18:00 Image size of job updated: 7437992
	12  -  MemoryUsage of job (MB)
	11572  -  ResidentSetSize of job (KB)
...
006 (8383301.003.000) 07/28 20:28:00 Image size of job updated: 7437992
	12  -  MemoryUsage of job (MB)
	11588  -  ResidentSetSize of job (KB)
...
006 (8383301.003.000) 07/28 20:38:02 Image size of job updated: 7437992
	12  -  MemoryUsage of job (MB)
	11604  -  ResidentSetSize of job (KB)
...
006 (8383301.003.000) 07/28 20:48:02 Image size of job updated: 7437992
	12  -  MemoryUsage of job (MB)
	11636  -  ResidentSetSize of job (KB)
...
006 (8383301.003.000) 07/28 20:58:04 Image size of job updated: 7437992
	12  -  MemoryUsage of job (MB)
	11668  -  ResidentSetSize of job (KB)
...
006 (8383301.003.000) 07/28 21:13:06 Image size of job updated: 7437992
	12  -  MemoryUsage of job (MB)
	11684  -  ResidentSetSize of job (KB)
...
006 (8383301.003.000) 07/28 21:23:06 Image size of job updated: 7437992
	12  -  MemoryUsage of job (MB)
	11700  -  ResidentSetSize of job (KB)
...
006 (8383301.003.000) 07/28 21:33:07 Image size of job updated: 7437992
	12  -  MemoryUsage of job (MB)
	11732  -  ResidentSetSize of job (KB)
...
006 (8383301.003.000) 07/28 21:43:08 Image size of job updated: 7437992
	12  -  MemoryUsage of job (MB)
	11764  -  ResidentSetSize of job (KB)
...
006 (8383301.003.000) 07/28 21:53:09 Image size of job updated: 7437992
	12  -  MemoryUsage of job (MB)
	11780  -  ResidentSetSize of job (KB)
...
006 (8383301.003.000) 07/28 22:03:10 Image size of job updated: 7437992
	12  -  MemoryUsage of job (MB)
	11796  -  ResidentSetSize of job (KB)
...
006 (8383301.003.000) 07/28 22:18:11 Image size of job updated: 7437992
	12  -  MemoryUsage of job (MB)
	11828  -  ResidentSetSize of job (KB)
...
006 (8383301.003.000) 07/28 22:28:12 Image size of job updated: 7437992
	12  -  MemoryUsage of job (MB)
	11860  -  ResidentSetSize of job (KB)
...
006 (8383301.003.000) 07/28 22:38:13 Image size of job updated: 7437992
	12  -  MemoryUsage of job (MB)
	11876  -  ResidentSetSize of job (KB)
...
006 (8383301.003.000) 07/28 22:48:14 Image size of job updated: 7437992
	12  -  MemoryUsage of job (MB)
	11892  -  ResidentSetSize of job (KB)
...
006 (8383301.003.000) 07/28 22:58:15 Image size of job updated: 7437992
	12  -  MemoryUsage of job (MB)
	11924  -  ResidentSetSize of job (KB)
...
006 (8383301.003.000) 07/28 23:08:16 Image size of job updated: 7437992
	12  -  MemoryUsage of job (MB)
	11956  -  ResidentSetSize of job (KB)
...
006 (8383301.003.000) 07/28 23:18:17 Image size of job updated: 7437992
	12  -  MemoryUsage of job (MB)
	11972  -  ResidentSetSize of job (KB)
...
006 (8383301.003.000) 07/28 23:28:18 Image size of job updated: 7437992
	12  -  MemoryUsage of job (MB)
	11988  -  ResidentSetSize of job (KB)
...
006 (8383301.003.000) 07/28 23:38:19 Image size of job updated: 7437992
	12  -  MemoryUsage of job (MB)
	12020  -  ResidentSetSize of job (KB)
...
006 (8383301.003.000) 07/28 23:48:20 Image size of job updated: 7437992
	12  -  MemoryUsage of job (MB)
	12052  -  ResidentSetSize of job (KB)
...
006 (8383301.003.000) 07/28 23:58:21 Image size of job updated: 7437992
	12  -  MemoryUsage of job (MB)
	12068  -  ResidentSetSize of job (KB)
...
006 (8383301.003.000) 07/29 00:08:24 Image size of job updated: 7437992
	12  -  MemoryUsage of job (MB)
	12084  -  ResidentSetSize of job (KB)
...
006 (8383301.003.000) 07/29 00:18:24 Image size of job updated: 7437992
	12  -  MemoryUsage of job (MB)
	12116  -  ResidentSetSize of job (KB)
...
006 (8383301.003.000) 07/29 00:28:26 Image size of job updated: 7437992
	12  -  MemoryUsage of job (MB)
	12148  -  ResidentSetSize of job (KB)
...
006 (8383301.003.000) 07/29 00:38:26 Image size of job updated: 7437992
	12  -  MemoryUsage of job (MB)
	12164  -  ResidentSetSize of job (KB)
...
006 (8383301.003.000) 07/29 00:53:28 Image size of job updated: 7437992
	12  -  MemoryUsage of job (MB)
	12180  -  ResidentSetSize of job (KB)
...
006 (8383301.003.000) 07/29 01:03:30 Image size of job updated: 7437992
	12  -  MemoryUsage of job (MB)
	12212  -  ResidentSetSize of job (KB)
...
006 (8383301.003.000) 07/29 01:08:30 Image size of job updated: 7437992
	12  -  MemoryUsage of job (MB)
	12244  -  ResidentSetSize of job (KB)
...
006 (8383301.003.000) 07/29 01:18:31 Image size of job updated: 7437992
	12  -  MemoryUsage of job (MB)
	12260  -  ResidentSetSize of job (KB)
...
006 (8383301.003.000) 07/29 01:28:32 Image size of job updated: 7437992
	12  -  MemoryUsage of job (MB)
	12276  -  ResidentSetSize of job (KB)
...
006 (8383301.003.000) 07/29 01:38:33 Image size of job updated: 7437992
	13  -  MemoryUsage of job (MB)
	12308  -  ResidentSetSize of job (KB)
...
006 (8383301.003.000) 07/29 01:48:34 Image size of job updated: 7437992
	13  -  MemoryUsage of job (MB)
	12340  -  ResidentSetSize of job (KB)
...
006 (8383301.003.000) 07/29 01:58:35 Image size of job updated: 7437992
	13  -  MemoryUsage of job (MB)
	12356  -  ResidentSetSize of job (KB)
...
006 (8383301.003.000) 07/29 02:08:35 Image size of job updated: 7437992
	13  -  MemoryUsage of job (MB)
	12372  -  ResidentSetSize of job (KB)
...
006 (8383301.003.000) 07/29 02:18:37 Image size of job updated: 7437992
	13  -  MemoryUsage of job (MB)
	12404  -  ResidentSetSize of job (KB)
...
006 (8383301.003.000) 07/29 02:28:37 Image size of job updated: 7437992
	13  -  MemoryUsage of job (MB)
	12436  -  ResidentSetSize of job (KB)
...
006 (8383301.003.000) 07/29 02:38:39 Image size of job updated: 7437992
	13  -  MemoryUsage of job (MB)
	12452  -  ResidentSetSize of job (KB)
...
006 (8383301.003.000) 07/29 02:48:39 Image size of job updated: 7437992
	13  -  MemoryUsage of job (MB)
	12468  -  ResidentSetSize of job (KB)
...
006 (8383301.003.000) 07/29 02:58:40 Image size of job updated: 7437992
	13  -  MemoryUsage of job (MB)
	12500  -  ResidentSetSize of job (KB)
...
006 (8383301.003.000) 07/29 03:08:41 Image size of job updated: 7437992
	13  -  MemoryUsage of job (MB)
	12532  -  ResidentSetSize of job (KB)
...
006 (8383301.003.000) 07/29 03:18:42 Image size of job updated: 7437992
	13  -  MemoryUsage of job (MB)
	12548  -  ResidentSetSize of job (KB)
...
006 (8383301.003.000) 07/29 03:28:44 Image size of job updated: 7437992
	13  -  MemoryUsage of job (MB)
	12564  -  ResidentSetSize of job (KB)
...
006 (8383301.003.000) 07/29 03:38:44 Image size of job updated: 7437992
	13  -  MemoryUsage of job (MB)
	12596  -  ResidentSetSize of job (KB)
...
006 (8383301.003.000) 07/29 03:48:46 Image size of job updated: 7437992
	13  -  MemoryUsage of job (MB)
	12628  -  ResidentSetSize of job (KB)
...
006 (8383301.003.000) 07/29 03:58:46 Image size of job updated: 7437992
	13  -  MemoryUsage of job (MB)
	12644  -  ResidentSetSize of job (KB)
...
006 (8383301.003.000) 07/29 04:08:47 Image size of job updated: 7437992
	13  -  MemoryUsage of job (MB)
	12660  -  ResidentSetSize of job (KB)
...
006 (8383301.003.000) 07/29 04:18:48 Image size of job updated: 7437992
	13  -  MemoryUsage of job (MB)
	12692  -  ResidentSetSize of job (KB)
...
006 (8383301.003.000) 07/29 04:33:49 Image size of job updated: 7437992
	13  -  MemoryUsage of job (MB)
	12724  -  ResidentSetSize of job (KB)
...
006 (8383301.003.000) 07/29 04:43:51 Image size of job updated: 7437992
	13  -  MemoryUsage of job (MB)
	12740  -  ResidentSetSize of job (KB)
...
006 (8383301.003.000) 07/29 04:58:53 Image size of job updated: 7437992
	13  -  MemoryUsage of job (MB)
	12756  -  ResidentSetSize of job (KB)
...
006 (8383301.003.000) 07/29 05:08:53 Image size of job updated: 7437992
	13  -  MemoryUsage of job (MB)
	12788  -  ResidentSetSize of job (KB)
...
006 (8383301.003.000) 07/29 05:18:54 Image size of job updated: 7437992
	13  -  MemoryUsage of job (MB)
	12820  -  ResidentSetSize of job (KB)
...
006 (8383301.003.000) 07/29 05:28:55 Image size of job updated: 7437992
	13  -  MemoryUsage of job (MB)
	12836  -  ResidentSetSize of job (KB)
...
006 (8383301.003.000) 07/29 05:38:56 Image size of job updated: 7437992
	13  -  MemoryUsage of job (MB)
	12852  -  ResidentSetSize of job (KB)
...
006 (8383301.003.000) 07/29 05:53:58 Image size of job updated: 7437992
	13  -  MemoryUsage of job (MB)
	12884  -  ResidentSetSize of job (KB)
...
006 (8383301.003.000) 07/29 06:03:59 Image size of job updated: 7437992
	13  -  MemoryUsage of job (MB)
	12904  -  ResidentSetSize of job (KB)
...
006 (8383301.003.000) 07/29 06:09:00 Image size of job updated: 7437992
	13  -  MemoryUsage of job (MB)
	12920  -  ResidentSetSize of job (KB)
...
006 (8383301.003.000) 07/29 06:19:00 Image size of job updated: 7437992
	13  -  MemoryUsage of job (MB)
	12936  -  ResidentSetSize of job (KB)
...
006 (8383301.003.000) 07/29 06:29:02 Image size of job updated: 7437992
	13  -  MemoryUsage of job (MB)
	12968  -  ResidentSetSize of job (KB)
...
006 (8383301.003.000) 07/29 06:44:03 Image size of job updated: 7437992
	13  -  MemoryUsage of job (MB)
	13000  -  ResidentSetSize of job (KB)
...
006 (8383301.003.000) 07/29 06:49:04 Image size of job updated: 7437992
	13  -  MemoryUsage of job (MB)
	13016  -  ResidentSetSize of job (KB)
...
006 (8383301.003.000) 07/29 07:04:05 Image size of job updated: 7437992
	13  -  MemoryUsage of job (MB)
	13032  -  ResidentSetSize of job (KB)
...
006 (8383301.003.000) 07/29 07:09:06 Image size of job updated: 7437992
	13  -  MemoryUsage of job (MB)
	13064  -  ResidentSetSize of job (KB)
...
006 (8383301.003.000) 07/29 07:19:07 Image size of job updated: 7437992
	13  -  MemoryUsage of job (MB)
	13096  -  ResidentSetSize of job (KB)
...
006 (8383301.003.000) 07/29 07:29:08 Image size of job updated: 7437992
	13  -  MemoryUsage of job (MB)
	13112  -  ResidentSetSize of job (KB)
...
006 (8383301.003.000) 07/29 07:44:10 Image size of job updated: 7437992
	13  -  MemoryUsage of job (MB)
	13128  -  ResidentSetSize of job (KB)
...
006 (8383301.003.000) 07/29 07:54:11 Image size of job updated: 7437992
	13  -  MemoryUsage of job (MB)
	13160  -  ResidentSetSize of job (KB)
...
006 (8383301.003.000) 07/29 08:09:12 Image size of job updated: 7437992
	13  -  MemoryUsage of job (MB)
	13192  -  ResidentSetSize of job (KB)
...
006 (8383301.003.000) 07/29 08:19:14 Image size of job updated: 7437992
	13  -  MemoryUsage of job (MB)
	13208  -  ResidentSetSize of job (KB)
...
006 (8383301.003.000) 07/29 08:29:14 Image size of job updated: 7437992
	13  -  MemoryUsage of job (MB)
	13224  -  ResidentSetSize of job (KB)
...
006 (8383301.003.000) 07/29 08:44:16 Image size of job updated: 7437992
	13  -  MemoryUsage of job (MB)
	13256  -  ResidentSetSize of job (KB)
...
006 (8383301.003.000) 07/29 08:54:18 Image size of job updated: 7437992
	13  -  MemoryUsage of job (MB)
	13288  -  ResidentSetSize of job (KB)
...
006 (8383301.003.000) 07/29 09:04:18 Image size of job updated: 7437992
	13  -  MemoryUsage of job (MB)
	13304  -  ResidentSetSize of job (KB)
...
006 (8383301.003.000) 07/29 09:14:20 Image size of job updated: 7437992
	14  -  MemoryUsage of job (MB)
	13320  -  ResidentSetSize of job (KB)
...
006 (8383301.003.000) 07/29 09:24:21 Image size of job updated: 7437992
	14  -  MemoryUsage of job (MB)
	13352  -  ResidentSetSize of job (KB)
...
006 (8383301.003.000) 07/29 09:34:22 Image size of job updated: 7437992
	14  -  MemoryUsage of job (MB)
	13384  -  ResidentSetSize of job (KB)
...
006 (8383301.003.000) 07/29 09:44:23 Image size of job updated: 7437992
	14  -  MemoryUsage of job (MB)
	13400  -  ResidentSetSize of job (KB)
...
006 (8383301.003.000) 07/29 09:59:25 Image size of job updated: 7437992
	14  -  MemoryUsage of job (MB)
	13416  -  ResidentSetSize of job (KB)
...
006 (8383301.003.000) 07/29 10:09:26 Image size of job updated: 7437992
	14  -  MemoryUsage of job (MB)
	13448  -  ResidentSetSize of job (KB)
...
006 (8383301.003.000) 07/29 10:24:28 Image size of job updated: 7437992
	14  -  MemoryUsage of job (MB)
	13480  -  ResidentSetSize of job (KB)
...
006 (8383301.003.000) 07/29 10:29:28 Image size of job updated: 7437992
	14  -  MemoryUsage of job (MB)
	13496  -  ResidentSetSize of job (KB)
...
006 (8383301.003.000) 07/29 10:44:30 Image size of job updated: 7437992
	14  -  MemoryUsage of job (MB)
	13512  -  ResidentSetSize of job (KB)
...
006 (8383301.003.000) 07/29 10:54:31 Image size of job updated: 7437992
	14  -  MemoryUsage of job (MB)
	13544  -  ResidentSetSize of job (KB)
...
006 (8383301.003.000) 07/29 11:04:32 Image size of job updated: 7437992
	14  -  MemoryUsage of job (MB)
	13576  -  ResidentSetSize of job (KB)
...
006 (8383301.003.000) 07/29 11:14:33 Image size of job updated: 7437992
	14  -  MemoryUsage of job (MB)
	13592  -  ResidentSetSize of job (KB)
...
006 (8383301.003.000) 07/29 11:24:34 Image size of job updated: 7437992
	14  -  MemoryUsage of job (MB)
	13608  -  ResidentSetSize of job (KB)
...
006 (8383301.003.000) 07/29 11:34:35 Image size of job updated: 7437992
	14  -  MemoryUsage of job (MB)
	13640  -  ResidentSetSize of job (KB)
...
006 (8383301.003.000) 07/29 11:44:36 Image size of job updated: 7437992
	14  -  MemoryUsage of job (MB)
	13672  -  ResidentSetSize of job (KB)
...
006 (8383301.003.000) 07/29 11:54:38 Image size of job updated: 7437992
	14  -  MemoryUsage of job (MB)
	13688  -  ResidentSetSize of job (KB)
...
006 (8383301.003.000) 07/29 12:04:38 Image size of job updated: 7437992
	14  -  MemoryUsage of job (MB)
	13704  -  ResidentSetSize of job (KB)
...
006 (8383301.003.000) 07/29 12:14:40 Image size of job updated: 7437992
	14  -  MemoryUsage of job (MB)
	13736  -  ResidentSetSize of job (KB)
...
006 (8383301.003.000) 07/29 12:24:40 Image size of job updated: 7437992
	14  -  MemoryUsage of job (MB)
	13768  -  ResidentSetSize of job (KB)
...
006 (8383301.003.000) 07/29 12:39:43 Image size of job updated: 7437992
	14  -  MemoryUsage of job (MB)
	13784  -  ResidentSetSize of job (KB)
...
006 (8383301.003.000) 07/29 12:44:43 Image size of job updated: 7437992
	14  -  MemoryUsage of job (MB)
	13800  -  ResidentSetSize of job (KB)
...
006 (8383301.003.000) 07/29 12:59:44 Image size of job updated: 7437992
	14  -  MemoryUsage of job (MB)
	13832  -  ResidentSetSize of job (KB)
...
006 (8383301.003.000) 07/29 13:09:45 Image size of job updated: 7437992
	14  -  MemoryUsage of job (MB)
	13864  -  ResidentSetSize of job (KB)
...
006 (8383301.003.000) 07/29 13:19:46 Image size of job updated: 7437992
	14  -  MemoryUsage of job (MB)
	13880  -  ResidentSetSize of job (KB)
...
006 (8383301.003.000) 07/29 13:29:47 Image size of job updated: 7437992
	14  -  MemoryUsage of job (MB)
	13896  -  ResidentSetSize of job (KB)
...
006 (8383301.003.000) 07/29 13:39:48 Image size of job updated: 7437992
	14  -  MemoryUsage of job (MB)
	13928  -  ResidentSetSize of job (KB)
...
006 (8383301.003.000) 07/29 13:54:50 Image size of job updated: 7437992
	14  -  MemoryUsage of job (MB)
	13960  -  ResidentSetSize of job (KB)
...
006 (8383301.003.000) 07/29 14:04:51 Image size of job updated: 7437992
	14  -  MemoryUsage of job (MB)
	13976  -  ResidentSetSize of job (KB)
...
006 (8383301.003.000) 07/29 14:09:52 Image size of job updated: 7437992
	14  -  MemoryUsage of job (MB)
	13992  -  ResidentSetSize of job (KB)
...
006 (8383301.003.000) 07/29 14:19:52 Image size of job updated: 7437992
	14  -  MemoryUsage of job (MB)
	14024  -  ResidentSetSize of job (KB)
...
006 (8383301.003.000) 07/29 14:34:54 Image size of job updated: 7437992
	14  -  MemoryUsage of job (MB)
	14056  -  ResidentSetSize of job (KB)
...
006 (8383301.003.000) 07/29 14:44:56 Image size of job updated: 7437992
	14  -  MemoryUsage of job (MB)
	14072  -  ResidentSetSize of job (KB)
...
006 (8383301.003.000) 07/29 14:54:56 Image size of job updated: 7437992
	14  -  MemoryUsage of job (MB)
	14088  -  ResidentSetSize of job (KB)
...
006 (8383301.003.000) 07/29 15:04:58 Image size of job updated: 7437992
	14  -  MemoryUsage of job (MB)
	14120  -  ResidentSetSize of job (KB)
...
006 (8383301.003.000) 07/29 15:14:59 Image size of job updated: 7437992
	14  -  MemoryUsage of job (MB)
	14152  -  ResidentSetSize of job (KB)
...
006 (8383301.003.000) 07/29 15:30:00 Image size of job updated: 7437992
	14  -  MemoryUsage of job (MB)
	14168  -  ResidentSetSize of job (KB)
...
006 (8383301.003.000) 07/29 15:35:01 Image size of job updated: 7437992
	14  -  MemoryUsage of job (MB)
	14184  -  ResidentSetSize of job (KB)
...
006 (8383301.003.000) 07/29 15:45:02 Image size of job updated: 7437992
	14  -  MemoryUsage of job (MB)
	14216  -  ResidentSetSize of job (KB)
...
006 (8383301.003.000) 07/29 15:55:04 Image size of job updated: 7437992
	14  -  MemoryUsage of job (MB)
	14248  -  ResidentSetSize of job (KB)
...
006 (8383301.003.000) 07/29 16:05:04 Image size of job updated: 7437992
	14  -  MemoryUsage of job (MB)
	14264  -  ResidentSetSize of job (KB)
...
006 (8383301.003.000) 07/29 16:15:06 Image size of job updated: 7437992
	14  -  MemoryUsage of job (MB)
	14280  -  ResidentSetSize of job (KB)
...
006 (8383301.003.000) 07/29 16:25:07 Image size of job updated: 7437992
	14  -  MemoryUsage of job (MB)
	14312  -  ResidentSetSize of job (KB)
...
006 (8383301.003.000) 07/29 16:35:08 Image size of job updated: 7437992
	15  -  MemoryUsage of job (MB)
	14344  -  ResidentSetSize of job (KB)
...
006 (8383301.003.000) 07/29 16:50:10 Image size of job updated: 7437992
	15  -  MemoryUsage of job (MB)
	14360  -  ResidentSetSize of job (KB)
...
006 (8383301.003.000) 07/29 17:00:10 Image size of job updated: 7437992
	15  -  MemoryUsage of job (MB)
	14376  -  ResidentSetSize of job (KB)
...
006 (8383301.003.000) 07/29 17:10:11 Image size of job updated: 7437992
	15  -  MemoryUsage of job (MB)
	14408  -  ResidentSetSize of job (KB)
...
006 (8383301.003.000) 07/29 17:25:13 Image size of job updated: 7437992
	15  -  MemoryUsage of job (MB)
	14440  -  ResidentSetSize of job (KB)
...
006 (8383301.003.000) 07/29 17:35:14 Image size of job updated: 7437992
	15  -  MemoryUsage of job (MB)
	14456  -  ResidentSetSize of job (KB)
...
006 (8383301.003.000) 07/29 17:45:15 Image size of job updated: 7437992
	15  -  MemoryUsage of job (MB)
	14472  -  ResidentSetSize of job (KB)
...
006 (8383301.003.000) 07/29 17:55:16 Image size of job updated: 7437992
	15  -  MemoryUsage of job (MB)
	14504  -  ResidentSetSize of job (KB)
...
006 (8383301.003.000) 07/29 18:05:17 Image size of job updated: 7437992
	15  -  MemoryUsage of job (MB)
	14536  -  ResidentSetSize of job (KB)
...
006 (8383301.003.000) 07/29 18:15:19 Image size of job updated: 7437992
	15  -  MemoryUsage of job (MB)
	14552  -  ResidentSetSize of job (KB)
...
006 (8383301.003.000) 07/29 18:25:19 Image size of job updated: 7437992
	15  -  MemoryUsage of job (MB)
	14568  -  ResidentSetSize of job (KB)
...
006 (8383301.003.000) 07/29 18:40:21 Image size of job updated: 7437992
	15  -  MemoryUsage of job (MB)
	14600  -  ResidentSetSize of job (KB)
...
006 (8383301.003.000) 07/29 18:50:22 Image size of job updated: 7437992
	15  -  MemoryUsage of job (MB)
	14632  -  ResidentSetSize of job (KB)
...
006 (8383301.003.000) 07/29 19:00:23 Image size of job updated: 7437992
	15  -  MemoryUsage of job (MB)
	14648  -  ResidentSetSize of job (KB)
...
006 (8383301.003.000) 07/29 19:15:25 Image size of job updated: 7437992
	15  -  MemoryUsage of job (MB)
	14664  -  ResidentSetSize of job (KB)
...
006 (8383301.003.000) 07/29 19:25:26 Image size of job updated: 7437992
	15  -  MemoryUsage of job (MB)
	14696  -  ResidentSetSize of job (KB)
...
006 (8383301.003.000) 07/29 19:35:27 Image size of job updated: 7437992
	15  -  MemoryUsage of job (MB)
	14728  -  ResidentSetSize of job (KB)
...
006 (8383301.003.000) 07/29 19:45:29 Image size of job updated: 7437992
	15  -  MemoryUsage of job (MB)
	14744  -  ResidentSetSize of job (KB)
...
006 (8383301.003.000) 07/29 20:00:30 Image size of job updated: 7437992
	15  -  MemoryUsage of job (MB)
	14760  -  ResidentSetSize of job (KB)
...
006 (8383301.003.000) 07/29 20:10:30 Image size of job updated: 7437992
	15  -  MemoryUsage of job (MB)
	14792  -  ResidentSetSize of job (KB)
...
006 (8383301.003.000) 07/29 20:20:32 Image size of job updated: 7437992
	15  -  MemoryUsage of job (MB)
	14824  -  ResidentSetSize of job (KB)
...
006 (8383301.003.000) 07/29 20:30:32 Image size of job updated: 7437992
	15  -  MemoryUsage of job (MB)
	14840  -  ResidentSetSize of job (KB)
...
006 (8383301.003.000) 07/29 20:40:34 Image size of job updated: 7437992
	15  -  MemoryUsage of job (MB)
	14856  -  ResidentSetSize of job (KB)
...
006 (8383301.003.000) 07/29 20:50:35 Image size of job updated: 7437992
	15  -  MemoryUsage of job (MB)
	14888  -  ResidentSetSize of job (KB)
...
006 (8383301.003.000) 07/29 21:00:36 Image size of job updated: 7437992
	15  -  MemoryUsage of job (MB)
	14920  -  ResidentSetSize of job (KB)
...
006 (8383301.003.000) 07/29 21:10:38 Image size of job updated: 7437992
	15  -  MemoryUsage of job (MB)
	14936  -  ResidentSetSize of job (KB)
...
006 (8383301.003.000) 07/29 21:20:38 Image size of job updated: 7437992
	15  -  MemoryUsage of job (MB)
	14952  -  ResidentSetSize of job (KB)
...
006 (8383301.003.000) 07/29 21:35:39 Image size of job updated: 7437992
	15  -  MemoryUsage of job (MB)
	14984  -  ResidentSetSize of job (KB)
...
006 (8383301.003.000) 07/29 21:45:40 Image size of job updated: 7437992
	15  -  MemoryUsage of job (MB)
	15016  -  ResidentSetSize of job (KB)
...
006 (8383301.003.000) 07/29 21:55:41 Image size of job updated: 7437992
	15  -  MemoryUsage of job (MB)
	15032  -  ResidentSetSize of job (KB)
...
006 (8383301.003.000) 07/29 22:05:42 Image size of job updated: 7437992
	15  -  MemoryUsage of job (MB)
	15048  -  ResidentSetSize of job (KB)
...
006 (8383301.003.000) 07/29 22:15:43 Image size of job updated: 7437992
	15  -  MemoryUsage of job (MB)
	15080  -  ResidentSetSize of job (KB)
...
006 (8383301.003.000) 07/29 22:25:45 Image size of job updated: 7437992
	15  -  MemoryUsage of job (MB)
	15112  -  ResidentSetSize of job (KB)
...
006 (8383301.003.000) 07/29 22:35:45 Image size of job updated: 7437992
	15  -  MemoryUsage of job (MB)
	15128  -  ResidentSetSize of job (KB)
...
006 (8383301.003.000) 07/29 22:45:47 Image size of job updated: 7437992
	15  -  MemoryUsage of job (MB)
	15144  -  ResidentSetSize of job (KB)
...
006 (8383301.003.000) 07/29 22:55:47 Image size of job updated: 7437992
	15  -  MemoryUsage of job (MB)
	15176  -  ResidentSetSize of job (KB)
...
006 (8383301.003.000) 07/29 23:05:49 Image size of job updated: 7437992
	15  -  MemoryUsage of job (MB)
	15208  -  ResidentSetSize of job (KB)
...
006 (8383301.003.000) 07/29 23:20:50 Image size of job updated: 7437992
	15  -  MemoryUsage of job (MB)
	15224  -  ResidentSetSize of job (KB)
...
006 (8383301.003.000) 07/29 23:25:51 Image size of job updated: 7437992
	15  -  MemoryUsage of job (MB)
	15240  -  ResidentSetSize of job (KB)
...
006 (8383301.003.000) 07/29 23:40:52 Image size of job updated: 7437992
	15  -  MemoryUsage of job (MB)
	15272  -  ResidentSetSize of job (KB)
...
006 (8383301.003.000) 07/29 23:45:53 Image size of job updated: 7437992
	15  -  MemoryUsage of job (MB)
	15304  -  ResidentSetSize of job (KB)
...
006 (8383301.003.000) 07/30 00:00:54 Image size of job updated: 7437992
	15  -  MemoryUsage of job (MB)
	15320  -  ResidentSetSize of job (KB)
...
006 (8383301.003.000) 07/30 00:05:55 Image size of job updated: 7437992
	15  -  MemoryUsage of job (MB)
	15336  -  ResidentSetSize of job (KB)
...
006 (8383301.003.000) 07/30 00:20:56 Image size of job updated: 7437992
	16  -  MemoryUsage of job (MB)
	15368  -  ResidentSetSize of job (KB)
...
006 (8383301.003.000) 07/30 00:30:57 Image size of job updated: 7437992
	16  -  MemoryUsage of job (MB)
	15400  -  ResidentSetSize of job (KB)
...
006 (8383301.003.000) 07/30 00:40:58 Image size of job updated: 7437992
	16  -  MemoryUsage of job (MB)
	15416  -  ResidentSetSize of job (KB)
...
006 (8383301.003.000) 07/30 00:50:58 Image size of job updated: 7437992
	16  -  MemoryUsage of job (MB)
	15432  -  ResidentSetSize of job (KB)
...
006 (8383301.003.000) 07/30 01:01:00 Image size of job updated: 7437992
	16  -  MemoryUsage of job (MB)
	15464  -  ResidentSetSize of job (KB)
...
006 (8383301.003.000) 07/30 01:16:01 Image size of job updated: 7437992
	16  -  MemoryUsage of job (MB)
	15496  -  ResidentSetSize of job (KB)
...
006 (8383301.003.000) 07/30 01:26:02 Image size of job updated: 7437992
	16  -  MemoryUsage of job (MB)
	15512  -  ResidentSetSize of job (KB)
...
006 (8383301.003.000) 07/30 01:36:03 Image size of job updated: 7437992
	16  -  MemoryUsage of job (MB)
	15528  -  ResidentSetSize of job (KB)
...
006 (8383301.003.000) 07/30 01:51:04 Image size of job updated: 7437992
	16  -  MemoryUsage of job (MB)
	15560  -  ResidentSetSize of job (KB)
...
006 (8383301.003.000) 07/30 02:01:06 Image size of job updated: 7437992
	16  -  MemoryUsage of job (MB)
	15592  -  ResidentSetSize of job (KB)
...
006 (8383301.003.000) 07/30 02:16:07 Image size of job updated: 7437992
	16  -  MemoryUsage of job (MB)
	15608  -  ResidentSetSize of job (KB)
...
006 (8383301.003.000) 07/30 02:26:07 Image size of job updated: 7437992
	16  -  MemoryUsage of job (MB)
	15624  -  ResidentSetSize of job (KB)
...
006 (8383301.003.000) 07/30 02:41:09 Image size of job updated: 7437992
	16  -  MemoryUsage of job (MB)
	15656  -  ResidentSetSize of job (KB)
...
006 (8383301.003.000) 07/30 02:51:10 Image size of job updated: 7437992
	16  -  MemoryUsage of job (MB)
	15688  -  ResidentSetSize of job (KB)
...
006 (8383301.003.000) 07/30 03:01:11 Image size of job updated: 7437992
	16  -  MemoryUsage of job (MB)
	15704  -  ResidentSetSize of job (KB)
...
006 (8383301.003.000) 07/30 03:11:13 Image size of job updated: 7437992
	16  -  MemoryUsage of job (MB)
	15720  -  ResidentSetSize of job (KB)
...
006 (8383301.003.000) 07/30 03:26:14 Image size of job updated: 7437992
	16  -  MemoryUsage of job (MB)
	15752  -  ResidentSetSize of job (KB)
...
006 (8383301.003.000) 07/30 03:41:15 Image size of job updated: 7437992
	16  -  MemoryUsage of job (MB)
	15784  -  ResidentSetSize of job (KB)
...
006 (8383301.003.000) 07/30 03:51:17 Image size of job updated: 7437992
	16  -  MemoryUsage of job (MB)
	15800  -  ResidentSetSize of job (KB)
...
006 (8383301.003.000) 07/30 04:01:17 Image size of job updated: 7437992
	16  -  MemoryUsage of job (MB)
	15816  -  ResidentSetSize of job (KB)
...
006 (8383301.003.000) 07/30 04:11:18 Image size of job updated: 7437992
	16  -  MemoryUsage of job (MB)
	15848  -  ResidentSetSize of job (KB)
...
006 (8383301.003.000) 07/30 04:21:19 Image size of job updated: 7437992
	16  -  MemoryUsage of job (MB)
	15880  -  ResidentSetSize of job (KB)
...
006 (8383301.003.000) 07/30 04:31:20 Image size of job updated: 7437992
	16  -  MemoryUsage of job (MB)
	15896  -  ResidentSetSize of job (KB)
...
006 (8383301.003.000) 07/30 04:41:21 Image size of job updated: 7437992
	16  -  MemoryUsage of job (MB)
	15912  -  ResidentSetSize of job (KB)
...
006 (8383301.003.000) 07/30 04:51:22 Image size of job updated: 7437992
	16  -  MemoryUsage of job (MB)
	15944  -  ResidentSetSize of job (KB)
...
006 (8383301.003.000) 07/30 05:06:24 Image size of job updated: 7437992
	16  -  MemoryUsage of job (MB)
	15976  -  ResidentSetSize of job (KB)
...
006 (8383301.003.000) 07/30 05:16:25 Image size of job updated: 7437992
	16  -  MemoryUsage of job (MB)
	15992  -  ResidentSetSize of job (KB)
...
006 (8383301.003.000) 07/30 05:26:26 Image size of job updated: 7437992
	16  -  MemoryUsage of job (MB)
	16008  -  ResidentSetSize of job (KB)
...
006 (8383301.003.000) 07/30 05:36:28 Image size of job updated: 7437992
	16  -  MemoryUsage of job (MB)
	16040  -  ResidentSetSize of job (KB)
...
006 (8383301.003.000) 07/30 05:46:28 Image size of job updated: 7437992
	16  -  MemoryUsage of job (MB)
	16072  -  ResidentSetSize of job (KB)
...
040 (8383301.003.000) 07/30 06:03:53 Started transferring output files
...
040 (8383301.003.000) 07/30 06:03:53 Finished transferring output files
...
005 (8383301.003.000) 07/30 06:03:53 Job terminated.
	(1) Normal termination (return value 1)
		Usr 2 17:12:13, Sys 0 00:12:24  -  Run Remote Usage
		Usr 0 00:00:00, Sys 0 00:00:00  -  Run Local Usage
		Usr 2 17:12:13, Sys 0 00:12:24  -  Total Remote Usage
		Usr 0 00:00:00, Sys 0 00:00:00  -  Total Local Usage
	355073  -  Run Bytes Sent By Job
	1379  -  Run Bytes Received By Job
	355073  -  Total Bytes Sent By Job
	1379  -  Total Bytes Received By Job
	Partitionable Resources :    Usage  Request Allocated 
	   Cpus                 :     1.00        8         8 
	   Disk (KB)            :   379           2   1349374 
	   Memory (MB)          :    16       16000     16000 

	Job terminated of its own accord at 2023-07-30T04:03:53Z.
...
